This is pdfTeX, Version 3.14159265-2.6-1.40.16 (TeX Live 2015/W32TeX) (preloaded format=pdflatex 2015.9.12)  21 MAR 2017 17:09
entering extended mode
 restricted \write18 enabled.
 %&-line parsing enabled.
**./572_sp.tex
(./572_sp.tex
LaTeX2e <2015/01/01> patch level 2
Babel <3.9m> and hyphenation patterns for 79 languages loaded.
(c:/Software/texlive/2015/texmf-dist/tex/latex/base/article.cls
Document Class: article 2014/09/29 v1.4h Standard LaTeX document class
(c:/Software/texlive/2015/texmf-dist/tex/latex/base/size10.clo
File: size10.clo 2014/09/29 v1.4h Standard LaTeX file (size option)
)
\c@part=\count79
\c@section=\count80
\c@subsection=\count81
\c@subsubsection=\count82
\c@paragraph=\count83
\c@subparagraph=\count84
\c@figure=\count85
\c@table=\count86
\abovecaptionskip=\skip41
\belowcaptionskip=\skip42
\bibindent=\dimen102
) (./iccv.sty
(./eso-pic.sty
Package: eso-pic 2002/11/16 v1.1b eso-pic (RN)
 (./iccv_eso.sty

LaTeX Warning: You have requested package `eso-pic',
               but the package provides `everyshi'.

Package: everyshi 2001/05/15 v3.00 EveryShipout Package (MS)
) (c:/Software/texlive/2015/texmf-dist/tex/latex/graphics/keyval.sty
Package: keyval 2014/10/28 v1.15 key=value parser (DPC)
\KV@toks@=\toks14
))
(c:/Software/texlive/2015/texmf-dist/tex/latex/tools/xspace.sty
Package: xspace 2014/10/28 v1.13 Space after command names (DPC,MH)
)
ICCV 8.5 x 11-Inch Proceedings Style `iccv.sty'.
\@ctmp=\skip43
\@figindent=\skip44
\iccvrulerbox=\box26
\iccvrulercount=\count87
\iccvruleroffset=\dimen103
\cv@lineheight=\dimen104
\cv@boxheight=\dimen105
\cv@tmpbox=\box27
\cv@refno=\count88
\cv@tot=\count89
\cv@tmpc@=\count90
\cv@tmpc=\count91
) (c:/Software/texlive/2015/texmf-dist/tex/latex/psnfss/times.sty
Package: times 2005/04/12 PSNFSS-v9.2a (SPQR) 
)
(c:/Software/texlive/2015/texmf-dist/tex/latex/graphics/epsfig.sty
Package: epsfig 1999/02/16 v1.7a (e)psfig emulation (SPQR)

(c:/Software/texlive/2015/texmf-dist/tex/latex/graphics/graphicx.sty
Package: graphicx 2014/10/28 v1.0g Enhanced LaTeX Graphics (DPC,SPQR)

(c:/Software/texlive/2015/texmf-dist/tex/latex/graphics/graphics.sty
Package: graphics 2014/10/28 v1.0p Standard LaTeX Graphics (DPC,SPQR)

(c:/Software/texlive/2015/texmf-dist/tex/latex/graphics/trig.sty
Package: trig 1999/03/16 v1.09 sin cos tan (DPC)
)
(c:/Software/texlive/2015/texmf-dist/tex/latex/latexconfig/graphics.cfg
File: graphics.cfg 2010/04/23 v1.9 graphics configuration of TeX Live
)
Package graphics Info: Driver file: pdftex.def on input line 94.

(c:/Software/texlive/2015/texmf-dist/tex/latex/pdftex-def/pdftex.def
File: pdftex.def 2011/05/27 v0.06d Graphics/color for pdfTeX

(c:/Software/texlive/2015/texmf-dist/tex/generic/oberdiek/infwarerr.sty
Package: infwarerr 2010/04/08 v1.3 Providing info/warning/error messages (HO)
)
(c:/Software/texlive/2015/texmf-dist/tex/generic/oberdiek/ltxcmds.sty
Package: ltxcmds 2011/11/09 v1.22 LaTeX kernel commands for general use (HO)
)
\Gread@gobject=\count92
))
\Gin@req@height=\dimen106
\Gin@req@width=\dimen107
)
\epsfxsize=\dimen108
\epsfysize=\dimen109
)
(c:/Software/texlive/2015/texmf-dist/tex/latex/amsmath/amsmath.sty
Package: amsmath 2013/01/14 v2.14 AMS math features
\@mathmargin=\skip45

For additional information on amsmath, use the `?' option.
(c:/Software/texlive/2015/texmf-dist/tex/latex/amsmath/amstext.sty
Package: amstext 2000/06/29 v2.01

(c:/Software/texlive/2015/texmf-dist/tex/latex/amsmath/amsgen.sty
File: amsgen.sty 1999/11/30 v2.0
\@emptytoks=\toks15
\ex@=\dimen110
))
(c:/Software/texlive/2015/texmf-dist/tex/latex/amsmath/amsbsy.sty
Package: amsbsy 1999/11/29 v1.2d
\pmbraise@=\dimen111
)
(c:/Software/texlive/2015/texmf-dist/tex/latex/amsmath/amsopn.sty
Package: amsopn 1999/12/14 v2.01 operator names
)
\inf@bad=\count93
LaTeX Info: Redefining \frac on input line 210.
\uproot@=\count94
\leftroot@=\count95
LaTeX Info: Redefining \overline on input line 306.
\classnum@=\count96
\DOTSCASE@=\count97
LaTeX Info: Redefining \ldots on input line 378.
LaTeX Info: Redefining \dots on input line 381.
LaTeX Info: Redefining \cdots on input line 466.
\Mathstrutbox@=\box28
\strutbox@=\box29
\big@size=\dimen112
LaTeX Font Info:    Redeclaring font encoding OML on input line 566.
LaTeX Font Info:    Redeclaring font encoding OMS on input line 567.
\macc@depth=\count98
\c@MaxMatrixCols=\count99
\dotsspace@=\muskip10
\c@parentequation=\count100
\dspbrk@lvl=\count101
\tag@help=\toks16
\row@=\count102
\column@=\count103
\maxfields@=\count104
\andhelp@=\toks17
\eqnshift@=\dimen113
\alignsep@=\dimen114
\tagshift@=\dimen115
\tagwidth@=\dimen116
\totwidth@=\dimen117
\lineht@=\dimen118
\@envbody=\toks18
\multlinegap=\skip46
\multlinetaggap=\skip47
\mathdisplay@stack=\toks19
LaTeX Info: Redefining \[ on input line 2665.
LaTeX Info: Redefining \] on input line 2666.
)
(c:/Software/texlive/2015/texmf-dist/tex/latex/amsfonts/amssymb.sty
Package: amssymb 2013/01/14 v3.01 AMS font symbols

(c:/Software/texlive/2015/texmf-dist/tex/latex/amsfonts/amsfonts.sty
Package: amsfonts 2013/01/14 v3.01 Basic AMSFonts support
\symAMSa=\mathgroup4
\symAMSb=\mathgroup5
LaTeX Font Info:    Overwriting math alphabet `\mathfrak' in version `bold'
(Font)                  U/euf/m/n --> U/euf/b/n on input line 106.
))
(c:/Software/texlive/2015/texmf-dist/tex/latex/natbib/natbib.sty
Package: natbib 2010/09/13 8.31b (PWD, AO)
\bibhang=\skip48
\bibsep=\skip49
LaTeX Info: Redefining \cite on input line 694.
\c@NAT@ctr=\count105
)
(c:/Software/texlive/2015/texmf-dist/tex/latex/subfigure/subfigure.sty
Package: subfigure 2002/03/15 v2.1.5 subfigure package
\subfigtopskip=\skip50
\subfigcapskip=\skip51
\subfigcaptopadj=\dimen119
\subfigbottomskip=\skip52
\subfigcapmargin=\dimen120
\subfiglabelskip=\skip53
\c@subfigure=\count106
\c@lofdepth=\count107
\c@subtable=\count108
\c@lotdepth=\count109

****************************************
* Local config file subfigure.cfg used *
****************************************
(c:/Software/texlive/2015/texmf-dist/tex/latex/subfigure/subfigure.cfg)
\subfig@top=\skip54
\subfig@bottom=\skip55
)
(c:/Software/texlive/2015/texmf-dist/tex/latex/was/upgreek.sty
Package: upgreek 2003/02/12 v2.0 (WaS)
Package upgreek Info: Using Euler Roman for upright Greek on input line 31.
\symugrf@m=\mathgroup6
LaTeX Font Info:    Overwriting symbol font `ugrf@m' in version `bold'
(Font)                  U/eur/m/n --> U/eur/b/n on input line 38.
)
(c:/Software/texlive/2015/texmf-dist/tex/latex/multirow/multirow.sty
\bigstrutjot=\dimen121
)
(c:/Software/texlive/2015/texmf-dist/tex/latex/graphics/color.sty
Package: color 2014/10/28 v1.1a Standard LaTeX Color (DPC)

(c:/Software/texlive/2015/texmf-dist/tex/latex/latexconfig/color.cfg
File: color.cfg 2007/01/18 v1.5 color configuration of teTeX/TeXLive
)
Package color Info: Driver file: pdftex.def on input line 142.
)
(c:/Software/texlive/2015/texmf-dist/tex/latex/tools/bm.sty
Package: bm 2014/10/28 v1.1c Bold Symbol Support (DPC/FMi)
\symboldoperators=\mathgroup7
\symboldletters=\mathgroup8
\symboldsymbols=\mathgroup9
\symboldugrf@m=\mathgroup10
LaTeX Font Info:    Redeclaring math alphabet \mathbf on input line 141.
LaTeX Info: Redefining \bm on input line 207.
)
(c:/Software/texlive/2015/texmf-dist/tex/latex/arydshln/arydshln.sty
Package: arydshln 2004/08/31 v1.71 
\dashlinedash=\dimen122
\dashlinegap=\dimen123
\adl@box=\box30
\adl@height=\dimen124
\adl@heightsave=\dimen125
\adl@depth=\dimen126
\adl@depthsave=\dimen127
\adl@finaldepth=\dimen128
\adl@columns=\count110
\adl@ncol=\count111
\adl@currentcolumn=\count112
\adl@currentcolumnsave=\count113
\adl@totalheight=\count114
\adl@totalheightsave=\count115
\adl@dash=\count116
\adl@gap=\count117
\adl@cla=\count118
\adl@clb=\count119
\adl@everyvbox=\toks20
\adl@LTpagetotal=\dimen129
)
(c:/Software/texlive/2015/texmf-dist/tex/latex/base/latexsym.sty
Package: latexsym 1998/08/17 v2.2e Standard LaTeX package (lasy symbols)
\symlasy=\mathgroup11
LaTeX Font Info:    Overwriting symbol font `lasy' in version `bold'
(Font)                  U/lasy/m/n --> U/lasy/b/n on input line 52.
)
(c:/Software/texlive/2015/texmf-dist/tex/latex/amscls/amsthm.sty
Package: amsthm 2015/03/04 v2.20.2
\thm@style=\toks21
\thm@bodyfont=\toks22
\thm@headfont=\toks23
\thm@notefont=\toks24
\thm@headpunct=\toks25
\thm@preskip=\skip56
\thm@postskip=\skip57
\thm@headsep=\skip58
\dth@everypar=\toks26
)
\c@theorem=\count120

(c:/Software/texlive/2015/texmf-dist/tex/latex/hyperref/hyperref.sty
Package: hyperref 2012/11/06 v6.83m Hypertext links for LaTeX

(c:/Software/texlive/2015/texmf-dist/tex/generic/oberdiek/hobsub-hyperref.sty
Package: hobsub-hyperref 2012/05/28 v1.13 Bundle oberdiek, subset hyperref (HO)


(c:/Software/texlive/2015/texmf-dist/tex/generic/oberdiek/hobsub-generic.sty
Package: hobsub-generic 2012/05/28 v1.13 Bundle oberdiek, subset generic (HO)
Package: hobsub 2012/05/28 v1.13 Construct package bundles (HO)
Package hobsub Info: Skipping package `infwarerr' (already loaded).
Package hobsub Info: Skipping package `ltxcmds' (already loaded).
Package: ifluatex 2010/03/01 v1.3 Provides the ifluatex switch (HO)
Package ifluatex Info: LuaTeX not detected.
Package: ifvtex 2010/03/01 v1.5 Detect VTeX and its facilities (HO)
Package ifvtex Info: VTeX not detected.
Package: intcalc 2007/09/27 v1.1 Expandable calculations with integers (HO)
Package: ifpdf 2011/01/30 v2.3 Provides the ifpdf switch (HO)
Package ifpdf Info: pdfTeX in PDF mode is detected.
Package: etexcmds 2011/02/16 v1.5 Avoid name clashes with e-TeX commands (HO)
Package etexcmds Info: Could not find \expanded.
(etexcmds)             That can mean that you are not using pdfTeX 1.50 or
(etexcmds)             that some package has redefined \expanded.
(etexcmds)             In the latter case, load this package earlier.
Package: kvsetkeys 2012/04/25 v1.16 Key value parser (HO)
Package: kvdefinekeys 2011/04/07 v1.3 Define keys (HO)
Package: pdftexcmds 2011/11/29 v0.20 Utility functions of pdfTeX for LuaTeX (HO
)
Package pdftexcmds Info: LuaTeX not detected.
Package pdftexcmds Info: \pdf@primitive is available.
Package pdftexcmds Info: \pdf@ifprimitive is available.
Package pdftexcmds Info: \pdfdraftmode found.
Package: pdfescape 2011/11/25 v1.13 Implements pdfTeX's escape features (HO)
Package: bigintcalc 2012/04/08 v1.3 Expandable calculations on big integers (HO
)
Package: bitset 2011/01/30 v1.1 Handle bit-vector datatype (HO)
Package: uniquecounter 2011/01/30 v1.2 Provide unlimited unique counter (HO)
)
Package hobsub Info: Skipping package `hobsub' (already loaded).
Package: letltxmacro 2010/09/02 v1.4 Let assignment for LaTeX macros (HO)
Package: hopatch 2012/05/28 v1.2 Wrapper for package hooks (HO)
Package: xcolor-patch 2011/01/30 xcolor patch
Package: atveryend 2011/06/30 v1.8 Hooks at the very end of document (HO)
Package atveryend Info: \enddocument detected (standard20110627).
Package: atbegshi 2011/10/05 v1.16 At begin shipout hook (HO)
Package: refcount 2011/10/16 v3.4 Data extraction from label references (HO)
Package: hycolor 2011/01/30 v1.7 Color options for hyperref/bookmark (HO)
)
(c:/Software/texlive/2015/texmf-dist/tex/generic/ifxetex/ifxetex.sty
Package: ifxetex 2010/09/12 v0.6 Provides ifxetex conditional
)
(c:/Software/texlive/2015/texmf-dist/tex/latex/oberdiek/auxhook.sty
Package: auxhook 2011/03/04 v1.3 Hooks for auxiliary files (HO)
)
(c:/Software/texlive/2015/texmf-dist/tex/latex/oberdiek/kvoptions.sty
Package: kvoptions 2011/06/30 v3.11 Key value format for package options (HO)
)
\@linkdim=\dimen130
\Hy@linkcounter=\count121
\Hy@pagecounter=\count122

(c:/Software/texlive/2015/texmf-dist/tex/latex/hyperref/pd1enc.def
File: pd1enc.def 2012/11/06 v6.83m Hyperref: PDFDocEncoding definition (HO)
)
\Hy@SavedSpaceFactor=\count123

(c:/Software/texlive/2015/texmf-dist/tex/latex/latexconfig/hyperref.cfg
File: hyperref.cfg 2002/06/06 v1.2 hyperref configuration of TeXLive
)
Package hyperref Info: Option `breaklinks' set `true' on input line 4319.


Package hyperref Warning: Option `letterpaper' is no longer used.

Package hyperref Info: Option `colorlinks' set `true' on input line 4319.
Package hyperref Info: Option `bookmarks' set `false' on input line 4319.
Package hyperref Info: Hyper figures OFF on input line 4443.
Package hyperref Info: Link nesting OFF on input line 4448.
Package hyperref Info: Hyper index ON on input line 4451.
Package hyperref Info: Plain pages OFF on input line 4458.
Package hyperref Info: Backreferencing ON on input line 4461.
Package hyperref Info: Implicit mode ON; LaTeX internals redefined.
Package hyperref Info: Bookmarks OFF on input line 4694.
(c:/Software/texlive/2015/texmf-dist/tex/latex/hyperref/backref.sty
Package: backref 2012/07/25 v1.38 Bibliographical back referencing

(c:/Software/texlive/2015/texmf-dist/tex/latex/oberdiek/rerunfilecheck.sty
Package: rerunfilecheck 2011/04/15 v1.7 Rerun checks for auxiliary files (HO)
Package uniquecounter Info: New unique counter `rerunfilecheck' on input line 2
82.
))
\c@Hy@tempcnt=\count124

(c:/Software/texlive/2015/texmf-dist/tex/latex/url/url.sty
\Urlmuskip=\muskip11
Package: url 2013/09/16  ver 3.4  Verb mode for urls, etc.
)
LaTeX Info: Redefining \url on input line 5041.
\XeTeXLinkMargin=\dimen131
\Fld@menulength=\count125
\Field@Width=\dimen132
\Fld@charsize=\dimen133
Package hyperref Info: Hyper figures OFF on input line 6295.
Package hyperref Info: Link nesting OFF on input line 6300.
Package hyperref Info: Hyper index ON on input line 6303.
Package hyperref Info: backreferencing ON on input line 6308.
Package hyperref Info: Link coloring ON on input line 6313.
Package hyperref Info: Link coloring with OCG OFF on input line 6320.
Package hyperref Info: PDF/A mode OFF on input line 6325.
LaTeX Info: Redefining \ref on input line 6365.
LaTeX Info: Redefining \pageref on input line 6369.
\Hy@abspage=\count126
\c@Item=\count127
\c@Hfootnote=\count128
)

Package hyperref Message: Driver (autodetected): hpdftex.

(c:/Software/texlive/2015/texmf-dist/tex/latex/hyperref/hpdftex.def
File: hpdftex.def 2012/11/06 v6.83m Hyperref driver for pdfTeX
\Fld@listcount=\count129
\c@bookmark@seq@number=\count130
\Hy@SectionHShift=\skip59
)
(./572_sp.aux

LaTeX Warning: Label `taba' multiply defined.


LaTeX Warning: Label `f1' multiply defined.


LaTeX Warning: Label `f1' multiply defined.


LaTeX Warning: Label `f1' multiply defined.


LaTeX Warning: Label `f3' multiply defined.


LaTeX Warning: Label `f3' multiply defined.


LaTeX Warning: Label `f3' multiply defined.


LaTeX Warning: Label `fig5' multiply defined.


LaTeX Warning: Label `fig5' multiply defined.

)
\openout1 = `572_sp.aux'.

LaTeX Font Info:    Checking defaults for OML/cmm/m/it on input line 42.
LaTeX Font Info:    ... okay on input line 42.
LaTeX Font Info:    Checking defaults for T1/cmr/m/n on input line 42.
LaTeX Font Info:    ... okay on input line 42.
LaTeX Font Info:    Checking defaults for OT1/cmr/m/n on input line 42.
LaTeX Font Info:    ... okay on input line 42.
LaTeX Font Info:    Checking defaults for OMS/cmsy/m/n on input line 42.
LaTeX Font Info:    ... okay on input line 42.
LaTeX Font Info:    Checking defaults for OMX/cmex/m/n on input line 42.
LaTeX Font Info:    ... okay on input line 42.
LaTeX Font Info:    Checking defaults for U/cmr/m/n on input line 42.
LaTeX Font Info:    ... okay on input line 42.
LaTeX Font Info:    Checking defaults for PD1/pdf/m/n on input line 42.
LaTeX Font Info:    ... okay on input line 42.
LaTeX Font Info:    Try loading font information for OT1+ptm on input line 42.
 (c:/Software/texlive/2015/texmf-dist/tex/latex/psnfss/ot1ptm.fd
File: ot1ptm.fd 2001/06/04 font definitions for OT1/ptm.
)
ABD: EveryShipout initializing macros
(c:/Software/texlive/2015/texmf-dist/tex/context/base/supp-pdf.mkii
[Loading MPS to PDF converter (version 2006.09.02).]
\scratchcounter=\count131
\scratchdimen=\dimen134
\scratchbox=\box31
\nofMPsegments=\count132
\nofMParguments=\count133
\everyMPshowfont=\toks27
\MPscratchCnt=\count134
\MPscratchDim=\dimen135
\MPnumerator=\count135
\makeMPintoPDFobject=\count136
\everyMPtoPDFconversion=\toks28
) (c:/Software/texlive/2015/texmf-dist/tex/latex/oberdiek/epstopdf-base.sty
Package: epstopdf-base 2010/02/09 v2.5 Base part for package epstopdf

(c:/Software/texlive/2015/texmf-dist/tex/latex/oberdiek/grfext.sty
Package: grfext 2010/08/19 v1.1 Manage graphics extensions (HO)
)
Package grfext Info: Graphics extension search list:
(grfext)             [.png,.pdf,.jpg,.mps,.jpeg,.jbig2,.jb2,.PNG,.PDF,.JPG,.JPE
G,.JBIG2,.JB2,.eps]
(grfext)             \AppendGraphicsExtensions on input line 452.

(c:/Software/texlive/2015/texmf-dist/tex/latex/latexconfig/epstopdf-sys.cfg
File: epstopdf-sys.cfg 2010/07/13 v1.3 Configuration of (r)epstopdf for TeX Liv
e
))
\AtBeginShipoutBox=\box32
Package atbegshi Info: Package `everyshi' patched.
Package backref Info: ** backref set up for natbib ** on input line 42.
Package hyperref Info: Link coloring ON on input line 42.

(c:/Software/texlive/2015/texmf-dist/tex/latex/hyperref/nameref.sty
Package: nameref 2012/10/27 v2.43 Cross-referencing by name of section

(c:/Software/texlive/2015/texmf-dist/tex/generic/oberdiek/gettitlestring.sty
Package: gettitlestring 2010/12/03 v1.4 Cleanup title references (HO)
)
\c@section@level=\count137
)
LaTeX Info: Redefining \ref on input line 42.
LaTeX Info: Redefining \pageref on input line 42.
LaTeX Info: Redefining \nameref on input line 42.
LaTeX Font Info:    Font shape `OT1/ptm/bx/n' in size <14.4> not available
(Font)              Font shape `OT1/ptm/b/n' tried instead on input line 65.
LaTeX Font Info:    Try loading font information for U+msa on input line 65.

(c:/Software/texlive/2015/texmf-dist/tex/latex/amsfonts/umsa.fd
File: umsa.fd 2013/01/14 v3.01 AMS symbols A
)
LaTeX Font Info:    Try loading font information for U+msb on input line 65.

(c:/Software/texlive/2015/texmf-dist/tex/latex/amsfonts/umsb.fd
File: umsb.fd 2013/01/14 v3.01 AMS symbols B
)
LaTeX Font Info:    Try loading font information for U+lasy on input line 65.

(c:/Software/texlive/2015/texmf-dist/tex/latex/base/ulasy.fd
File: ulasy.fd 1998/08/17 v2.2e LaTeX symbol font definitions
)
LaTeX Font Info:    Font shape `OT1/ptm/bx/n' in size <12> not available
(Font)              Font shape `OT1/ptm/b/n' tried instead on input line 77.
LaTeX Font Info:    Font shape `OT1/ptm/bx/n' in size <10> not available
(Font)              Font shape `OT1/ptm/b/n' tried instead on input line 79.

Overfull \hbox (35.63567pt too wide) in paragraph at lines 143--218
\OT1/ptm/m/n/10 the global op-ti-mal so-lu-tion of $\OT1/cmr/bx/n/10 X$ \OT1/pt
m/m/n/10 and $\OT1/cmr/bx/n/10 Z$ \OT1/ptm/m/n/10 in cor-re-spond-ing sub-prob-
lems, we al-ways have $\OMS/cmsy/m/n/10 L\OT1/cmr/m/n/10 (\OT1/cmr/bx/n/10 X[]\
OML/cmm/m/it/10 ; \OT1/cmr/bx/n/10 Z[]\OML/cmm/m/it/10 ; \OT1/cmr/bx/n/10 A[]\O
ML/cmm/m/it/10 ; ^^Z[]\OT1/cmr/m/n/10 ) \OMS/cmsy/m/n/10 ^^T L\OT1/cmr/m/n/10 (
\OT1/cmr/bx/n/10 X[]\OML/cmm/m/it/10 ; \OT1/cmr/bx/n/10 Z[]\OML/cmm/m/it/10 ; \
OT1/cmr/bx/n/10 A[]\OML/cmm/m/it/10 ; ^^Z[]\OT1/cmr/m/n/10 )\OML/cmm/m/it/10 :$

 []


Overfull \hbox (31.59892pt too wide) in paragraph at lines 143--218
\OT1/ptm/m/n/10 Based on the up-dat-ing rule that $\OT1/cmr/bx/n/10 A[] \OT1/cm
r/m/n/10 = \OT1/cmr/bx/n/10 A[] \OT1/cmr/m/n/10 + \OML/cmm/m/it/10 ^^Z[]\OT1/cm
r/m/n/10 (\OT1/cmr/bx/n/10 X[] \OMS/cmsy/m/n/10 ^^@ \OT1/cmr/bx/n/10 Z[]\OT1/cm
r/m/n/10 )$\OT1/ptm/m/n/10 , we have $\OMS/cmsy/m/n/10 L\OT1/cmr/m/n/10 (\OT1/c
mr/bx/n/10 X[]\OML/cmm/m/it/10 ; \OT1/cmr/bx/n/10 Z[]\OML/cmm/m/it/10 ; \OT1/cm
r/bx/n/10 A[]\OML/cmm/m/it/10 ; ^^Z[]\OT1/cmr/m/n/10 ) = \OMS/cmsy/m/n/10 L\OT1
/cmr/m/n/10 (\OT1/cmr/bx/n/10 X[]\OML/cmm/m/it/10 ; \OT1/cmr/bx/n/10 Z[]\OML/cm
m/m/it/10 ; \OT1/cmr/bx/n/10 A[]\OML/cmm/m/it/10 ; ^^Z[]\OT1/cmr/m/n/10 ) +
 []

LaTeX Font Info:    Try loading font information for OT1+phv on input line 315.

(c:/Software/texlive/2015/texmf-dist/tex/latex/psnfss/ot1phv.fd
File: ot1phv.fd 2001/06/04 scalable font definitions for OT1/phv.
) [1{c:/Software/texlive/2015/texmf-var/fonts/map/pdftex/updmap/pdftex.map}

]

LaTeX Warning: Reference `tab1' on page 2 undefined on input line 369.


LaTeX Warning: Reference `tab2' on page 2 undefined on input line 369.


LaTeX Warning: Reference `f6' on page 2 undefined on input line 369.

LaTeX Font Info:    Font shape `OT1/ptm/bx/n' in size <8> not available
(Font)              Font shape `OT1/ptm/b/n' tried instead on input line 387.

<24images/resize_br_Noisy_nSig402030_kodim01.png, id=49, 309.155pt x 205.76875p
t>
File: 24images/resize_br_Noisy_nSig402030_kodim01.png Graphic file (type png)
 <use 24images/resize_br_Noisy_nSig402030_kodim01.png>
Package pdftex.def Info: 24images/resize_br_Noisy_nSig402030_kodim01.png used o
n input line 631.
(pdftex.def)             Requested size: 96.8906pt x 64.48781pt.

<24images/resize_br_CBM3D_nSig402030_kodim01.png, id=50, 309.155pt x 205.76875p
t>
File: 24images/resize_br_CBM3D_nSig402030_kodim01.png Graphic file (type png)
 <use 24images/resize_br_CBM3D_nSig402030_kodim01.png>
Package pdftex.def Info: 24images/resize_br_CBM3D_nSig402030_kodim01.png used o
n input line 631.
(pdftex.def)             Requested size: 96.8906pt x 64.48781pt.

<24images/resize_br_MLP_nSig402030_kodim01.png, id=52, 309.155pt x 205.76875pt>
File: 24images/resize_br_MLP_nSig402030_kodim01.png Graphic file (type png)
<use 24images/resize_br_MLP_nSig402030_kodim01.png>
Package pdftex.def Info: 24images/resize_br_MLP_nSig402030_kodim01.png used on 
input line 631.
(pdftex.def)             Requested size: 96.8906pt x 64.48781pt.

<24images/resize_br_TNRD_nSig402030_kodim01.png, id=54, 309.155pt x 205.76875pt
>
File: 24images/resize_br_TNRD_nSig402030_kodim01.png Graphic file (type png)
 <use 24images/resize_br_TNRD_nSig402030_kodim01.png>
Package pdftex.def Info: 24images/resize_br_TNRD_nSig402030_kodim01.png used on
 input line 631.
(pdftex.def)             Requested size: 96.8906pt x 64.48781pt.

<24images/resize_br_NC_nSig402030_kodim01.png, id=56, 309.155pt x 205.76875pt>
File: 24images/resize_br_NC_nSig402030_kodim01.png Graphic file (type png)

<use 24images/resize_br_NC_nSig402030_kodim01.png>
Package pdftex.def Info: 24images/resize_br_NC_nSig402030_kodim01.png used on i
nput line 631.
(pdftex.def)             Requested size: 96.8906pt x 64.48781pt.

<24images/resize_br_WNNMCW_nSig402030_kodim01.png, id=59, 309.155pt x 205.76875
pt>
File: 24images/resize_br_WNNMCW_nSig402030_kodim01.png Graphic file (type png)
 <use 24images/resize_br_WNNMCW_nSig402030_kodim01.png>
Package pdftex.def Info: 24images/resize_br_WNNMCW_nSig402030_kodim01.png used 
on input line 658.
(pdftex.def)             Requested size: 96.8906pt x 64.48781pt.

<24images/resize_br_WNNMJ_nSig402030_kodim01.png, id=60, 309.155pt x 205.76875p
t>
File: 24images/resize_br_WNNMJ_nSig402030_kodim01.png Graphic file (type png)
 <use 24images/resize_br_WNNMJ_nSig402030_kodim01.png>
Package pdftex.def Info: 24images/resize_br_WNNMJ_nSig402030_kodim01.png used o
n input line 658.
(pdftex.def)             Requested size: 96.8906pt x 64.48781pt.

<24images/resize_br_WNNM_ADMM_nSig402030_kodim01.png, id=61, 309.155pt x 205.76
875pt>
File: 24images/resize_br_WNNM_ADMM_nSig402030_kodim01.png Graphic file (type pn
g)
 <use 24images/resize_br_WNNM_ADMM_nSig402030_kodim01.png>
Package pdftex.def Info: 24images/resize_br_WNNM_ADMM_nSig402030_kodim01.png us
ed on input line 658.
(pdftex.def)             Requested size: 96.8906pt x 64.48781pt.

<24images/resize_br_CWNNM_ADMM_nSig402030_kodim01.png, id=62, 309.155pt x 205.7
6875pt>
File: 24images/resize_br_CWNNM_ADMM_nSig402030_kodim01.png Graphic file (type p
ng)
 <use 24images/resize_br_CWNNM_ADMM_nSig402030_kodim01.png>
Package pdftex.def Info: 24images/resize_br_CWNNM_ADMM_nSig402030_kodim01.png u
sed on input line 658.
(pdftex.def)             Requested size: 96.8906pt x 64.48781pt.

<24images/resize_br_kodim01.png, id=63, 309.155pt x 205.76875pt>
File: 24images/resize_br_kodim01.png Graphic file (type png)

<use 24images/resize_br_kodim01.png>
Package pdftex.def Info: 24images/resize_br_kodim01.png used on input line 658.

(pdftex.def)             Requested size: 96.8906pt x 64.48781pt.

Overfull \hbox (2.59673pt too wide) in paragraph at lines 631--659
 [][] 
 []


Overfull \hbox (2.59673pt too wide) in paragraph at lines 631--659
 [][] 
 []


<24images/resize_br_Noisy_nSig402030_kodim03.png, id=64, 309.155pt x 205.76875p
t>
File: 24images/resize_br_Noisy_nSig402030_kodim03.png Graphic file (type png)
 <use 24images/resize_br_Noisy_nSig402030_kodim03.png>
Package pdftex.def Info: 24images/resize_br_Noisy_nSig402030_kodim03.png used o
n input line 694.
(pdftex.def)             Requested size: 96.8906pt x 64.48781pt.

<24images/resize_br_CBM3D_nSig402030_kodim03.png, id=65, 309.155pt x 205.76875p
t>
File: 24images/resize_br_CBM3D_nSig402030_kodim03.png Graphic file (type png)
 <use 24images/resize_br_CBM3D_nSig402030_kodim03.png>
Package pdftex.def Info: 24images/resize_br_CBM3D_nSig402030_kodim03.png used o
n input line 694.
(pdftex.def)             Requested size: 96.8906pt x 64.48781pt.

<24images/resize_br_MLP_nSig402030_kodim03.png, id=67, 309.155pt x 205.76875pt>
File: 24images/resize_br_MLP_nSig402030_kodim03.png Graphic file (type png)
<use 24images/resize_br_MLP_nSig402030_kodim03.png>
Package pdftex.def Info: 24images/resize_br_MLP_nSig402030_kodim03.png used on 
input line 694.
(pdftex.def)             Requested size: 96.8906pt x 64.48781pt.

<24images/resize_br_TNRD_nSig402030_kodim03.png, id=69, 309.155pt x 205.76875pt
>
File: 24images/resize_br_TNRD_nSig402030_kodim03.png Graphic file (type png)
 <use 24images/resize_br_TNRD_nSig402030_kodim03.png>
Package pdftex.def Info: 24images/resize_br_TNRD_nSig402030_kodim03.png used on
 input line 694.
(pdftex.def)             Requested size: 96.8906pt x 64.48781pt.

<24images/resize_br_NC_nSig402030_kodim03.png, id=71, 309.155pt x 205.76875pt>
File: 24images/resize_br_NC_nSig402030_kodim03.png Graphic file (type png)

<use 24images/resize_br_NC_nSig402030_kodim03.png>
Package pdftex.def Info: 24images/resize_br_NC_nSig402030_kodim03.png used on i
nput line 694.
(pdftex.def)             Requested size: 96.8906pt x 64.48781pt.

<24images/resize_br_WNNMCW_nSig402030_kodim03.png, id=74, 309.155pt x 205.76875
pt>
File: 24images/resize_br_WNNMCW_nSig402030_kodim03.png Graphic file (type png)
 <use 24images/resize_br_WNNMCW_nSig402030_kodim03.png>
Package pdftex.def Info: 24images/resize_br_WNNMCW_nSig402030_kodim03.png used 
on input line 721.
(pdftex.def)             Requested size: 96.8906pt x 64.48781pt.

<24images/resize_br_WNNMJ_nSig402030_kodim03.png, id=75, 309.155pt x 205.76875p
t>
File: 24images/resize_br_WNNMJ_nSig402030_kodim03.png Graphic file (type png)
 <use 24images/resize_br_WNNMJ_nSig402030_kodim03.png>
Package pdftex.def Info: 24images/resize_br_WNNMJ_nSig402030_kodim03.png used o
n input line 721.
(pdftex.def)             Requested size: 96.8906pt x 64.48781pt.

<24images/resize_br_WNNM_ADMM_nSig402030_kodim03.png, id=76, 309.155pt x 205.76
875pt>
File: 24images/resize_br_WNNM_ADMM_nSig402030_kodim03.png Graphic file (type pn
g)
 <use 24images/resize_br_WNNM_ADMM_nSig402030_kodim03.png>
Package pdftex.def Info: 24images/resize_br_WNNM_ADMM_nSig402030_kodim03.png us
ed on input line 721.
(pdftex.def)             Requested size: 96.8906pt x 64.48781pt.

<24images/resize_br_CWNNM_ADMM_nSig402030_kodim03.png, id=77, 309.155pt x 205.7
6875pt>
File: 24images/resize_br_CWNNM_ADMM_nSig402030_kodim03.png Graphic file (type p
ng)
 <use 24images/resize_br_CWNNM_ADMM_nSig402030_kodim03.png>
Package pdftex.def Info: 24images/resize_br_CWNNM_ADMM_nSig402030_kodim03.png u
sed on input line 721.
(pdftex.def)             Requested size: 96.8906pt x 64.48781pt.

<24images/resize_br_kodim03.png, id=78, 309.155pt x 205.76875pt>
File: 24images/resize_br_kodim03.png Graphic file (type png)

<use 24images/resize_br_kodim03.png>
Package pdftex.def Info: 24images/resize_br_kodim03.png used on input line 721.

(pdftex.def)             Requested size: 96.8906pt x 64.48781pt.

Overfull \hbox (2.59673pt too wide) in paragraph at lines 694--722
 [][] 
 []


Overfull \hbox (2.59673pt too wide) in paragraph at lines 694--722
 [][] 
 []


<24images/resize_br_Noisy_nSig402030_kodim05.png, id=79, 309.155pt x 205.76875p
t>
File: 24images/resize_br_Noisy_nSig402030_kodim05.png Graphic file (type png)
 <use 24images/resize_br_Noisy_nSig402030_kodim05.png>
Package pdftex.def Info: 24images/resize_br_Noisy_nSig402030_kodim05.png used o
n input line 758.
(pdftex.def)             Requested size: 96.8906pt x 64.48781pt.

<24images/resize_br_CBM3D_nSig402030_kodim05.png, id=80, 309.155pt x 205.76875p
t>
File: 24images/resize_br_CBM3D_nSig402030_kodim05.png Graphic file (type png)
 <use 24images/resize_br_CBM3D_nSig402030_kodim05.png>
Package pdftex.def Info: 24images/resize_br_CBM3D_nSig402030_kodim05.png used o
n input line 758.
(pdftex.def)             Requested size: 96.8906pt x 64.48781pt.

<24images/resize_br_MLP_nSig402030_kodim05.png, id=82, 309.155pt x 205.76875pt>
File: 24images/resize_br_MLP_nSig402030_kodim05.png Graphic file (type png)
<use 24images/resize_br_MLP_nSig402030_kodim05.png>
Package pdftex.def Info: 24images/resize_br_MLP_nSig402030_kodim05.png used on 
input line 758.
(pdftex.def)             Requested size: 96.8906pt x 64.48781pt.

<24images/resize_br_TNRD_nSig402030_kodim05.png, id=84, 309.155pt x 205.76875pt
>
File: 24images/resize_br_TNRD_nSig402030_kodim05.png Graphic file (type png)
 <use 24images/resize_br_TNRD_nSig402030_kodim05.png>
Package pdftex.def Info: 24images/resize_br_TNRD_nSig402030_kodim05.png used on
 input line 758.
(pdftex.def)             Requested size: 96.8906pt x 64.48781pt.

<24images/resize_br_NC_nSig402030_kodim05.png, id=86, 309.155pt x 205.76875pt>
File: 24images/resize_br_NC_nSig402030_kodim05.png Graphic file (type png)

<use 24images/resize_br_NC_nSig402030_kodim05.png>
Package pdftex.def Info: 24images/resize_br_NC_nSig402030_kodim05.png used on i
nput line 758.
(pdftex.def)             Requested size: 96.8906pt x 64.48781pt.

<24images/resize_br_WNNMCW_nSig402030_kodim05.png, id=89, 309.155pt x 205.76875
pt>
File: 24images/resize_br_WNNMCW_nSig402030_kodim05.png Graphic file (type png)
 <use 24images/resize_br_WNNMCW_nSig402030_kodim05.png>
Package pdftex.def Info: 24images/resize_br_WNNMCW_nSig402030_kodim05.png used 
on input line 785.
(pdftex.def)             Requested size: 96.8906pt x 64.48781pt.

<24images/resize_br_WNNMJ_nSig402030_kodim05.png, id=90, 309.155pt x 205.76875p
t>
File: 24images/resize_br_WNNMJ_nSig402030_kodim05.png Graphic file (type png)
 <use 24images/resize_br_WNNMJ_nSig402030_kodim05.png>
Package pdftex.def Info: 24images/resize_br_WNNMJ_nSig402030_kodim05.png used o
n input line 785.
(pdftex.def)             Requested size: 96.8906pt x 64.48781pt.

<24images/resize_br_WNNM_ADMM_nSig402030_kodim05.png, id=91, 309.155pt x 205.76
875pt>
File: 24images/resize_br_WNNM_ADMM_nSig402030_kodim05.png Graphic file (type pn
g)
 <use 24images/resize_br_WNNM_ADMM_nSig402030_kodim05.png>
Package pdftex.def Info: 24images/resize_br_WNNM_ADMM_nSig402030_kodim05.png us
ed on input line 785.
(pdftex.def)             Requested size: 96.8906pt x 64.48781pt.

<24images/resize_br_CWNNM_ADMM_nSig402030_kodim05.png, id=92, 309.155pt x 205.7
6875pt>
File: 24images/resize_br_CWNNM_ADMM_nSig402030_kodim05.png Graphic file (type p
ng)
 <use 24images/resize_br_CWNNM_ADMM_nSig402030_kodim05.png>
Package pdftex.def Info: 24images/resize_br_CWNNM_ADMM_nSig402030_kodim05.png u
sed on input line 785.
(pdftex.def)             Requested size: 96.8906pt x 64.48781pt.

<24images/resize_br_kodim05.png, id=93, 309.155pt x 205.76875pt>
File: 24images/resize_br_kodim05.png Graphic file (type png)

<use 24images/resize_br_kodim05.png>
Package pdftex.def Info: 24images/resize_br_kodim05.png used on input line 785.

(pdftex.def)             Requested size: 96.8906pt x 64.48781pt.

Overfull \hbox (2.59673pt too wide) in paragraph at lines 758--786
 [][] 
 []


Overfull \hbox (2.59673pt too wide) in paragraph at lines 758--786
 [][] 
 []


<24images/resize_br_Noisy_nSig402030_kodim07.png, id=94, 309.155pt x 205.76875p
t>
File: 24images/resize_br_Noisy_nSig402030_kodim07.png Graphic file (type png)
 <use 24images/resize_br_Noisy_nSig402030_kodim07.png>
Package pdftex.def Info: 24images/resize_br_Noisy_nSig402030_kodim07.png used o
n input line 820.
(pdftex.def)             Requested size: 96.8906pt x 64.48781pt.

<24images/resize_br_CBM3D_nSig402030_kodim07.png, id=95, 309.155pt x 205.76875p
t>
File: 24images/resize_br_CBM3D_nSig402030_kodim07.png Graphic file (type png)
 <use 24images/resize_br_CBM3D_nSig402030_kodim07.png>
Package pdftex.def Info: 24images/resize_br_CBM3D_nSig402030_kodim07.png used o
n input line 820.
(pdftex.def)             Requested size: 96.8906pt x 64.48781pt.

<24images/resize_br_MLP_nSig402030_kodim07.png, id=97, 309.155pt x 205.76875pt>
File: 24images/resize_br_MLP_nSig402030_kodim07.png Graphic file (type png)
<use 24images/resize_br_MLP_nSig402030_kodim07.png>
Package pdftex.def Info: 24images/resize_br_MLP_nSig402030_kodim07.png used on 
input line 820.
(pdftex.def)             Requested size: 96.8906pt x 64.48781pt.

<24images/resize_br_TNRD_nSig402030_kodim07.png, id=99, 309.155pt x 205.76875pt
>
File: 24images/resize_br_TNRD_nSig402030_kodim07.png Graphic file (type png)
 <use 24images/resize_br_TNRD_nSig402030_kodim07.png>
Package pdftex.def Info: 24images/resize_br_TNRD_nSig402030_kodim07.png used on
 input line 820.
(pdftex.def)             Requested size: 96.8906pt x 64.48781pt.

<24images/resize_br_NC_nSig402030_kodim07.png, id=101, 309.155pt x 205.76875pt>
File: 24images/resize_br_NC_nSig402030_kodim07.png Graphic file (type png)
<use 24images/resize_br_NC_nSig402030_kodim07.png>
Package pdftex.def Info: 24images/resize_br_NC_nSig402030_kodim07.png used on i
nput line 820.
(pdftex.def)             Requested size: 96.8906pt x 64.48781pt.

<24images/resize_br_WNNMCW_nSig402030_kodim07.png, id=104, 309.155pt x 205.7687
5pt>
File: 24images/resize_br_WNNMCW_nSig402030_kodim07.png Graphic file (type png)
 <use 24images/resize_br_WNNMCW_nSig402030_kodim07.png>
Package pdftex.def Info: 24images/resize_br_WNNMCW_nSig402030_kodim07.png used 
on input line 847.
(pdftex.def)             Requested size: 96.8906pt x 64.48781pt.

<24images/resize_br_WNNMJ_nSig402030_kodim07.png, id=105, 309.155pt x 205.76875
pt>
File: 24images/resize_br_WNNMJ_nSig402030_kodim07.png Graphic file (type png)
 <use 24images/resize_br_WNNMJ_nSig402030_kodim07.png>
Package pdftex.def Info: 24images/resize_br_WNNMJ_nSig402030_kodim07.png used o
n input line 847.
(pdftex.def)             Requested size: 96.8906pt x 64.48781pt.

<24images/resize_br_WNNM_ADMM_nSig402030_kodim07.png, id=106, 309.155pt x 205.7
6875pt>
File: 24images/resize_br_WNNM_ADMM_nSig402030_kodim07.png Graphic file (type pn
g)
 <use 24images/resize_br_WNNM_ADMM_nSig402030_kodim07.png>
Package pdftex.def Info: 24images/resize_br_WNNM_ADMM_nSig402030_kodim07.png us
ed on input line 847.
(pdftex.def)             Requested size: 96.8906pt x 64.48781pt.

<24images/resize_br_CWNNM_ADMM_nSig402030_kodim07.png, id=107, 309.155pt x 205.
76875pt>
File: 24images/resize_br_CWNNM_ADMM_nSig402030_kodim07.png Graphic file (type p
ng)
 <use 24images/resize_br_CWNNM_ADMM_nSig402030_kodim07.png>
Package pdftex.def Info: 24images/resize_br_CWNNM_ADMM_nSig402030_kodim07.png u
sed on input line 847.
(pdftex.def)             Requested size: 96.8906pt x 64.48781pt.

<24images/resize_br_kodim07.png, id=108, 309.155pt x 205.76875pt>
File: 24images/resize_br_kodim07.png Graphic file (type png)

<use 24images/resize_br_kodim07.png>
Package pdftex.def Info: 24images/resize_br_kodim07.png used on input line 847.

(pdftex.def)             Requested size: 96.8906pt x 64.48781pt.

Overfull \hbox (2.59673pt too wide) in paragraph at lines 820--848
 [][] 
 []


Overfull \hbox (2.59673pt too wide) in paragraph at lines 820--848
 [][] 
 []

[2] [3 <./24images/resize_br_Noisy_nSig402030_kodim01.png (PNG copy)> <./24imag
es/resize_br_CBM3D_nSig402030_kodim01.png (PNG copy)> <./24images/resize_br_MLP
_nSig402030_kodim01.png (PNG copy)> <./24images/resize_br_TNRD_nSig402030_kodim
01.png (PNG copy)> <./24images/resize_br_NC_nSig402030_kodim01.png (PNG copy)> 
<./24images/resize_br_WNNMCW_nSig402030_kodim01.png (PNG copy)> <./24images/res
ize_br_WNNMJ_nSig402030_kodim01.png (PNG copy)> <./24images/resize_br_WNNM_ADMM
_nSig402030_kodim01.png (PNG copy)> <./24images/resize_br_CWNNM_ADMM_nSig402030
_kodim01.png (PNG copy)> <./24images/resize_br_kodim01.png (PNG copy)>]
[4 <./24images/resize_br_Noisy_nSig402030_kodim03.png (PNG copy)> <./24images/r
esize_br_CBM3D_nSig402030_kodim03.png (PNG copy)> <./24images/resize_br_MLP_nSi
g402030_kodim03.png (PNG copy)> <./24images/resize_br_TNRD_nSig402030_kodim03.p
ng (PNG copy)> <./24images/resize_br_NC_nSig402030_kodim03.png (PNG copy)> <./2
4images/resize_br_WNNMCW_nSig402030_kodim03.png (PNG copy)> <./24images/resize_
br_WNNMJ_nSig402030_kodim03.png (PNG copy)> <./24images/resize_br_WNNM_ADMM_nSi
g402030_kodim03.png (PNG copy)> <./24images/resize_br_CWNNM_ADMM_nSig402030_kod
im03.png (PNG copy)> <./24images/resize_br_kodim03.png (PNG copy)> <./24images/
resize_br_Noisy_nSig402030_kodim05.png (PNG copy)> <./24images/resize_br_CBM3D_
nSig402030_kodim05.png (PNG copy)> <./24images/resize_br_MLP_nSig402030_kodim05
.png (PNG copy)> <./24images/resize_br_TNRD_nSig402030_kodim05.png (PNG copy)> 
<./24images/resize_br_NC_nSig402030_kodim05.png (PNG copy)> <./24images/resize_
br_WNNMCW_nSig402030_kodim05.png (PNG copy)> <./24images/resize_br_WNNMJ_nSig40
2030_kodim05.png (PNG copy)> <./24images/resize_br_WNNM_ADMM_nSig402030_kodim05
.png (PNG copy)> <./24images/resize_br_CWNNM_ADMM_nSig402030_kodim05.png (PNG c
opy)> <./24images/resize_br_kodim05.png (PNG copy)> <./24images/resize_br_Noisy
_nSig402030_kodim07.png (PNG copy)> <./24images/resize_br_CBM3D_nSig402030_kodi
m07.png (PNG copy)> <./24images/resize_br_MLP_nSig402030_kodim07.png (PNG copy)
> <./24images/resize_br_TNRD_nSig402030_kodim07.png (PNG copy)> <./24images/res
ize_br_NC_nSig402030_kodim07.png (PNG copy)> <./24images/resize_br_WNNMCW_nSig4
02030_kodim07.png (PNG copy)> <./24images/resize_br_WNNMJ_nSig402030_kodim07.pn
g (PNG copy)> <./24images/resize_br_WNNM_ADMM_nSig402030_kodim07.png (PNG copy)
> <./24images/resize_br_CWNNM_ADMM_nSig402030_kodim07.png (PNG copy)> <./24imag
es/resize_br_kodim07.png (PNG copy)>]

LaTeX Warning: Reference `fig1' on page 5 undefined on input line 858.


LaTeX Warning: Reference `fig4' on page 5 undefined on input line 858.

<imagessupp/resize_frog_noisy.png, id=148, 250.9375pt x 188.705pt>
File: imagessupp/resize_frog_noisy.png Graphic file (type png)

<use imagessupp/resize_frog_noisy.png>
Package pdftex.def Info: imagessupp/resize_frog_noisy.png used on input line 88
9.
(pdftex.def)             Requested size: 99.36972pt x 74.72624pt.

<imagessupp/resize_frog_cbm3d.png, id=150, 250.9375pt x 188.705pt>
File: imagessupp/resize_frog_cbm3d.png Graphic file (type png)

<use imagessupp/resize_frog_cbm3d.png>
Package pdftex.def Info: imagessupp/resize_frog_cbm3d.png used on input line 88
9.
(pdftex.def)             Requested size: 99.36972pt x 74.72624pt.

<imagessupp/resize_frog_mlp.png, id=152, 250.9375pt x 188.705pt>
File: imagessupp/resize_frog_mlp.png Graphic file (type png)

<use imagessupp/resize_frog_mlp.png>
Package pdftex.def Info: imagessupp/resize_frog_mlp.png used on input line 889.

(pdftex.def)             Requested size: 99.36972pt x 74.72624pt.

<imagessupp/resize_frog_tnrd.png, id=154, 250.9375pt x 188.705pt>
File: imagessupp/resize_frog_tnrd.png Graphic file (type png)

<use imagessupp/resize_frog_tnrd.png>
Package pdftex.def Info: imagessupp/resize_frog_tnrd.png used on input line 889
.
(pdftex.def)             Requested size: 99.36972pt x 74.72624pt.

<imagessupp/resize_frog_ni.png, id=156, 250.9375pt x 188.705pt>
File: imagessupp/resize_frog_ni.png Graphic file (type png)

<use imagessupp/resize_frog_ni.png>
Package pdftex.def Info: imagessupp/resize_frog_ni.png used on input line 889.
(pdftex.def)             Requested size: 99.36972pt x 74.72624pt.

<imagessupp/resize_frog_nc.png, id=158, 250.9375pt x 188.705pt>
File: imagessupp/resize_frog_nc.png Graphic file (type png)

<use imagessupp/resize_frog_nc.png>
Package pdftex.def Info: imagessupp/resize_frog_nc.png used on input line 916.
(pdftex.def)             Requested size: 99.36972pt x 74.72624pt.

<imagessupp/resize_frog_wnnm.png, id=161, 250.9375pt x 188.705pt>
File: imagessupp/resize_frog_wnnm.png Graphic file (type png)

<use imagessupp/resize_frog_wnnm.png>
Package pdftex.def Info: imagessupp/resize_frog_wnnm.png used on input line 916
.
(pdftex.def)             Requested size: 99.36972pt x 74.72624pt.
File: imagessupp/resize_frog_wnnm.png Graphic file (type png)
 <use imagessupp/resize_frog_wnnm.png>
Package pdftex.def Info: imagessupp/resize_frog_wnnm.png used on input line 916
.
(pdftex.def)             Requested size: 99.36972pt x 74.72624pt.
File: imagessupp/resize_frog_wnnm.png Graphic file (type png)

<use imagessupp/resize_frog_wnnm.png>
Package pdftex.def Info: imagessupp/resize_frog_wnnm.png used on input line 916
.
(pdftex.def)             Requested size: 99.36972pt x 74.72624pt.

<imagessupp/resize_frog_ours.png, id=165, 250.9375pt x 188.705pt>
File: imagessupp/resize_frog_ours.png Graphic file (type png)

<use imagessupp/resize_frog_ours.png>
Package pdftex.def Info: imagessupp/resize_frog_ours.png used on input line 916
.
(pdftex.def)             Requested size: 99.36972pt x 74.72624pt.

Overfull \hbox (14.99236pt too wide) in paragraph at lines 889--918
 [][] 
 []


Overfull \hbox (14.99236pt too wide) in paragraph at lines 889--918
 [][] 
 []

<imagessupp/resize_br_Noisy_circuit.png, id=168, 242.9075pt x 212.795pt>
File: imagessupp/resize_br_Noisy_circuit.png Graphic file (type png)

<use imagessupp/resize_br_Noisy_circuit.png>
Package pdftex.def Info: imagessupp/resize_br_Noisy_circuit.png used on input l
ine 952.
(pdftex.def)             Requested size: 99.36972pt x 87.04843pt.

<imagessupp/resize_br_BM3D_circuit.png, id=170, 242.9075pt x 212.795pt>
File: imagessupp/resize_br_BM3D_circuit.png Graphic file (type png)

<use imagessupp/resize_br_BM3D_circuit.png>
Package pdftex.def Info: imagessupp/resize_br_BM3D_circuit.png used on input li
ne 952.
(pdftex.def)             Requested size: 99.36972pt x 87.04843pt.

<imagessupp/resize_br_MLP_circuit.png, id=172, 242.9075pt x 212.795pt>
File: imagessupp/resize_br_MLP_circuit.png Graphic file (type png)

<use imagessupp/resize_br_MLP_circuit.png>
Package pdftex.def Info: imagessupp/resize_br_MLP_circuit.png used on input lin
e 952.
(pdftex.def)             Requested size: 99.36972pt x 87.04843pt.

<imagessupp/resize_br_TRD_circuit.png, id=174, 242.9075pt x 212.795pt>
File: imagessupp/resize_br_TRD_circuit.png Graphic file (type png)

<use imagessupp/resize_br_TRD_circuit.png>
Package pdftex.def Info: imagessupp/resize_br_TRD_circuit.png used on input lin
e 952.
(pdftex.def)             Requested size: 99.36972pt x 87.04843pt.

<imagessupp/resize_br_NI_circuit.png, id=176, 242.9075pt x 212.795pt>
File: imagessupp/resize_br_NI_circuit.png Graphic file (type png)

<use imagessupp/resize_br_NI_circuit.png>
Package pdftex.def Info: imagessupp/resize_br_NI_circuit.png used on input line
 952.
(pdftex.def)             Requested size: 99.36972pt x 87.04843pt.

<imagessupp/resize_br_NC_circuit.png, id=178, 242.9075pt x 212.795pt>
File: imagessupp/resize_br_NC_circuit.png Graphic file (type png)

<use imagessupp/resize_br_NC_circuit.png>
Package pdftex.def Info: imagessupp/resize_br_NC_circuit.png used on input line
 979.
(pdftex.def)             Requested size: 99.36972pt x 87.04843pt.

<imagessupp/resize_br_WNNM_circuit.png, id=181, 242.9075pt x 212.795pt>
File: imagessupp/resize_br_WNNM_circuit.png Graphic file (type png)

<use imagessupp/resize_br_WNNM_circuit.png>
Package pdftex.def Info: imagessupp/resize_br_WNNM_circuit.png used on input li
ne 979.
(pdftex.def)             Requested size: 99.36972pt x 87.04843pt.
File: imagessupp/resize_br_WNNM_circuit.png Graphic file (type png)

<use imagessupp/resize_br_WNNM_circuit.png>
Package pdftex.def Info: imagessupp/resize_br_WNNM_circuit.png used on input li
ne 979.
(pdftex.def)             Requested size: 99.36972pt x 87.04843pt.
File: imagessupp/resize_br_WNNM_circuit.png Graphic file (type png)

<use imagessupp/resize_br_WNNM_circuit.png>
Package pdftex.def Info: imagessupp/resize_br_WNNM_circuit.png used on input li
ne 979.
(pdftex.def)             Requested size: 99.36972pt x 87.04843pt.

<imagessupp/resize_br_Guided_circuit.png, id=185, 242.9075pt x 212.795pt>
File: imagessupp/resize_br_Guided_circuit.png Graphic file (type png)

<use imagessupp/resize_br_Guided_circuit.png>
Package pdftex.def Info: imagessupp/resize_br_Guided_circuit.png used on input 
line 979.
(pdftex.def)             Requested size: 99.36972pt x 87.04843pt.

Overfull \hbox (14.99236pt too wide) in paragraph at lines 952--981
 [][] 
 []


Overfull \hbox (14.99236pt too wide) in paragraph at lines 952--981
 [][] 
 []

<imagessupp/resize_br_Noisy_woman.png, id=188, 235.88126pt x 200.75pt>
File: imagessupp/resize_br_Noisy_woman.png Graphic file (type png)

<use imagessupp/resize_br_Noisy_woman.png>
Package pdftex.def Info: imagessupp/resize_br_Noisy_woman.png used on input lin
e 1015.
(pdftex.def)             Requested size: 99.36972pt x 84.57172pt.

<imagessupp/resize_br_BM3D_woman.png, id=190, 235.88126pt x 200.75pt>
File: imagessupp/resize_br_BM3D_woman.png Graphic file (type png)

<use imagessupp/resize_br_BM3D_woman.png>
Package pdftex.def Info: imagessupp/resize_br_BM3D_woman.png used on input line
 1015.
(pdftex.def)             Requested size: 99.36972pt x 84.57172pt.

<imagessupp/resize_br_MLP_woman.png, id=192, 235.88126pt x 200.75pt>
File: imagessupp/resize_br_MLP_woman.png Graphic file (type png)

<use imagessupp/resize_br_MLP_woman.png>
Package pdftex.def Info: imagessupp/resize_br_MLP_woman.png used on input line 
1015.
(pdftex.def)             Requested size: 99.36972pt x 84.57172pt.

<imagessupp/resize_br_TRD_woman.png, id=194, 235.88126pt x 200.75pt>
File: imagessupp/resize_br_TRD_woman.png Graphic file (type png)

<use imagessupp/resize_br_TRD_woman.png>
Package pdftex.def Info: imagessupp/resize_br_TRD_woman.png used on input line 
1015.
(pdftex.def)             Requested size: 99.36972pt x 84.57172pt.

<imagessupp/resize_br_NI_woman.png, id=196, 235.88126pt x 200.75pt>
File: imagessupp/resize_br_NI_woman.png Graphic file (type png)

<use imagessupp/resize_br_NI_woman.png>
Package pdftex.def Info: imagessupp/resize_br_NI_woman.png used on input line 1
015.
(pdftex.def)             Requested size: 99.36972pt x 84.57172pt.

<imagessupp/resize_br_NC_woman.png, id=198, 235.88126pt x 200.75pt>
File: imagessupp/resize_br_NC_woman.png Graphic file (type png)

<use imagessupp/resize_br_NC_woman.png>
Package pdftex.def Info: imagessupp/resize_br_NC_woman.png used on input line 1
042.
(pdftex.def)             Requested size: 99.36972pt x 84.57172pt.

<imagessupp/resize_br_WNNM_woman.png, id=201, 235.88126pt x 200.75pt>
File: imagessupp/resize_br_WNNM_woman.png Graphic file (type png)

<use imagessupp/resize_br_WNNM_woman.png>
Package pdftex.def Info: imagessupp/resize_br_WNNM_woman.png used on input line
 1042.
(pdftex.def)             Requested size: 99.36972pt x 84.57172pt.
File: imagessupp/resize_br_WNNM_woman.png Graphic file (type png)

<use imagessupp/resize_br_WNNM_woman.png>
Package pdftex.def Info: imagessupp/resize_br_WNNM_woman.png used on input line
 1042.
(pdftex.def)             Requested size: 99.36972pt x 84.57172pt.
File: imagessupp/resize_br_WNNM_woman.png Graphic file (type png)

<use imagessupp/resize_br_WNNM_woman.png>
Package pdftex.def Info: imagessupp/resize_br_WNNM_woman.png used on input line
 1042.
(pdftex.def)             Requested size: 99.36972pt x 84.57172pt.

<imagessupp/resize_br_Guided_woman.png, id=205, 235.88126pt x 200.75pt>
File: imagessupp/resize_br_Guided_woman.png Graphic file (type png)

<use imagessupp/resize_br_Guided_woman.png>
Package pdftex.def Info: imagessupp/resize_br_Guided_woman.png used on input li
ne 1042.
(pdftex.def)             Requested size: 99.36972pt x 84.57172pt.

Overfull \hbox (14.99236pt too wide) in paragraph at lines 1015--1044
 [][] 
 []


Overfull \hbox (14.99236pt too wide) in paragraph at lines 1015--1044
 [][] 
 []

<imagessupp/resize_br_Noisy_vehicle.png, id=208, 350.30875pt x 285.065pt>
File: imagessupp/resize_br_Noisy_vehicle.png Graphic file (type png)

<use imagessupp/resize_br_Noisy_vehicle.png>
Package pdftex.def Info: imagessupp/resize_br_Noisy_vehicle.png used on input l
ine 1080.
(pdftex.def)             Requested size: 99.36972pt x 80.86159pt.

<imagessupp/resize_br_BM3D_vehicle.png, id=210, 350.30875pt x 285.065pt>
File: imagessupp/resize_br_BM3D_vehicle.png Graphic file (type png)

<use imagessupp/resize_br_BM3D_vehicle.png>
Package pdftex.def Info: imagessupp/resize_br_BM3D_vehicle.png used on input li
ne 1080.
(pdftex.def)             Requested size: 99.36972pt x 80.86159pt.

<imagessupp/resize_br_MLP_vehicle.png, id=212, 350.30875pt x 285.065pt>
File: imagessupp/resize_br_MLP_vehicle.png Graphic file (type png)

<use imagessupp/resize_br_MLP_vehicle.png>
Package pdftex.def Info: imagessupp/resize_br_MLP_vehicle.png used on input lin
e 1080.
(pdftex.def)             Requested size: 99.36972pt x 80.86159pt.

<imagessupp/resize_br_TRD_vehicle.png, id=214, 350.30875pt x 285.065pt>
File: imagessupp/resize_br_TRD_vehicle.png Graphic file (type png)

<use imagessupp/resize_br_TRD_vehicle.png>
Package pdftex.def Info: imagessupp/resize_br_TRD_vehicle.png used on input lin
e 1080.
(pdftex.def)             Requested size: 99.36972pt x 80.86159pt.

<imagessupp/resize_br_NI_vehicle.png, id=216, 350.30875pt x 285.065pt>
File: imagessupp/resize_br_NI_vehicle.png Graphic file (type png)

<use imagessupp/resize_br_NI_vehicle.png>
Package pdftex.def Info: imagessupp/resize_br_NI_vehicle.png used on input line
 1080.
(pdftex.def)             Requested size: 99.36972pt x 80.86159pt.

<imagessupp/resize_br_NC_vehicle.png, id=218, 350.30875pt x 285.065pt>
File: imagessupp/resize_br_NC_vehicle.png Graphic file (type png)

<use imagessupp/resize_br_NC_vehicle.png>
Package pdftex.def Info: imagessupp/resize_br_NC_vehicle.png used on input line
 1107.
(pdftex.def)             Requested size: 99.36972pt x 80.86159pt.

<imagessupp/resize_br_WNNM_vehicle.png, id=221, 350.30875pt x 285.065pt>
File: imagessupp/resize_br_WNNM_vehicle.png Graphic file (type png)

<use imagessupp/resize_br_WNNM_vehicle.png>
Package pdftex.def Info: imagessupp/resize_br_WNNM_vehicle.png used on input li
ne 1107.
(pdftex.def)             Requested size: 99.36972pt x 80.86159pt.
File: imagessupp/resize_br_WNNM_vehicle.png Graphic file (type png)

<use imagessupp/resize_br_WNNM_vehicle.png>
Package pdftex.def Info: imagessupp/resize_br_WNNM_vehicle.png used on input li
ne 1107.
(pdftex.def)             Requested size: 99.36972pt x 80.86159pt.
File: imagessupp/resize_br_WNNM_vehicle.png Graphic file (type png)

<use imagessupp/resize_br_WNNM_vehicle.png>
Package pdftex.def Info: imagessupp/resize_br_WNNM_vehicle.png used on input li
ne 1107.
(pdftex.def)             Requested size: 99.36972pt x 80.86159pt.

<imagessupp/resize_br_Guided_vehicle.png, id=225, 350.30875pt x 285.065pt>
File: imagessupp/resize_br_Guided_vehicle.png Graphic file (type png)

<use imagessupp/resize_br_Guided_vehicle.png>
Package pdftex.def Info: imagessupp/resize_br_Guided_vehicle.png used on input 
line 1107.
(pdftex.def)             Requested size: 99.36972pt x 80.86159pt.

Overfull \hbox (14.99236pt too wide) in paragraph at lines 1080--1109
 [][] 
 []


Overfull \hbox (14.99236pt too wide) in paragraph at lines 1080--1109
 [][] 
 []


LaTeX Warning: Reference `fig9' on page 5 undefined on input line 1120.


<imagessupp/resize_resize_br_Noisy_5dmark3_iso3200_2_real.png, id=231, 180.675p
t x 180.675pt>
File: imagessupp/resize_resize_br_Noisy_5dmark3_iso3200_2_real.png Graphic file
 (type png)

<use imagessupp/resize_resize_br_Noisy_5dmark3_iso3200_2_real.png>
Package pdftex.def Info: imagessupp/resize_resize_br_Noisy_5dmark3_iso3200_2_re
al.png used on input line 1152.
(pdftex.def)             Requested size: 96.8906pt x 96.89035pt.

<imagessupp/resize_resize_br_CBM3D_5dmark3_iso3200_2_real.png, id=233, 180.675p
t x 180.675pt>
File: imagessupp/resize_resize_br_CBM3D_5dmark3_iso3200_2_real.png Graphic file
 (type png)

<use imagessupp/resize_resize_br_CBM3D_5dmark3_iso3200_2_real.png>
Package pdftex.def Info: imagessupp/resize_resize_br_CBM3D_5dmark3_iso3200_2_re
al.png used on input line 1152.
(pdftex.def)             Requested size: 96.8906pt x 96.89035pt.

<imagessupp/resize_resize_br_TRD_5dmark3_iso3200_2_real.png, id=236, 180.675pt 
x 180.675pt>
File: imagessupp/resize_resize_br_TRD_5dmark3_iso3200_2_real.png Graphic file (
type png)
 <use imagessupp/resize_resize_br_TRD_5dmark3_iso3200_2_real.png>
Package pdftex.def Info: imagessupp/resize_resize_br_TRD_5dmark3_iso3200_2_real
.png used on input line 1152.
(pdftex.def)             Requested size: 96.8906pt x 96.89035pt.

<imagessupp/resize_resize_br_NI_5dmark3_iso3200_2_real.png, id=238, 180.675pt x
 180.675pt>
File: imagessupp/resize_resize_br_NI_5dmark3_iso3200_2_real.png Graphic file (t
ype png)
 <use imagessupp/resize_resize_br_NI_5dmark3_iso3200_2_real.png>
Package pdftex.def Info: imagessupp/resize_resize_br_NI_5dmark3_iso3200_2_real.
png used on input line 1152.
(pdftex.def)             Requested size: 96.8906pt x 96.89035pt.

<imagessupp/resize_resize_br_NC_5dmark3_iso3200_2_real.png, id=240, 180.675pt x
 180.675pt>
File: imagessupp/resize_resize_br_NC_5dmark3_iso3200_2_real.png Graphic file (t
ype png)
 <use imagessupp/resize_resize_br_NC_5dmark3_iso3200_2_real.png>
Package pdftex.def Info: imagessupp/resize_resize_br_NC_5dmark3_iso3200_2_real.
png used on input line 1152.
(pdftex.def)             Requested size: 96.8906pt x 96.89035pt.

<imagessupp/resize_resize_br_CCNoise_5dmark3_iso3200_2.png, id=243, 180.675pt x
 180.675pt>
File: imagessupp/resize_resize_br_CCNoise_5dmark3_iso3200_2.png Graphic file (t
ype png)
 <use imagessupp/resize_resize_br_CCNoise_5dmark3_iso3200_2.png>
Package pdftex.def Info: imagessupp/resize_resize_br_CCNoise_5dmark3_iso3200_2.
png used on input line 1179.
(pdftex.def)             Requested size: 96.8906pt x 96.89035pt.

<imagessupp/resize_resize_br_WNNM_5dmark3_iso3200_2_real.png, id=245, 180.675pt
 x 180.675pt>
File: imagessupp/resize_resize_br_WNNM_5dmark3_iso3200_2_real.png Graphic file 
(type png)

<use imagessupp/resize_resize_br_WNNM_5dmark3_iso3200_2_real.png>
Package pdftex.def Info: imagessupp/resize_resize_br_WNNM_5dmark3_iso3200_2_rea
l.png used on input line 1179.
(pdftex.def)             Requested size: 96.8906pt x 96.89035pt.
File: imagessupp/resize_resize_br_WNNM_5dmark3_iso3200_2_real.png Graphic file 
(type png)

<use imagessupp/resize_resize_br_WNNM_5dmark3_iso3200_2_real.png>
Package pdftex.def Info: imagessupp/resize_resize_br_WNNM_5dmark3_iso3200_2_rea
l.png used on input line 1179.
(pdftex.def)             Requested size: 96.8906pt x 96.89035pt.

<imagessupp/resize_resize_br_Guided_5dmark3_iso3200_2_real.png, id=248, 180.675
pt x 180.675pt>
File: imagessupp/resize_resize_br_Guided_5dmark3_iso3200_2_real.png Graphic fil
e (type png)

<use imagessupp/resize_resize_br_Guided_5dmark3_iso3200_2_real.png>
Package pdftex.def Info: imagessupp/resize_resize_br_Guided_5dmark3_iso3200_2_r
eal.png used on input line 1179.
(pdftex.def)             Requested size: 96.8906pt x 96.89035pt.

<imagessupp/resize_resize_br_Mean_5dmark3_iso3200_2_real.png, id=249, 180.675pt
 x 180.675pt>
File: imagessupp/resize_resize_br_Mean_5dmark3_iso3200_2_real.png Graphic file 
(type png)

<use imagessupp/resize_resize_br_Mean_5dmark3_iso3200_2_real.png>
Package pdftex.def Info: imagessupp/resize_resize_br_Mean_5dmark3_iso3200_2_rea
l.png used on input line 1179.
(pdftex.def)             Requested size: 96.8906pt x 96.89035pt.

Overfull \hbox (2.59673pt too wide) in paragraph at lines 1152--1180
 [][] 
 []


Overfull \hbox (2.59673pt too wide) in paragraph at lines 1152--1180
 [][] 
 []


<imagessupp/resize_resize_br_Noisy_d600_iso3200_2_real.png, id=253, 180.675pt x
 180.675pt>
File: imagessupp/resize_resize_br_Noisy_d600_iso3200_2_real.png Graphic file (t
ype png)
 <use imagessupp/resize_resize_br_Noisy_d600_iso3200_2_real.png>
Package pdftex.def Info: imagessupp/resize_resize_br_Noisy_d600_iso3200_2_real.
png used on input line 1214.
(pdftex.def)             Requested size: 96.8906pt x 96.89035pt.

<imagessupp/resize_resize_br_CBM3D_d600_iso3200_2_real.png, id=255, 180.675pt x
 180.675pt>
File: imagessupp/resize_resize_br_CBM3D_d600_iso3200_2_real.png Graphic file (t
ype png)
 <use imagessupp/resize_resize_br_CBM3D_d600_iso3200_2_real.png>
Package pdftex.def Info: imagessupp/resize_resize_br_CBM3D_d600_iso3200_2_real.
png used on input line 1214.
(pdftex.def)             Requested size: 96.8906pt x 96.89035pt.

<imagessupp/resize_resize_br_TRD_d600_iso3200_2_real.png, id=258, 180.675pt x 1
80.675pt>
File: imagessupp/resize_resize_br_TRD_d600_iso3200_2_real.png Graphic file (typ
e png)
 <use imagessupp/resize_resize_br_TRD_d600_iso3200_2_real.png>
Package pdftex.def Info: imagessupp/resize_resize_br_TRD_d600_iso3200_2_real.pn
g used on input line 1214.
(pdftex.def)             Requested size: 96.8906pt x 96.89035pt.

<imagessupp/resize_resize_br_NI_d600_iso3200_2_real.png, id=260, 180.675pt x 18
0.675pt>
File: imagessupp/resize_resize_br_NI_d600_iso3200_2_real.png Graphic file (type
 png)
 <use imagessupp/resize_resize_br_NI_d600_iso3200_2_real.png>
Package pdftex.def Info: imagessupp/resize_resize_br_NI_d600_iso3200_2_real.png
 used on input line 1214.
(pdftex.def)             Requested size: 96.8906pt x 96.89035pt.

<imagessupp/resize_resize_br_NC_d600_iso3200_2_real.png, id=262, 180.675pt x 18
0.675pt>
File: imagessupp/resize_resize_br_NC_d600_iso3200_2_real.png Graphic file (type
 png)
 <use imagessupp/resize_resize_br_NC_d600_iso3200_2_real.png>
Package pdftex.def Info: imagessupp/resize_resize_br_NC_d600_iso3200_2_real.png
 used on input line 1214.
(pdftex.def)             Requested size: 96.8906pt x 96.89035pt.

<imagessupp/resize_resize_br_CCNoise_d600_iso3200_2.png, id=265, 180.675pt x 18
0.675pt>
File: imagessupp/resize_resize_br_CCNoise_d600_iso3200_2.png Graphic file (type
 png)
 <use imagessupp/resize_resize_br_CCNoise_d600_iso3200_2.png>
Package pdftex.def Info: imagessupp/resize_resize_br_CCNoise_d600_iso3200_2.png
 used on input line 1241.
(pdftex.def)             Requested size: 96.8906pt x 96.89035pt.

<imagessupp/resize_resize_br_WNNM_d600_iso3200_2_real.png, id=267, 180.675pt x 
180.675pt>
File: imagessupp/resize_resize_br_WNNM_d600_iso3200_2_real.png Graphic file (ty
pe png)
 <use imagessupp/resize_resize_br_WNNM_d600_iso3200_2_real.png>
Package pdftex.def Info: imagessupp/resize_resize_br_WNNM_d600_iso3200_2_real.p
ng used on input line 1241.
(pdftex.def)             Requested size: 96.8906pt x 96.89035pt.
File: imagessupp/resize_resize_br_WNNM_d600_iso3200_2_real.png Graphic file (ty
pe png)

<use imagessupp/resize_resize_br_WNNM_d600_iso3200_2_real.png>
Package pdftex.def Info: imagessupp/resize_resize_br_WNNM_d600_iso3200_2_real.p
ng used on input line 1241.
(pdftex.def)             Requested size: 96.8906pt x 96.89035pt.

<imagessupp/resize_resize_br_Guided_d600_iso3200_2_real.png, id=270, 180.675pt 
x 180.675pt>
File: imagessupp/resize_resize_br_Guided_d600_iso3200_2_real.png Graphic file (
type png)
 <use imagessupp/resize_resize_br_Guided_d600_iso3200_2_real.png>
Package pdftex.def Info: imagessupp/resize_resize_br_Guided_d600_iso3200_2_real
.png used on input line 1241.
(pdftex.def)             Requested size: 96.8906pt x 96.89035pt.

<imagessupp/resize_resize_br_Mean_d600_iso3200_2_real.png, id=271, 180.675pt x 
180.675pt>
File: imagessupp/resize_resize_br_Mean_d600_iso3200_2_real.png Graphic file (ty
pe png)
 <use imagessupp/resize_resize_br_Mean_d600_iso3200_2_real.png>
Package pdftex.def Info: imagessupp/resize_resize_br_Mean_d600_iso3200_2_real.p
ng used on input line 1241.
(pdftex.def)             Requested size: 96.8906pt x 96.89035pt.

Overfull \hbox (2.59673pt too wide) in paragraph at lines 1214--1242
 [][] 
 []


Overfull \hbox (2.59673pt too wide) in paragraph at lines 1214--1242
 [][] 
 []


<imagessupp/resize_resize_br_Noisy_d800_iso3200_2_real.png, id=275, 180.675pt x
 180.675pt>
File: imagessupp/resize_resize_br_Noisy_d800_iso3200_2_real.png Graphic file (t
ype png)
 <use imagessupp/resize_resize_br_Noisy_d800_iso3200_2_real.png>
Package pdftex.def Info: imagessupp/resize_resize_br_Noisy_d800_iso3200_2_real.
png used on input line 1278.
(pdftex.def)             Requested size: 96.8906pt x 96.89035pt.

<imagessupp/resize_resize_br_CBM3D_d800_iso3200_2_real.png, id=277, 180.675pt x
 180.675pt>
File: imagessupp/resize_resize_br_CBM3D_d800_iso3200_2_real.png Graphic file (t
ype png)
 <use imagessupp/resize_resize_br_CBM3D_d800_iso3200_2_real.png>
Package pdftex.def Info: imagessupp/resize_resize_br_CBM3D_d800_iso3200_2_real.
png used on input line 1278.
(pdftex.def)             Requested size: 96.8906pt x 96.89035pt.

<imagessupp/resize_resize_br_TRD_d800_iso3200_2_real.png, id=280, 180.675pt x 1
80.675pt>
File: imagessupp/resize_resize_br_TRD_d800_iso3200_2_real.png Graphic file (typ
e png)
 <use imagessupp/resize_resize_br_TRD_d800_iso3200_2_real.png>
Package pdftex.def Info: imagessupp/resize_resize_br_TRD_d800_iso3200_2_real.pn
g used on input line 1278.
(pdftex.def)             Requested size: 96.8906pt x 96.89035pt.

<imagessupp/resize_resize_br_NI_d800_iso3200_2_real.png, id=282, 180.675pt x 18
0.675pt>
File: imagessupp/resize_resize_br_NI_d800_iso3200_2_real.png Graphic file (type
 png)
 <use imagessupp/resize_resize_br_NI_d800_iso3200_2_real.png>
Package pdftex.def Info: imagessupp/resize_resize_br_NI_d800_iso3200_2_real.png
 used on input line 1278.
(pdftex.def)             Requested size: 96.8906pt x 96.89035pt.

<imagessupp/resize_resize_br_NC_d800_iso3200_2_real.png, id=284, 180.675pt x 18
0.675pt>
File: imagessupp/resize_resize_br_NC_d800_iso3200_2_real.png Graphic file (type
 png)
 <use imagessupp/resize_resize_br_NC_d800_iso3200_2_real.png>
Package pdftex.def Info: imagessupp/resize_resize_br_NC_d800_iso3200_2_real.png
 used on input line 1278.
(pdftex.def)             Requested size: 96.8906pt x 96.89035pt.

<imagessupp/resize_resize_br_CCNoise_d800_iso3200_2.png, id=287, 180.675pt x 18
0.675pt>
File: imagessupp/resize_resize_br_CCNoise_d800_iso3200_2.png Graphic file (type
 png)
 <use imagessupp/resize_resize_br_CCNoise_d800_iso3200_2.png>
Package pdftex.def Info: imagessupp/resize_resize_br_CCNoise_d800_iso3200_2.png
 used on input line 1305.
(pdftex.def)             Requested size: 96.8906pt x 96.89035pt.

<imagessupp/resize_resize_br_WNNM_d800_iso3200_2_real.png, id=289, 180.675pt x 
180.675pt>
File: imagessupp/resize_resize_br_WNNM_d800_iso3200_2_real.png Graphic file (ty
pe png)
 <use imagessupp/resize_resize_br_WNNM_d800_iso3200_2_real.png>
Package pdftex.def Info: imagessupp/resize_resize_br_WNNM_d800_iso3200_2_real.p
ng used on input line 1305.
(pdftex.def)             Requested size: 96.8906pt x 96.89035pt.
File: imagessupp/resize_resize_br_WNNM_d800_iso3200_2_real.png Graphic file (ty
pe png)

<use imagessupp/resize_resize_br_WNNM_d800_iso3200_2_real.png>
Package pdftex.def Info: imagessupp/resize_resize_br_WNNM_d800_iso3200_2_real.p
ng used on input line 1305.
(pdftex.def)             Requested size: 96.8906pt x 96.89035pt.

<imagessupp/resize_resize_br_Guided_d800_iso3200_2_real.png, id=292, 180.675pt 
x 180.675pt>
File: imagessupp/resize_resize_br_Guided_d800_iso3200_2_real.png Graphic file (
type png)
 <use imagessupp/resize_resize_br_Guided_d800_iso3200_2_real.png>
Package pdftex.def Info: imagessupp/resize_resize_br_Guided_d800_iso3200_2_real
.png used on input line 1305.
(pdftex.def)             Requested size: 96.8906pt x 96.89035pt.

<imagessupp/resize_resize_br_Mean_d800_iso3200_2_real.png, id=293, 180.675pt x 
180.675pt>
File: imagessupp/resize_resize_br_Mean_d800_iso3200_2_real.png Graphic file (ty
pe png)
 <use imagessupp/resize_resize_br_Mean_d800_iso3200_2_real.png>
Package pdftex.def Info: imagessupp/resize_resize_br_Mean_d800_iso3200_2_real.p
ng used on input line 1305.
(pdftex.def)             Requested size: 96.8906pt x 96.89035pt.

Overfull \hbox (2.59673pt too wide) in paragraph at lines 1278--1306
 [][] 
 []


Overfull \hbox (2.59673pt too wide) in paragraph at lines 1278--1306
 [][] 
 []


<imagessupp/resize_resize_br_Noisy_d800_iso6400_2_real.png, id=297, 180.675pt x
 180.675pt>
File: imagessupp/resize_resize_br_Noisy_d800_iso6400_2_real.png Graphic file (t
ype png)
 <use imagessupp/resize_resize_br_Noisy_d800_iso6400_2_real.png>
Package pdftex.def Info: imagessupp/resize_resize_br_Noisy_d800_iso6400_2_real.
png used on input line 1341.
(pdftex.def)             Requested size: 96.8906pt x 96.89035pt.

<imagessupp/resize_resize_br_CBM3D_d800_iso6400_2_real.png, id=299, 180.675pt x
 180.675pt>
File: imagessupp/resize_resize_br_CBM3D_d800_iso6400_2_real.png Graphic file (t
ype png)
 <use imagessupp/resize_resize_br_CBM3D_d800_iso6400_2_real.png>
Package pdftex.def Info: imagessupp/resize_resize_br_CBM3D_d800_iso6400_2_real.
png used on input line 1341.
(pdftex.def)             Requested size: 96.8906pt x 96.89035pt.

<imagessupp/resize_resize_br_WNNM_d800_iso6400_2_real.png, id=302, 180.675pt x 
180.675pt>
File: imagessupp/resize_resize_br_WNNM_d800_iso6400_2_real.png Graphic file (ty
pe png)
 <use imagessupp/resize_resize_br_WNNM_d800_iso6400_2_real.png>
Package pdftex.def Info: imagessupp/resize_resize_br_WNNM_d800_iso6400_2_real.p
ng used on input line 1341.
(pdftex.def)             Requested size: 96.8906pt x 96.89035pt.

<imagessupp/resize_resize_br_MLP_d800_iso6400_2_real.png, id=304, 180.675pt x 1
80.675pt>
File: imagessupp/resize_resize_br_MLP_d800_iso6400_2_real.png Graphic file (typ
e png)
 <use imagessupp/resize_resize_br_MLP_d800_iso6400_2_real.png>
Package pdftex.def Info: imagessupp/resize_resize_br_MLP_d800_iso6400_2_real.pn
g used on input line 1341.
(pdftex.def)             Requested size: 96.8906pt x 96.89035pt.

<imagessupp/resize_resize_br_TRD_d800_iso6400_2_real.png, id=306, 180.675pt x 1
80.675pt>
File: imagessupp/resize_resize_br_TRD_d800_iso6400_2_real.png Graphic file (typ
e png)
 <use imagessupp/resize_resize_br_TRD_d800_iso6400_2_real.png>
Package pdftex.def Info: imagessupp/resize_resize_br_TRD_d800_iso6400_2_real.pn
g used on input line 1341.
(pdftex.def)             Requested size: 96.8906pt x 96.89035pt.

<imagessupp/resize_resize_br_NI_d800_iso6400_2_real.png, id=308, 180.675pt x 18
0.675pt>
File: imagessupp/resize_resize_br_NI_d800_iso6400_2_real.png Graphic file (type
 png)
 <use imagessupp/resize_resize_br_NI_d800_iso6400_2_real.png>
Package pdftex.def Info: imagessupp/resize_resize_br_NI_d800_iso6400_2_real.png
 used on input line 1368.
(pdftex.def)             Requested size: 96.8906pt x 96.89035pt.

<imagessupp/resize_resize_br_NC_d800_iso6400_2_real.png, id=310, 180.675pt x 18
0.675pt>
File: imagessupp/resize_resize_br_NC_d800_iso6400_2_real.png Graphic file (type
 png)
 <use imagessupp/resize_resize_br_NC_d800_iso6400_2_real.png>
Package pdftex.def Info: imagessupp/resize_resize_br_NC_d800_iso6400_2_real.png
 used on input line 1368.
(pdftex.def)             Requested size: 96.8906pt x 96.89035pt.

<imagessupp/resize_resize_br_CCNoise_d800_iso6400_2.png, id=313, 180.675pt x 18
0.675pt>
File: imagessupp/resize_resize_br_CCNoise_d800_iso6400_2.png Graphic file (type
 png)
 <use imagessupp/resize_resize_br_CCNoise_d800_iso6400_2.png>
Package pdftex.def Info: imagessupp/resize_resize_br_CCNoise_d800_iso6400_2.png
 used on input line 1368.
(pdftex.def)             Requested size: 96.8906pt x 96.89035pt.

<imagessupp/resize_resize_br_Guided_d800_iso6400_2_real.png, id=315, 180.675pt 
x 180.675pt>
File: imagessupp/resize_resize_br_Guided_d800_iso6400_2_real.png Graphic file (
type png)
 <use imagessupp/resize_resize_br_Guided_d800_iso6400_2_real.png>
Package pdftex.def Info: imagessupp/resize_resize_br_Guided_d800_iso6400_2_real
.png used on input line 1368.
(pdftex.def)             Requested size: 96.8906pt x 96.89035pt.

<imagessupp/resize_resize_br_Mean_d800_iso6400_2_real.png, id=316, 180.675pt x 
180.675pt>
File: imagessupp/resize_resize_br_Mean_d800_iso6400_2_real.png Graphic file (ty
pe png)
 <use imagessupp/resize_resize_br_Mean_d800_iso6400_2_real.png>
Package pdftex.def Info: imagessupp/resize_resize_br_Mean_d800_iso6400_2_real.p
ng used on input line 1368.
(pdftex.def)             Requested size: 96.8906pt x 96.89035pt.

Overfull \hbox (2.59673pt too wide) in paragraph at lines 1341--1369
 [][] 
 []


Overfull \hbox (2.59673pt too wide) in paragraph at lines 1341--1369
 [][] 
 []

(./572_sp.bbl (./572_sp.brf)
\tf@brf=\write3
\openout3 = `572_sp.brf'.

LaTeX Font Info:    Try loading font information for OT1+pcr on input line 8.

(c:/Software/texlive/2015/texmf-dist/tex/latex/psnfss/ot1pcr.fd
File: ot1pcr.fd 2001/06/04 font definitions for OT1/pcr.
)
LaTeX Font Info:    Font shape `OT1/ptm/bx/n' in size <9> not available
(Font)              Font shape `OT1/ptm/b/n' tried instead on input line 15.
 [5

 <./imagessupp/resize_frog_noisy.png (PNG copy)> <./imagessupp/resize_frog_cbm3
d.png (PNG copy)> <./imagessupp/resize_frog_mlp.png (PNG copy)> <./imagessupp/r
esize_frog_tnrd.png (PNG copy)> <./imagessupp/resize_frog_ni.png (PNG copy)> <.
/imagessupp/resize_frog_nc.png (PNG copy)> <./imagessupp/resize_frog_wnnm.png (
PNG copy)> <./imagessupp/resize_frog_ours.png (PNG copy)> <./imagessupp/resize_
br_Noisy_circuit.png (PNG copy)> <./imagessupp/resize_br_BM3D_circuit.png (PNG 
copy)> <./imagessupp/resize_br_MLP_circuit.png (PNG copy)> <./imagessupp/resize
_br_TRD_circuit.png (PNG copy)> <./imagessupp/resize_br_NI_circuit.png (PNG cop
y)> <./imagessupp/resize_br_NC_circuit.png (PNG copy)> <./imagessupp/resize_br_
WNNM_circuit.png (PNG copy)> <./imagessupp/resize_br_Guided_circuit.png (PNG co
py)>]
[6 <./imagessupp/resize_br_Noisy_woman.png (PNG copy)> <./imagessupp/resize_br_
BM3D_woman.png (PNG copy)> <./imagessupp/resize_br_MLP_woman.png (PNG copy)> <.
/imagessupp/resize_br_TRD_woman.png (PNG copy)> <./imagessupp/resize_br_NI_woma
n.png (PNG copy)> <./imagessupp/resize_br_NC_woman.png (PNG copy)> <./imagessup
p/resize_br_WNNM_woman.png (PNG copy)> <./imagessupp/resize_br_Guided_woman.png
 (PNG copy)> <./imagessupp/resize_br_Noisy_vehicle.png (PNG copy)> <./imagessup
p/resize_br_BM3D_vehicle.png (PNG copy)> <./imagessupp/resize_br_MLP_vehicle.pn
g (PNG copy)> <./imagessupp/resize_br_TRD_vehicle.png (PNG copy)> <./imagessupp
/resize_br_NI_vehicle.png (PNG copy)> <./imagessupp/resize_br_NC_vehicle.png (P
NG copy)> <./imagessupp/resize_br_WNNM_vehicle.png (PNG copy)> <./imagessupp/re
size_br_Guided_vehicle.png (PNG copy)>])
Package atveryend Info: Empty hook `BeforeClearDocument' on input line 1380.
 [7 <./imagessupp/resize_resize_br_Noisy_5dmark3_iso3200_2_real.png (PNG copy)>
 <./imagessupp/resize_resize_br_CBM3D_5dmark3_iso3200_2_real.png (PNG copy)> <.
/imagessupp/resize_resize_br_TRD_5dmark3_iso3200_2_real.png (PNG copy)> <./imag
essupp/resize_resize_br_NI_5dmark3_iso3200_2_real.png (PNG copy)> <./imagessupp
/resize_resize_br_NC_5dmark3_iso3200_2_real.png (PNG copy)> <./imagessupp/resiz
e_resize_br_CCNoise_5dmark3_iso3200_2.png (PNG copy)> <./imagessupp/resize_resi
ze_br_WNNM_5dmark3_iso3200_2_real.png (PNG copy)> <./imagessupp/resize_resize_b
r_Guided_5dmark3_iso3200_2_real.png (PNG copy)> <./imagessupp/resize_resize_br_
Mean_5dmark3_iso3200_2_real.png (PNG copy)> <./imagessupp/resize_resize_br_Nois
y_d600_iso3200_2_real.png (PNG copy)> <./imagessupp/resize_resize_br_CBM3D_d600
_iso3200_2_real.png (PNG copy)> <./imagessupp/resize_resize_br_TRD_d600_iso3200
_2_real.png (PNG copy)> <./imagessupp/resize_resize_br_NI_d600_iso3200_2_real.p
ng (PNG copy)> <./imagessupp/resize_resize_br_NC_d600_iso3200_2_real.png (PNG c
opy)> <./imagessupp/resize_resize_br_CCNoise_d600_iso3200_2.png (PNG copy)> <./
imagessupp/resize_resize_br_WNNM_d600_iso3200_2_real.png (PNG copy)> <./imagess
upp/resize_resize_br_Guided_d600_iso3200_2_real.png (PNG copy)> <./imagessupp/r
esize_resize_br_Mean_d600_iso3200_2_real.png (PNG copy)>] [8 <./imagessupp/resi
ze_resize_br_Noisy_d800_iso3200_2_real.png (PNG copy)> <./imagessupp/resize_res
ize_br_CBM3D_d800_iso3200_2_real.png (PNG copy)> <./imagessupp/resize_resize_br
_TRD_d800_iso3200_2_real.png (PNG copy)> <./imagessupp/resize_resize_br_NI_d800
_iso3200_2_real.png (PNG copy)> <./imagessupp/resize_resize_br_NC_d800_iso3200_
2_real.png (PNG copy)> <./imagessupp/resize_resize_br_CCNoise_d800_iso3200_2.pn
g (PNG copy)> <./imagessupp/resize_resize_br_WNNM_d800_iso3200_2_real.png (PNG 
copy)> <./imagessupp/resize_resize_br_Guided_d800_iso3200_2_real.png (PNG copy)
> <./imagessupp/resize_resize_br_Mean_d800_iso3200_2_real.png (PNG copy)> <./im
agessupp/resize_resize_br_Noisy_d800_iso6400_2_real.png (PNG copy)> <./imagessu
pp/resize_resize_br_CBM3D_d800_iso6400_2_real.png (PNG copy)> <./imagessupp/res
ize_resize_br_WNNM_d800_iso6400_2_real.png (PNG copy)> <./imagessupp/resize_res
ize_br_MLP_d800_iso6400_2_real.png (PNG copy)> <./imagessupp/resize_resize_br_T
RD_d800_iso6400_2_real.png (PNG copy)> <./imagessupp/resize_resize_br_NI_d800_i
so6400_2_real.png (PNG copy)> <./imagessupp/resize_resize_br_NC_d800_iso6400_2_
real.png (PNG copy)> <./imagessupp/resize_resize_br_CCNoise_d800_iso6400_2.png 
(PNG copy)> <./imagessupp/resize_resize_br_Guided_d800_iso6400_2_real.png (PNG 
copy)> <./imagessupp/resize_resize_br_Mean_d800_iso6400_2_real.png (PNG copy)>]
Package atveryend Info: Empty hook `AfterLastShipout' on input line 1380.
 (./572_sp.aux)
Package atveryend Info: Executing hook `AtVeryEndDocument' on input line 1380.
Package atveryend Info: Executing hook `AtEndAfterFileList' on input line 1380.

Package rerunfilecheck Info: File `572_sp.brf' has not changed.
(rerunfilecheck)             Checksum: 4C833B6A1EC8D1066FFC5A6F2D9AA385;5790.


LaTeX Warning: There were undefined references.


LaTeX Warning: There were multiply-defined labels.

Package atveryend Info: Empty hook `AtVeryVeryEnd' on input line 1380.
 ) 
Here is how much of TeX's memory you used:
 8151 strings out of 493091
 134178 string characters out of 6134517
 249772 words of memory out of 5000000
 11279 multiletter control sequences out of 15000+600000
 46213 words of font info for 119 fonts, out of 8000000 for 9000
 1141 hyphenation exceptions out of 8191
 41i,11n,33p,817b,494s stack positions out of 5000i,500n,10000p,200000b,80000s
{c:/Software/texlive/2015/texmf-dist/fonts/enc/dvips/base/8r.enc}<c:/Software
/texlive/2015/texmf-dist/fonts/type1/public/amsfonts/cm/cmbx10.pfb><c:/Software
/texlive/2015/texmf-dist/fonts/type1/public/amsfonts/cm/cmex10.pfb><c:/Software
/texlive/2015/texmf-dist/fonts/type1/public/amsfonts/cm/cmmi10.pfb><c:/Software
/texlive/2015/texmf-dist/fonts/type1/public/amsfonts/cm/cmmi5.pfb><c:/Software/
texlive/2015/texmf-dist/fonts/type1/public/amsfonts/cm/cmmi6.pfb><c:/Software/t
exlive/2015/texmf-dist/fonts/type1/public/amsfonts/cm/cmmi7.pfb><c:/Software/te
xlive/2015/texmf-dist/fonts/type1/public/amsfonts/cm/cmmi8.pfb><c:/Software/tex
live/2015/texmf-dist/fonts/type1/public/amsfonts/cm/cmmi9.pfb><c:/Software/texl
ive/2015/texmf-dist/fonts/type1/public/amsfonts/cm/cmmib10.pfb><c:/Software/tex
live/2015/texmf-dist/fonts/type1/public/amsfonts/cmextra/cmmib5.pfb><c:/Softwar
e/texlive/2015/texmf-dist/fonts/type1/public/amsfonts/cmextra/cmmib7.pfb><c:/So
ftware/texlive/2015/texmf-dist/fonts/type1/public/amsfonts/cm/cmr10.pfb><c:/Sof
tware/texlive/2015/texmf-dist/fonts/type1/public/amsfonts/cm/cmr5.pfb><c:/Softw
are/texlive/2015/texmf-dist/fonts/type1/public/amsfonts/cm/cmr7.pfb><c:/Softwar
e/texlive/2015/texmf-dist/fonts/type1/public/amsfonts/cm/cmr8.pfb><c:/Software/
texlive/2015/texmf-dist/fonts/type1/public/amsfonts/cm/cmr9.pfb><c:/Software/te
xlive/2015/texmf-dist/fonts/type1/public/amsfonts/cm/cmsy10.pfb><c:/Software/te
xlive/2015/texmf-dist/fonts/type1/public/amsfonts/cm/cmsy5.pfb><c:/Software/tex
live/2015/texmf-dist/fonts/type1/public/amsfonts/cm/cmsy7.pfb><c:/Software/texl
ive/2015/texmf-dist/fonts/type1/urw/courier/ucrr8a.pfb><c:/Software/texlive/201
5/texmf-dist/fonts/type1/urw/helvetic/uhvb8a.pfb><c:/Software/texlive/2015/texm
f-dist/fonts/type1/urw/helvetic/uhvr8a.pfb><c:/Software/texlive/2015/texmf-dist
/fonts/type1/urw/times/utmb8a.pfb><c:/Software/texlive/2015/texmf-dist/fonts/ty
pe1/urw/times/utmr8a.pfb><c:/Software/texlive/2015/texmf-dist/fonts/type1/urw/t
imes/utmri8a.pfb>
Output written on 572_sp.pdf (8 pages, 9153150 bytes).
PDF statistics:
 515 PDF objects out of 1000 (max. 8388607)
 359 compressed objects within 4 object streams
 72 named destinations out of 1000 (max. 500000)
 546 words of extra memory for PDF output out of 10000 (max. 10000000)

