This is pdfTeX, Version 3.14159265-2.6-1.40.16 (TeX Live 2015/W32TeX) (preloaded format=pdflatex 2015.9.12)  14 MAR 2017 11:55
entering extended mode
 restricted \write18 enabled.
 %&-line parsing enabled.
**./572_.tex
(./572_.tex
LaTeX2e <2015/01/01> patch level 2
Babel <3.9m> and hyphenation patterns for 79 languages loaded.
(c:/Software/texlive/2015/texmf-dist/tex/latex/base/article.cls
Document Class: article 2014/09/29 v1.4h Standard LaTeX document class
(c:/Software/texlive/2015/texmf-dist/tex/latex/base/size10.clo
File: size10.clo 2014/09/29 v1.4h Standard LaTeX file (size option)
)
\c@part=\count79
\c@section=\count80
\c@subsection=\count81
\c@subsubsection=\count82
\c@paragraph=\count83
\c@subparagraph=\count84
\c@figure=\count85
\c@table=\count86
\abovecaptionskip=\skip41
\belowcaptionskip=\skip42
\bibindent=\dimen102
) (./iccv.sty
(./eso-pic.sty
Package: eso-pic 2002/11/16 v1.1b eso-pic (RN)
 (./iccv_eso.sty

LaTeX Warning: You have requested package `eso-pic',
               but the package provides `everyshi'.

Package: everyshi 2001/05/15 v3.00 EveryShipout Package (MS)
) (c:/Software/texlive/2015/texmf-dist/tex/latex/graphics/keyval.sty
Package: keyval 2014/10/28 v1.15 key=value parser (DPC)
\KV@toks@=\toks14
))
(c:/Software/texlive/2015/texmf-dist/tex/latex/tools/xspace.sty
Package: xspace 2014/10/28 v1.13 Space after command names (DPC,MH)
)
ICCV 8.5 x 11-Inch Proceedings Style `iccv.sty'.
\@ctmp=\skip43
\@figindent=\skip44
\iccvrulerbox=\box26
\iccvrulercount=\count87
\iccvruleroffset=\dimen103
\cv@lineheight=\dimen104
\cv@boxheight=\dimen105
\cv@tmpbox=\box27
\cv@refno=\count88
\cv@tot=\count89
\cv@tmpc@=\count90
\cv@tmpc=\count91
) (c:/Software/texlive/2015/texmf-dist/tex/latex/psnfss/times.sty
Package: times 2005/04/12 PSNFSS-v9.2a (SPQR) 
)
(c:/Software/texlive/2015/texmf-dist/tex/latex/graphics/epsfig.sty
Package: epsfig 1999/02/16 v1.7a (e)psfig emulation (SPQR)

(c:/Software/texlive/2015/texmf-dist/tex/latex/graphics/graphicx.sty
Package: graphicx 2014/10/28 v1.0g Enhanced LaTeX Graphics (DPC,SPQR)

(c:/Software/texlive/2015/texmf-dist/tex/latex/graphics/graphics.sty
Package: graphics 2014/10/28 v1.0p Standard LaTeX Graphics (DPC,SPQR)

(c:/Software/texlive/2015/texmf-dist/tex/latex/graphics/trig.sty
Package: trig 1999/03/16 v1.09 sin cos tan (DPC)
)
(c:/Software/texlive/2015/texmf-dist/tex/latex/latexconfig/graphics.cfg
File: graphics.cfg 2010/04/23 v1.9 graphics configuration of TeX Live
)
Package graphics Info: Driver file: pdftex.def on input line 94.

(c:/Software/texlive/2015/texmf-dist/tex/latex/pdftex-def/pdftex.def
File: pdftex.def 2011/05/27 v0.06d Graphics/color for pdfTeX

(c:/Software/texlive/2015/texmf-dist/tex/generic/oberdiek/infwarerr.sty
Package: infwarerr 2010/04/08 v1.3 Providing info/warning/error messages (HO)
)
(c:/Software/texlive/2015/texmf-dist/tex/generic/oberdiek/ltxcmds.sty
Package: ltxcmds 2011/11/09 v1.22 LaTeX kernel commands for general use (HO)
)
\Gread@gobject=\count92
))
\Gin@req@height=\dimen106
\Gin@req@width=\dimen107
)
\epsfxsize=\dimen108
\epsfysize=\dimen109
)
(c:/Software/texlive/2015/texmf-dist/tex/latex/amsmath/amsmath.sty
Package: amsmath 2013/01/14 v2.14 AMS math features
\@mathmargin=\skip45

For additional information on amsmath, use the `?' option.
(c:/Software/texlive/2015/texmf-dist/tex/latex/amsmath/amstext.sty
Package: amstext 2000/06/29 v2.01

(c:/Software/texlive/2015/texmf-dist/tex/latex/amsmath/amsgen.sty
File: amsgen.sty 1999/11/30 v2.0
\@emptytoks=\toks15
\ex@=\dimen110
))
(c:/Software/texlive/2015/texmf-dist/tex/latex/amsmath/amsbsy.sty
Package: amsbsy 1999/11/29 v1.2d
\pmbraise@=\dimen111
)
(c:/Software/texlive/2015/texmf-dist/tex/latex/amsmath/amsopn.sty
Package: amsopn 1999/12/14 v2.01 operator names
)
\inf@bad=\count93
LaTeX Info: Redefining \frac on input line 210.
\uproot@=\count94
\leftroot@=\count95
LaTeX Info: Redefining \overline on input line 306.
\classnum@=\count96
\DOTSCASE@=\count97
LaTeX Info: Redefining \ldots on input line 378.
LaTeX Info: Redefining \dots on input line 381.
LaTeX Info: Redefining \cdots on input line 466.
\Mathstrutbox@=\box28
\strutbox@=\box29
\big@size=\dimen112
LaTeX Font Info:    Redeclaring font encoding OML on input line 566.
LaTeX Font Info:    Redeclaring font encoding OMS on input line 567.
\macc@depth=\count98
\c@MaxMatrixCols=\count99
\dotsspace@=\muskip10
\c@parentequation=\count100
\dspbrk@lvl=\count101
\tag@help=\toks16
\row@=\count102
\column@=\count103
\maxfields@=\count104
\andhelp@=\toks17
\eqnshift@=\dimen113
\alignsep@=\dimen114
\tagshift@=\dimen115
\tagwidth@=\dimen116
\totwidth@=\dimen117
\lineht@=\dimen118
\@envbody=\toks18
\multlinegap=\skip46
\multlinetaggap=\skip47
\mathdisplay@stack=\toks19
LaTeX Info: Redefining \[ on input line 2665.
LaTeX Info: Redefining \] on input line 2666.
)
(c:/Software/texlive/2015/texmf-dist/tex/latex/amsfonts/amssymb.sty
Package: amssymb 2013/01/14 v3.01 AMS font symbols

(c:/Software/texlive/2015/texmf-dist/tex/latex/amsfonts/amsfonts.sty
Package: amsfonts 2013/01/14 v3.01 Basic AMSFonts support
\symAMSa=\mathgroup4
\symAMSb=\mathgroup5
LaTeX Font Info:    Overwriting math alphabet `\mathfrak' in version `bold'
(Font)                  U/euf/m/n --> U/euf/b/n on input line 106.
))
(c:/Software/texlive/2015/texmf-dist/tex/latex/natbib/natbib.sty
Package: natbib 2010/09/13 8.31b (PWD, AO)
\bibhang=\skip48
\bibsep=\skip49
LaTeX Info: Redefining \cite on input line 694.
\c@NAT@ctr=\count105
)
(c:/Software/texlive/2015/texmf-dist/tex/latex/subfigure/subfigure.sty
Package: subfigure 2002/03/15 v2.1.5 subfigure package
\subfigtopskip=\skip50
\subfigcapskip=\skip51
\subfigcaptopadj=\dimen119
\subfigbottomskip=\skip52
\subfigcapmargin=\dimen120
\subfiglabelskip=\skip53
\c@subfigure=\count106
\c@lofdepth=\count107
\c@subtable=\count108
\c@lotdepth=\count109

****************************************
* Local config file subfigure.cfg used *
****************************************
(c:/Software/texlive/2015/texmf-dist/tex/latex/subfigure/subfigure.cfg)
\subfig@top=\skip54
\subfig@bottom=\skip55
)
(c:/Software/texlive/2015/texmf-dist/tex/latex/was/upgreek.sty
Package: upgreek 2003/02/12 v2.0 (WaS)
Package upgreek Info: Using Euler Roman for upright Greek on input line 31.
\symugrf@m=\mathgroup6
LaTeX Font Info:    Overwriting symbol font `ugrf@m' in version `bold'
(Font)                  U/eur/m/n --> U/eur/b/n on input line 38.
)
(c:/Software/texlive/2015/texmf-dist/tex/latex/multirow/multirow.sty
\bigstrutjot=\dimen121
)
(c:/Software/texlive/2015/texmf-dist/tex/latex/graphics/color.sty
Package: color 2014/10/28 v1.1a Standard LaTeX Color (DPC)

(c:/Software/texlive/2015/texmf-dist/tex/latex/latexconfig/color.cfg
File: color.cfg 2007/01/18 v1.5 color configuration of teTeX/TeXLive
)
Package color Info: Driver file: pdftex.def on input line 142.
)
(c:/Software/texlive/2015/texmf-dist/tex/latex/tools/bm.sty
Package: bm 2014/10/28 v1.1c Bold Symbol Support (DPC/FMi)
\symboldoperators=\mathgroup7
\symboldletters=\mathgroup8
\symboldsymbols=\mathgroup9
\symboldugrf@m=\mathgroup10
LaTeX Font Info:    Redeclaring math alphabet \mathbf on input line 141.
LaTeX Info: Redefining \bm on input line 207.
)
(c:/Software/texlive/2015/texmf-dist/tex/latex/arydshln/arydshln.sty
Package: arydshln 2004/08/31 v1.71 
\dashlinedash=\dimen122
\dashlinegap=\dimen123
\adl@box=\box30
\adl@height=\dimen124
\adl@heightsave=\dimen125
\adl@depth=\dimen126
\adl@depthsave=\dimen127
\adl@finaldepth=\dimen128
\adl@columns=\count110
\adl@ncol=\count111
\adl@currentcolumn=\count112
\adl@currentcolumnsave=\count113
\adl@totalheight=\count114
\adl@totalheightsave=\count115
\adl@dash=\count116
\adl@gap=\count117
\adl@cla=\count118
\adl@clb=\count119
\adl@everyvbox=\toks20
\adl@LTpagetotal=\dimen129
)
(c:/Software/texlive/2015/texmf-dist/tex/latex/base/latexsym.sty
Package: latexsym 1998/08/17 v2.2e Standard LaTeX package (lasy symbols)
\symlasy=\mathgroup11
LaTeX Font Info:    Overwriting symbol font `lasy' in version `bold'
(Font)                  U/lasy/m/n --> U/lasy/b/n on input line 52.
)
(c:/Software/texlive/2015/texmf-dist/tex/latex/amscls/amsthm.sty
Package: amsthm 2015/03/04 v2.20.2
\thm@style=\toks21
\thm@bodyfont=\toks22
\thm@headfont=\toks23
\thm@notefont=\toks24
\thm@headpunct=\toks25
\thm@preskip=\skip56
\thm@postskip=\skip57
\thm@headsep=\skip58
\dth@everypar=\toks26
)
\c@theorem=\count120

(c:/Software/texlive/2015/texmf-dist/tex/latex/caption/caption.sty
Package: caption 2013/05/02 v3.3-89 Customizing captions (AR)

(c:/Software/texlive/2015/texmf-dist/tex/latex/caption/caption3.sty
Package: caption3 2013/05/02 v1.6-88 caption3 kernel (AR)
Package caption3 Info: TeX engine: e-TeX on input line 57.
\captionmargin=\dimen130
\captionmargin@=\dimen131
\captionwidth=\dimen132
\caption@tempdima=\dimen133
\caption@indent=\dimen134
\caption@parindent=\dimen135
\caption@hangindent=\dimen136
Package caption Info: Unknown document class (or package),
(caption)             standard defaults will be used.
)

Package caption Warning: Unsupported document class (or package) detected,
(caption)                usage of the caption package is not recommended.
See the caption package documentation for explanation.

Package caption Info: \@makecaption = \long macro:#1#2-> \setbox \@tempboxa \hb
ox {\small \noindent #1.~#2} \setlength {\@ctmp }{\hsize } \addtolength {\@ctmp
 }{-\@figindent }\addtolength {\@ctmp }{-\@figindent } \ifdim \wd \@tempboxa >\
@ctmp {\small #1.~#2\par } \else \hbox to\hsize {\hfil \box \@tempboxa \hfil } 
\fi .
\c@ContinuedFloat=\count121
Package caption Info: subfigure package is loaded.
) (c:/Software/texlive/2015/texmf-dist/tex/latex/hyperref/hyperref.sty
Package: hyperref 2012/11/06 v6.83m Hypertext links for LaTeX

(c:/Software/texlive/2015/texmf-dist/tex/generic/oberdiek/hobsub-hyperref.sty
Package: hobsub-hyperref 2012/05/28 v1.13 Bundle oberdiek, subset hyperref (HO)


(c:/Software/texlive/2015/texmf-dist/tex/generic/oberdiek/hobsub-generic.sty
Package: hobsub-generic 2012/05/28 v1.13 Bundle oberdiek, subset generic (HO)
Package: hobsub 2012/05/28 v1.13 Construct package bundles (HO)
Package hobsub Info: Skipping package `infwarerr' (already loaded).
Package hobsub Info: Skipping package `ltxcmds' (already loaded).
Package: ifluatex 2010/03/01 v1.3 Provides the ifluatex switch (HO)
Package ifluatex Info: LuaTeX not detected.
Package: ifvtex 2010/03/01 v1.5 Detect VTeX and its facilities (HO)
Package ifvtex Info: VTeX not detected.
Package: intcalc 2007/09/27 v1.1 Expandable calculations with integers (HO)
Package: ifpdf 2011/01/30 v2.3 Provides the ifpdf switch (HO)
Package ifpdf Info: pdfTeX in PDF mode is detected.
Package: etexcmds 2011/02/16 v1.5 Avoid name clashes with e-TeX commands (HO)
Package etexcmds Info: Could not find \expanded.
(etexcmds)             That can mean that you are not using pdfTeX 1.50 or
(etexcmds)             that some package has redefined \expanded.
(etexcmds)             In the latter case, load this package earlier.
Package: kvsetkeys 2012/04/25 v1.16 Key value parser (HO)
Package: kvdefinekeys 2011/04/07 v1.3 Define keys (HO)
Package: pdftexcmds 2011/11/29 v0.20 Utility functions of pdfTeX for LuaTeX (HO
)
Package pdftexcmds Info: LuaTeX not detected.
Package pdftexcmds Info: \pdf@primitive is available.
Package pdftexcmds Info: \pdf@ifprimitive is available.
Package pdftexcmds Info: \pdfdraftmode found.
Package: pdfescape 2011/11/25 v1.13 Implements pdfTeX's escape features (HO)
Package: bigintcalc 2012/04/08 v1.3 Expandable calculations on big integers (HO
)
Package: bitset 2011/01/30 v1.1 Handle bit-vector datatype (HO)
Package: uniquecounter 2011/01/30 v1.2 Provide unlimited unique counter (HO)
)
Package hobsub Info: Skipping package `hobsub' (already loaded).
Package: letltxmacro 2010/09/02 v1.4 Let assignment for LaTeX macros (HO)
Package: hopatch 2012/05/28 v1.2 Wrapper for package hooks (HO)
Package: xcolor-patch 2011/01/30 xcolor patch
Package: atveryend 2011/06/30 v1.8 Hooks at the very end of document (HO)
Package atveryend Info: \enddocument detected (standard20110627).
Package: atbegshi 2011/10/05 v1.16 At begin shipout hook (HO)
Package: refcount 2011/10/16 v3.4 Data extraction from label references (HO)
Package: hycolor 2011/01/30 v1.7 Color options for hyperref/bookmark (HO)
)
(c:/Software/texlive/2015/texmf-dist/tex/generic/ifxetex/ifxetex.sty
Package: ifxetex 2010/09/12 v0.6 Provides ifxetex conditional
)
(c:/Software/texlive/2015/texmf-dist/tex/latex/oberdiek/auxhook.sty
Package: auxhook 2011/03/04 v1.3 Hooks for auxiliary files (HO)
)
(c:/Software/texlive/2015/texmf-dist/tex/latex/oberdiek/kvoptions.sty
Package: kvoptions 2011/06/30 v3.11 Key value format for package options (HO)
)
\@linkdim=\dimen137
\Hy@linkcounter=\count122
\Hy@pagecounter=\count123

(c:/Software/texlive/2015/texmf-dist/tex/latex/hyperref/pd1enc.def
File: pd1enc.def 2012/11/06 v6.83m Hyperref: PDFDocEncoding definition (HO)
)
\Hy@SavedSpaceFactor=\count124

(c:/Software/texlive/2015/texmf-dist/tex/latex/latexconfig/hyperref.cfg
File: hyperref.cfg 2002/06/06 v1.2 hyperref configuration of TeXLive
)
Package hyperref Info: Option `breaklinks' set `true' on input line 4319.


Package hyperref Warning: Option `letterpaper' is no longer used.

Package hyperref Info: Option `colorlinks' set `true' on input line 4319.
Package hyperref Info: Option `bookmarks' set `false' on input line 4319.
Package hyperref Info: Hyper figures OFF on input line 4443.
Package hyperref Info: Link nesting OFF on input line 4448.
Package hyperref Info: Hyper index ON on input line 4451.
Package hyperref Info: Plain pages OFF on input line 4458.
Package hyperref Info: Backreferencing ON on input line 4461.
Package hyperref Info: Implicit mode ON; LaTeX internals redefined.
Package hyperref Info: Bookmarks OFF on input line 4694.
(c:/Software/texlive/2015/texmf-dist/tex/latex/hyperref/backref.sty
Package: backref 2012/07/25 v1.38 Bibliographical back referencing

(c:/Software/texlive/2015/texmf-dist/tex/latex/oberdiek/rerunfilecheck.sty
Package: rerunfilecheck 2011/04/15 v1.7 Rerun checks for auxiliary files (HO)
Package uniquecounter Info: New unique counter `rerunfilecheck' on input line 2
82.
))
\c@Hy@tempcnt=\count125

(c:/Software/texlive/2015/texmf-dist/tex/latex/url/url.sty
\Urlmuskip=\muskip11
Package: url 2013/09/16  ver 3.4  Verb mode for urls, etc.
)
LaTeX Info: Redefining \url on input line 5041.
\XeTeXLinkMargin=\dimen138
\Fld@menulength=\count126
\Field@Width=\dimen139
\Fld@charsize=\dimen140
Package hyperref Info: Hyper figures OFF on input line 6295.
Package hyperref Info: Link nesting OFF on input line 6300.
Package hyperref Info: Hyper index ON on input line 6303.
Package hyperref Info: backreferencing ON on input line 6308.
Package hyperref Info: Link coloring ON on input line 6313.
Package hyperref Info: Link coloring with OCG OFF on input line 6320.
Package hyperref Info: PDF/A mode OFF on input line 6325.
LaTeX Info: Redefining \ref on input line 6365.
LaTeX Info: Redefining \pageref on input line 6369.
\Hy@abspage=\count127
\c@Item=\count128
\c@Hfootnote=\count129
)

Package hyperref Message: Driver (autodetected): hpdftex.

(c:/Software/texlive/2015/texmf-dist/tex/latex/hyperref/hpdftex.def
File: hpdftex.def 2012/11/06 v6.83m Hyperref driver for pdfTeX
\Fld@listcount=\count130
\c@bookmark@seq@number=\count131
\Hy@SectionHShift=\skip59
)
(./572_.aux

LaTeX Warning: Label `fig3' multiply defined.


LaTeX Warning: Label `fig7' multiply defined.

)
\openout1 = `572_.aux'.

LaTeX Font Info:    Checking defaults for OML/cmm/m/it on input line 44.
LaTeX Font Info:    ... okay on input line 44.
LaTeX Font Info:    Checking defaults for T1/cmr/m/n on input line 44.
LaTeX Font Info:    ... okay on input line 44.
LaTeX Font Info:    Checking defaults for OT1/cmr/m/n on input line 44.
LaTeX Font Info:    ... okay on input line 44.
LaTeX Font Info:    Checking defaults for OMS/cmsy/m/n on input line 44.
LaTeX Font Info:    ... okay on input line 44.
LaTeX Font Info:    Checking defaults for OMX/cmex/m/n on input line 44.
LaTeX Font Info:    ... okay on input line 44.
LaTeX Font Info:    Checking defaults for U/cmr/m/n on input line 44.
LaTeX Font Info:    ... okay on input line 44.
LaTeX Font Info:    Checking defaults for PD1/pdf/m/n on input line 44.
LaTeX Font Info:    ... okay on input line 44.
LaTeX Font Info:    Try loading font information for OT1+ptm on input line 44.
 (c:/Software/texlive/2015/texmf-dist/tex/latex/psnfss/ot1ptm.fd
File: ot1ptm.fd 2001/06/04 font definitions for OT1/ptm.
)
ABD: EveryShipout initializing macros
(c:/Software/texlive/2015/texmf-dist/tex/context/base/supp-pdf.mkii
[Loading MPS to PDF converter (version 2006.09.02).]
\scratchcounter=\count132
\scratchdimen=\dimen141
\scratchbox=\box31
\nofMPsegments=\count133
\nofMParguments=\count134
\everyMPshowfont=\toks27
\MPscratchCnt=\count135
\MPscratchDim=\dimen142
\MPnumerator=\count136
\makeMPintoPDFobject=\count137
\everyMPtoPDFconversion=\toks28
) (c:/Software/texlive/2015/texmf-dist/tex/latex/oberdiek/epstopdf-base.sty
Package: epstopdf-base 2010/02/09 v2.5 Base part for package epstopdf

(c:/Software/texlive/2015/texmf-dist/tex/latex/oberdiek/grfext.sty
Package: grfext 2010/08/19 v1.1 Manage graphics extensions (HO)
)
Package grfext Info: Graphics extension search list:
(grfext)             [.png,.pdf,.jpg,.mps,.jpeg,.jbig2,.jb2,.PNG,.PDF,.JPG,.JPE
G,.JBIG2,.JB2,.eps]
(grfext)             \AppendGraphicsExtensions on input line 452.

(c:/Software/texlive/2015/texmf-dist/tex/latex/latexconfig/epstopdf-sys.cfg
File: epstopdf-sys.cfg 2010/07/13 v1.3 Configuration of (r)epstopdf for TeX Liv
e
))
Package caption Info: Begin \AtBeginDocument code.
Package caption Info: hyperref package is loaded.
Package caption Info: End \AtBeginDocument code.
\AtBeginShipoutBox=\box32
Package atbegshi Info: Package `everyshi' patched.
Package backref Info: ** backref set up for natbib ** on input line 44.
Package hyperref Info: Link coloring ON on input line 44.

(c:/Software/texlive/2015/texmf-dist/tex/latex/hyperref/nameref.sty
Package: nameref 2012/10/27 v2.43 Cross-referencing by name of section

(c:/Software/texlive/2015/texmf-dist/tex/generic/oberdiek/gettitlestring.sty
Package: gettitlestring 2010/12/03 v1.4 Cleanup title references (HO)
)
\c@section@level=\count138
)
LaTeX Info: Redefining \ref on input line 44.
LaTeX Info: Redefining \pageref on input line 44.
LaTeX Info: Redefining \nameref on input line 44.
LaTeX Font Info:    Font shape `OT1/ptm/bx/n' in size <14.4> not available
(Font)              Font shape `OT1/ptm/b/n' tried instead on input line 67.
LaTeX Font Info:    Try loading font information for U+msa on input line 67.

(c:/Software/texlive/2015/texmf-dist/tex/latex/amsfonts/umsa.fd
File: umsa.fd 2013/01/14 v3.01 AMS symbols A
)
LaTeX Font Info:    Try loading font information for U+msb on input line 67.

(c:/Software/texlive/2015/texmf-dist/tex/latex/amsfonts/umsb.fd
File: umsb.fd 2013/01/14 v3.01 AMS symbols B
)
LaTeX Font Info:    Try loading font information for U+lasy on input line 67.

(c:/Software/texlive/2015/texmf-dist/tex/latex/base/ulasy.fd
File: ulasy.fd 1998/08/17 v2.2e LaTeX symbol font definitions
)
LaTeX Font Info:    Font shape `OT1/ptm/bx/n' in size <12> not available
(Font)              Font shape `OT1/ptm/b/n' tried instead on input line 69.
LaTeX Font Info:    Font shape `OT1/ptm/bx/n' in size <10> not available
(Font)              Font shape `OT1/ptm/b/n' tried instead on input line 81.
LaTeX Font Info:    Try loading font information for OT1+phv on input line 81.

(c:/Software/texlive/2015/texmf-dist/tex/latex/psnfss/ot1phv.fd
File: ot1phv.fd 2001/06/04 scalable font definitions for OT1/phv.
) [1{c:/Software/texlive/2015/texmf-var/fonts/map/pdftex/updmap/pdftex.map}


]
Underfull \hbox (badness 1348) in paragraph at lines 84--86
[]\OT1/ptm/m/n/10 As an ex-ten-sion to the nu-clear norm min-i-miza-tion
 []


Underfull \hbox (badness 2837) in paragraph at lines 117--118
[]\OT1/ptm/m/n/10 Though hav-ing achieved ex-cal-lent per-for-mance on
 []


Underfull \hbox (badness 1478) in paragraph at lines 120--121
\OT1/ptm/m/n/10 pro-posed for real color im-age de-nois-ing [[]--[], []].
 []

<example/resize_br_kodim23.png, id=73, 309.155pt x 205.76875pt>
File: example/resize_br_kodim23.png Graphic file (type png)

<use example/resize_br_kodim23.png>
Package pdftex.def Info: example/resize_br_kodim23.png used on input line 151.
(pdftex.def)             Requested size: 124.21405pt x 82.67339pt.

<example/resize_br_kodim23_1.png, id=74, 309.155pt x 205.76875pt>
File: example/resize_br_kodim23_1.png Graphic file (type png)

<use example/resize_br_kodim23_1.png>
Package pdftex.def Info: example/resize_br_kodim23_1.png used on input line 151
.
(pdftex.def)             Requested size: 124.21405pt x 82.67339pt.

<example/resize_br_kodim23_2.png, id=75, 309.155pt x 205.76875pt>
File: example/resize_br_kodim23_2.png Graphic file (type png)

<use example/resize_br_kodim23_2.png>
Package pdftex.def Info: example/resize_br_kodim23_2.png used on input line 151
.
(pdftex.def)             Requested size: 124.21405pt x 82.67339pt.

<example/resize_br_kodim23_3.png, id=76, 309.155pt x 205.76875pt>
File: example/resize_br_kodim23_3.png Graphic file (type png)

<use example/resize_br_kodim23_3.png>
Package pdftex.def Info: example/resize_br_kodim23_3.png used on input line 151
.
(pdftex.def)             Requested size: 124.21405pt x 82.67339pt.

<example/resize_br_Noisy_nSig402030_kodim23.png, id=77, 309.155pt x 205.76875pt
>
File: example/resize_br_Noisy_nSig402030_kodim23.png Graphic file (type png)
 <use example/resize_br_Noisy_nSig402030_kodim23.png>
Package pdftex.def Info: example/resize_br_Noisy_nSig402030_kodim23.png used on
 input line 173.
(pdftex.def)             Requested size: 124.21405pt x 82.67339pt.

<example/resize_br_Noisy_nSig402030_kodim23_1.png, id=78, 309.155pt x 205.76875
pt>
File: example/resize_br_Noisy_nSig402030_kodim23_1.png Graphic file (type png)
 <use example/resize_br_Noisy_nSig402030_kodim23_1.png>
Package pdftex.def Info: example/resize_br_Noisy_nSig402030_kodim23_1.png used 
on input line 173.
(pdftex.def)             Requested size: 124.21405pt x 82.67339pt.

<example/resize_br_Noisy_nSig402030_kodim23_2.png, id=79, 309.155pt x 205.76875
pt>
File: example/resize_br_Noisy_nSig402030_kodim23_2.png Graphic file (type png)
 <use example/resize_br_Noisy_nSig402030_kodim23_2.png>
Package pdftex.def Info: example/resize_br_Noisy_nSig402030_kodim23_2.png used 
on input line 173.
(pdftex.def)             Requested size: 124.21405pt x 82.67339pt.

<example/resize_br_Noisy_nSig402030_kodim23_3.png, id=80, 309.155pt x 205.76875
pt>
File: example/resize_br_Noisy_nSig402030_kodim23_3.png Graphic file (type png)
 <use example/resize_br_Noisy_nSig402030_kodim23_3.png>
Package pdftex.def Info: example/resize_br_Noisy_nSig402030_kodim23_3.png used 
on input line 173.
(pdftex.def)             Requested size: 124.21405pt x 82.67339pt.

<example/resize_br_WNNM_nSig402030_lambda1_kodim23.png, id=81, 309.155pt x 205.
76875pt>
File: example/resize_br_WNNM_nSig402030_lambda1_kodim23.png Graphic file (type 
png)
 <use example/resize_br_WNNM_nSig402030_lambda1_kodim23.png>
Package pdftex.def Info: example/resize_br_WNNM_nSig402030_lambda1_kodim23.png 
used on input line 195.
(pdftex.def)             Requested size: 124.21405pt x 82.67339pt.

<example/resize_br_WNNM_nSig402030_lambda1_kodim23_1.png, id=82, 309.155pt x 20
5.76875pt>
File: example/resize_br_WNNM_nSig402030_lambda1_kodim23_1.png Graphic file (typ
e png)
 <use example/resize_br_WNNM_nSig402030_lambda1_kodim23_1.png>
Package pdftex.def Info: example/resize_br_WNNM_nSig402030_lambda1_kodim23_1.pn
g used on input line 195.
(pdftex.def)             Requested size: 124.21405pt x 82.67339pt.

<example/resize_br_WNNM_nSig402030_lambda1_kodim23_2.png, id=83, 309.155pt x 20
5.76875pt>
File: example/resize_br_WNNM_nSig402030_lambda1_kodim23_2.png Graphic file (typ
e png)
 <use example/resize_br_WNNM_nSig402030_lambda1_kodim23_2.png>
Package pdftex.def Info: example/resize_br_WNNM_nSig402030_lambda1_kodim23_2.pn
g used on input line 195.
(pdftex.def)             Requested size: 124.21405pt x 82.67339pt.

<example/resize_br_WNNM_nSig402030_lambda1_kodim23_3.png, id=84, 309.155pt x 20
5.76875pt>
File: example/resize_br_WNNM_nSig402030_lambda1_kodim23_3.png Graphic file (typ
e png)
 <use example/resize_br_WNNM_nSig402030_lambda1_kodim23_3.png>
Package pdftex.def Info: example/resize_br_WNNM_nSig402030_lambda1_kodim23_3.pn
g used on input line 195.
(pdftex.def)             Requested size: 124.21405pt x 82.67339pt.

Overfull \hbox (12.49995pt too wide) in paragraph at lines 151--196
 [][] 
 []


Overfull \hbox (12.49995pt too wide) in paragraph at lines 151--196
 [][] 
 []


Overfull \hbox (12.49995pt too wide) in paragraph at lines 151--196
 [][] 
 []

[2] [3 <./example/resize_br_kodim23.png (PNG copy)> <./example/resize_br_kodim2
3_1.png (PNG copy)> <./example/resize_br_kodim23_2.png (PNG copy)> <./example/r
esize_br_kodim23_3.png (PNG copy)> <./example/resize_br_Noisy_nSig402030_kodim2
3.png (PNG copy)> <./example/resize_br_Noisy_nSig402030_kodim23_1.png (PNG copy
)> <./example/resize_br_Noisy_nSig402030_kodim23_2.png (PNG copy)> <./example/r
esize_br_Noisy_nSig402030_kodim23_3.png (PNG copy)> <./example/resize_br_WNNM_n
Sig402030_lambda1_kodim23.png (PNG copy)> <./example/resize_br_WNNM_nSig402030_
lambda1_kodim23_1.png (PNG copy)> <./example/resize_br_WNNM_nSig402030_lambda1_
kodim23_2.png (PNG copy)> <./example/resize_br_WNNM_nSig402030_lambda1_kodim23_
3.png (PNG copy)>]
Underfull \hbox (badness 1062) in paragraph at lines 341--343
[]\OT1/ptm/m/n/10 By in-tro-duc-ing an aug-mented vari-able $\OT1/cmr/bx/n/10 Z
$\OT1/ptm/m/n/10 , the MC-
 []


Underfull \hbox (badness 2951) in paragraph at lines 341--343
\OT1/ptm/m/n/10 WNNM model is re-for-mu-lated as a lin-ear equality-
 []


Overfull \hbox (3.06256pt too wide) detected at line 388
[]\OT1/cmr/bx/n/10 X[] \OT1/cmr/m/n/10 = [] [] \OMS/cmsy/m/n/10 k\OT1/cmr/bx/n/
10 WY \OMS/cmsy/m/n/10 ^^@ \OT1/cmr/bx/n/10 WX\OMS/cmsy/m/n/10 k[] \OT1/cmr/m/n
/10 + []\OMS/cmsy/m/n/10 k\OT1/cmr/bx/n/10 X \OMS/cmsy/m/n/10 ^^@ \OT1/cmr/bx/n
/10 Z[] \OT1/cmr/m/n/10 + \OML/cmm/m/it/10 ^^Z[]\OT1/cmr/bx/n/10 A[]\OMS/cmsy/m
/n/10 jj[]
 []

Missing character: There is no ï in font cmr10!
Missing character: There is no ¿ in font cmr10!
Missing character: There is no ½ in font cmr10!
Missing character: There is no ï in font cmr10!
Missing character: There is no ¿ in font cmr10!
Missing character: There is no ½ in font cmr10!

Overfull \hbox (3.56223pt too wide) in paragraph at lines 477--532
[][] 
 []

[4]
LaTeX Font Info:    Try loading font information for OT1+pcr on input line 637.

 (c:/Software/texlive/2015/texmf-dist/tex/latex/psnfss/ot1pcr.fd
File: ot1pcr.fd 2001/06/04 font definitions for OT1/pcr.
)
Underfull \hbox (badness 4859) in paragraph at lines 636--638
\OT1/ptm/m/n/10 ([][]$\OT1/pcr/m/n/10 http : / / r0k . us / graphics / kodak/$[
][]\OT1/ptm/m/n/10 ), which are
 []

[5] <24images/resize_kodim01.png, id=213, 231.86626pt x 154.5775pt>
File: 24images/resize_kodim01.png Graphic file (type png)

<use 24images/resize_kodim01.png>
Package pdftex.def Info: 24images/resize_kodim01.png used on input line 662.
(pdftex.def)             Requested size: 37.2627pt x 24.8414pt.

<24images/resize_kodim02.png, id=214, 231.86626pt x 154.5775pt>
File: 24images/resize_kodim02.png Graphic file (type png)

<use 24images/resize_kodim02.png>
Package pdftex.def Info: 24images/resize_kodim02.png used on input line 662.
(pdftex.def)             Requested size: 37.2627pt x 24.8414pt.

<24images/resize_kodim03.png, id=215, 231.86626pt x 154.5775pt>
File: 24images/resize_kodim03.png Graphic file (type png)

<use 24images/resize_kodim03.png>
Package pdftex.def Info: 24images/resize_kodim03.png used on input line 662.
(pdftex.def)             Requested size: 37.2627pt x 24.8414pt.

<24images/resize_kodim04.png, id=216, 231.86626pt x 154.5775pt>
File: 24images/resize_kodim04.png Graphic file (type png)

<use 24images/resize_kodim04.png>
Package pdftex.def Info: 24images/resize_kodim04.png used on input line 662.
(pdftex.def)             Requested size: 37.2627pt x 24.8414pt.

<24images/resize_kodim05.png, id=217, 231.86626pt x 154.5775pt>
File: 24images/resize_kodim05.png Graphic file (type png)

<use 24images/resize_kodim05.png>
Package pdftex.def Info: 24images/resize_kodim05.png used on input line 662.
(pdftex.def)             Requested size: 37.2627pt x 24.8414pt.

<24images/resize_kodim06.png, id=218, 231.86626pt x 154.5775pt>
File: 24images/resize_kodim06.png Graphic file (type png)

<use 24images/resize_kodim06.png>
Package pdftex.def Info: 24images/resize_kodim06.png used on input line 662.
(pdftex.def)             Requested size: 37.2627pt x 24.8414pt.

<24images/resize_kodim07.png, id=219, 231.86626pt x 154.5775pt>
File: 24images/resize_kodim07.png Graphic file (type png)

<use 24images/resize_kodim07.png>
Package pdftex.def Info: 24images/resize_kodim07.png used on input line 682.
(pdftex.def)             Requested size: 37.2627pt x 24.8414pt.

<24images/resize_kodim08.png, id=220, 231.86626pt x 154.5775pt>
File: 24images/resize_kodim08.png Graphic file (type png)

<use 24images/resize_kodim08.png>
Package pdftex.def Info: 24images/resize_kodim08.png used on input line 682.
(pdftex.def)             Requested size: 37.2627pt x 24.8414pt.

<24images/resize_kodim09.png, id=221, 231.86626pt x 154.5775pt>
File: 24images/resize_kodim09.png Graphic file (type png)

<use 24images/resize_kodim09.png>
Package pdftex.def Info: 24images/resize_kodim09.png used on input line 682.
(pdftex.def)             Requested size: 37.2627pt x 24.8414pt.

<24images/resize_kodim10.png, id=222, 231.86626pt x 154.5775pt>
File: 24images/resize_kodim10.png Graphic file (type png)

<use 24images/resize_kodim10.png>
Package pdftex.def Info: 24images/resize_kodim10.png used on input line 682.
(pdftex.def)             Requested size: 37.2627pt x 24.8414pt.

<24images/resize_kodim11.png, id=223, 231.86626pt x 154.5775pt>
File: 24images/resize_kodim11.png Graphic file (type png)

<use 24images/resize_kodim11.png>
Package pdftex.def Info: 24images/resize_kodim11.png used on input line 682.
(pdftex.def)             Requested size: 37.2627pt x 24.8414pt.

<24images/resize_kodim12.png, id=224, 231.86626pt x 154.5775pt>
File: 24images/resize_kodim12.png Graphic file (type png)

<use 24images/resize_kodim12.png>
Package pdftex.def Info: 24images/resize_kodim12.png used on input line 682.
(pdftex.def)             Requested size: 37.2627pt x 24.8414pt.

<24images/resize_kodim13.png, id=225, 231.86626pt x 154.5775pt>
File: 24images/resize_kodim13.png Graphic file (type png)

<use 24images/resize_kodim13.png>
Package pdftex.def Info: 24images/resize_kodim13.png used on input line 702.
(pdftex.def)             Requested size: 37.2627pt x 24.8414pt.

<24images/resize_kodim14.png, id=226, 231.86626pt x 154.5775pt>
File: 24images/resize_kodim14.png Graphic file (type png)

<use 24images/resize_kodim14.png>
Package pdftex.def Info: 24images/resize_kodim14.png used on input line 702.
(pdftex.def)             Requested size: 37.2627pt x 24.8414pt.

<24images/resize_kodim15.png, id=227, 231.86626pt x 154.5775pt>
File: 24images/resize_kodim15.png Graphic file (type png)

<use 24images/resize_kodim15.png>
Package pdftex.def Info: 24images/resize_kodim15.png used on input line 702.
(pdftex.def)             Requested size: 37.2627pt x 24.8414pt.

<24images/resize_kodim16.png, id=228, 231.86626pt x 154.5775pt>
File: 24images/resize_kodim16.png Graphic file (type png)

<use 24images/resize_kodim16.png>
Package pdftex.def Info: 24images/resize_kodim16.png used on input line 702.
(pdftex.def)             Requested size: 37.2627pt x 24.8414pt.

<24images/resize_kodim17.png, id=229, 231.86626pt x 154.5775pt>
File: 24images/resize_kodim17.png Graphic file (type png)

<use 24images/resize_kodim17.png>
Package pdftex.def Info: 24images/resize_kodim17.png used on input line 702.
(pdftex.def)             Requested size: 37.2627pt x 24.8414pt.

<24images/resize_kodim18.png, id=230, 231.86626pt x 154.5775pt>
File: 24images/resize_kodim18.png Graphic file (type png)

<use 24images/resize_kodim18.png>
Package pdftex.def Info: 24images/resize_kodim18.png used on input line 702.
(pdftex.def)             Requested size: 37.2627pt x 24.8414pt.

<24images/resize_kodim19.png, id=231, 231.86626pt x 154.5775pt>
File: 24images/resize_kodim19.png Graphic file (type png)

<use 24images/resize_kodim19.png>
Package pdftex.def Info: 24images/resize_kodim19.png used on input line 722.
(pdftex.def)             Requested size: 37.2627pt x 24.8414pt.

<24images/resize_kodim20.png, id=232, 231.86626pt x 154.5775pt>
File: 24images/resize_kodim20.png Graphic file (type png)

<use 24images/resize_kodim20.png>
Package pdftex.def Info: 24images/resize_kodim20.png used on input line 722.
(pdftex.def)             Requested size: 37.2627pt x 24.8414pt.

<24images/resize_kodim21.png, id=233, 231.86626pt x 154.5775pt>
File: 24images/resize_kodim21.png Graphic file (type png)

<use 24images/resize_kodim21.png>
Package pdftex.def Info: 24images/resize_kodim21.png used on input line 722.
(pdftex.def)             Requested size: 37.2627pt x 24.8414pt.

<24images/resize_kodim22.png, id=234, 231.86626pt x 154.5775pt>
File: 24images/resize_kodim22.png Graphic file (type png)

<use 24images/resize_kodim22.png>
Package pdftex.def Info: 24images/resize_kodim22.png used on input line 722.
(pdftex.def)             Requested size: 37.2627pt x 24.8414pt.

<24images/resize_kodim23.png, id=235, 231.86626pt x 154.5775pt>
File: 24images/resize_kodim23.png Graphic file (type png)

<use 24images/resize_kodim23.png>
Package pdftex.def Info: 24images/resize_kodim23.png used on input line 722.
(pdftex.def)             Requested size: 37.2627pt x 24.8414pt.

<24images/resize_kodim24.png, id=236, 231.86626pt x 154.5775pt>
File: 24images/resize_kodim24.png Graphic file (type png)

<use 24images/resize_kodim24.png>
Package pdftex.def Info: 24images/resize_kodim24.png used on input line 722.
(pdftex.def)             Requested size: 37.2627pt x 24.8414pt.

Overfull \hbox (3.94023pt too wide) in paragraph at lines 662--723
 [][] 
 []


Overfull \hbox (3.94023pt too wide) in paragraph at lines 662--723
 [][] 
 []


Overfull \hbox (3.94023pt too wide) in paragraph at lines 662--723
 [][] 
 []


Overfull \hbox (3.94023pt too wide) in paragraph at lines 662--723
 [][] 
 []

LaTeX Font Info:    Font shape `OT1/ptm/bx/n' in size <7> not available
(Font)              Font shape `OT1/ptm/b/n' tried instead on input line 743.

<images/resize_br_Noisy_5dmark3_iso3200_1_real.png, id=237, 256.96pt x 256.96pt
>
File: images/resize_br_Noisy_5dmark3_iso3200_1_real.png Graphic file (type png)

 <use images/resize_br_Noisy_5dmark3_iso3200_1_real.png>
Package pdftex.def Info: images/resize_br_Noisy_5dmark3_iso3200_1_real.png used
 on input line 869.
(pdftex.def)             Requested size: 96.8906pt x 96.88907pt.

<images/resize_br_CBM3D_5dmark3_iso3200_1_real.png, id=239, 256.96pt x 256.96pt
>
File: images/resize_br_CBM3D_5dmark3_iso3200_1_real.png Graphic file (type png)

 <use images/resize_br_CBM3D_5dmark3_iso3200_1_real.png>
Package pdftex.def Info: images/resize_br_CBM3D_5dmark3_iso3200_1_real.png used
 on input line 869.
(pdftex.def)             Requested size: 96.8906pt x 96.88907pt.

<images/resize_br_WNNM_5dmark3_iso3200_1_real.png, id=242, 256.96pt x 256.96pt>
File: images/resize_br_WNNM_5dmark3_iso3200_1_real.png Graphic file (type png)
<use images/resize_br_WNNM_5dmark3_iso3200_1_real.png>
Package pdftex.def Info: images/resize_br_WNNM_5dmark3_iso3200_1_real.png used 
on input line 869.
(pdftex.def)             Requested size: 96.8906pt x 96.88907pt.

<images/resize_br_MLP_5dmark3_iso3200_1_real.png, id=244, 256.96pt x 256.96pt>
File: images/resize_br_MLP_5dmark3_iso3200_1_real.png Graphic file (type png)

<use images/resize_br_MLP_5dmark3_iso3200_1_real.png>
Package pdftex.def Info: images/resize_br_MLP_5dmark3_iso3200_1_real.png used o
n input line 869.
(pdftex.def)             Requested size: 96.8906pt x 96.88907pt.

<images/resize_br_TRD_5dmark3_iso3200_1_real.png, id=246, 256.96pt x 256.96pt>
File: images/resize_br_TRD_5dmark3_iso3200_1_real.png Graphic file (type png)

<use images/resize_br_TRD_5dmark3_iso3200_1_real.png>
Package pdftex.def Info: images/resize_br_TRD_5dmark3_iso3200_1_real.png used o
n input line 869.
(pdftex.def)             Requested size: 96.8906pt x 96.88907pt.

<images/resize_br_NI_5dmark3_iso3200_1_real.png, id=248, 256.96pt x 256.96pt>
File: images/resize_br_NI_5dmark3_iso3200_1_real.png Graphic file (type png)

<use images/resize_br_NI_5dmark3_iso3200_1_real.png>
Package pdftex.def Info: images/resize_br_NI_5dmark3_iso3200_1_real.png used on
 input line 896.
(pdftex.def)             Requested size: 96.8906pt x 96.88907pt.

<images/resize_br_NC_5dmark3_iso3200_1_real.png, id=250, 256.96pt x 256.96pt>
File: images/resize_br_NC_5dmark3_iso3200_1_real.png Graphic file (type png)

<use images/resize_br_NC_5dmark3_iso3200_1_real.png>
Package pdftex.def Info: images/resize_br_NC_5dmark3_iso3200_1_real.png used on
 input line 896.
(pdftex.def)             Requested size: 96.8906pt x 96.88907pt.

<images/resize_br_CCNoise_5dmark3_iso3200_1.png, id=253, 256.96pt x 256.96pt>
File: images/resize_br_CCNoise_5dmark3_iso3200_1.png Graphic file (type png)

<use images/resize_br_CCNoise_5dmark3_iso3200_1.png>
Package pdftex.def Info: images/resize_br_CCNoise_5dmark3_iso3200_1.png used on
 input line 896.
(pdftex.def)             Requested size: 96.8906pt x 96.88907pt.

<images/resize_br_Guided_5dmark3_iso3200_1_real.png, id=255, 256.96pt x 256.96p
t>
File: images/resize_br_Guided_5dmark3_iso3200_1_real.png Graphic file (type png
)
 <use images/resize_br_Guided_5dmark3_iso3200_1_real.png>
Package pdftex.def Info: images/resize_br_Guided_5dmark3_iso3200_1_real.png use
d on input line 896.
(pdftex.def)             Requested size: 96.8906pt x 96.88907pt.
LaTeX Font Info:    Font shape `OT1/ptm/bx/n' in size <8> not available
(Font)              Font shape `OT1/ptm/b/n' tried instead on input line 896.

<images/resize_br_Mean_5dmark3_iso3200_1_real.png, id=256, 256.96pt x 256.96pt>
File: images/resize_br_Mean_5dmark3_iso3200_1_real.png Graphic file (type png)
<use images/resize_br_Mean_5dmark3_iso3200_1_real.png>
Package pdftex.def Info: images/resize_br_Mean_5dmark3_iso3200_1_real.png used 
on input line 896.
(pdftex.def)             Requested size: 96.8906pt x 96.88907pt.

Overfull \hbox (2.59673pt too wide) in paragraph at lines 869--897
 [][] 
 []


Overfull \hbox (2.59673pt too wide) in paragraph at lines 869--897
 [][] 
 []


<CC15images/resize_5dmark3_iso3200_1_real.png, id=275, 205.76875pt x 205.76875p
t>
File: CC15images/resize_5dmark3_iso3200_1_real.png Graphic file (type png)
 <use CC15images/resize_5dmark3_iso3200_1_real.png>
Package pdftex.def Info: CC15images/resize_5dmark3_iso3200_1_real.png used on i
nput line 926.
(pdftex.def)             Requested size: 42.23611pt x 42.23624pt.

<CC15images/resize_5dmark3_iso3200_2_real.png, id=276, 205.76875pt x 205.76875p
t>
File: CC15images/resize_5dmark3_iso3200_2_real.png Graphic file (type png)
 <use CC15images/resize_5dmark3_iso3200_2_real.png>
Package pdftex.def Info: CC15images/resize_5dmark3_iso3200_2_real.png used on i
nput line 926.
(pdftex.def)             Requested size: 42.23611pt x 42.23624pt.

<CC15images/resize_5dmark3_iso3200_3_real.png, id=277, 205.76875pt x 205.76875p
t>
File: CC15images/resize_5dmark3_iso3200_3_real.png Graphic file (type png)
 <use CC15images/resize_5dmark3_iso3200_3_real.png>
Package pdftex.def Info: CC15images/resize_5dmark3_iso3200_3_real.png used on i
nput line 926.
(pdftex.def)             Requested size: 42.23611pt x 42.23624pt.

<CC15images/resize_d600_iso3200_1_real.png, id=278, 205.76875pt x 205.76875pt>
File: CC15images/resize_d600_iso3200_1_real.png Graphic file (type png)

<use CC15images/resize_d600_iso3200_1_real.png>
Package pdftex.def Info: CC15images/resize_d600_iso3200_1_real.png used on inpu
t line 926.
(pdftex.def)             Requested size: 42.23611pt x 42.23624pt.

<CC15images/resize_d600_iso3200_2_real.png, id=279, 205.76875pt x 205.76875pt>
File: CC15images/resize_d600_iso3200_2_real.png Graphic file (type png)

<use CC15images/resize_d600_iso3200_2_real.png>
Package pdftex.def Info: CC15images/resize_d600_iso3200_2_real.png used on inpu
t line 926.
(pdftex.def)             Requested size: 42.23611pt x 42.23624pt.

<CC15images/resize_d600_iso3200_3_real.png, id=280, 205.76875pt x 205.76875pt>
File: CC15images/resize_d600_iso3200_3_real.png Graphic file (type png)

<use CC15images/resize_d600_iso3200_3_real.png>
Package pdftex.def Info: CC15images/resize_d600_iso3200_3_real.png used on inpu
t line 943.
(pdftex.def)             Requested size: 42.23611pt x 42.23624pt.

<CC15images/resize_d800_iso1600_1_real.png, id=281, 205.76875pt x 205.76875pt>
File: CC15images/resize_d800_iso1600_1_real.png Graphic file (type png)

<use CC15images/resize_d800_iso1600_1_real.png>
Package pdftex.def Info: CC15images/resize_d800_iso1600_1_real.png used on inpu
t line 943.
(pdftex.def)             Requested size: 42.23611pt x 42.23624pt.

<CC15images/resize_d800_iso1600_2_real.png, id=282, 205.76875pt x 205.76875pt>
File: CC15images/resize_d800_iso1600_2_real.png Graphic file (type png)

<use CC15images/resize_d800_iso1600_2_real.png>
Package pdftex.def Info: CC15images/resize_d800_iso1600_2_real.png used on inpu
t line 943.
(pdftex.def)             Requested size: 42.23611pt x 42.23624pt.

<CC15images/resize_d800_iso1600_3_real.png, id=283, 205.76875pt x 205.76875pt>
File: CC15images/resize_d800_iso1600_3_real.png Graphic file (type png)

<use CC15images/resize_d800_iso1600_3_real.png>
Package pdftex.def Info: CC15images/resize_d800_iso1600_3_real.png used on inpu
t line 943.
(pdftex.def)             Requested size: 42.23611pt x 42.23624pt.

<CC15images/resize_d800_iso3200_1_real.png, id=284, 205.76875pt x 205.76875pt>
File: CC15images/resize_d800_iso3200_1_real.png Graphic file (type png)

<use CC15images/resize_d800_iso3200_1_real.png>
Package pdftex.def Info: CC15images/resize_d800_iso3200_1_real.png used on inpu
t line 943.
(pdftex.def)             Requested size: 42.23611pt x 42.23624pt.

<CC15images/resize_d800_iso3200_2_real.png, id=285, 205.76875pt x 205.76875pt>
File: CC15images/resize_d800_iso3200_2_real.png Graphic file (type png)

<use CC15images/resize_d800_iso3200_2_real.png>
Package pdftex.def Info: CC15images/resize_d800_iso3200_2_real.png used on inpu
t line 960.
(pdftex.def)             Requested size: 42.23611pt x 42.23624pt.

<CC15images/resize_d800_iso3200_3_real.png, id=286, 205.76875pt x 205.76875pt>
File: CC15images/resize_d800_iso3200_3_real.png Graphic file (type png)

<use CC15images/resize_d800_iso3200_3_real.png>
Package pdftex.def Info: CC15images/resize_d800_iso3200_3_real.png used on inpu
t line 960.
(pdftex.def)             Requested size: 42.23611pt x 42.23624pt.

<CC15images/resize_d800_iso6400_1_real.png, id=287, 205.76875pt x 205.76875pt>
File: CC15images/resize_d800_iso6400_1_real.png Graphic file (type png)

<use CC15images/resize_d800_iso6400_1_real.png>
Package pdftex.def Info: CC15images/resize_d800_iso6400_1_real.png used on inpu
t line 960.
(pdftex.def)             Requested size: 42.23611pt x 42.23624pt.

<CC15images/resize_d800_iso6400_2_real.png, id=288, 205.76875pt x 205.76875pt>
File: CC15images/resize_d800_iso6400_2_real.png Graphic file (type png)

<use CC15images/resize_d800_iso6400_2_real.png>
Package pdftex.def Info: CC15images/resize_d800_iso6400_2_real.png used on inpu
t line 960.
(pdftex.def)             Requested size: 42.23611pt x 42.23624pt.

<CC15images/resize_d800_iso6400_3_real.png, id=289, 205.76875pt x 205.76875pt>
File: CC15images/resize_d800_iso6400_3_real.png Graphic file (type png)

<use CC15images/resize_d800_iso6400_3_real.png>
Package pdftex.def Info: CC15images/resize_d800_iso6400_3_real.png used on inpu
t line 960.
(pdftex.def)             Requested size: 42.23611pt x 42.23624pt.
File: images/resize_br_Noisy_5dmark3_iso3200_1_real.png Graphic file (type png)


<use images/resize_br_Noisy_5dmark3_iso3200_1_real.png>
Package pdftex.def Info: images/resize_br_Noisy_5dmark3_iso3200_1_real.png used
 on input line 1087.
(pdftex.def)             Requested size: 96.8906pt x 96.88907pt.
File: images/resize_br_CBM3D_5dmark3_iso3200_1_real.png Graphic file (type png)


<use images/resize_br_CBM3D_5dmark3_iso3200_1_real.png>
Package pdftex.def Info: images/resize_br_CBM3D_5dmark3_iso3200_1_real.png used
 on input line 1087.
(pdftex.def)             Requested size: 96.8906pt x 96.88907pt.
File: images/resize_br_WNNM_5dmark3_iso3200_1_real.png Graphic file (type png)

<use images/resize_br_WNNM_5dmark3_iso3200_1_real.png>
Package pdftex.def Info: images/resize_br_WNNM_5dmark3_iso3200_1_real.png used 
on input line 1087.
(pdftex.def)             Requested size: 96.8906pt x 96.88907pt.
File: images/resize_br_MLP_5dmark3_iso3200_1_real.png Graphic file (type png)

<use images/resize_br_MLP_5dmark3_iso3200_1_real.png>
Package pdftex.def Info: images/resize_br_MLP_5dmark3_iso3200_1_real.png used o
n input line 1087.
(pdftex.def)             Requested size: 96.8906pt x 96.88907pt.
File: images/resize_br_TRD_5dmark3_iso3200_1_real.png Graphic file (type png)

<use images/resize_br_TRD_5dmark3_iso3200_1_real.png>
Package pdftex.def Info: images/resize_br_TRD_5dmark3_iso3200_1_real.png used o
n input line 1087.
(pdftex.def)             Requested size: 96.8906pt x 96.88907pt.
File: images/resize_br_NI_5dmark3_iso3200_1_real.png Graphic file (type png)

<use images/resize_br_NI_5dmark3_iso3200_1_real.png>
Package pdftex.def Info: images/resize_br_NI_5dmark3_iso3200_1_real.png used on
 input line 1114.
(pdftex.def)             Requested size: 96.8906pt x 96.88907pt.
File: images/resize_br_NC_5dmark3_iso3200_1_real.png Graphic file (type png)

<use images/resize_br_NC_5dmark3_iso3200_1_real.png>
Package pdftex.def Info: images/resize_br_NC_5dmark3_iso3200_1_real.png used on
 input line 1114.
(pdftex.def)             Requested size: 96.8906pt x 96.88907pt.
File: images/resize_br_CCNoise_5dmark3_iso3200_1.png Graphic file (type png)

<use images/resize_br_CCNoise_5dmark3_iso3200_1.png>
Package pdftex.def Info: images/resize_br_CCNoise_5dmark3_iso3200_1.png used on
 input line 1114.
(pdftex.def)             Requested size: 96.8906pt x 96.88907pt.
File: images/resize_br_Guided_5dmark3_iso3200_1_real.png Graphic file (type png
)

<use images/resize_br_Guided_5dmark3_iso3200_1_real.png>
Package pdftex.def Info: images/resize_br_Guided_5dmark3_iso3200_1_real.png use
d on input line 1114.
(pdftex.def)             Requested size: 96.8906pt x 96.88907pt.
File: images/resize_br_Mean_5dmark3_iso3200_1_real.png Graphic file (type png)

<use images/resize_br_Mean_5dmark3_iso3200_1_real.png>
Package pdftex.def Info: images/resize_br_Mean_5dmark3_iso3200_1_real.png used 
on input line 1114.
(pdftex.def)             Requested size: 96.8906pt x 96.88907pt.

Overfull \hbox (2.59673pt too wide) in paragraph at lines 1087--1115
 [][] 
 []


Overfull \hbox (2.59673pt too wide) in paragraph at lines 1087--1115
 [][] 
 []

(./572_.bbl (./572_.brf)
\tf@brf=\write3
\openout3 = `572_.brf'.


Underfull \vbox (badness 2970) has occurred while \output is active []

LaTeX Font Info:    Font shape `OT1/ptm/bx/n' in size <9> not available
(Font)              Font shape `OT1/ptm/b/n' tried instead on input line 8.
 [6 <./24images/resize_kodim01.png (PNG copy)> <./24images/resize_kodim02.png (
PNG copy)> <./24images/resize_kodim03.png (PNG copy)> <./24images/resize_kodim0
4.png (PNG copy)> <./24images/resize_kodim05.png (PNG copy)> <./24images/resize
_kodim06.png (PNG copy)> <./24images/resize_kodim07.png (PNG copy)> <./24images
/resize_kodim08.png (PNG copy)> <./24images/resize_kodim09.png (PNG copy)> <./2
4images/resize_kodim10.png (PNG copy)> <./24images/resize_kodim11.png (PNG copy
)> <./24images/resize_kodim12.png (PNG copy)> <./24images/resize_kodim13.png (P
NG copy)> <./24images/resize_kodim14.png (PNG copy)> <./24images/resize_kodim15
.png (PNG copy)> <./24images/resize_kodim16.png (PNG copy)> <./24images/resize_
kodim17.png (PNG copy)> <./24images/resize_kodim18.png (PNG copy)> <./24images/
resize_kodim19.png (PNG copy)> <./24images/resize_kodim20.png (PNG copy)> <./24
images/resize_kodim21.png (PNG copy)> <./24images/resize_kodim22.png (PNG copy)
> <./24images/resize_kodim23.png (PNG copy)> <./24images/resize_kodim24.png (PN
G copy)>]
Underfull \hbox (badness 1320) in paragraph at lines 20--20
\OT1/ptm/m/n/9 and re-dun-dant rep-re-sen-ta-tions over learned dic-tio-nar-ies
.
 []

[7 <./images/resize_br_Noisy_5dmark3_iso3200_1_real.png (PNG copy)> <./images/r
esize_br_CBM3D_5dmark3_iso3200_1_real.png (PNG copy)> <./images/resize_br_WNNM_
5dmark3_iso3200_1_real.png (PNG copy)> <./images/resize_br_MLP_5dmark3_iso3200_
1_real.png (PNG copy)> <./images/resize_br_TRD_5dmark3_iso3200_1_real.png (PNG 
copy)> <./images/resize_br_NI_5dmark3_iso3200_1_real.png (PNG copy)> <./images/
resize_br_NC_5dmark3_iso3200_1_real.png (PNG copy)> <./images/resize_br_CCNoise
_5dmark3_iso3200_1.png (PNG copy)> <./images/resize_br_Guided_5dmark3_iso3200_1
_real.png (PNG copy)> <./images/resize_br_Mean_5dmark3_iso3200_1_real.png (PNG 
copy)>] [8 <./CC15images/resize_5dmark3_iso3200_1_real.png (PNG copy)> <./CC15i
mages/resize_5dmark3_iso3200_2_real.png (PNG copy)> <./CC15images/resize_5dmark
3_iso3200_3_real.png (PNG copy)> <./CC15images/resize_d600_iso3200_1_real.png (
PNG copy)> <./CC15images/resize_d600_iso3200_2_real.png (PNG copy)> <./CC15imag
es/resize_d600_iso3200_3_real.png (PNG copy)> <./CC15images/resize_d800_iso1600
_1_real.png (PNG copy)> <./CC15images/resize_d800_iso1600_2_real.png (PNG copy)
> <./CC15images/resize_d800_iso1600_3_real.png (PNG copy)> <./CC15images/resize
_d800_iso3200_1_real.png (PNG copy)> <./CC15images/resize_d800_iso3200_2_real.p
ng (PNG copy)> <./CC15images/resize_d800_iso3200_3_real.png (PNG copy)> <./CC15
images/resize_d800_iso6400_1_real.png (PNG copy)> <./CC15images/resize_d800_iso
6400_2_real.png (PNG copy)> <./CC15images/resize_d800_iso6400_3_real.png (PNG c
opy)>]
Underfull \hbox (badness 7238) in paragraph at lines 162--162
[]\OT1/ptm/m/n/9 Neatlab AB-Soft.  Neat Im-age.  [][]$\OT1/pcr/m/n/9 https : / 
/ ni .
 []

Missing character: There is no â in font ptmr7t!
Missing character: There is no  in font ptmr7t!
Missing character: There is no  in font ptmr7t!
)
Package atveryend Info: Empty hook `BeforeClearDocument' on input line 1131.
 [9]
Package atveryend Info: Empty hook `AfterLastShipout' on input line 1131.
 (./572_.aux)
Package atveryend Info: Executing hook `AtVeryEndDocument' on input line 1131.
Package atveryend Info: Executing hook `AtEndAfterFileList' on input line 1131.



Package rerunfilecheck Warning: File `572_.brf' has changed.
(rerunfilecheck)                Rerun to get bibliographical references right.

Package rerunfilecheck Info: Checksums for `572_.brf':
(rerunfilecheck)             Before: 0A5DEF6E1773B5A9FC7C7DDC0E00B2A0;5266
(rerunfilecheck)             After:  967960597CCEB689B648C07E62AC9B21;5273.

LaTeX Warning: There were multiply-defined labels.

Package atveryend Info: Empty hook `AtVeryVeryEnd' on input line 1131.
 ) 
Here is how much of TeX's memory you used:
 9070 strings out of 493091
 140662 string characters out of 6134517
 263209 words of memory out of 5000000
 12208 multiletter control sequences out of 15000+600000
 51553 words of font info for 127 fonts, out of 8000000 for 9000
 1141 hyphenation exceptions out of 8191
 37i,17n,42p,2067b,516s stack positions out of 5000i,500n,10000p,200000b,80000s
{c:/Software/texlive/2015/texmf-dist/fonts/enc/dvips/base/8r.enc}<c:/Software
/texlive/2015/texmf-dist/fonts/type1/public/amsfonts/cm/cmbx10.pfb><c:/Software
/texlive/2015/texmf-dist/fonts/type1/public/amsfonts/cm/cmbx7.pfb><c:/Software/
texlive/2015/texmf-dist/fonts/type1/public/amsfonts/cm/cmex10.pfb><c:/Software/
texlive/2015/texmf-dist/fonts/type1/public/amsfonts/cm/cmmi10.pfb><c:/Software/
texlive/2015/texmf-dist/fonts/type1/public/amsfonts/cm/cmmi5.pfb><c:/Software/t
exlive/2015/texmf-dist/fonts/type1/public/amsfonts/cm/cmmi7.pfb><c:/Software/te
xlive/2015/texmf-dist/fonts/type1/public/amsfonts/cm/cmmib10.pfb><c:/Software/t
exlive/2015/texmf-dist/fonts/type1/public/amsfonts/cmextra/cmmib7.pfb><c:/Softw
are/texlive/2015/texmf-dist/fonts/type1/public/amsfonts/cm/cmr10.pfb><c:/Softwa
re/texlive/2015/texmf-dist/fonts/type1/public/amsfonts/cm/cmr5.pfb><c:/Software
/texlive/2015/texmf-dist/fonts/type1/public/amsfonts/cm/cmr7.pfb><c:/Software/t
exlive/2015/texmf-dist/fonts/type1/public/amsfonts/cm/cmsy10.pfb><c:/Software/t
exlive/2015/texmf-dist/fonts/type1/public/amsfonts/cm/cmsy5.pfb><c:/Software/te
xlive/2015/texmf-dist/fonts/type1/public/amsfonts/cm/cmsy7.pfb><c:/Software/tex
live/2015/texmf-dist/fonts/type1/public/amsfonts/symbols/msbm10.pfb><c:/Softwar
e/texlive/2015/texmf-dist/fonts/type1/urw/courier/ucrr8a.pfb><c:/Software/texli
ve/2015/texmf-dist/fonts/type1/urw/helvetic/uhvb8a.pfb><c:/Software/texlive/201
5/texmf-dist/fonts/type1/urw/helvetic/uhvr8a.pfb><c:/Software/texlive/2015/texm
f-dist/fonts/type1/urw/times/utmb8a.pfb><c:/Software/texlive/2015/texmf-dist/fo
nts/type1/urw/times/utmr8a.pfb><c:/Software/texlive/2015/texmf-dist/fonts/type1
/urw/times/utmri8a.pfb>
Output written on 572_.pdf (9 pages, 4572930 bytes).
PDF statistics:
 514 PDF objects out of 1000 (max. 8388607)
 412 compressed objects within 5 object streams
 98 named destinations out of 1000 (max. 500000)
 306 words of extra memory for PDF output out of 10000 (max. 10000000)

