This is pdfTeX, Version 3.14159265-2.6-1.40.16 (TeX Live 2015/W32TeX) (preloaded format=pdflatex 2015.9.12)  31 MAR 2017 15:01
entering extended mode
 restricted \write18 enabled.
 %&-line parsing enabled.
**./572_supp.tex
(./572_supp.tex
LaTeX2e <2015/01/01> patch level 2
Babel <3.9m> and hyphenation patterns for 79 languages loaded.
(c:/Software/texlive/2015/texmf-dist/tex/latex/base/article.cls
Document Class: article 2014/09/29 v1.4h Standard LaTeX document class
(c:/Software/texlive/2015/texmf-dist/tex/latex/base/size10.clo
File: size10.clo 2014/09/29 v1.4h Standard LaTeX file (size option)
)
\c@part=\count79
\c@section=\count80
\c@subsection=\count81
\c@subsubsection=\count82
\c@paragraph=\count83
\c@subparagraph=\count84
\c@figure=\count85
\c@table=\count86
\abovecaptionskip=\skip41
\belowcaptionskip=\skip42
\bibindent=\dimen102
) (./iccv.sty
(./eso-pic.sty
Package: eso-pic 2002/11/16 v1.1b eso-pic (RN)
 (./iccv_eso.sty

LaTeX Warning: You have requested package `eso-pic',
               but the package provides `everyshi'.

Package: everyshi 2001/05/15 v3.00 EveryShipout Package (MS)
) (c:/Software/texlive/2015/texmf-dist/tex/latex/graphics/keyval.sty
Package: keyval 2014/10/28 v1.15 key=value parser (DPC)
\KV@toks@=\toks14
))
(c:/Software/texlive/2015/texmf-dist/tex/latex/tools/xspace.sty
Package: xspace 2014/10/28 v1.13 Space after command names (DPC,MH)
)
ICCV 8.5 x 11-Inch Proceedings Style `iccv.sty'.
\@ctmp=\skip43
\@figindent=\skip44
\iccvrulerbox=\box26
\iccvrulercount=\count87
\iccvruleroffset=\dimen103
\cv@lineheight=\dimen104
\cv@boxheight=\dimen105
\cv@tmpbox=\box27
\cv@refno=\count88
\cv@tot=\count89
\cv@tmpc@=\count90
\cv@tmpc=\count91
) (c:/Software/texlive/2015/texmf-dist/tex/latex/psnfss/times.sty
Package: times 2005/04/12 PSNFSS-v9.2a (SPQR) 
)
(c:/Software/texlive/2015/texmf-dist/tex/latex/graphics/epsfig.sty
Package: epsfig 1999/02/16 v1.7a (e)psfig emulation (SPQR)

(c:/Software/texlive/2015/texmf-dist/tex/latex/graphics/graphicx.sty
Package: graphicx 2014/10/28 v1.0g Enhanced LaTeX Graphics (DPC,SPQR)

(c:/Software/texlive/2015/texmf-dist/tex/latex/graphics/graphics.sty
Package: graphics 2014/10/28 v1.0p Standard LaTeX Graphics (DPC,SPQR)

(c:/Software/texlive/2015/texmf-dist/tex/latex/graphics/trig.sty
Package: trig 1999/03/16 v1.09 sin cos tan (DPC)
)
(c:/Software/texlive/2015/texmf-dist/tex/latex/latexconfig/graphics.cfg
File: graphics.cfg 2010/04/23 v1.9 graphics configuration of TeX Live
)
Package graphics Info: Driver file: pdftex.def on input line 94.

(c:/Software/texlive/2015/texmf-dist/tex/latex/pdftex-def/pdftex.def
File: pdftex.def 2011/05/27 v0.06d Graphics/color for pdfTeX

(c:/Software/texlive/2015/texmf-dist/tex/generic/oberdiek/infwarerr.sty
Package: infwarerr 2010/04/08 v1.3 Providing info/warning/error messages (HO)
)
(c:/Software/texlive/2015/texmf-dist/tex/generic/oberdiek/ltxcmds.sty
Package: ltxcmds 2011/11/09 v1.22 LaTeX kernel commands for general use (HO)
)
\Gread@gobject=\count92
))
\Gin@req@height=\dimen106
\Gin@req@width=\dimen107
)
\epsfxsize=\dimen108
\epsfysize=\dimen109
)
(c:/Software/texlive/2015/texmf-dist/tex/latex/amsmath/amsmath.sty
Package: amsmath 2013/01/14 v2.14 AMS math features
\@mathmargin=\skip45

For additional information on amsmath, use the `?' option.
(c:/Software/texlive/2015/texmf-dist/tex/latex/amsmath/amstext.sty
Package: amstext 2000/06/29 v2.01

(c:/Software/texlive/2015/texmf-dist/tex/latex/amsmath/amsgen.sty
File: amsgen.sty 1999/11/30 v2.0
\@emptytoks=\toks15
\ex@=\dimen110
))
(c:/Software/texlive/2015/texmf-dist/tex/latex/amsmath/amsbsy.sty
Package: amsbsy 1999/11/29 v1.2d
\pmbraise@=\dimen111
)
(c:/Software/texlive/2015/texmf-dist/tex/latex/amsmath/amsopn.sty
Package: amsopn 1999/12/14 v2.01 operator names
)
\inf@bad=\count93
LaTeX Info: Redefining \frac on input line 210.
\uproot@=\count94
\leftroot@=\count95
LaTeX Info: Redefining \overline on input line 306.
\classnum@=\count96
\DOTSCASE@=\count97
LaTeX Info: Redefining \ldots on input line 378.
LaTeX Info: Redefining \dots on input line 381.
LaTeX Info: Redefining \cdots on input line 466.
\Mathstrutbox@=\box28
\strutbox@=\box29
\big@size=\dimen112
LaTeX Font Info:    Redeclaring font encoding OML on input line 566.
LaTeX Font Info:    Redeclaring font encoding OMS on input line 567.
\macc@depth=\count98
\c@MaxMatrixCols=\count99
\dotsspace@=\muskip10
\c@parentequation=\count100
\dspbrk@lvl=\count101
\tag@help=\toks16
\row@=\count102
\column@=\count103
\maxfields@=\count104
\andhelp@=\toks17
\eqnshift@=\dimen113
\alignsep@=\dimen114
\tagshift@=\dimen115
\tagwidth@=\dimen116
\totwidth@=\dimen117
\lineht@=\dimen118
\@envbody=\toks18
\multlinegap=\skip46
\multlinetaggap=\skip47
\mathdisplay@stack=\toks19
LaTeX Info: Redefining \[ on input line 2665.
LaTeX Info: Redefining \] on input line 2666.
)
(c:/Software/texlive/2015/texmf-dist/tex/latex/amsfonts/amssymb.sty
Package: amssymb 2013/01/14 v3.01 AMS font symbols

(c:/Software/texlive/2015/texmf-dist/tex/latex/amsfonts/amsfonts.sty
Package: amsfonts 2013/01/14 v3.01 Basic AMSFonts support
\symAMSa=\mathgroup4
\symAMSb=\mathgroup5
LaTeX Font Info:    Overwriting math alphabet `\mathfrak' in version `bold'
(Font)                  U/euf/m/n --> U/euf/b/n on input line 106.
))
(c:/Software/texlive/2015/texmf-dist/tex/latex/natbib/natbib.sty
Package: natbib 2010/09/13 8.31b (PWD, AO)
\bibhang=\skip48
\bibsep=\skip49
LaTeX Info: Redefining \cite on input line 694.
\c@NAT@ctr=\count105
)
(c:/Software/texlive/2015/texmf-dist/tex/latex/subfigure/subfigure.sty
Package: subfigure 2002/03/15 v2.1.5 subfigure package
\subfigtopskip=\skip50
\subfigcapskip=\skip51
\subfigcaptopadj=\dimen119
\subfigbottomskip=\skip52
\subfigcapmargin=\dimen120
\subfiglabelskip=\skip53
\c@subfigure=\count106
\c@lofdepth=\count107
\c@subtable=\count108
\c@lotdepth=\count109

****************************************
* Local config file subfigure.cfg used *
****************************************
(c:/Software/texlive/2015/texmf-dist/tex/latex/subfigure/subfigure.cfg)
\subfig@top=\skip54
\subfig@bottom=\skip55
)
(c:/Software/texlive/2015/texmf-dist/tex/latex/was/upgreek.sty
Package: upgreek 2003/02/12 v2.0 (WaS)
Package upgreek Info: Using Euler Roman for upright Greek on input line 31.
\symugrf@m=\mathgroup6
LaTeX Font Info:    Overwriting symbol font `ugrf@m' in version `bold'
(Font)                  U/eur/m/n --> U/eur/b/n on input line 38.
)
(c:/Software/texlive/2015/texmf-dist/tex/latex/multirow/multirow.sty
\bigstrutjot=\dimen121
)
(c:/Software/texlive/2015/texmf-dist/tex/latex/graphics/color.sty
Package: color 2014/10/28 v1.1a Standard LaTeX Color (DPC)

(c:/Software/texlive/2015/texmf-dist/tex/latex/latexconfig/color.cfg
File: color.cfg 2007/01/18 v1.5 color configuration of teTeX/TeXLive
)
Package color Info: Driver file: pdftex.def on input line 142.
)
(c:/Software/texlive/2015/texmf-dist/tex/latex/tools/bm.sty
Package: bm 2014/10/28 v1.1c Bold Symbol Support (DPC/FMi)
\symboldoperators=\mathgroup7
\symboldletters=\mathgroup8
\symboldsymbols=\mathgroup9
\symboldugrf@m=\mathgroup10
LaTeX Font Info:    Redeclaring math alphabet \mathbf on input line 141.
LaTeX Info: Redefining \bm on input line 207.
)
(c:/Software/texlive/2015/texmf-dist/tex/latex/arydshln/arydshln.sty
Package: arydshln 2004/08/31 v1.71 
\dashlinedash=\dimen122
\dashlinegap=\dimen123
\adl@box=\box30
\adl@height=\dimen124
\adl@heightsave=\dimen125
\adl@depth=\dimen126
\adl@depthsave=\dimen127
\adl@finaldepth=\dimen128
\adl@columns=\count110
\adl@ncol=\count111
\adl@currentcolumn=\count112
\adl@currentcolumnsave=\count113
\adl@totalheight=\count114
\adl@totalheightsave=\count115
\adl@dash=\count116
\adl@gap=\count117
\adl@cla=\count118
\adl@clb=\count119
\adl@everyvbox=\toks20
\adl@LTpagetotal=\dimen129
)
(c:/Software/texlive/2015/texmf-dist/tex/latex/base/latexsym.sty
Package: latexsym 1998/08/17 v2.2e Standard LaTeX package (lasy symbols)
\symlasy=\mathgroup11
LaTeX Font Info:    Overwriting symbol font `lasy' in version `bold'
(Font)                  U/lasy/m/n --> U/lasy/b/n on input line 52.
)
(c:/Software/texlive/2015/texmf-dist/tex/latex/comment/comment.sty
\CommentStream=\write3

Excluding comment 'comment')
(c:/Software/texlive/2015/texmf-dist/tex/latex/float/float.sty
Package: float 2001/11/08 v1.3d Float enhancements (AL)
\c@float@type=\count120
\float@exts=\toks21
\float@box=\box31
\@float@everytoks=\toks22
\@floatcapt=\box32
)
(c:/Software/texlive/2015/texmf-dist/tex/latex/amscls/amsthm.sty
Package: amsthm 2015/03/04 v2.20.2
\thm@style=\toks23
\thm@bodyfont=\toks24
\thm@headfont=\toks25
\thm@notefont=\toks26
\thm@headpunct=\toks27
\thm@preskip=\skip56
\thm@postskip=\skip57
\thm@headsep=\skip58
\dth@everypar=\toks28
)
(c:/Software/texlive/2015/texmf-dist/tex/latex/xpatch/xpatch.sty
(c:/Software/texlive/2015/texmf-dist/tex/latex/l3kernel/expl3.sty
Package: expl3 2015/09/06 v5925 L3 programming layer (loader) 

(c:/Software/texlive/2015/texmf-dist/tex/latex/l3kernel/expl3-code.tex
Package: expl3 2015/09/06 v5925 L3 programming layer (code) 
L3 Module: l3bootstrap 2015/07/31 v5729 L3 Bootstrap code
L3 Module: l3names 2015/08/17 v5848 L3 Namespace for primitives
L3 Module: l3basics 2015/08/28 v5897 L3 Basic definitions
L3 Module: l3expan 2015/08/28 v5897 L3 Argument expansion
L3 Module: l3tl 2015/09/02 v5908 L3 Token lists
L3 Module: l3str 2015/09/05 v5920 L3 Strings
L3 Module: l3seq 2015/08/05 v5777 L3 Sequences and stacks
L3 Module: l3int 2015/08/24 v5885 L3 Integers
\c_max_int=\count121
\l_tmpa_int=\count122
\l_tmpb_int=\count123
\g_tmpa_int=\count124
\g_tmpb_int=\count125
L3 Module: l3quark 2015/08/17 v5855 L3 Quarks
L3 Module: l3prg 2015/08/25 v5891 L3 Control structures
\g__prg_map_int=\count126
L3 Module: l3clist 2015/09/02 v5901 L3 Comma separated lists
L3 Module: l3token 2015/08/26 v5893 L3 Experimental token manipulation
L3 Module: l3prop 2015/08/05 v5777 L3 Property lists
L3 Module: l3msg 2015/08/25 v5891 L3 Messages
L3 Module: l3file 2015/08/05 v5786 L3 File and I/O operations
\l_iow_line_count_int=\count127
\l__iow_target_count_int=\count128
\l__iow_current_line_int=\count129
\l__iow_current_word_int=\count130
\l__iow_current_indentation_int=\count131
L3 Module: l3skip 2015/08/26 v5893 L3 Dimensions and skips
\c_zero_dim=\dimen130
\c_max_dim=\dimen131
\l_tmpa_dim=\dimen132
\l_tmpb_dim=\dimen133
\g_tmpa_dim=\dimen134
\g_tmpb_dim=\dimen135
\c_zero_skip=\skip59
\c_max_skip=\skip60
\l_tmpa_skip=\skip61
\l_tmpb_skip=\skip62
\g_tmpa_skip=\skip63
\g_tmpb_skip=\skip64
\c_zero_muskip=\muskip11
\c_max_muskip=\muskip12
\l_tmpa_muskip=\muskip13
\l_tmpb_muskip=\muskip14
\g_tmpa_muskip=\muskip15
\g_tmpb_muskip=\muskip16
L3 Module: l3keys 2015/08/20 v5869 L3 Key-value interfaces
\g__keyval_level_int=\count132
\l_keys_choice_int=\count133
L3 Module: l3fp 2015/08/25 v5890 L3 Floating points
\c__fp_leading_shift_int=\count134
\c__fp_middle_shift_int=\count135
\c__fp_trailing_shift_int=\count136
\c__fp_big_leading_shift_int=\count137
\c__fp_big_middle_shift_int=\count138
\c__fp_big_trailing_shift_int=\count139
\c__fp_Bigg_leading_shift_int=\count140
\c__fp_Bigg_middle_shift_int=\count141
\c__fp_Bigg_trailing_shift_int=\count142
L3 Module: l3box 2015/08/09 v5822 L3 Experimental boxes
\c_empty_box=\box33
\l_tmpa_box=\box34
\l_tmpb_box=\box35
\g_tmpa_box=\box36
\g_tmpb_box=\box37
L3 Module: l3coffins 2015/08/06 v5789 L3 Coffin code layer
\l__coffin_internal_box=\box38
\l__coffin_internal_dim=\dimen136
\l__coffin_offset_x_dim=\dimen137
\l__coffin_offset_y_dim=\dimen138
\l__coffin_x_dim=\dimen139
\l__coffin_y_dim=\dimen140
\l__coffin_x_prime_dim=\dimen141
\l__coffin_y_prime_dim=\dimen142
\c_empty_coffin=\box39
\l__coffin_aligned_coffin=\box40
\l__coffin_aligned_internal_coffin=\box41
\l_tmpa_coffin=\box42
\l_tmpb_coffin=\box43
\l__coffin_display_coffin=\box44
\l__coffin_display_coord_coffin=\box45
\l__coffin_display_pole_coffin=\box46
\l__coffin_display_offset_dim=\dimen143
\l__coffin_display_x_dim=\dimen144
\l__coffin_display_y_dim=\dimen145
L3 Module: l3color 2014/08/23 v5354 L3 Experimental color support
L3 Module: l3candidates 2015/09/03 v5911 L3 Experimental additions to l3kernel
\l__box_top_dim=\dimen146
\l__box_bottom_dim=\dimen147
\l__box_left_dim=\dimen148
\l__box_right_dim=\dimen149
\l__box_top_new_dim=\dimen150
\l__box_bottom_new_dim=\dimen151
\l__box_left_new_dim=\dimen152
\l__box_right_new_dim=\dimen153
\l__box_internal_box=\box47
\l__coffin_bounding_shift_dim=\dimen154
\l__coffin_left_corner_dim=\dimen155
\l__coffin_right_corner_dim=\dimen156
\l__coffin_bottom_corner_dim=\dimen157
\l__coffin_top_corner_dim=\dimen158
\l__coffin_scaled_total_height_dim=\dimen159
\l__coffin_scaled_width_dim=\dimen160
L3 Module: l3luatex 2015/06/30 v5646 L3 Experimental LuaTeX-specific functions
)
(c:/Software/texlive/2015/texmf-dist/tex/latex/l3kernel/l3unicode-data.def
File: l3unicode-data.def 2015/07/20 v5676 L3 Unicode data
)
(c:/Software/texlive/2015/texmf-dist/tex/latex/l3kernel/l3pdfmode.def
File: l3pdfmode.def 2015/06/30 v5646 L3 Experimental driver: PDF mode
\l__driver_color_stack_int=\count143
))
Package: xpatch 2012/10/02 v0.3 Extending etoolbox patching commands

(c:/Software/texlive/2015/texmf-dist/tex/latex/l3packages/xparse/xparse.sty
Package: xparse 2015/09/06 v5925 L3 Experimental document command parser
\l__xparse_current_arg_int=\count144
\l__xparse_m_args_int=\count145
\l__xparse_mandatory_args_int=\count146
\l__xparse_processor_int=\count147
\l__xparse_v_nesting_int=\count148
)
(c:/Software/texlive/2015/texmf-dist/tex/latex/etoolbox/etoolbox.sty
Package: etoolbox 2015/08/02 v2.2a e-TeX tools for LaTeX (JAW)
\etb@tempcnta=\count149
)
.................................................
. LaTeX info: "xparse/define-command"
. 
. Defining command \xpatchcmd with sig. '' on line 125.
.................................................
.................................................
. LaTeX info: "xparse/define-command"
. 
. Defining command \xpretocmd with sig. '' on line 126.
.................................................
.................................................
. LaTeX info: "xparse/define-command"
. 
. Defining command \xapptocmd with sig. '' on line 127.
.................................................
.................................................
. LaTeX info: "xparse/define-command"
. 
. Defining command \xshowcmd with sig. '' on line 128.
.................................................
.................................................
. LaTeX info: "xparse/define-command"
. 
. Defining command \xpatchbibmacro with sig. 'm' on line 131.
.................................................
.................................................
. LaTeX info: "xparse/define-command"
. 
. Defining command \xpretobibmacro with sig. 'm' on line 133.
.................................................
.................................................
. LaTeX info: "xparse/define-command"
. 
. Defining command \xapptobibmacro with sig. 'm' on line 135.
.................................................
.................................................
. LaTeX info: "xparse/define-command"
. 
. Defining command \xshowbibmacro with sig. 'm' on line 137.
.................................................
.................................................
. LaTeX info: "xparse/define-command"
. 
. Defining command \xpatchfieldformat with sig. 'O{*}m' on line 139.
.................................................
.................................................
. LaTeX info: "xparse/define-command"
. 
. Defining command \xpretofieldformat with sig. 'O{*}m' on line 141.
.................................................
.................................................
. LaTeX info: "xparse/define-command"
. 
. Defining command \xapptofieldformat with sig. 'O{*}m' on line 143.
.................................................
.................................................
. LaTeX info: "xparse/define-command"
. 
. Defining command \xshowfieldformat with sig. 'O{*}m' on line 145.
.................................................
.................................................
. LaTeX info: "xparse/define-command"
. 
. Defining command \xpatchnameformat with sig. 'O{*}m' on line 147.
.................................................
.................................................
. LaTeX info: "xparse/define-command"
. 
. Defining command \xpretonameformat with sig. 'O{*}m' on line 149.
.................................................
.................................................
. LaTeX info: "xparse/define-command"
. 
. Defining command \xapptonameformat with sig. 'O{*}m' on line 151.
.................................................
.................................................
. LaTeX info: "xparse/define-command"
. 
. Defining command \xshownameformat with sig. 'O{*}m' on line 153.
.................................................
.................................................
. LaTeX info: "xparse/define-command"
. 
. Defining command \xpatchlistformat with sig. 'O{*}m' on line 155.
.................................................
.................................................
. LaTeX info: "xparse/define-command"
. 
. Defining command \xpretolistformat with sig. 'O{*}m' on line 157.
.................................................
.................................................
. LaTeX info: "xparse/define-command"
. 
. Defining command \xapptolistformat with sig. 'O{*}m' on line 159.
.................................................
.................................................
. LaTeX info: "xparse/define-command"
. 
. Defining command \xshowlistformat with sig. 'O{*}m' on line 161.
.................................................
.................................................
. LaTeX info: "xparse/define-command"
. 
. Defining command \xpatchindexfieldformat with sig. 'O{*}m' on line 163.
.................................................
.................................................
. LaTeX info: "xparse/define-command"
. 
. Defining command \xpretoindexfieldformat with sig. 'O{*}m' on line 165.
.................................................
.................................................
. LaTeX info: "xparse/define-command"
. 
. Defining command \xapptoindexfieldformat with sig. 'O{*}m' on line 167.
.................................................
.................................................
. LaTeX info: "xparse/define-command"
. 
. Defining command \xshowindexfieldformat with sig. 'O{*}m' on line 169.
.................................................
.................................................
. LaTeX info: "xparse/define-command"
. 
. Defining command \xpatchindexnameformat with sig. 'O{*}m' on line 171.
.................................................
.................................................
. LaTeX info: "xparse/define-command"
. 
. Defining command \xpretoindexnameformat with sig. 'O{*}m' on line 173.
.................................................
.................................................
. LaTeX info: "xparse/define-command"
. 
. Defining command \xapptoindexnameformat with sig. 'O{*}m' on line 175.
.................................................
.................................................
. LaTeX info: "xparse/define-command"
. 
. Defining command \xshowindexnameformat with sig. 'O{*}m' on line 177.
.................................................
.................................................
. LaTeX info: "xparse/define-command"
. 
. Defining command \xpatchindexlistformat with sig. 'O{*}m' on line 179.
.................................................
.................................................
. LaTeX info: "xparse/define-command"
. 
. Defining command \xpretoindexlistformat with sig. 'O{*}m' on line 181.
.................................................
.................................................
. LaTeX info: "xparse/define-command"
. 
. Defining command \xappindextolistformat with sig. 'O{*}m' on line 183.
.................................................
.................................................
. LaTeX info: "xparse/define-command"
. 
. Defining command \xshowindexlistformat with sig. 'O{*}m' on line 185.
.................................................
.................................................
. LaTeX info: "xparse/define-command"
. 
. Defining command \xpatchbibdriver with sig. 'm' on line 187.
.................................................
.................................................
. LaTeX info: "xparse/define-command"
. 
. Defining command \xpretobibdriver with sig. 'm' on line 189.
.................................................
.................................................
. LaTeX info: "xparse/define-command"
. 
. Defining command \xapptobibdriver with sig. 'm' on line 191.
.................................................
.................................................
. LaTeX info: "xparse/define-command"
. 
. Defining command \xshowbibdriver with sig. 'm' on line 193.
.................................................
)
\c@theorem=\count150

(c:/Software/texlive/2015/texmf-dist/tex/latex/hyperref/hyperref.sty
Package: hyperref 2012/11/06 v6.83m Hypertext links for LaTeX

(c:/Software/texlive/2015/texmf-dist/tex/generic/oberdiek/hobsub-hyperref.sty
Package: hobsub-hyperref 2012/05/28 v1.13 Bundle oberdiek, subset hyperref (HO)


(c:/Software/texlive/2015/texmf-dist/tex/generic/oberdiek/hobsub-generic.sty
Package: hobsub-generic 2012/05/28 v1.13 Bundle oberdiek, subset generic (HO)
Package: hobsub 2012/05/28 v1.13 Construct package bundles (HO)
Package hobsub Info: Skipping package `infwarerr' (already loaded).
Package hobsub Info: Skipping package `ltxcmds' (already loaded).
Package: ifluatex 2010/03/01 v1.3 Provides the ifluatex switch (HO)
Package ifluatex Info: LuaTeX not detected.
Package: ifvtex 2010/03/01 v1.5 Detect VTeX and its facilities (HO)
Package ifvtex Info: VTeX not detected.
Package: intcalc 2007/09/27 v1.1 Expandable calculations with integers (HO)
Package: ifpdf 2011/01/30 v2.3 Provides the ifpdf switch (HO)
Package ifpdf Info: pdfTeX in PDF mode is detected.
Package: etexcmds 2011/02/16 v1.5 Avoid name clashes with e-TeX commands (HO)
Package etexcmds Info: Could not find \expanded.
(etexcmds)             That can mean that you are not using pdfTeX 1.50 or
(etexcmds)             that some package has redefined \expanded.
(etexcmds)             In the latter case, load this package earlier.
Package: kvsetkeys 2012/04/25 v1.16 Key value parser (HO)
Package: kvdefinekeys 2011/04/07 v1.3 Define keys (HO)
Package: pdftexcmds 2011/11/29 v0.20 Utility functions of pdfTeX for LuaTeX (HO
)
Package pdftexcmds Info: LuaTeX not detected.
Package pdftexcmds Info: \pdf@primitive is available.
Package pdftexcmds Info: \pdf@ifprimitive is available.
Package pdftexcmds Info: \pdfdraftmode found.
Package: pdfescape 2011/11/25 v1.13 Implements pdfTeX's escape features (HO)
Package: bigintcalc 2012/04/08 v1.3 Expandable calculations on big integers (HO
)
Package: bitset 2011/01/30 v1.1 Handle bit-vector datatype (HO)
Package: uniquecounter 2011/01/30 v1.2 Provide unlimited unique counter (HO)
)
Package hobsub Info: Skipping package `hobsub' (already loaded).
Package: letltxmacro 2010/09/02 v1.4 Let assignment for LaTeX macros (HO)
Package: hopatch 2012/05/28 v1.2 Wrapper for package hooks (HO)
Package: xcolor-patch 2011/01/30 xcolor patch
Package: atveryend 2011/06/30 v1.8 Hooks at the very end of document (HO)
Package: atbegshi 2011/10/05 v1.16 At begin shipout hook (HO)
Package: refcount 2011/10/16 v3.4 Data extraction from label references (HO)
Package: hycolor 2011/01/30 v1.7 Color options for hyperref/bookmark (HO)
)
(c:/Software/texlive/2015/texmf-dist/tex/generic/ifxetex/ifxetex.sty
Package: ifxetex 2010/09/12 v0.6 Provides ifxetex conditional
)
(c:/Software/texlive/2015/texmf-dist/tex/latex/oberdiek/auxhook.sty
Package: auxhook 2011/03/04 v1.3 Hooks for auxiliary files (HO)
)
(c:/Software/texlive/2015/texmf-dist/tex/latex/oberdiek/kvoptions.sty
Package: kvoptions 2011/06/30 v3.11 Key value format for package options (HO)
)
\@linkdim=\dimen161
\Hy@linkcounter=\count151
\Hy@pagecounter=\count152

(c:/Software/texlive/2015/texmf-dist/tex/latex/hyperref/pd1enc.def
File: pd1enc.def 2012/11/06 v6.83m Hyperref: PDFDocEncoding definition (HO)
)
\Hy@SavedSpaceFactor=\count153

(c:/Software/texlive/2015/texmf-dist/tex/latex/latexconfig/hyperref.cfg
File: hyperref.cfg 2002/06/06 v1.2 hyperref configuration of TeXLive
)
Package hyperref Info: Option `breaklinks' set `true' on input line 4319.


Package hyperref Warning: Option `letterpaper' is no longer used.

Package hyperref Info: Option `colorlinks' set `true' on input line 4319.
Package hyperref Info: Option `bookmarks' set `false' on input line 4319.
Package hyperref Info: Hyper figures OFF on input line 4443.
Package hyperref Info: Link nesting OFF on input line 4448.
Package hyperref Info: Hyper index ON on input line 4451.
Package hyperref Info: Plain pages OFF on input line 4458.
Package hyperref Info: Backreferencing ON on input line 4461.
Package hyperref Info: Implicit mode ON; LaTeX internals redefined.
Package hyperref Info: Bookmarks OFF on input line 4694.
(c:/Software/texlive/2015/texmf-dist/tex/latex/hyperref/backref.sty
Package: backref 2012/07/25 v1.38 Bibliographical back referencing

(c:/Software/texlive/2015/texmf-dist/tex/latex/oberdiek/rerunfilecheck.sty
Package: rerunfilecheck 2011/04/15 v1.7 Rerun checks for auxiliary files (HO)
Package uniquecounter Info: New unique counter `rerunfilecheck' on input line 2
82.
))
\c@Hy@tempcnt=\count154

(c:/Software/texlive/2015/texmf-dist/tex/latex/url/url.sty
\Urlmuskip=\muskip17
Package: url 2013/09/16  ver 3.4  Verb mode for urls, etc.
)
LaTeX Info: Redefining \url on input line 5041.
\XeTeXLinkMargin=\dimen162
\Fld@menulength=\count155
\Field@Width=\dimen163
\Fld@charsize=\dimen164
Package hyperref Info: Hyper figures OFF on input line 6295.
Package hyperref Info: Link nesting OFF on input line 6300.
Package hyperref Info: Hyper index ON on input line 6303.
Package hyperref Info: backreferencing ON on input line 6308.
Package hyperref Info: Link coloring ON on input line 6313.
Package hyperref Info: Link coloring with OCG OFF on input line 6320.
Package hyperref Info: PDF/A mode OFF on input line 6325.
LaTeX Info: Redefining \ref on input line 6365.
LaTeX Info: Redefining \pageref on input line 6369.
\Hy@abspage=\count156
\c@Item=\count157
\c@Hfootnote=\count158
)

Package hyperref Message: Driver (autodetected): hpdftex.

(c:/Software/texlive/2015/texmf-dist/tex/latex/hyperref/hpdftex.def
File: hpdftex.def 2012/11/06 v6.83m Hyperref driver for pdfTeX
\Fld@listcount=\count159
\c@bookmark@seq@number=\count160
\Hy@SectionHShift=\skip65
)
(./572_supp.aux)
\openout1 = `572_supp.aux'.

LaTeX Font Info:    Checking defaults for OML/cmm/m/it on input line 45.
LaTeX Font Info:    ... okay on input line 45.
LaTeX Font Info:    Checking defaults for T1/cmr/m/n on input line 45.
LaTeX Font Info:    ... okay on input line 45.
LaTeX Font Info:    Checking defaults for OT1/cmr/m/n on input line 45.
LaTeX Font Info:    ... okay on input line 45.
LaTeX Font Info:    Checking defaults for OMS/cmsy/m/n on input line 45.
LaTeX Font Info:    ... okay on input line 45.
LaTeX Font Info:    Checking defaults for OMX/cmex/m/n on input line 45.
LaTeX Font Info:    ... okay on input line 45.
LaTeX Font Info:    Checking defaults for U/cmr/m/n on input line 45.
LaTeX Font Info:    ... okay on input line 45.
LaTeX Font Info:    Checking defaults for PD1/pdf/m/n on input line 45.
LaTeX Font Info:    ... okay on input line 45.
LaTeX Font Info:    Try loading font information for OT1+ptm on input line 45.

(c:/Software/texlive/2015/texmf-dist/tex/latex/psnfss/ot1ptm.fd
File: ot1ptm.fd 2001/06/04 font definitions for OT1/ptm.
)
ABD: EveryShipout initializing macros
(c:/Software/texlive/2015/texmf-dist/tex/context/base/supp-pdf.mkii
[Loading MPS to PDF converter (version 2006.09.02).]
\scratchcounter=\count161
\scratchdimen=\dimen165
\scratchbox=\box48
\nofMPsegments=\count162
\nofMParguments=\count163
\everyMPshowfont=\toks29
\MPscratchCnt=\count164
\MPscratchDim=\dimen166
\MPnumerator=\count165
\makeMPintoPDFobject=\count166
\everyMPtoPDFconversion=\toks30
) (c:/Software/texlive/2015/texmf-dist/tex/latex/oberdiek/epstopdf-base.sty
Package: epstopdf-base 2010/02/09 v2.5 Base part for package epstopdf

(c:/Software/texlive/2015/texmf-dist/tex/latex/oberdiek/grfext.sty
Package: grfext 2010/08/19 v1.1 Manage graphics extensions (HO)
)
Package grfext Info: Graphics extension search list:
(grfext)             [.png,.pdf,.jpg,.mps,.jpeg,.jbig2,.jb2,.PNG,.PDF,.JPG,.JPE
G,.JBIG2,.JB2,.eps]
(grfext)             \AppendGraphicsExtensions on input line 452.

(c:/Software/texlive/2015/texmf-dist/tex/latex/latexconfig/epstopdf-sys.cfg
File: epstopdf-sys.cfg 2010/07/13 v1.3 Configuration of (r)epstopdf for TeX Liv
e
))
\AtBeginShipoutBox=\box49
Package atbegshi Info: Package `everyshi' patched.
Package backref Info: ** backref set up for natbib ** on input line 45.
Package hyperref Info: Link coloring ON on input line 45.

(c:/Software/texlive/2015/texmf-dist/tex/latex/hyperref/nameref.sty
Package: nameref 2012/10/27 v2.43 Cross-referencing by name of section

(c:/Software/texlive/2015/texmf-dist/tex/generic/oberdiek/gettitlestring.sty
Package: gettitlestring 2010/12/03 v1.4 Cleanup title references (HO)
)
\c@section@level=\count167
)
LaTeX Info: Redefining \ref on input line 45.
LaTeX Info: Redefining \pageref on input line 45.
LaTeX Info: Redefining \nameref on input line 45.
LaTeX Font Info:    Font shape `OT1/ptm/bx/n' in size <14.4> not available
(Font)              Font shape `OT1/ptm/b/n' tried instead on input line 68.
LaTeX Font Info:    Try loading font information for U+msa on input line 68.

(c:/Software/texlive/2015/texmf-dist/tex/latex/amsfonts/umsa.fd
File: umsa.fd 2013/01/14 v3.01 AMS symbols A
)
LaTeX Font Info:    Try loading font information for U+msb on input line 68.

(c:/Software/texlive/2015/texmf-dist/tex/latex/amsfonts/umsb.fd
File: umsb.fd 2013/01/14 v3.01 AMS symbols B
)
LaTeX Font Info:    Try loading font information for U+lasy on input line 68.

(c:/Software/texlive/2015/texmf-dist/tex/latex/base/ulasy.fd
File: ulasy.fd 1998/08/17 v2.2e LaTeX symbol font definitions
)
LaTeX Font Info:    Font shape `OT1/ptm/bx/n' in size <12> not available
(Font)              Font shape `OT1/ptm/b/n' tried instead on input line 82.
LaTeX Font Info:    Font shape `OT1/ptm/bx/n' in size <10> not available
(Font)              Font shape `OT1/ptm/b/n' tried instead on input line 84.
LaTeX Font Info:    Try loading font information for OT1+phv on input line 241.


(c:/Software/texlive/2015/texmf-dist/tex/latex/psnfss/ot1phv.fd
File: ot1phv.fd 2001/06/04 scalable font definitions for OT1/phv.
) [1{c:/Software/texlive/2015/texmf-var/fonts/map/pdftex/updmap/pdftex.map}

]
LaTeX Font Info:    Font shape `OT1/ptm/bx/n' in size <8> not available
(Font)              Font shape `OT1/ptm/b/n' tried instead on input line 456.
 [2] [3]
<24images/resize_br_Noisy_nSig402030_kodim01.png, id=97, 205.76875pt x 205.7687
5pt>
File: 24images/resize_br_Noisy_nSig402030_kodim01.png Graphic file (type png)
 <use 24images/resize_br_Noisy_nSig402030_kodim01.png>
Package pdftex.def Info: 24images/resize_br_Noisy_nSig402030_kodim01.png used o
n input line 804.
(pdftex.def)             Requested size: 124.21405pt x 124.2126pt.

<24images/resize_br_kodim01.png, id=98, 205.76875pt x 205.76875pt>
File: 24images/resize_br_kodim01.png Graphic file (type png)

<use 24images/resize_br_kodim01.png>
Package pdftex.def Info: 24images/resize_br_kodim01.png used on input line 804.

(pdftex.def)             Requested size: 124.21405pt x 124.2126pt.

<24images/resize_br_CBM3D_nSig402030_kodim01.png, id=99, 205.76875pt x 205.7687
5pt>
File: 24images/resize_br_CBM3D_nSig402030_kodim01.png Graphic file (type png)
 <use 24images/resize_br_CBM3D_nSig402030_kodim01.png>
Package pdftex.def Info: 24images/resize_br_CBM3D_nSig402030_kodim01.png used o
n input line 827.
(pdftex.def)             Requested size: 124.21405pt x 124.2126pt.

<24images/resize_br_MLP_nSig402030_kodim01.png, id=101, 205.76875pt x 205.76875
pt>
File: 24images/resize_br_MLP_nSig402030_kodim01.png Graphic file (type png)
 <use 24images/resize_br_MLP_nSig402030_kodim01.png>
Package pdftex.def Info: 24images/resize_br_MLP_nSig402030_kodim01.png used on 
input line 827.
(pdftex.def)             Requested size: 124.21405pt x 124.2126pt.

<24images/resize_br_TNRD_nSig402030_kodim01.png, id=103, 205.76875pt x 205.7687
5pt>
File: 24images/resize_br_TNRD_nSig402030_kodim01.png Graphic file (type png)
 <use 24images/resize_br_TNRD_nSig402030_kodim01.png>
Package pdftex.def Info: 24images/resize_br_TNRD_nSig402030_kodim01.png used on
 input line 827.
(pdftex.def)             Requested size: 124.21405pt x 124.2126pt.

<24images/resize_br_NC_nSig402030_kodim01.png, id=105, 205.76875pt x 205.76875p
t>
File: 24images/resize_br_NC_nSig402030_kodim01.png Graphic file (type png)
 <use 24images/resize_br_NC_nSig402030_kodim01.png>
Package pdftex.def Info: 24images/resize_br_NC_nSig402030_kodim01.png used on i
nput line 827.
(pdftex.def)             Requested size: 124.21405pt x 124.2126pt.

<24images/resize_br_WNNMCW_nSig402030_kodim01.png, id=108, 205.76875pt x 205.76
875pt>
File: 24images/resize_br_WNNMCW_nSig402030_kodim01.png Graphic file (type png)
 <use 24images/resize_br_WNNMCW_nSig402030_kodim01.png>
Package pdftex.def Info: 24images/resize_br_WNNMCW_nSig402030_kodim01.png used 
on input line 849.
(pdftex.def)             Requested size: 124.21405pt x 124.2126pt.

<24images/resize_br_WNNMJ_nSig402030_kodim01.png, id=109, 205.76875pt x 205.768
75pt>
File: 24images/resize_br_WNNMJ_nSig402030_kodim01.png Graphic file (type png)
 <use 24images/resize_br_WNNMJ_nSig402030_kodim01.png>
Package pdftex.def Info: 24images/resize_br_WNNMJ_nSig402030_kodim01.png used o
n input line 849.
(pdftex.def)             Requested size: 124.21405pt x 124.2126pt.

<24images/resize_br_WNNM_ADMM_nSig402030_kodim01.png, id=110, 205.76875pt x 205
.76875pt>
File: 24images/resize_br_WNNM_ADMM_nSig402030_kodim01.png Graphic file (type pn
g)
 <use 24images/resize_br_WNNM_ADMM_nSig402030_kodim01.png>
Package pdftex.def Info: 24images/resize_br_WNNM_ADMM_nSig402030_kodim01.png us
ed on input line 849.
(pdftex.def)             Requested size: 124.21405pt x 124.2126pt.

<24images/resize_br_CWNNM_ADMM_nSig402030_kodim01.png, id=111, 205.76875pt x 20
5.76875pt>
File: 24images/resize_br_CWNNM_ADMM_nSig402030_kodim01.png Graphic file (type p
ng)
 <use 24images/resize_br_CWNNM_ADMM_nSig402030_kodim01.png>
Package pdftex.def Info: 24images/resize_br_CWNNM_ADMM_nSig402030_kodim01.png u
sed on input line 849.
(pdftex.def)             Requested size: 124.21405pt x 124.2126pt.

Overfull \hbox (12.49995pt too wide) in paragraph at lines 804--850
 [][] 
 []


Overfull \hbox (12.49995pt too wide) in paragraph at lines 804--850
 [][] 
 []


<24images/resize_br_Noisy_nSig402030_kodim03.png, id=112, 205.76875pt x 205.768
75pt>
File: 24images/resize_br_Noisy_nSig402030_kodim03.png Graphic file (type png)
 <use 24images/resize_br_Noisy_nSig402030_kodim03.png>
Package pdftex.def Info: 24images/resize_br_Noisy_nSig402030_kodim03.png used o
n input line 869.
(pdftex.def)             Requested size: 124.21405pt x 124.2126pt.

<24images/resize_br_kodim03.png, id=113, 205.76875pt x 205.76875pt>
File: 24images/resize_br_kodim03.png Graphic file (type png)

<use 24images/resize_br_kodim03.png>
Package pdftex.def Info: 24images/resize_br_kodim03.png used on input line 869.

(pdftex.def)             Requested size: 124.21405pt x 124.2126pt.

<24images/resize_br_CBM3D_nSig402030_kodim03.png, id=114, 205.76875pt x 205.768
75pt>
File: 24images/resize_br_CBM3D_nSig402030_kodim03.png Graphic file (type png)
 <use 24images/resize_br_CBM3D_nSig402030_kodim03.png>
Package pdftex.def Info: 24images/resize_br_CBM3D_nSig402030_kodim03.png used o
n input line 892.
(pdftex.def)             Requested size: 124.21405pt x 124.2126pt.

<24images/resize_br_MLP_nSig402030_kodim03.png, id=116, 205.76875pt x 205.76875
pt>
File: 24images/resize_br_MLP_nSig402030_kodim03.png Graphic file (type png)
 <use 24images/resize_br_MLP_nSig402030_kodim03.png>
Package pdftex.def Info: 24images/resize_br_MLP_nSig402030_kodim03.png used on 
input line 892.
(pdftex.def)             Requested size: 124.21405pt x 124.2126pt.

<24images/resize_br_TNRD_nSig402030_kodim03.png, id=118, 205.76875pt x 205.7687
5pt>
File: 24images/resize_br_TNRD_nSig402030_kodim03.png Graphic file (type png)
 <use 24images/resize_br_TNRD_nSig402030_kodim03.png>
Package pdftex.def Info: 24images/resize_br_TNRD_nSig402030_kodim03.png used on
 input line 892.
(pdftex.def)             Requested size: 124.21405pt x 124.2126pt.

<24images/resize_br_NC_nSig402030_kodim03.png, id=120, 205.76875pt x 205.76875p
t>
File: 24images/resize_br_NC_nSig402030_kodim03.png Graphic file (type png)
 <use 24images/resize_br_NC_nSig402030_kodim03.png>
Package pdftex.def Info: 24images/resize_br_NC_nSig402030_kodim03.png used on i
nput line 892.
(pdftex.def)             Requested size: 124.21405pt x 124.2126pt.

<24images/resize_br_WNNMCW_nSig402030_kodim03.png, id=123, 205.76875pt x 205.76
875pt>
File: 24images/resize_br_WNNMCW_nSig402030_kodim03.png Graphic file (type png)
 <use 24images/resize_br_WNNMCW_nSig402030_kodim03.png>
Package pdftex.def Info: 24images/resize_br_WNNMCW_nSig402030_kodim03.png used 
on input line 914.
(pdftex.def)             Requested size: 124.21405pt x 124.2126pt.

<24images/resize_br_WNNMJ_nSig402030_kodim03.png, id=124, 205.76875pt x 205.768
75pt>
File: 24images/resize_br_WNNMJ_nSig402030_kodim03.png Graphic file (type png)
 <use 24images/resize_br_WNNMJ_nSig402030_kodim03.png>
Package pdftex.def Info: 24images/resize_br_WNNMJ_nSig402030_kodim03.png used o
n input line 914.
(pdftex.def)             Requested size: 124.21405pt x 124.2126pt.

<24images/resize_br_WNNM_ADMM_nSig402030_kodim03.png, id=125, 205.76875pt x 205
.76875pt>
File: 24images/resize_br_WNNM_ADMM_nSig402030_kodim03.png Graphic file (type pn
g)
 <use 24images/resize_br_WNNM_ADMM_nSig402030_kodim03.png>
Package pdftex.def Info: 24images/resize_br_WNNM_ADMM_nSig402030_kodim03.png us
ed on input line 914.
(pdftex.def)             Requested size: 124.21405pt x 124.2126pt.

<24images/resize_br_CWNNM_ADMM_nSig402030_kodim03.png, id=126, 205.76875pt x 20
5.76875pt>
File: 24images/resize_br_CWNNM_ADMM_nSig402030_kodim03.png Graphic file (type p
ng)
 <use 24images/resize_br_CWNNM_ADMM_nSig402030_kodim03.png>
Package pdftex.def Info: 24images/resize_br_CWNNM_ADMM_nSig402030_kodim03.png u
sed on input line 914.
(pdftex.def)             Requested size: 124.21405pt x 124.2126pt.

Overfull \hbox (12.49995pt too wide) in paragraph at lines 869--915
 [][] 
 []


Overfull \hbox (12.49995pt too wide) in paragraph at lines 869--915
 [][] 
 []


<24images/resize_br_Noisy_nSig301050_kodim17.png, id=127, 205.76875pt x 205.768
75pt>
File: 24images/resize_br_Noisy_nSig301050_kodim17.png Graphic file (type png)
 <use 24images/resize_br_Noisy_nSig301050_kodim17.png>
Package pdftex.def Info: 24images/resize_br_Noisy_nSig301050_kodim17.png used o
n input line 933.
(pdftex.def)             Requested size: 124.21405pt x 124.2126pt.

<24images/resize_br_kodim17.png, id=128, 205.76875pt x 205.76875pt>
File: 24images/resize_br_kodim17.png Graphic file (type png)

<use 24images/resize_br_kodim17.png>
Package pdftex.def Info: 24images/resize_br_kodim17.png used on input line 933.

(pdftex.def)             Requested size: 124.21405pt x 124.2126pt.

<24images/resize_br_CBM3D_nSig301050_kodim17.png, id=129, 205.76875pt x 205.768
75pt>
File: 24images/resize_br_CBM3D_nSig301050_kodim17.png Graphic file (type png)
 <use 24images/resize_br_CBM3D_nSig301050_kodim17.png>
Package pdftex.def Info: 24images/resize_br_CBM3D_nSig301050_kodim17.png used o
n input line 956.
(pdftex.def)             Requested size: 124.21405pt x 124.2126pt.

<24images/resize_br_MLP_nSig301050_kodim17.png, id=131, 205.76875pt x 205.76875
pt>
File: 24images/resize_br_MLP_nSig301050_kodim17.png Graphic file (type png)
 <use 24images/resize_br_MLP_nSig301050_kodim17.png>
Package pdftex.def Info: 24images/resize_br_MLP_nSig301050_kodim17.png used on 
input line 956.
(pdftex.def)             Requested size: 124.21405pt x 124.2126pt.

<24images/resize_br_TNRD_nSig301050_kodim17.png, id=133, 205.76875pt x 205.7687
5pt>
File: 24images/resize_br_TNRD_nSig301050_kodim17.png Graphic file (type png)
 <use 24images/resize_br_TNRD_nSig301050_kodim17.png>
Package pdftex.def Info: 24images/resize_br_TNRD_nSig301050_kodim17.png used on
 input line 956.
(pdftex.def)             Requested size: 124.21405pt x 124.2126pt.

<24images/resize_br_NC_nSig301050_kodim17.png, id=135, 205.76875pt x 205.76875p
t>
File: 24images/resize_br_NC_nSig301050_kodim17.png Graphic file (type png)
 <use 24images/resize_br_NC_nSig301050_kodim17.png>
Package pdftex.def Info: 24images/resize_br_NC_nSig301050_kodim17.png used on i
nput line 956.
(pdftex.def)             Requested size: 124.21405pt x 124.2126pt.

<24images/resize_br_WNNMcw_nSig301050_kodim17.png, id=138, 205.76875pt x 205.76
875pt>
File: 24images/resize_br_WNNMcw_nSig301050_kodim17.png Graphic file (type png)
 <use 24images/resize_br_WNNMcw_nSig301050_kodim17.png>
Package pdftex.def Info: 24images/resize_br_WNNMcw_nSig301050_kodim17.png used 
on input line 978.
(pdftex.def)             Requested size: 124.21405pt x 124.2126pt.

<24images/resize_br_WNNMJ_nSig301050_kodim17.png, id=139, 205.76875pt x 205.768
75pt>
File: 24images/resize_br_WNNMJ_nSig301050_kodim17.png Graphic file (type png)
 <use 24images/resize_br_WNNMJ_nSig301050_kodim17.png>
Package pdftex.def Info: 24images/resize_br_WNNMJ_nSig301050_kodim17.png used o
n input line 978.
(pdftex.def)             Requested size: 124.21405pt x 124.2126pt.

<24images/resize_br_WNNM_ADMM_nSig301050_kodim17.png, id=140, 205.76875pt x 205
.76875pt>
File: 24images/resize_br_WNNM_ADMM_nSig301050_kodim17.png Graphic file (type pn
g)
 <use 24images/resize_br_WNNM_ADMM_nSig301050_kodim17.png>
Package pdftex.def Info: 24images/resize_br_WNNM_ADMM_nSig301050_kodim17.png us
ed on input line 978.
(pdftex.def)             Requested size: 124.21405pt x 124.2126pt.

<24images/resize_br_CWNNM_ADMM_nSig301050_kodim17.png, id=141, 205.76875pt x 20
5.76875pt>
File: 24images/resize_br_CWNNM_ADMM_nSig301050_kodim17.png Graphic file (type p
ng)
 <use 24images/resize_br_CWNNM_ADMM_nSig301050_kodim17.png>
Package pdftex.def Info: 24images/resize_br_CWNNM_ADMM_nSig301050_kodim17.png u
sed on input line 978.
(pdftex.def)             Requested size: 124.21405pt x 124.2126pt.

Overfull \hbox (12.49995pt too wide) in paragraph at lines 933--979
 [][] 
 []


Overfull \hbox (12.49995pt too wide) in paragraph at lines 933--979
 [][] 
 []


<24images/resize_br_Noisy_nSig301050_kodim19.png, id=142, 205.76875pt x 205.768
75pt>
File: 24images/resize_br_Noisy_nSig301050_kodim19.png Graphic file (type png)
 <use 24images/resize_br_Noisy_nSig301050_kodim19.png>
Package pdftex.def Info: 24images/resize_br_Noisy_nSig301050_kodim19.png used o
n input line 997.
(pdftex.def)             Requested size: 124.21405pt x 124.2126pt.

<24images/resize_br_kodim19.png, id=143, 205.76875pt x 205.76875pt>
File: 24images/resize_br_kodim19.png Graphic file (type png)

<use 24images/resize_br_kodim19.png>
Package pdftex.def Info: 24images/resize_br_kodim19.png used on input line 997.

(pdftex.def)             Requested size: 124.21405pt x 124.2126pt.

<24images/resize_br_CBM3D_nSig301050_kodim19.png, id=144, 205.76875pt x 205.768
75pt>
File: 24images/resize_br_CBM3D_nSig301050_kodim19.png Graphic file (type png)
 <use 24images/resize_br_CBM3D_nSig301050_kodim19.png>
Package pdftex.def Info: 24images/resize_br_CBM3D_nSig301050_kodim19.png used o
n input line 1020.
(pdftex.def)             Requested size: 124.21405pt x 124.2126pt.

<24images/resize_br_MLP_nSig301050_kodim19.png, id=146, 205.76875pt x 205.76875
pt>
File: 24images/resize_br_MLP_nSig301050_kodim19.png Graphic file (type png)
 <use 24images/resize_br_MLP_nSig301050_kodim19.png>
Package pdftex.def Info: 24images/resize_br_MLP_nSig301050_kodim19.png used on 
input line 1020.
(pdftex.def)             Requested size: 124.21405pt x 124.2126pt.

<24images/resize_br_TNRD_nSig301050_kodim19.png, id=148, 205.76875pt x 205.7687
5pt>
File: 24images/resize_br_TNRD_nSig301050_kodim19.png Graphic file (type png)
 <use 24images/resize_br_TNRD_nSig301050_kodim19.png>
Package pdftex.def Info: 24images/resize_br_TNRD_nSig301050_kodim19.png used on
 input line 1020.
(pdftex.def)             Requested size: 124.21405pt x 124.2126pt.

<24images/resize_br_NC_nSig301050_kodim19.png, id=150, 205.76875pt x 205.76875p
t>
File: 24images/resize_br_NC_nSig301050_kodim19.png Graphic file (type png)
 <use 24images/resize_br_NC_nSig301050_kodim19.png>
Package pdftex.def Info: 24images/resize_br_NC_nSig301050_kodim19.png used on i
nput line 1020.
(pdftex.def)             Requested size: 124.21405pt x 124.2126pt.

<24images/resize_br_WNNMcw_nSig301050_kodim19.png, id=153, 205.76875pt x 205.76
875pt>
File: 24images/resize_br_WNNMcw_nSig301050_kodim19.png Graphic file (type png)
 <use 24images/resize_br_WNNMcw_nSig301050_kodim19.png>
Package pdftex.def Info: 24images/resize_br_WNNMcw_nSig301050_kodim19.png used 
on input line 1042.
(pdftex.def)             Requested size: 124.21405pt x 124.2126pt.

<24images/resize_br_WNNMJ_nSig301050_kodim19.png, id=154, 205.76875pt x 205.768
75pt>
File: 24images/resize_br_WNNMJ_nSig301050_kodim19.png Graphic file (type png)
 <use 24images/resize_br_WNNMJ_nSig301050_kodim19.png>
Package pdftex.def Info: 24images/resize_br_WNNMJ_nSig301050_kodim19.png used o
n input line 1042.
(pdftex.def)             Requested size: 124.21405pt x 124.2126pt.

<24images/resize_br_WNNM_ADMM_nSig301050_kodim19.png, id=155, 205.76875pt x 205
.76875pt>
File: 24images/resize_br_WNNM_ADMM_nSig301050_kodim19.png Graphic file (type pn
g)
 <use 24images/resize_br_WNNM_ADMM_nSig301050_kodim19.png>
Package pdftex.def Info: 24images/resize_br_WNNM_ADMM_nSig301050_kodim19.png us
ed on input line 1042.
(pdftex.def)             Requested size: 124.21405pt x 124.2126pt.

<24images/resize_br_CWNNM_ADMM_nSig301050_kodim19.png, id=156, 205.76875pt x 20
5.76875pt>
File: 24images/resize_br_CWNNM_ADMM_nSig301050_kodim19.png Graphic file (type p
ng)
 <use 24images/resize_br_CWNNM_ADMM_nSig301050_kodim19.png>
Package pdftex.def Info: 24images/resize_br_CWNNM_ADMM_nSig301050_kodim19.png u
sed on input line 1042.
(pdftex.def)             Requested size: 124.21405pt x 124.2126pt.

Overfull \hbox (12.49995pt too wide) in paragraph at lines 997--1043
 [][] 
 []


Overfull \hbox (12.49995pt too wide) in paragraph at lines 997--1043
 [][] 
 []


<24images/resize_br_Noisy_nSig53015_kodim09.png, id=157, 205.76875pt x 205.7687
5pt>
File: 24images/resize_br_Noisy_nSig53015_kodim09.png Graphic file (type png)
 <use 24images/resize_br_Noisy_nSig53015_kodim09.png>
Package pdftex.def Info: 24images/resize_br_Noisy_nSig53015_kodim09.png used on
 input line 1063.
(pdftex.def)             Requested size: 124.21405pt x 124.2126pt.

<24images/resize_br_kodim09.png, id=158, 205.76875pt x 205.76875pt>
File: 24images/resize_br_kodim09.png Graphic file (type png)

<use 24images/resize_br_kodim09.png>
Package pdftex.def Info: 24images/resize_br_kodim09.png used on input line 1063
.
(pdftex.def)             Requested size: 124.21405pt x 124.2126pt.

<24images/resize_br_CBM3D_nSig53015_kodim09.png, id=159, 205.76875pt x 205.7687
5pt>
File: 24images/resize_br_CBM3D_nSig53015_kodim09.png Graphic file (type png)
 <use 24images/resize_br_CBM3D_nSig53015_kodim09.png>
Package pdftex.def Info: 24images/resize_br_CBM3D_nSig53015_kodim09.png used on
 input line 1086.
(pdftex.def)             Requested size: 124.21405pt x 124.2126pt.

<24images/resize_br_MLP_nSig53015_kodim09.png, id=161, 205.76875pt x 205.76875p
t>
File: 24images/resize_br_MLP_nSig53015_kodim09.png Graphic file (type png)
 <use 24images/resize_br_MLP_nSig53015_kodim09.png>
Package pdftex.def Info: 24images/resize_br_MLP_nSig53015_kodim09.png used on i
nput line 1086.
(pdftex.def)             Requested size: 124.21405pt x 124.2126pt.

<24images/resize_br_TNRD_nSig53015_kodim09.png, id=163, 205.76875pt x 205.76875
pt>
File: 24images/resize_br_TNRD_nSig53015_kodim09.png Graphic file (type png)
 <use 24images/resize_br_TNRD_nSig53015_kodim09.png>
Package pdftex.def Info: 24images/resize_br_TNRD_nSig53015_kodim09.png used on 
input line 1086.
(pdftex.def)             Requested size: 124.21405pt x 124.2126pt.

<24images/resize_br_NC_nSig53015_kodim09.png, id=165, 205.76875pt x 205.76875pt
>
File: 24images/resize_br_NC_nSig53015_kodim09.png Graphic file (type png)
 <use 24images/resize_br_NC_nSig53015_kodim09.png>
Package pdftex.def Info: 24images/resize_br_NC_nSig53015_kodim09.png used on in
put line 1086.
(pdftex.def)             Requested size: 124.21405pt x 124.2126pt.

<24images/resize_br_WNNMcw_nSig53015_kodim09.png, id=168, 205.76875pt x 205.768
75pt>
File: 24images/resize_br_WNNMcw_nSig53015_kodim09.png Graphic file (type png)
 <use 24images/resize_br_WNNMcw_nSig53015_kodim09.png>
Package pdftex.def Info: 24images/resize_br_WNNMcw_nSig53015_kodim09.png used o
n input line 1108.
(pdftex.def)             Requested size: 124.21405pt x 124.2126pt.

<24images/resize_br_WNNMJ_nSig53015_kodim09.png, id=169, 205.76875pt x 205.7687
5pt>
File: 24images/resize_br_WNNMJ_nSig53015_kodim09.png Graphic file (type png)
 <use 24images/resize_br_WNNMJ_nSig53015_kodim09.png>
Package pdftex.def Info: 24images/resize_br_WNNMJ_nSig53015_kodim09.png used on
 input line 1108.
(pdftex.def)             Requested size: 124.21405pt x 124.2126pt.

<24images/resize_br_WNNM_ADMM_nSig53015_kodim09.png, id=170, 205.76875pt x 205.
76875pt>
File: 24images/resize_br_WNNM_ADMM_nSig53015_kodim09.png Graphic file (type png
)
 <use 24images/resize_br_WNNM_ADMM_nSig53015_kodim09.png>
Package pdftex.def Info: 24images/resize_br_WNNM_ADMM_nSig53015_kodim09.png use
d on input line 1108.
(pdftex.def)             Requested size: 124.21405pt x 124.2126pt.

<24images/resize_br_CWNNM_ADMM_nSig53015_kodim09.png, id=171, 205.76875pt x 205
.76875pt>
File: 24images/resize_br_CWNNM_ADMM_nSig53015_kodim09.png Graphic file (type pn
g)
 <use 24images/resize_br_CWNNM_ADMM_nSig53015_kodim09.png>
Package pdftex.def Info: 24images/resize_br_CWNNM_ADMM_nSig53015_kodim09.png us
ed on input line 1108.
(pdftex.def)             Requested size: 124.21405pt x 124.2126pt.

Overfull \hbox (12.49995pt too wide) in paragraph at lines 1063--1109
 [][] 
 []


Overfull \hbox (12.49995pt too wide) in paragraph at lines 1063--1109
 [][] 
 []


<24images/resize_br_Noisy_nSig53015_kodim15.png, id=172, 205.76875pt x 205.7687
5pt>
File: 24images/resize_br_Noisy_nSig53015_kodim15.png Graphic file (type png)
 <use 24images/resize_br_Noisy_nSig53015_kodim15.png>
Package pdftex.def Info: 24images/resize_br_Noisy_nSig53015_kodim15.png used on
 input line 1130.
(pdftex.def)             Requested size: 124.21405pt x 124.2126pt.

<24images/resize_br_kodim15.png, id=173, 205.76875pt x 205.76875pt>
File: 24images/resize_br_kodim15.png Graphic file (type png)

<use 24images/resize_br_kodim15.png>
Package pdftex.def Info: 24images/resize_br_kodim15.png used on input line 1130
.
(pdftex.def)             Requested size: 124.21405pt x 124.2126pt.

<24images/resize_br_CBM3D_nSig53015_kodim15.png, id=174, 205.76875pt x 205.7687
5pt>
File: 24images/resize_br_CBM3D_nSig53015_kodim15.png Graphic file (type png)
 <use 24images/resize_br_CBM3D_nSig53015_kodim15.png>
Package pdftex.def Info: 24images/resize_br_CBM3D_nSig53015_kodim15.png used on
 input line 1153.
(pdftex.def)             Requested size: 124.21405pt x 124.2126pt.

<24images/resize_br_MLP_nSig53015_kodim15.png, id=176, 205.76875pt x 205.76875p
t>
File: 24images/resize_br_MLP_nSig53015_kodim15.png Graphic file (type png)
 <use 24images/resize_br_MLP_nSig53015_kodim15.png>
Package pdftex.def Info: 24images/resize_br_MLP_nSig53015_kodim15.png used on i
nput line 1153.
(pdftex.def)             Requested size: 124.21405pt x 124.2126pt.

<24images/resize_br_TNRD_nSig53015_kodim15.png, id=178, 205.76875pt x 205.76875
pt>
File: 24images/resize_br_TNRD_nSig53015_kodim15.png Graphic file (type png)
 <use 24images/resize_br_TNRD_nSig53015_kodim15.png>
Package pdftex.def Info: 24images/resize_br_TNRD_nSig53015_kodim15.png used on 
input line 1153.
(pdftex.def)             Requested size: 124.21405pt x 124.2126pt.

<24images/resize_br_NC_nSig53015_kodim15.png, id=180, 205.76875pt x 205.76875pt
>
File: 24images/resize_br_NC_nSig53015_kodim15.png Graphic file (type png)
 <use 24images/resize_br_NC_nSig53015_kodim15.png>
Package pdftex.def Info: 24images/resize_br_NC_nSig53015_kodim15.png used on in
put line 1153.
(pdftex.def)             Requested size: 124.21405pt x 124.2126pt.

<24images/resize_br_WNNMcw_nSig53015_kodim15.png, id=183, 205.76875pt x 205.768
75pt>
File: 24images/resize_br_WNNMcw_nSig53015_kodim15.png Graphic file (type png)
 <use 24images/resize_br_WNNMcw_nSig53015_kodim15.png>
Package pdftex.def Info: 24images/resize_br_WNNMcw_nSig53015_kodim15.png used o
n input line 1175.
(pdftex.def)             Requested size: 124.21405pt x 124.2126pt.

<24images/resize_br_WNNMJ_nSig53015_kodim15.png, id=184, 205.76875pt x 205.7687
5pt>
File: 24images/resize_br_WNNMJ_nSig53015_kodim15.png Graphic file (type png)
 <use 24images/resize_br_WNNMJ_nSig53015_kodim15.png>
Package pdftex.def Info: 24images/resize_br_WNNMJ_nSig53015_kodim15.png used on
 input line 1175.
(pdftex.def)             Requested size: 124.21405pt x 124.2126pt.

<24images/resize_br_WNNM_ADMM_nSig53015_kodim15.png, id=185, 205.76875pt x 205.
76875pt>
File: 24images/resize_br_WNNM_ADMM_nSig53015_kodim15.png Graphic file (type png
)
 <use 24images/resize_br_WNNM_ADMM_nSig53015_kodim15.png>
Package pdftex.def Info: 24images/resize_br_WNNM_ADMM_nSig53015_kodim15.png use
d on input line 1175.
(pdftex.def)             Requested size: 124.21405pt x 124.2126pt.

<24images/resize_br_CWNNM_ADMM_nSig53015_kodim15.png, id=186, 205.76875pt x 205
.76875pt>
File: 24images/resize_br_CWNNM_ADMM_nSig53015_kodim15.png Graphic file (type pn
g)
 <use 24images/resize_br_CWNNM_ADMM_nSig53015_kodim15.png>
Package pdftex.def Info: 24images/resize_br_CWNNM_ADMM_nSig53015_kodim15.png us
ed on input line 1175.
(pdftex.def)             Requested size: 124.21405pt x 124.2126pt.

Overfull \hbox (12.49995pt too wide) in paragraph at lines 1130--1176
 [][] 
 []


Overfull \hbox (12.49995pt too wide) in paragraph at lines 1130--1176
 [][] 
 []

<imagessupp/resize_br_Noisy_frog.png, id=187, 225.84375pt x 225.84375pt>
File: imagessupp/resize_br_Noisy_frog.png Graphic file (type png)

<use imagessupp/resize_br_Noisy_frog.png>
Package pdftex.def Info: imagessupp/resize_br_Noisy_frog.png used on input line
 1192.
(pdftex.def)             Requested size: 149.05838pt x 149.06766pt.

<imagessupp/resize_br_CBM3D_frog.png, id=189, 225.84375pt x 225.84375pt>
File: imagessupp/resize_br_CBM3D_frog.png Graphic file (type png)

<use imagessupp/resize_br_CBM3D_frog.png>
Package pdftex.def Info: imagessupp/resize_br_CBM3D_frog.png used on input line
 1209.
(pdftex.def)             Requested size: 149.05838pt x 149.06766pt.

<imagessupp/resize_br_MLP_frog.png, id=191, 225.84375pt x 225.84375pt>
File: imagessupp/resize_br_MLP_frog.png Graphic file (type png)

<use imagessupp/resize_br_MLP_frog.png>
Package pdftex.def Info: imagessupp/resize_br_MLP_frog.png used on input line 1
209.
(pdftex.def)             Requested size: 149.05838pt x 149.06766pt.

<imagessupp/resize_br_TNRD_frog.png, id=193, 225.84375pt x 225.84375pt>
File: imagessupp/resize_br_TNRD_frog.png Graphic file (type png)

<use imagessupp/resize_br_TNRD_frog.png>
Package pdftex.def Info: imagessupp/resize_br_TNRD_frog.png used on input line 
1209.
(pdftex.def)             Requested size: 149.05838pt x 149.06766pt.

<imagessupp/resize_br_NI_frog.png, id=195, 225.84375pt x 225.84375pt>
File: imagessupp/resize_br_NI_frog.png Graphic file (type png)

<use imagessupp/resize_br_NI_frog.png>
Package pdftex.def Info: imagessupp/resize_br_NI_frog.png used on input line 12
26.
(pdftex.def)             Requested size: 149.05838pt x 149.06766pt.

<imagessupp/resize_br_NC_frog.png, id=197, 225.84375pt x 225.84375pt>
File: imagessupp/resize_br_NC_frog.png Graphic file (type png)

<use imagessupp/resize_br_NC_frog.png>
Package pdftex.def Info: imagessupp/resize_br_NC_frog.png used on input line 12
26.
(pdftex.def)             Requested size: 149.05838pt x 149.06766pt.

<imagessupp/resize_br_WNNMcw_frog.png, id=200, 225.84375pt x 225.84375pt>
File: imagessupp/resize_br_WNNMcw_frog.png Graphic file (type png)

<use imagessupp/resize_br_WNNMcw_frog.png>
Package pdftex.def Info: imagessupp/resize_br_WNNMcw_frog.png used on input lin
e 1226.
(pdftex.def)             Requested size: 149.05838pt x 149.06766pt.

<imagessupp/resize_br_WNNMJ_frog.png, id=202, 225.84375pt x 225.84375pt>
File: imagessupp/resize_br_WNNMJ_frog.png Graphic file (type png)

<use imagessupp/resize_br_WNNMJ_frog.png>
Package pdftex.def Info: imagessupp/resize_br_WNNMJ_frog.png used on input line
 1243.
(pdftex.def)             Requested size: 149.05838pt x 149.06766pt.

<imagessupp/resize_br_WNNM_ADMM_frog.png, id=204, 225.84375pt x 225.84375pt>
File: imagessupp/resize_br_WNNM_ADMM_frog.png Graphic file (type png)

<use imagessupp/resize_br_WNNM_ADMM_frog.png>
Package pdftex.def Info: imagessupp/resize_br_WNNM_ADMM_frog.png used on input 
line 1243.
(pdftex.def)             Requested size: 149.05838pt x 149.06766pt.

<imagessupp/resize_br_CWNNM_ADMM_NL_frog.png, id=206, 225.84375pt x 225.84375pt
>
File: imagessupp/resize_br_CWNNM_ADMM_NL_frog.png Graphic file (type png)
 <use imagessupp/resize_br_CWNNM_ADMM_NL_frog.png>
Package pdftex.def Info: imagessupp/resize_br_CWNNM_ADMM_NL_frog.png used on in
put line 1243.
(pdftex.def)             Requested size: 149.05838pt x 149.06766pt.

<imagessupp/resize_br_Noisy_chinesegirl.png, id=209, 225.84375pt x 225.84375pt>
File: imagessupp/resize_br_Noisy_chinesegirl.png Graphic file (type png)
<use imagessupp/resize_br_Noisy_chinesegirl.png>
Package pdftex.def Info: imagessupp/resize_br_Noisy_chinesegirl.png used on inp
ut line 1260.
(pdftex.def)             Requested size: 149.05838pt x 149.06766pt.

<imagessupp/resize_br_CBM3D_chinesegirl.png, id=211, 225.84375pt x 225.84375pt>
File: imagessupp/resize_br_CBM3D_chinesegirl.png Graphic file (type png)
<use imagessupp/resize_br_CBM3D_chinesegirl.png>
Package pdftex.def Info: imagessupp/resize_br_CBM3D_chinesegirl.png used on inp
ut line 1277.
(pdftex.def)             Requested size: 149.05838pt x 149.06766pt.

<imagessupp/resize_br_MLP_chinesegirl.png, id=213, 225.84375pt x 225.84375pt>
File: imagessupp/resize_br_MLP_chinesegirl.png Graphic file (type png)

<use imagessupp/resize_br_MLP_chinesegirl.png>
Package pdftex.def Info: imagessupp/resize_br_MLP_chinesegirl.png used on input
 line 1277.
(pdftex.def)             Requested size: 149.05838pt x 149.06766pt.

<imagessupp/resize_br_TNRD_chinesegirl.png, id=215, 225.84375pt x 225.84375pt>
File: imagessupp/resize_br_TNRD_chinesegirl.png Graphic file (type png)

<use imagessupp/resize_br_TNRD_chinesegirl.png>
Package pdftex.def Info: imagessupp/resize_br_TNRD_chinesegirl.png used on inpu
t line 1277.
(pdftex.def)             Requested size: 149.05838pt x 149.06766pt.

<imagessupp/resize_br_NI_chinesegirl.png, id=217, 225.84375pt x 225.84375pt>
File: imagessupp/resize_br_NI_chinesegirl.png Graphic file (type png)

<use imagessupp/resize_br_NI_chinesegirl.png>
Package pdftex.def Info: imagessupp/resize_br_NI_chinesegirl.png used on input 
line 1294.
(pdftex.def)             Requested size: 149.05838pt x 149.06766pt.

<imagessupp/resize_br_NC_chinesegirl.png, id=219, 225.84375pt x 225.84375pt>
File: imagessupp/resize_br_NC_chinesegirl.png Graphic file (type png)

<use imagessupp/resize_br_NC_chinesegirl.png>
Package pdftex.def Info: imagessupp/resize_br_NC_chinesegirl.png used on input 
line 1294.
(pdftex.def)             Requested size: 149.05838pt x 149.06766pt.

<imagessupp/resize_br_WNNMcw_chinesegirl.png, id=222, 225.84375pt x 225.84375pt
>
File: imagessupp/resize_br_WNNMcw_chinesegirl.png Graphic file (type png)
 <use imagessupp/resize_br_WNNMcw_chinesegirl.png>
Package pdftex.def Info: imagessupp/resize_br_WNNMcw_chinesegirl.png used on in
put line 1294.
(pdftex.def)             Requested size: 149.05838pt x 149.06766pt.

<imagessupp/resize_br_WNNMJ_chinesegirl.png, id=224, 225.84375pt x 225.84375pt>
File: imagessupp/resize_br_WNNMJ_chinesegirl.png Graphic file (type png)
<use imagessupp/resize_br_WNNMJ_chinesegirl.png>
Package pdftex.def Info: imagessupp/resize_br_WNNMJ_chinesegirl.png used on inp
ut line 1311.
(pdftex.def)             Requested size: 149.05838pt x 149.06766pt.

<imagessupp/resize_br_WNNM_ADMM_chinesegirl.png, id=226, 225.84375pt x 225.8437
5pt>
File: imagessupp/resize_br_WNNM_ADMM_chinesegirl.png Graphic file (type png)
 <use imagessupp/resize_br_WNNM_ADMM_chinesegirl.png>
Package pdftex.def Info: imagessupp/resize_br_WNNM_ADMM_chinesegirl.png used on
 input line 1311.
(pdftex.def)             Requested size: 149.05838pt x 149.06766pt.

<imagessupp/resize_br_CWNNM_ADMM_NL_chinesegirl.png, id=228, 225.84375pt x 225.
84375pt>
File: imagessupp/resize_br_CWNNM_ADMM_NL_chinesegirl.png Graphic file (type png
)
 <use imagessupp/resize_br_CWNNM_ADMM_NL_chinesegirl.png>
Package pdftex.def Info: imagessupp/resize_br_CWNNM_ADMM_NL_chinesegirl.png use
d on input line 1311.
(pdftex.def)             Requested size: 149.05838pt x 149.06766pt.

<imagessupp/resize_br_Noisy_circuit.png, id=231, 212.795pt x 212.795pt>
File: imagessupp/resize_br_Noisy_circuit.png Graphic file (type png)

<use imagessupp/resize_br_Noisy_circuit.png>
Package pdftex.def Info: imagessupp/resize_br_Noisy_circuit.png used on input l
ine 1328.
(pdftex.def)             Requested size: 149.05838pt x 149.06587pt.

<imagessupp/resize_br_CBM3D_circuit.png, id=233, 212.795pt x 212.795pt>
File: imagessupp/resize_br_CBM3D_circuit.png Graphic file (type png)

<use imagessupp/resize_br_CBM3D_circuit.png>
Package pdftex.def Info: imagessupp/resize_br_CBM3D_circuit.png used on input l
ine 1345.
(pdftex.def)             Requested size: 149.05838pt x 149.06587pt.

<imagessupp/resize_br_MLP_circuit.png, id=235, 212.795pt x 212.795pt>
File: imagessupp/resize_br_MLP_circuit.png Graphic file (type png)

<use imagessupp/resize_br_MLP_circuit.png>
Package pdftex.def Info: imagessupp/resize_br_MLP_circuit.png used on input lin
e 1345.
(pdftex.def)             Requested size: 149.05838pt x 149.06587pt.

<imagessupp/resize_br_TNRD_circuit.png, id=237, 212.795pt x 212.795pt>
File: imagessupp/resize_br_TNRD_circuit.png Graphic file (type png)

<use imagessupp/resize_br_TNRD_circuit.png>
Package pdftex.def Info: imagessupp/resize_br_TNRD_circuit.png used on input li
ne 1345.
(pdftex.def)             Requested size: 149.05838pt x 149.06587pt.

<imagessupp/resize_br_NI_circuit.png, id=239, 212.795pt x 212.795pt>
File: imagessupp/resize_br_NI_circuit.png Graphic file (type png)

<use imagessupp/resize_br_NI_circuit.png>
Package pdftex.def Info: imagessupp/resize_br_NI_circuit.png used on input line
 1362.
(pdftex.def)             Requested size: 149.05838pt x 149.06587pt.

<imagessupp/resize_br_NC_circuit.png, id=241, 212.795pt x 212.795pt>
File: imagessupp/resize_br_NC_circuit.png Graphic file (type png)

<use imagessupp/resize_br_NC_circuit.png>
Package pdftex.def Info: imagessupp/resize_br_NC_circuit.png used on input line
 1362.
(pdftex.def)             Requested size: 149.05838pt x 149.06587pt.

<imagessupp/resize_br_WNNMcw_circuit.png, id=244, 212.795pt x 212.795pt>
File: imagessupp/resize_br_WNNMcw_circuit.png Graphic file (type png)

<use imagessupp/resize_br_WNNMcw_circuit.png>
Package pdftex.def Info: imagessupp/resize_br_WNNMcw_circuit.png used on input 
line 1362.
(pdftex.def)             Requested size: 149.05838pt x 149.06587pt.

<imagessupp/resize_br_WNNMJ_circuit.png, id=246, 212.795pt x 212.795pt>
File: imagessupp/resize_br_WNNMJ_circuit.png Graphic file (type png)

<use imagessupp/resize_br_WNNMJ_circuit.png>
Package pdftex.def Info: imagessupp/resize_br_WNNMJ_circuit.png used on input l
ine 1379.
(pdftex.def)             Requested size: 149.05838pt x 149.06587pt.

<imagessupp/resize_br_WNNM_ADMM_circuit.png, id=248, 212.795pt x 212.795pt>
File: imagessupp/resize_br_WNNM_ADMM_circuit.png Graphic file (type png)

<use imagessupp/resize_br_WNNM_ADMM_circuit.png>
Package pdftex.def Info: imagessupp/resize_br_WNNM_ADMM_circuit.png used on inp
ut line 1379.
(pdftex.def)             Requested size: 149.05838pt x 149.06587pt.

<imagessupp/resize_br_CWNNM_ADMM_NL_circuit.png, id=250, 212.795pt x 212.795pt>
File: imagessupp/resize_br_CWNNM_ADMM_NL_circuit.png Graphic file (type png)
<use imagessupp/resize_br_CWNNM_ADMM_NL_circuit.png>
Package pdftex.def Info: imagessupp/resize_br_CWNNM_ADMM_NL_circuit.png used on
 input line 1379.
(pdftex.def)             Requested size: 149.05838pt x 149.06587pt.

<imagessupp/resize_br_Noisy_room.png, id=253, 240.9pt x 240.9pt>
File: imagessupp/resize_br_Noisy_room.png Graphic file (type png)

<use imagessupp/resize_br_Noisy_room.png>
Package pdftex.def Info: imagessupp/resize_br_Noisy_room.png used on input line
 1396.
(pdftex.def)             Requested size: 149.05838pt x 149.06238pt.

<imagessupp/resize_br_CBM3D_room.png, id=255, 240.9pt x 240.9pt>
File: imagessupp/resize_br_CBM3D_room.png Graphic file (type png)

<use imagessupp/resize_br_CBM3D_room.png>
Package pdftex.def Info: imagessupp/resize_br_CBM3D_room.png used on input line
 1413.
(pdftex.def)             Requested size: 149.05838pt x 149.06238pt.

<imagessupp/resize_br_MLP_room.png, id=257, 240.9pt x 240.9pt>
File: imagessupp/resize_br_MLP_room.png Graphic file (type png)

<use imagessupp/resize_br_MLP_room.png>
Package pdftex.def Info: imagessupp/resize_br_MLP_room.png used on input line 1
413.
(pdftex.def)             Requested size: 149.05838pt x 149.06238pt.

<imagessupp/resize_br_TNRD_room.png, id=259, 240.9pt x 240.9pt>
File: imagessupp/resize_br_TNRD_room.png Graphic file (type png)

<use imagessupp/resize_br_TNRD_room.png>
Package pdftex.def Info: imagessupp/resize_br_TNRD_room.png used on input line 
1413.
(pdftex.def)             Requested size: 149.05838pt x 149.06238pt.

<imagessupp/resize_br_NI_room.png, id=261, 240.9pt x 240.9pt>
File: imagessupp/resize_br_NI_room.png Graphic file (type png)

<use imagessupp/resize_br_NI_room.png>
Package pdftex.def Info: imagessupp/resize_br_NI_room.png used on input line 14
30.
(pdftex.def)             Requested size: 149.05838pt x 149.06238pt.

<imagessupp/resize_br_NC_room.png, id=263, 240.9pt x 240.9pt>
File: imagessupp/resize_br_NC_room.png Graphic file (type png)

<use imagessupp/resize_br_NC_room.png>
Package pdftex.def Info: imagessupp/resize_br_NC_room.png used on input line 14
30.
(pdftex.def)             Requested size: 149.05838pt x 149.06238pt.

<imagessupp/resize_br_WNNMcw_room.png, id=266, 240.9pt x 240.9pt>
File: imagessupp/resize_br_WNNMcw_room.png Graphic file (type png)

<use imagessupp/resize_br_WNNMcw_room.png>
Package pdftex.def Info: imagessupp/resize_br_WNNMcw_room.png used on input lin
e 1430.
(pdftex.def)             Requested size: 149.05838pt x 149.06238pt.

<imagessupp/resize_br_WNNMJ_room.png, id=268, 240.9pt x 240.9pt>
File: imagessupp/resize_br_WNNMJ_room.png Graphic file (type png)

<use imagessupp/resize_br_WNNMJ_room.png>
Package pdftex.def Info: imagessupp/resize_br_WNNMJ_room.png used on input line
 1447.
(pdftex.def)             Requested size: 149.05838pt x 149.06238pt.

<imagessupp/resize_br_WNNM_ADMM_room.png, id=270, 240.9pt x 240.9pt>
File: imagessupp/resize_br_WNNM_ADMM_room.png Graphic file (type png)

<use imagessupp/resize_br_WNNM_ADMM_room.png>
Package pdftex.def Info: imagessupp/resize_br_WNNM_ADMM_room.png used on input 
line 1447.
(pdftex.def)             Requested size: 149.05838pt x 149.06238pt.

<imagessupp/resize_br_CWNNM_ADMM_NL_room.png, id=272, 240.9pt x 240.9pt>
File: imagessupp/resize_br_CWNNM_ADMM_NL_room.png Graphic file (type png)

<use imagessupp/resize_br_CWNNM_ADMM_NL_room.png>
Package pdftex.def Info: imagessupp/resize_br_CWNNM_ADMM_NL_room.png used on in
put line 1447.
(pdftex.def)             Requested size: 149.05838pt x 149.06238pt.

<imagessupp/resize_br_Noisy_d600_iso3200_2.png, id=275, 205.76875pt x 205.76875
pt>
File: imagessupp/resize_br_Noisy_d600_iso3200_2.png Graphic file (type png)
 <use imagessupp/resize_br_Noisy_d600_iso3200_2.png>
Package pdftex.def Info: imagessupp/resize_br_Noisy_d600_iso3200_2.png used on 
input line 1469.
(pdftex.def)             Requested size: 124.21405pt x 124.2126pt.

<imagessupp/resize_br_d600_iso3200_2.png, id=277, 205.76875pt x 205.76875pt>
File: imagessupp/resize_br_d600_iso3200_2.png Graphic file (type png)

<use imagessupp/resize_br_d600_iso3200_2.png>
Package pdftex.def Info: imagessupp/resize_br_d600_iso3200_2.png used on input 
line 1469.
(pdftex.def)             Requested size: 124.21405pt x 124.2126pt.

<imagessupp/resize_br_CBM3D_CC15_d600_iso3200_2.png, id=279, 205.76875pt x 205.
76875pt>
File: imagessupp/resize_br_CBM3D_CC15_d600_iso3200_2.png Graphic file (type png
)
 <use imagessupp/resize_br_CBM3D_CC15_d600_iso3200_2.png>
Package pdftex.def Info: imagessupp/resize_br_CBM3D_CC15_d600_iso3200_2.png use
d on input line 1491.
(pdftex.def)             Requested size: 124.21405pt x 124.2126pt.

<imagessupp/resize_br_TRD_CC15_d600_iso3200_2.png, id=282, 205.76875pt x 205.76
875pt>
File: imagessupp/resize_br_TRD_CC15_d600_iso3200_2.png Graphic file (type png)
 <use imagessupp/resize_br_TRD_CC15_d600_iso3200_2.png>
Package pdftex.def Info: imagessupp/resize_br_TRD_CC15_d600_iso3200_2.png used 
on input line 1491.
(pdftex.def)             Requested size: 124.21405pt x 124.2126pt.

<imagessupp/resize_br_NI_CC15_d600_iso3200_2.png, id=284, 205.76875pt x 205.768
75pt>
File: imagessupp/resize_br_NI_CC15_d600_iso3200_2.png Graphic file (type png)
 <use imagessupp/resize_br_NI_CC15_d600_iso3200_2.png>
Package pdftex.def Info: imagessupp/resize_br_NI_CC15_d600_iso3200_2.png used o
n input line 1491.
(pdftex.def)             Requested size: 124.21405pt x 124.2126pt.

<imagessupp/resize_br_NC_CC15_d600_iso3200_2.png, id=286, 205.76875pt x 205.768
75pt>
File: imagessupp/resize_br_NC_CC15_d600_iso3200_2.png Graphic file (type png)
 <use imagessupp/resize_br_NC_CC15_d600_iso3200_2.png>
Package pdftex.def Info: imagessupp/resize_br_NC_CC15_d600_iso3200_2.png used o
n input line 1491.
(pdftex.def)             Requested size: 124.21405pt x 124.2126pt.

<imagessupp/resize_br_CC_d600_iso3200_2.png, id=289, 205.76875pt x 205.76875pt>
File: imagessupp/resize_br_CC_d600_iso3200_2.png Graphic file (type png)
<use imagessupp/resize_br_CC_d600_iso3200_2.png>
Package pdftex.def Info: imagessupp/resize_br_CC_d600_iso3200_2.png used on inp
ut line 1513.
(pdftex.def)             Requested size: 124.21405pt x 124.2126pt.

<imagessupp/resize_br_WNNMJ_CC15_d600_iso3200_2.png, id=291, 205.76875pt x 205.
76875pt>
File: imagessupp/resize_br_WNNMJ_CC15_d600_iso3200_2.png Graphic file (type png
)
 <use imagessupp/resize_br_WNNMJ_CC15_d600_iso3200_2.png>
Package pdftex.def Info: imagessupp/resize_br_WNNMJ_CC15_d600_iso3200_2.png use
d on input line 1513.
(pdftex.def)             Requested size: 124.21405pt x 124.2126pt.

<imagessupp/resize_br_WNNM_ADMM_NL_CC15_d600_iso3200_2.png, id=293, 205.76875pt
 x 205.76875pt>
File: imagessupp/resize_br_WNNM_ADMM_NL_CC15_d600_iso3200_2.png Graphic file (t
ype png)

<use imagessupp/resize_br_WNNM_ADMM_NL_CC15_d600_iso3200_2.png>
Package pdftex.def Info: imagessupp/resize_br_WNNM_ADMM_NL_CC15_d600_iso3200_2.
png used on input line 1513.
(pdftex.def)             Requested size: 124.21405pt x 124.2126pt.

<imagessupp/resize_br_CWNNM_ADMM_NL_CC15_d600_iso3200_2.png, id=295, 205.76875p
t x 205.76875pt>
File: imagessupp/resize_br_CWNNM_ADMM_NL_CC15_d600_iso3200_2.png Graphic file (
type png)

<use imagessupp/resize_br_CWNNM_ADMM_NL_CC15_d600_iso3200_2.png>
Package pdftex.def Info: imagessupp/resize_br_CWNNM_ADMM_NL_CC15_d600_iso3200_2
.png used on input line 1513.
(pdftex.def)             Requested size: 124.21405pt x 124.2126pt.

Overfull \hbox (12.49995pt too wide) in paragraph at lines 1469--1514
 [][] 
 []


Overfull \hbox (12.49995pt too wide) in paragraph at lines 1469--1514
 [][] 
 []


<imagessupp/resize_br_Noisy_d800_iso1600_2.png, id=298, 205.76875pt x 205.76875
pt>
File: imagessupp/resize_br_Noisy_d800_iso1600_2.png Graphic file (type png)
 <use imagessupp/resize_br_Noisy_d800_iso1600_2.png>
Package pdftex.def Info: imagessupp/resize_br_Noisy_d800_iso1600_2.png used on 
input line 1535.
(pdftex.def)             Requested size: 124.21405pt x 124.2126pt.

<imagessupp/resize_br_d800_iso1600_2.png, id=300, 205.76875pt x 205.76875pt>
File: imagessupp/resize_br_d800_iso1600_2.png Graphic file (type png)

<use imagessupp/resize_br_d800_iso1600_2.png>
Package pdftex.def Info: imagessupp/resize_br_d800_iso1600_2.png used on input 
line 1535.
(pdftex.def)             Requested size: 124.21405pt x 124.2126pt.

<imagessupp/resize_br_CBM3D_CC15_d800_iso1600_2.png, id=302, 205.76875pt x 205.
76875pt>
File: imagessupp/resize_br_CBM3D_CC15_d800_iso1600_2.png Graphic file (type png
)
 <use imagessupp/resize_br_CBM3D_CC15_d800_iso1600_2.png>
Package pdftex.def Info: imagessupp/resize_br_CBM3D_CC15_d800_iso1600_2.png use
d on input line 1557.
(pdftex.def)             Requested size: 124.21405pt x 124.2126pt.

<imagessupp/resize_br_TRD_CC15_d800_iso1600_2.png, id=305, 205.76875pt x 205.76
875pt>
File: imagessupp/resize_br_TRD_CC15_d800_iso1600_2.png Graphic file (type png)
 <use imagessupp/resize_br_TRD_CC15_d800_iso1600_2.png>
Package pdftex.def Info: imagessupp/resize_br_TRD_CC15_d800_iso1600_2.png used 
on input line 1557.
(pdftex.def)             Requested size: 124.21405pt x 124.2126pt.

<imagessupp/resize_br_NI_CC15_d800_iso1600_2.png, id=307, 205.76875pt x 205.768
75pt>
File: imagessupp/resize_br_NI_CC15_d800_iso1600_2.png Graphic file (type png)
 <use imagessupp/resize_br_NI_CC15_d800_iso1600_2.png>
Package pdftex.def Info: imagessupp/resize_br_NI_CC15_d800_iso1600_2.png used o
n input line 1557.
(pdftex.def)             Requested size: 124.21405pt x 124.2126pt.

<imagessupp/resize_br_NC_CC15_d800_iso1600_2.png, id=309, 205.76875pt x 205.768
75pt>
File: imagessupp/resize_br_NC_CC15_d800_iso1600_2.png Graphic file (type png)
 <use imagessupp/resize_br_NC_CC15_d800_iso1600_2.png>
Package pdftex.def Info: imagessupp/resize_br_NC_CC15_d800_iso1600_2.png used o
n input line 1557.
(pdftex.def)             Requested size: 124.21405pt x 124.2126pt.

<imagessupp/resize_br_CC_d800_iso1600_2.png, id=312, 205.76875pt x 205.76875pt>
File: imagessupp/resize_br_CC_d800_iso1600_2.png Graphic file (type png)
<use imagessupp/resize_br_CC_d800_iso1600_2.png>
Package pdftex.def Info: imagessupp/resize_br_CC_d800_iso1600_2.png used on inp
ut line 1579.
(pdftex.def)             Requested size: 124.21405pt x 124.2126pt.

<imagessupp/resize_br_WNNMJ_CC15_d800_iso1600_2.png, id=314, 205.76875pt x 205.
76875pt>
File: imagessupp/resize_br_WNNMJ_CC15_d800_iso1600_2.png Graphic file (type png
)
 <use imagessupp/resize_br_WNNMJ_CC15_d800_iso1600_2.png>
Package pdftex.def Info: imagessupp/resize_br_WNNMJ_CC15_d800_iso1600_2.png use
d on input line 1579.
(pdftex.def)             Requested size: 124.21405pt x 124.2126pt.

<imagessupp/resize_br_WNNM_ADMM_NL_CC15_d800_iso1600_2.png, id=316, 205.76875pt
 x 205.76875pt>
File: imagessupp/resize_br_WNNM_ADMM_NL_CC15_d800_iso1600_2.png Graphic file (t
ype png)

<use imagessupp/resize_br_WNNM_ADMM_NL_CC15_d800_iso1600_2.png>
Package pdftex.def Info: imagessupp/resize_br_WNNM_ADMM_NL_CC15_d800_iso1600_2.
png used on input line 1579.
(pdftex.def)             Requested size: 124.21405pt x 124.2126pt.

<imagessupp/resize_br_CWNNM_ADMM_NL_CC15_d800_iso1600_2.png, id=318, 205.76875p
t x 205.76875pt>
File: imagessupp/resize_br_CWNNM_ADMM_NL_CC15_d800_iso1600_2.png Graphic file (
type png)

<use imagessupp/resize_br_CWNNM_ADMM_NL_CC15_d800_iso1600_2.png>
Package pdftex.def Info: imagessupp/resize_br_CWNNM_ADMM_NL_CC15_d800_iso1600_2
.png used on input line 1579.
(pdftex.def)             Requested size: 124.21405pt x 124.2126pt.

Overfull \hbox (12.49995pt too wide) in paragraph at lines 1535--1580
 [][] 
 []


Overfull \hbox (12.49995pt too wide) in paragraph at lines 1535--1580
 [][] 
 []


<imagessupp/resize_br_Noisy_d800_iso3200_2.png, id=321, 205.76875pt x 205.76875
pt>
File: imagessupp/resize_br_Noisy_d800_iso3200_2.png Graphic file (type png)
 <use imagessupp/resize_br_Noisy_d800_iso3200_2.png>
Package pdftex.def Info: imagessupp/resize_br_Noisy_d800_iso3200_2.png used on 
input line 1599.
(pdftex.def)             Requested size: 124.21405pt x 124.2126pt.

<imagessupp/resize_br_d800_iso3200_2.png, id=323, 205.76875pt x 205.76875pt>
File: imagessupp/resize_br_d800_iso3200_2.png Graphic file (type png)

<use imagessupp/resize_br_d800_iso3200_2.png>
Package pdftex.def Info: imagessupp/resize_br_d800_iso3200_2.png used on input 
line 1599.
(pdftex.def)             Requested size: 124.21405pt x 124.2126pt.

<imagessupp/resize_br_CBM3D_CC15_d800_iso3200_2.png, id=325, 205.76875pt x 205.
76875pt>
File: imagessupp/resize_br_CBM3D_CC15_d800_iso3200_2.png Graphic file (type png
)
 <use imagessupp/resize_br_CBM3D_CC15_d800_iso3200_2.png>
Package pdftex.def Info: imagessupp/resize_br_CBM3D_CC15_d800_iso3200_2.png use
d on input line 1621.
(pdftex.def)             Requested size: 124.21405pt x 124.2126pt.

<imagessupp/resize_br_TRD_CC15_d800_iso3200_2.png, id=328, 205.76875pt x 205.76
875pt>
File: imagessupp/resize_br_TRD_CC15_d800_iso3200_2.png Graphic file (type png)
 <use imagessupp/resize_br_TRD_CC15_d800_iso3200_2.png>
Package pdftex.def Info: imagessupp/resize_br_TRD_CC15_d800_iso3200_2.png used 
on input line 1621.
(pdftex.def)             Requested size: 124.21405pt x 124.2126pt.

<imagessupp/resize_br_NI_CC15_d800_iso3200_2.png, id=330, 205.76875pt x 205.768
75pt>
File: imagessupp/resize_br_NI_CC15_d800_iso3200_2.png Graphic file (type png)
 <use imagessupp/resize_br_NI_CC15_d800_iso3200_2.png>
Package pdftex.def Info: imagessupp/resize_br_NI_CC15_d800_iso3200_2.png used o
n input line 1621.
(pdftex.def)             Requested size: 124.21405pt x 124.2126pt.

<imagessupp/resize_br_NC_CC15_d800_iso3200_2.png, id=332, 205.76875pt x 205.768
75pt>
File: imagessupp/resize_br_NC_CC15_d800_iso3200_2.png Graphic file (type png)
 <use imagessupp/resize_br_NC_CC15_d800_iso3200_2.png>
Package pdftex.def Info: imagessupp/resize_br_NC_CC15_d800_iso3200_2.png used o
n input line 1621.
(pdftex.def)             Requested size: 124.21405pt x 124.2126pt.

<imagessupp/resize_br_CC_d800_iso3200_2.png, id=335, 205.76875pt x 205.76875pt>
File: imagessupp/resize_br_CC_d800_iso3200_2.png Graphic file (type png)
<use imagessupp/resize_br_CC_d800_iso3200_2.png>
Package pdftex.def Info: imagessupp/resize_br_CC_d800_iso3200_2.png used on inp
ut line 1643.
(pdftex.def)             Requested size: 124.21405pt x 124.2126pt.

<imagessupp/resize_br_WNNMJ_CC15_d800_iso3200_2.png, id=337, 205.76875pt x 205.
76875pt>
File: imagessupp/resize_br_WNNMJ_CC15_d800_iso3200_2.png Graphic file (type png
)
 <use imagessupp/resize_br_WNNMJ_CC15_d800_iso3200_2.png>
Package pdftex.def Info: imagessupp/resize_br_WNNMJ_CC15_d800_iso3200_2.png use
d on input line 1643.
(pdftex.def)             Requested size: 124.21405pt x 124.2126pt.

<imagessupp/resize_br_WNNM_ADMM_NL_CC15_d800_iso3200_2.png, id=339, 205.76875pt
 x 205.76875pt>
File: imagessupp/resize_br_WNNM_ADMM_NL_CC15_d800_iso3200_2.png Graphic file (t
ype png)

<use imagessupp/resize_br_WNNM_ADMM_NL_CC15_d800_iso3200_2.png>
Package pdftex.def Info: imagessupp/resize_br_WNNM_ADMM_NL_CC15_d800_iso3200_2.
png used on input line 1643.
(pdftex.def)             Requested size: 124.21405pt x 124.2126pt.

<imagessupp/resize_br_CWNNM_ADMM_NL_CC15_d800_iso3200_2.png, id=341, 205.76875p
t x 205.76875pt>
File: imagessupp/resize_br_CWNNM_ADMM_NL_CC15_d800_iso3200_2.png Graphic file (
type png)

<use imagessupp/resize_br_CWNNM_ADMM_NL_CC15_d800_iso3200_2.png>
Package pdftex.def Info: imagessupp/resize_br_CWNNM_ADMM_NL_CC15_d800_iso3200_2
.png used on input line 1643.
(pdftex.def)             Requested size: 124.21405pt x 124.2126pt.

Overfull \hbox (12.49995pt too wide) in paragraph at lines 1599--1644
 [][] 
 []


Overfull \hbox (12.49995pt too wide) in paragraph at lines 1599--1644
 [][] 
 []


<imagessupp/resize_br_Noisy_d800_iso6400_2.png, id=344, 205.76875pt x 205.76875
pt>
File: imagessupp/resize_br_Noisy_d800_iso6400_2.png Graphic file (type png)
 <use imagessupp/resize_br_Noisy_d800_iso6400_2.png>
Package pdftex.def Info: imagessupp/resize_br_Noisy_d800_iso6400_2.png used on 
input line 1663.
(pdftex.def)             Requested size: 124.21405pt x 124.2126pt.

<imagessupp/resize_br_d800_iso6400_2.png, id=346, 205.76875pt x 205.76875pt>
File: imagessupp/resize_br_d800_iso6400_2.png Graphic file (type png)

<use imagessupp/resize_br_d800_iso6400_2.png>
Package pdftex.def Info: imagessupp/resize_br_d800_iso6400_2.png used on input 
line 1663.
(pdftex.def)             Requested size: 124.21405pt x 124.2126pt.

<imagessupp/resize_br_CBM3D_CC15_d800_iso6400_2.png, id=348, 205.76875pt x 205.
76875pt>
File: imagessupp/resize_br_CBM3D_CC15_d800_iso6400_2.png Graphic file (type png
)
 <use imagessupp/resize_br_CBM3D_CC15_d800_iso6400_2.png>
Package pdftex.def Info: imagessupp/resize_br_CBM3D_CC15_d800_iso6400_2.png use
d on input line 1685.
(pdftex.def)             Requested size: 124.21405pt x 124.2126pt.

<imagessupp/resize_br_TRD_CC15_d800_iso6400_2.png, id=351, 205.76875pt x 205.76
875pt>
File: imagessupp/resize_br_TRD_CC15_d800_iso6400_2.png Graphic file (type png)
 <use imagessupp/resize_br_TRD_CC15_d800_iso6400_2.png>
Package pdftex.def Info: imagessupp/resize_br_TRD_CC15_d800_iso6400_2.png used 
on input line 1685.
(pdftex.def)             Requested size: 124.21405pt x 124.2126pt.

<imagessupp/resize_br_NI_CC15_d800_iso6400_2.png, id=353, 205.76875pt x 205.768
75pt>
File: imagessupp/resize_br_NI_CC15_d800_iso6400_2.png Graphic file (type png)
 <use imagessupp/resize_br_NI_CC15_d800_iso6400_2.png>
Package pdftex.def Info: imagessupp/resize_br_NI_CC15_d800_iso6400_2.png used o
n input line 1685.
(pdftex.def)             Requested size: 124.21405pt x 124.2126pt.

<imagessupp/resize_br_NC_CC15_d800_iso6400_2.png, id=355, 205.76875pt x 205.768
75pt>
File: imagessupp/resize_br_NC_CC15_d800_iso6400_2.png Graphic file (type png)
 <use imagessupp/resize_br_NC_CC15_d800_iso6400_2.png>
Package pdftex.def Info: imagessupp/resize_br_NC_CC15_d800_iso6400_2.png used o
n input line 1685.
(pdftex.def)             Requested size: 124.21405pt x 124.2126pt.

<imagessupp/resize_br_CC_d800_iso6400_2.png, id=358, 205.76875pt x 205.76875pt>
File: imagessupp/resize_br_CC_d800_iso6400_2.png Graphic file (type png)
<use imagessupp/resize_br_CC_d800_iso6400_2.png>
Package pdftex.def Info: imagessupp/resize_br_CC_d800_iso6400_2.png used on inp
ut line 1707.
(pdftex.def)             Requested size: 124.21405pt x 124.2126pt.

<imagessupp/resize_br_WNNMJ_CC15_d800_iso6400_2.png, id=360, 205.76875pt x 205.
76875pt>
File: imagessupp/resize_br_WNNMJ_CC15_d800_iso6400_2.png Graphic file (type png
)
 <use imagessupp/resize_br_WNNMJ_CC15_d800_iso6400_2.png>
Package pdftex.def Info: imagessupp/resize_br_WNNMJ_CC15_d800_iso6400_2.png use
d on input line 1707.
(pdftex.def)             Requested size: 124.21405pt x 124.2126pt.

<imagessupp/resize_br_WNNM_ADMM_NL_CC15_d800_iso6400_2.png, id=362, 205.76875pt
 x 205.76875pt>
File: imagessupp/resize_br_WNNM_ADMM_NL_CC15_d800_iso6400_2.png Graphic file (t
ype png)

<use imagessupp/resize_br_WNNM_ADMM_NL_CC15_d800_iso6400_2.png>
Package pdftex.def Info: imagessupp/resize_br_WNNM_ADMM_NL_CC15_d800_iso6400_2.
png used on input line 1707.
(pdftex.def)             Requested size: 124.21405pt x 124.2126pt.

<imagessupp/resize_br_CWNNM_ADMM_NL_CC15_d800_iso6400_2.png, id=364, 205.76875p
t x 205.76875pt>
File: imagessupp/resize_br_CWNNM_ADMM_NL_CC15_d800_iso6400_2.png Graphic file (
type png)

<use imagessupp/resize_br_CWNNM_ADMM_NL_CC15_d800_iso6400_2.png>
Package pdftex.def Info: imagessupp/resize_br_CWNNM_ADMM_NL_CC15_d800_iso6400_2
.png used on input line 1707.
(pdftex.def)             Requested size: 124.21405pt x 124.2126pt.

Overfull \hbox (12.49995pt too wide) in paragraph at lines 1663--1708
 [][] 
 []


Overfull \hbox (12.49995pt too wide) in paragraph at lines 1663--1708
 [][] 
 []

[4] [5 <./24images/resize_br_Noisy_nSig402030_kodim01.png (PNG copy)> <./24imag
es/resize_br_kodim01.png (PNG copy)> <./24images/resize_br_CBM3D_nSig402030_kod
im01.png (PNG copy)> <./24images/resize_br_MLP_nSig402030_kodim01.png (PNG copy
)> <./24images/resize_br_TNRD_nSig402030_kodim01.png (PNG copy)> <./24images/re
size_br_NC_nSig402030_kodim01.png (PNG copy)> <./24images/resize_br_WNNMCW_nSig
402030_kodim01.png (PNG copy)> <./24images/resize_br_WNNMJ_nSig402030_kodim01.p
ng (PNG copy)> <./24images/resize_br_WNNM_ADMM_nSig402030_kodim01.png (PNG copy
)> <./24images/resize_br_CWNNM_ADMM_nSig402030_kodim01.png (PNG copy)>]
[6 <./24images/resize_br_Noisy_nSig402030_kodim03.png (PNG copy)> <./24images/r
esize_br_kodim03.png (PNG copy)> <./24images/resize_br_CBM3D_nSig402030_kodim03
.png (PNG copy)> <./24images/resize_br_MLP_nSig402030_kodim03.png (PNG copy)> <
./24images/resize_br_TNRD_nSig402030_kodim03.png (PNG copy)> <./24images/resize
_br_NC_nSig402030_kodim03.png (PNG copy)> <./24images/resize_br_WNNMCW_nSig4020
30_kodim03.png (PNG copy)> <./24images/resize_br_WNNMJ_nSig402030_kodim03.png (
PNG copy)> <./24images/resize_br_WNNM_ADMM_nSig402030_kodim03.png (PNG copy)> <
./24images/resize_br_CWNNM_ADMM_nSig402030_kodim03.png (PNG copy)>] [7 <./24ima
ges/resize_br_Noisy_nSig301050_kodim17.png (PNG copy)> <./24images/resize_br_ko
dim17.png (PNG copy)> <./24images/resize_br_CBM3D_nSig301050_kodim17.png (PNG c
opy)> <./24images/resize_br_MLP_nSig301050_kodim17.png (PNG copy)> <./24images/
resize_br_TNRD_nSig301050_kodim17.png (PNG copy)> <./24images/resize_br_NC_nSig
301050_kodim17.png (PNG copy)> <./24images/resize_br_WNNMcw_nSig301050_kodim17.
png (PNG copy)> <./24images/resize_br_WNNMJ_nSig301050_kodim17.png (PNG copy)> 
<./24images/resize_br_WNNM_ADMM_nSig301050_kodim17.png (PNG copy)> <./24images/
resize_br_CWNNM_ADMM_nSig301050_kodim17.png (PNG copy)>] [8 <./24images/resize_
br_Noisy_nSig301050_kodim19.png (PNG copy)> <./24images/resize_br_kodim19.png (
PNG copy)> <./24images/resize_br_CBM3D_nSig301050_kodim19.png (PNG copy)> <./24
images/resize_br_MLP_nSig301050_kodim19.png (PNG copy)> <./24images/resize_br_T
NRD_nSig301050_kodim19.png (PNG copy)> <./24images/resize_br_NC_nSig301050_kodi
m19.png (PNG copy)> <./24images/resize_br_WNNMcw_nSig301050_kodim19.png (PNG co
py)> <./24images/resize_br_WNNMJ_nSig301050_kodim19.png (PNG copy)> <./24images
/resize_br_WNNM_ADMM_nSig301050_kodim19.png (PNG copy)> <./24images/resize_br_C
WNNM_ADMM_nSig301050_kodim19.png (PNG copy)>] [9 <./24images/resize_br_Noisy_nS
ig53015_kodim09.png (PNG copy)> <./24images/resize_br_kodim09.png (PNG copy)> <
./24images/resize_br_CBM3D_nSig53015_kodim09.png (PNG copy)> <./24images/resize
_br_MLP_nSig53015_kodim09.png (PNG copy)> <./24images/resize_br_TNRD_nSig53015_
kodim09.png (PNG copy)> <./24images/resize_br_NC_nSig53015_kodim09.png (PNG cop
y)> <./24images/resize_br_WNNMcw_nSig53015_kodim09.png (PNG copy)> <./24images/
resize_br_WNNMJ_nSig53015_kodim09.png (PNG copy)> <./24images/resize_br_WNNM_AD
MM_nSig53015_kodim09.png (PNG copy)> <./24images/resize_br_CWNNM_ADMM_nSig53015
_kodim09.png (PNG copy)>] [10 <./24images/resize_br_Noisy_nSig53015_kodim15.png
 (PNG copy)> <./24images/resize_br_kodim15.png (PNG copy)> <./24images/resize_b
r_CBM3D_nSig53015_kodim15.png (PNG copy)> <./24images/resize_br_MLP_nSig53015_k
odim15.png (PNG copy)> <./24images/resize_br_TNRD_nSig53015_kodim15.png (PNG co
py)> <./24images/resize_br_NC_nSig53015_kodim15.png (PNG copy)> <./24images/res
ize_br_WNNMcw_nSig53015_kodim15.png (PNG copy)> <./24images/resize_br_WNNMJ_nSi
g53015_kodim15.png (PNG copy)> <./24images/resize_br_WNNM_ADMM_nSig53015_kodim1
5.png (PNG copy)> <./24images/resize_br_CWNNM_ADMM_nSig53015_kodim15.png (PNG c
opy)>] [11 <./imagessupp/resize_br_Noisy_frog.png (PNG copy)> <./imagessupp/res
ize_br_CBM3D_frog.png (PNG copy)> <./imagessupp/resize_br_MLP_frog.png (PNG cop
y)> <./imagessupp/resize_br_TNRD_frog.png (PNG copy)> <./imagessupp/resize_br_N
I_frog.png (PNG copy)> <./imagessupp/resize_br_NC_frog.png (PNG copy)> <./image
ssupp/resize_br_WNNMcw_frog.png (PNG copy)> <./imagessupp/resize_br_WNNMJ_frog.
png (PNG copy)> <./imagessupp/resize_br_WNNM_ADMM_frog.png (PNG copy)> <./image
ssupp/resize_br_CWNNM_ADMM_NL_frog.png (PNG copy)>] [12 <./imagessupp/resize_br
_Noisy_chinesegirl.png (PNG copy)> <./imagessupp/resize_br_CBM3D_chinesegirl.pn
g (PNG copy)> <./imagessupp/resize_br_MLP_chinesegirl.png (PNG copy)> <./images
supp/resize_br_TNRD_chinesegirl.png (PNG copy)> <./imagessupp/resize_br_NI_chin
esegirl.png (PNG copy)> <./imagessupp/resize_br_NC_chinesegirl.png (PNG copy)> 
<./imagessupp/resize_br_WNNMcw_chinesegirl.png (PNG copy)> <./imagessupp/resize
_br_WNNMJ_chinesegirl.png (PNG copy)> <./imagessupp/resize_br_WNNM_ADMM_chinese
girl.png (PNG copy)> <./imagessupp/resize_br_CWNNM_ADMM_NL_chinesegirl.png (PNG
 copy)>] [13 <./imagessupp/resize_br_Noisy_circuit.png (PNG copy)> <./imagessup
p/resize_br_CBM3D_circuit.png (PNG copy)> <./imagessupp/resize_br_MLP_circuit.p
ng (PNG copy)> <./imagessupp/resize_br_TNRD_circuit.png (PNG copy)> <./imagessu
pp/resize_br_NI_circuit.png (PNG copy)> <./imagessupp/resize_br_NC_circuit.png 
(PNG copy)> <./imagessupp/resize_br_WNNMcw_circuit.png (PNG copy)> <./imagessup
p/resize_br_WNNMJ_circuit.png (PNG copy)> <./imagessupp/resize_br_WNNM_ADMM_cir
cuit.png (PNG copy)> <./imagessupp/resize_br_CWNNM_ADMM_NL_circuit.png (PNG cop
y)>] [14 <./imagessupp/resize_br_Noisy_room.png (PNG copy)> <./imagessupp/resiz
e_br_CBM3D_room.png (PNG copy)> <./imagessupp/resize_br_MLP_room.png (PNG copy)
> <./imagessupp/resize_br_TNRD_room.png (PNG copy)> <./imagessupp/resize_br_NI_
room.png (PNG copy)> <./imagessupp/resize_br_NC_room.png (PNG copy)> <./imagess
upp/resize_br_WNNMcw_room.png (PNG copy)> <./imagessupp/resize_br_WNNMJ_room.pn
g (PNG copy)> <./imagessupp/resize_br_WNNM_ADMM_room.png (PNG copy)> <./imagess
upp/resize_br_CWNNM_ADMM_NL_room.png (PNG copy)>] [15 <./imagessupp/resize_br_N
oisy_d600_iso3200_2.png (PNG copy)> <./imagessupp/resize_br_d600_iso3200_2.png 
(PNG copy)> <./imagessupp/resize_br_CBM3D_CC15_d600_iso3200_2.png (PNG copy)> <
./imagessupp/resize_br_TRD_CC15_d600_iso3200_2.png (PNG copy)> <./imagessupp/re
size_br_NI_CC15_d600_iso3200_2.png (PNG copy)> <./imagessupp/resize_br_NC_CC15_
d600_iso3200_2.png (PNG copy)> <./imagessupp/resize_br_CC_d600_iso3200_2.png (P
NG copy)> <./imagessupp/resize_br_WNNMJ_CC15_d600_iso3200_2.png (PNG copy)> <./
imagessupp/resize_br_WNNM_ADMM_NL_CC15_d600_iso3200_2.png (PNG copy)> <./images
supp/resize_br_CWNNM_ADMM_NL_CC15_d600_iso3200_2.png (PNG copy)>] [16 <./images
supp/resize_br_Noisy_d800_iso1600_2.png (PNG copy)> <./imagessupp/resize_br_d80
0_iso1600_2.png (PNG copy)> <./imagessupp/resize_br_CBM3D_CC15_d800_iso1600_2.p
ng (PNG copy)> <./imagessupp/resize_br_TRD_CC15_d800_iso1600_2.png (PNG copy)> 
<./imagessupp/resize_br_NI_CC15_d800_iso1600_2.png (PNG copy)> <./imagessupp/re
size_br_NC_CC15_d800_iso1600_2.png (PNG copy)> <./imagessupp/resize_br_CC_d800_
iso1600_2.png (PNG copy)> <./imagessupp/resize_br_WNNMJ_CC15_d800_iso1600_2.png
 (PNG copy)> <./imagessupp/resize_br_WNNM_ADMM_NL_CC15_d800_iso1600_2.png (PNG 
copy)> <./imagessupp/resize_br_CWNNM_ADMM_NL_CC15_d800_iso1600_2.png (PNG copy)
>] [17 <./imagessupp/resize_br_Noisy_d800_iso3200_2.png (PNG copy)> <./imagessu
pp/resize_br_d800_iso3200_2.png (PNG copy)> <./imagessupp/resize_br_CBM3D_CC15_
d800_iso3200_2.png (PNG copy)> <./imagessupp/resize_br_TRD_CC15_d800_iso3200_2.
png (PNG copy)> <./imagessupp/resize_br_NI_CC15_d800_iso3200_2.png (PNG copy)> 
<./imagessupp/resize_br_NC_CC15_d800_iso3200_2.png (PNG copy)> <./imagessupp/re
size_br_CC_d800_iso3200_2.png (PNG copy)> <./imagessupp/resize_br_WNNMJ_CC15_d8
00_iso3200_2.png (PNG copy)> <./imagessupp/resize_br_WNNM_ADMM_NL_CC15_d800_iso
3200_2.png (PNG copy)> <./imagessupp/resize_br_CWNNM_ADMM_NL_CC15_d800_iso3200_
2.png (PNG copy)>] [18 <./imagessupp/resize_br_Noisy_d800_iso6400_2.png (PNG co
py)> <./imagessupp/resize_br_d800_iso6400_2.png (PNG copy)> <./imagessupp/resiz
e_br_CBM3D_CC15_d800_iso6400_2.png (PNG copy)> <./imagessupp/resize_br_TRD_CC15
_d800_iso6400_2.png (PNG copy)> <./imagessupp/resize_br_NI_CC15_d800_iso6400_2.
png (PNG copy)> <./imagessupp/resize_br_NC_CC15_d800_iso6400_2.png (PNG copy)> 
<./imagessupp/resize_br_CC_d800_iso6400_2.png (PNG copy)> <./imagessupp/resize_
br_WNNMJ_CC15_d800_iso6400_2.png (PNG copy)> <./imagessupp/resize_br_WNNM_ADMM_
NL_CC15_d800_iso6400_2.png (PNG copy)> <./imagessupp/resize_br_CWNNM_ADMM_NL_CC
15_d800_iso6400_2.png (PNG copy)>] (./572_supp.bbl (./572_supp.brf)
\tf@brf=\write4
\openout4 = `572_supp.brf'.

LaTeX Font Info:    Try loading font information for OT1+pcr on input line 8.

(c:/Software/texlive/2015/texmf-dist/tex/latex/psnfss/ot1pcr.fd
File: ot1pcr.fd 2001/06/04 font definitions for OT1/pcr.
))
Package atveryend Info: Empty hook `BeforeClearDocument' on input line 1722.
 [19

]
Package atveryend Info: Empty hook `AfterLastShipout' on input line 1722.

(./572_supp.aux)
Package atveryend Info: Executing hook `AtVeryEndDocument' on input line 1722.
Package atveryend Info: Executing hook `AtEndAfterFileList' on input line 1722.

Package rerunfilecheck Info: File `572_supp.brf' has not changed.
(rerunfilecheck)             Checksum: AA267428C7CBED9B5AA9D817F402BDE5;6412.
 ) 
Here is how much of TeX's memory you used:
 15383 strings out of 493091
 281912 string characters out of 6134517
 386688 words of memory out of 5000000
 18394 multiletter control sequences out of 15000+600000
 45694 words of font info for 118 fonts, out of 8000000 for 9000
 1141 hyphenation exceptions out of 8191
 39i,11n,42p,10386b,389s stack positions out of 5000i,500n,10000p,200000b,80000s
{c:/Software/texlive/2015/texmf-dist/fonts/enc/dvips/base/8r.enc}<c:/Software
/texlive/2015/texmf-dist/fonts/type1/public/amsfonts/cm/cmbx10.pfb><c:/Software
/texlive/2015/texmf-dist/fonts/type1/public/amsfonts/cm/cmex10.pfb><c:/Software
/texlive/2015/texmf-dist/fonts/type1/public/amsfonts/cm/cmmi10.pfb><c:/Software
/texlive/2015/texmf-dist/fonts/type1/public/amsfonts/cm/cmmi5.pfb><c:/Software/
texlive/2015/texmf-dist/fonts/type1/public/amsfonts/cm/cmmi6.pfb><c:/Software/t
exlive/2015/texmf-dist/fonts/type1/public/amsfonts/cm/cmmi7.pfb><c:/Software/te
xlive/2015/texmf-dist/fonts/type1/public/amsfonts/cm/cmmi8.pfb><c:/Software/tex
live/2015/texmf-dist/fonts/type1/public/amsfonts/cm/cmmi9.pfb><c:/Software/texl
ive/2015/texmf-dist/fonts/type1/public/amsfonts/cm/cmmib10.pfb><c:/Software/tex
live/2015/texmf-dist/fonts/type1/public/amsfonts/cmextra/cmmib5.pfb><c:/Softwar
e/texlive/2015/texmf-dist/fonts/type1/public/amsfonts/cmextra/cmmib7.pfb><c:/So
ftware/texlive/2015/texmf-dist/fonts/type1/public/amsfonts/cm/cmr10.pfb><c:/Sof
tware/texlive/2015/texmf-dist/fonts/type1/public/amsfonts/cm/cmr5.pfb><c:/Softw
are/texlive/2015/texmf-dist/fonts/type1/public/amsfonts/cm/cmr7.pfb><c:/Softwar
e/texlive/2015/texmf-dist/fonts/type1/public/amsfonts/cm/cmr8.pfb><c:/Software/
texlive/2015/texmf-dist/fonts/type1/public/amsfonts/cm/cmr9.pfb><c:/Software/te
xlive/2015/texmf-dist/fonts/type1/public/amsfonts/cm/cmsy10.pfb><c:/Software/te
xlive/2015/texmf-dist/fonts/type1/public/amsfonts/cm/cmsy5.pfb><c:/Software/tex
live/2015/texmf-dist/fonts/type1/public/amsfonts/cm/cmsy7.pfb><c:/Software/texl
ive/2015/texmf-dist/fonts/type1/urw/courier/ucrr8a.pfb><c:/Software/texlive/201
5/texmf-dist/fonts/type1/urw/helvetic/uhvb8a.pfb><c:/Software/texlive/2015/texm
f-dist/fonts/type1/urw/helvetic/uhvr8a.pfb><c:/Software/texlive/2015/texmf-dist
/fonts/type1/urw/times/utmb8a.pfb><c:/Software/texlive/2015/texmf-dist/fonts/ty
pe1/urw/times/utmr8a.pfb><c:/Software/texlive/2015/texmf-dist/fonts/type1/urw/t
imes/utmri8a.pfb>
Output written on 572_supp.pdf (19 pages, 9343913 bytes).
PDF statistics:
 714 PDF objects out of 1000 (max. 8388607)
 514 compressed objects within 6 object streams
 125 named destinations out of 1000 (max. 500000)
 701 words of extra memory for PDF output out of 10000 (max. 10000000)

