This is pdfTeX, Version 3.14159265-2.6-1.40.16 (TeX Live 2015/W32TeX) (preloaded format=pdflatex 2015.9.12)  18 JUL 2017 09:55
entering extended mode
 restricted \write18 enabled.
 %&-line parsing enabled.
**./egpaper_final.tex
(./egpaper_final.tex
LaTeX2e <2015/01/01> patch level 2
Babel <3.9m> and hyphenation patterns for 79 languages loaded.
(c:/Software/texlive/2015/texmf-dist/tex/latex/base/article.cls
Document Class: article 2014/09/29 v1.4h Standard LaTeX document class
(c:/Software/texlive/2015/texmf-dist/tex/latex/base/size10.clo
File: size10.clo 2014/09/29 v1.4h Standard LaTeX file (size option)
)
\c@part=\count79
\c@section=\count80
\c@subsection=\count81
\c@subsubsection=\count82
\c@paragraph=\count83
\c@subparagraph=\count84
\c@figure=\count85
\c@table=\count86
\abovecaptionskip=\skip41
\belowcaptionskip=\skip42
\bibindent=\dimen102
) (./iccv.sty
(./eso-pic.sty
Package: eso-pic 2002/11/16 v1.1b eso-pic (RN)
 (./iccv_eso.sty

LaTeX Warning: You have requested package `eso-pic',
               but the package provides `everyshi'.

Package: everyshi 2001/05/15 v3.00 EveryShipout Package (MS)
) (c:/Software/texlive/2015/texmf-dist/tex/latex/graphics/keyval.sty
Package: keyval 2014/10/28 v1.15 key=value parser (DPC)
\KV@toks@=\toks14
))
(c:/Software/texlive/2015/texmf-dist/tex/latex/tools/xspace.sty
Package: xspace 2014/10/28 v1.13 Space after command names (DPC,MH)
)
ICCV 8.5 x 11-Inch Proceedings Style `iccv.sty'.
\@ctmp=\skip43
\@figindent=\skip44
\iccvrulerbox=\box26
\iccvrulercount=\count87
\iccvruleroffset=\dimen103
\cv@lineheight=\dimen104
\cv@boxheight=\dimen105
\cv@tmpbox=\box27
\cv@refno=\count88
\cv@tot=\count89
\cv@tmpc@=\count90
\cv@tmpc=\count91
) (c:/Software/texlive/2015/texmf-dist/tex/latex/psnfss/times.sty
Package: times 2005/04/12 PSNFSS-v9.2a (SPQR) 
)
(c:/Software/texlive/2015/texmf-dist/tex/latex/graphics/epsfig.sty
Package: epsfig 1999/02/16 v1.7a (e)psfig emulation (SPQR)

(c:/Software/texlive/2015/texmf-dist/tex/latex/graphics/graphicx.sty
Package: graphicx 2014/10/28 v1.0g Enhanced LaTeX Graphics (DPC,SPQR)

(c:/Software/texlive/2015/texmf-dist/tex/latex/graphics/graphics.sty
Package: graphics 2014/10/28 v1.0p Standard LaTeX Graphics (DPC,SPQR)

(c:/Software/texlive/2015/texmf-dist/tex/latex/graphics/trig.sty
Package: trig 1999/03/16 v1.09 sin cos tan (DPC)
)
(c:/Software/texlive/2015/texmf-dist/tex/latex/latexconfig/graphics.cfg
File: graphics.cfg 2010/04/23 v1.9 graphics configuration of TeX Live
)
Package graphics Info: Driver file: pdftex.def on input line 94.

(c:/Software/texlive/2015/texmf-dist/tex/latex/pdftex-def/pdftex.def
File: pdftex.def 2011/05/27 v0.06d Graphics/color for pdfTeX

(c:/Software/texlive/2015/texmf-dist/tex/generic/oberdiek/infwarerr.sty
Package: infwarerr 2010/04/08 v1.3 Providing info/warning/error messages (HO)
)
(c:/Software/texlive/2015/texmf-dist/tex/generic/oberdiek/ltxcmds.sty
Package: ltxcmds 2011/11/09 v1.22 LaTeX kernel commands for general use (HO)
)
\Gread@gobject=\count92
))
\Gin@req@height=\dimen106
\Gin@req@width=\dimen107
)
\epsfxsize=\dimen108
\epsfysize=\dimen109
)
(c:/Software/texlive/2015/texmf-dist/tex/latex/amsmath/amsmath.sty
Package: amsmath 2013/01/14 v2.14 AMS math features
\@mathmargin=\skip45

For additional information on amsmath, use the `?' option.
(c:/Software/texlive/2015/texmf-dist/tex/latex/amsmath/amstext.sty
Package: amstext 2000/06/29 v2.01

(c:/Software/texlive/2015/texmf-dist/tex/latex/amsmath/amsgen.sty
File: amsgen.sty 1999/11/30 v2.0
\@emptytoks=\toks15
\ex@=\dimen110
))
(c:/Software/texlive/2015/texmf-dist/tex/latex/amsmath/amsbsy.sty
Package: amsbsy 1999/11/29 v1.2d
\pmbraise@=\dimen111
)
(c:/Software/texlive/2015/texmf-dist/tex/latex/amsmath/amsopn.sty
Package: amsopn 1999/12/14 v2.01 operator names
)
\inf@bad=\count93
LaTeX Info: Redefining \frac on input line 210.
\uproot@=\count94
\leftroot@=\count95
LaTeX Info: Redefining \overline on input line 306.
\classnum@=\count96
\DOTSCASE@=\count97
LaTeX Info: Redefining \ldots on input line 378.
LaTeX Info: Redefining \dots on input line 381.
LaTeX Info: Redefining \cdots on input line 466.
\Mathstrutbox@=\box28
\strutbox@=\box29
\big@size=\dimen112
LaTeX Font Info:    Redeclaring font encoding OML on input line 566.
LaTeX Font Info:    Redeclaring font encoding OMS on input line 567.
\macc@depth=\count98
\c@MaxMatrixCols=\count99
\dotsspace@=\muskip10
\c@parentequation=\count100
\dspbrk@lvl=\count101
\tag@help=\toks16
\row@=\count102
\column@=\count103
\maxfields@=\count104
\andhelp@=\toks17
\eqnshift@=\dimen113
\alignsep@=\dimen114
\tagshift@=\dimen115
\tagwidth@=\dimen116
\totwidth@=\dimen117
\lineht@=\dimen118
\@envbody=\toks18
\multlinegap=\skip46
\multlinetaggap=\skip47
\mathdisplay@stack=\toks19
LaTeX Info: Redefining \[ on input line 2665.
LaTeX Info: Redefining \] on input line 2666.
)
(c:/Software/texlive/2015/texmf-dist/tex/latex/amsfonts/amssymb.sty
Package: amssymb 2013/01/14 v3.01 AMS font symbols

(c:/Software/texlive/2015/texmf-dist/tex/latex/amsfonts/amsfonts.sty
Package: amsfonts 2013/01/14 v3.01 Basic AMSFonts support
\symAMSa=\mathgroup4
\symAMSb=\mathgroup5
LaTeX Font Info:    Overwriting math alphabet `\mathfrak' in version `bold'
(Font)                  U/euf/m/n --> U/euf/b/n on input line 106.
))
(c:/Software/texlive/2015/texmf-dist/tex/latex/natbib/natbib.sty
Package: natbib 2010/09/13 8.31b (PWD, AO)
\bibhang=\skip48
\bibsep=\skip49
LaTeX Info: Redefining \cite on input line 694.
\c@NAT@ctr=\count105
)
(c:/Software/texlive/2015/texmf-dist/tex/latex/subfigure/subfigure.sty
Package: subfigure 2002/03/15 v2.1.5 subfigure package
\subfigtopskip=\skip50
\subfigcapskip=\skip51
\subfigcaptopadj=\dimen119
\subfigbottomskip=\skip52
\subfigcapmargin=\dimen120
\subfiglabelskip=\skip53
\c@subfigure=\count106
\c@lofdepth=\count107
\c@subtable=\count108
\c@lotdepth=\count109

****************************************
* Local config file subfigure.cfg used *
****************************************
(c:/Software/texlive/2015/texmf-dist/tex/latex/subfigure/subfigure.cfg)
\subfig@top=\skip54
\subfig@bottom=\skip55
)
(c:/Software/texlive/2015/texmf-dist/tex/latex/was/upgreek.sty
Package: upgreek 2003/02/12 v2.0 (WaS)
Package upgreek Info: Using Euler Roman for upright Greek on input line 31.
\symugrf@m=\mathgroup6
LaTeX Font Info:    Overwriting symbol font `ugrf@m' in version `bold'
(Font)                  U/eur/m/n --> U/eur/b/n on input line 38.
)
(c:/Software/texlive/2015/texmf-dist/tex/latex/multirow/multirow.sty
\bigstrutjot=\dimen121
)
(c:/Software/texlive/2015/texmf-dist/tex/latex/graphics/color.sty
Package: color 2014/10/28 v1.1a Standard LaTeX Color (DPC)

(c:/Software/texlive/2015/texmf-dist/tex/latex/latexconfig/color.cfg
File: color.cfg 2007/01/18 v1.5 color configuration of teTeX/TeXLive
)
Package color Info: Driver file: pdftex.def on input line 142.
)
(c:/Software/texlive/2015/texmf-dist/tex/latex/tools/bm.sty
Package: bm 2014/10/28 v1.1c Bold Symbol Support (DPC/FMi)
\symboldoperators=\mathgroup7
\symboldletters=\mathgroup8
\symboldsymbols=\mathgroup9
\symboldugrf@m=\mathgroup10
LaTeX Font Info:    Redeclaring math alphabet \mathbf on input line 141.
LaTeX Info: Redefining \bm on input line 207.
)
(c:/Software/texlive/2015/texmf-dist/tex/latex/arydshln/arydshln.sty
Package: arydshln 2004/08/31 v1.71 
\dashlinedash=\dimen122
\dashlinegap=\dimen123
\adl@box=\box30
\adl@height=\dimen124
\adl@heightsave=\dimen125
\adl@depth=\dimen126
\adl@depthsave=\dimen127
\adl@finaldepth=\dimen128
\adl@columns=\count110
\adl@ncol=\count111
\adl@currentcolumn=\count112
\adl@currentcolumnsave=\count113
\adl@totalheight=\count114
\adl@totalheightsave=\count115
\adl@dash=\count116
\adl@gap=\count117
\adl@cla=\count118
\adl@clb=\count119
\adl@everyvbox=\toks20
\adl@LTpagetotal=\dimen129
)
(c:/Software/texlive/2015/texmf-dist/tex/latex/base/latexsym.sty
Package: latexsym 1998/08/17 v2.2e Standard LaTeX package (lasy symbols)
\symlasy=\mathgroup11
LaTeX Font Info:    Overwriting symbol font `lasy' in version `bold'
(Font)                  U/lasy/m/n --> U/lasy/b/n on input line 52.
)
(c:/Software/texlive/2015/texmf-dist/tex/latex/amscls/amsthm.sty
Package: amsthm 2015/03/04 v2.20.2
\thm@style=\toks21
\thm@bodyfont=\toks22
\thm@headfont=\toks23
\thm@notefont=\toks24
\thm@headpunct=\toks25
\thm@preskip=\skip56
\thm@postskip=\skip57
\thm@headsep=\skip58
\dth@everypar=\toks26
)
\c@theorem=\count120

(c:/Software/texlive/2015/texmf-dist/tex/latex/preprint/authblk.sty
Package: authblk 2001/02/27 1.3 (PWD)
\affilsep=\skip59
\@affilsep=\skip60
\c@Maxaffil=\count121
\c@authors=\count122
\c@affil=\count123
)
(c:/Software/texlive/2015/texmf-dist/tex/latex/xpatch/xpatch.sty
(c:/Software/texlive/2015/texmf-dist/tex/latex/l3kernel/expl3.sty
Package: expl3 2015/09/06 v5925 L3 programming layer (loader) 

(c:/Software/texlive/2015/texmf-dist/tex/latex/l3kernel/expl3-code.tex
Package: expl3 2015/09/06 v5925 L3 programming layer (code) 
L3 Module: l3bootstrap 2015/07/31 v5729 L3 Bootstrap code
L3 Module: l3names 2015/08/17 v5848 L3 Namespace for primitives
L3 Module: l3basics 2015/08/28 v5897 L3 Basic definitions
L3 Module: l3expan 2015/08/28 v5897 L3 Argument expansion
L3 Module: l3tl 2015/09/02 v5908 L3 Token lists
L3 Module: l3str 2015/09/05 v5920 L3 Strings
L3 Module: l3seq 2015/08/05 v5777 L3 Sequences and stacks
L3 Module: l3int 2015/08/24 v5885 L3 Integers
\c_max_int=\count124
\l_tmpa_int=\count125
\l_tmpb_int=\count126
\g_tmpa_int=\count127
\g_tmpb_int=\count128
L3 Module: l3quark 2015/08/17 v5855 L3 Quarks
L3 Module: l3prg 2015/08/25 v5891 L3 Control structures
\g__prg_map_int=\count129
L3 Module: l3clist 2015/09/02 v5901 L3 Comma separated lists
L3 Module: l3token 2015/08/26 v5893 L3 Experimental token manipulation
L3 Module: l3prop 2015/08/05 v5777 L3 Property lists
L3 Module: l3msg 2015/08/25 v5891 L3 Messages
L3 Module: l3file 2015/08/05 v5786 L3 File and I/O operations
\l_iow_line_count_int=\count130
\l__iow_target_count_int=\count131
\l__iow_current_line_int=\count132
\l__iow_current_word_int=\count133
\l__iow_current_indentation_int=\count134
L3 Module: l3skip 2015/08/26 v5893 L3 Dimensions and skips
\c_zero_dim=\dimen130
\c_max_dim=\dimen131
\l_tmpa_dim=\dimen132
\l_tmpb_dim=\dimen133
\g_tmpa_dim=\dimen134
\g_tmpb_dim=\dimen135
\c_zero_skip=\skip61
\c_max_skip=\skip62
\l_tmpa_skip=\skip63
\l_tmpb_skip=\skip64
\g_tmpa_skip=\skip65
\g_tmpb_skip=\skip66
\c_zero_muskip=\muskip11
\c_max_muskip=\muskip12
\l_tmpa_muskip=\muskip13
\l_tmpb_muskip=\muskip14
\g_tmpa_muskip=\muskip15
\g_tmpb_muskip=\muskip16
L3 Module: l3keys 2015/08/20 v5869 L3 Key-value interfaces
\g__keyval_level_int=\count135
\l_keys_choice_int=\count136
L3 Module: l3fp 2015/08/25 v5890 L3 Floating points
\c__fp_leading_shift_int=\count137
\c__fp_middle_shift_int=\count138
\c__fp_trailing_shift_int=\count139
\c__fp_big_leading_shift_int=\count140
\c__fp_big_middle_shift_int=\count141
\c__fp_big_trailing_shift_int=\count142
\c__fp_Bigg_leading_shift_int=\count143
\c__fp_Bigg_middle_shift_int=\count144
\c__fp_Bigg_trailing_shift_int=\count145
L3 Module: l3box 2015/08/09 v5822 L3 Experimental boxes
\c_empty_box=\box31
\l_tmpa_box=\box32
\l_tmpb_box=\box33
\g_tmpa_box=\box34
\g_tmpb_box=\box35
L3 Module: l3coffins 2015/08/06 v5789 L3 Coffin code layer
\l__coffin_internal_box=\box36
\l__coffin_internal_dim=\dimen136
\l__coffin_offset_x_dim=\dimen137
\l__coffin_offset_y_dim=\dimen138
\l__coffin_x_dim=\dimen139
\l__coffin_y_dim=\dimen140
\l__coffin_x_prime_dim=\dimen141
\l__coffin_y_prime_dim=\dimen142
\c_empty_coffin=\box37
\l__coffin_aligned_coffin=\box38
\l__coffin_aligned_internal_coffin=\box39
\l_tmpa_coffin=\box40
\l_tmpb_coffin=\box41
\l__coffin_display_coffin=\box42
\l__coffin_display_coord_coffin=\box43
\l__coffin_display_pole_coffin=\box44
\l__coffin_display_offset_dim=\dimen143
\l__coffin_display_x_dim=\dimen144
\l__coffin_display_y_dim=\dimen145
L3 Module: l3color 2014/08/23 v5354 L3 Experimental color support
L3 Module: l3candidates 2015/09/03 v5911 L3 Experimental additions to l3kernel
\l__box_top_dim=\dimen146
\l__box_bottom_dim=\dimen147
\l__box_left_dim=\dimen148
\l__box_right_dim=\dimen149
\l__box_top_new_dim=\dimen150
\l__box_bottom_new_dim=\dimen151
\l__box_left_new_dim=\dimen152
\l__box_right_new_dim=\dimen153
\l__box_internal_box=\box45
\l__coffin_bounding_shift_dim=\dimen154
\l__coffin_left_corner_dim=\dimen155
\l__coffin_right_corner_dim=\dimen156
\l__coffin_bottom_corner_dim=\dimen157
\l__coffin_top_corner_dim=\dimen158
\l__coffin_scaled_total_height_dim=\dimen159
\l__coffin_scaled_width_dim=\dimen160
L3 Module: l3luatex 2015/06/30 v5646 L3 Experimental LuaTeX-specific functions
)
(c:/Software/texlive/2015/texmf-dist/tex/latex/l3kernel/l3unicode-data.def
File: l3unicode-data.def 2015/07/20 v5676 L3 Unicode data
)
(c:/Software/texlive/2015/texmf-dist/tex/latex/l3kernel/l3pdfmode.def
File: l3pdfmode.def 2015/06/30 v5646 L3 Experimental driver: PDF mode
\l__driver_color_stack_int=\count146
))
Package: xpatch 2012/10/02 v0.3 Extending etoolbox patching commands

(c:/Software/texlive/2015/texmf-dist/tex/latex/l3packages/xparse/xparse.sty
Package: xparse 2015/09/06 v5925 L3 Experimental document command parser
\l__xparse_current_arg_int=\count147
\l__xparse_m_args_int=\count148
\l__xparse_mandatory_args_int=\count149
\l__xparse_processor_int=\count150
\l__xparse_v_nesting_int=\count151
)
(c:/Software/texlive/2015/texmf-dist/tex/latex/etoolbox/etoolbox.sty
Package: etoolbox 2015/08/02 v2.2a e-TeX tools for LaTeX (JAW)
\etb@tempcnta=\count152
)
.................................................
. LaTeX info: "xparse/define-command"
. 
. Defining command \xpatchcmd with sig. '' on line 125.
.................................................
.................................................
. LaTeX info: "xparse/define-command"
. 
. Defining command \xpretocmd with sig. '' on line 126.
.................................................
.................................................
. LaTeX info: "xparse/define-command"
. 
. Defining command \xapptocmd with sig. '' on line 127.
.................................................
.................................................
. LaTeX info: "xparse/define-command"
. 
. Defining command \xshowcmd with sig. '' on line 128.
.................................................
.................................................
. LaTeX info: "xparse/define-command"
. 
. Defining command \xpatchbibmacro with sig. 'm' on line 131.
.................................................
.................................................
. LaTeX info: "xparse/define-command"
. 
. Defining command \xpretobibmacro with sig. 'm' on line 133.
.................................................
.................................................
. LaTeX info: "xparse/define-command"
. 
. Defining command \xapptobibmacro with sig. 'm' on line 135.
.................................................
.................................................
. LaTeX info: "xparse/define-command"
. 
. Defining command \xshowbibmacro with sig. 'm' on line 137.
.................................................
.................................................
. LaTeX info: "xparse/define-command"
. 
. Defining command \xpatchfieldformat with sig. 'O{*}m' on line 139.
.................................................
.................................................
. LaTeX info: "xparse/define-command"
. 
. Defining command \xpretofieldformat with sig. 'O{*}m' on line 141.
.................................................
.................................................
. LaTeX info: "xparse/define-command"
. 
. Defining command \xapptofieldformat with sig. 'O{*}m' on line 143.
.................................................
.................................................
. LaTeX info: "xparse/define-command"
. 
. Defining command \xshowfieldformat with sig. 'O{*}m' on line 145.
.................................................
.................................................
. LaTeX info: "xparse/define-command"
. 
. Defining command \xpatchnameformat with sig. 'O{*}m' on line 147.
.................................................
.................................................
. LaTeX info: "xparse/define-command"
. 
. Defining command \xpretonameformat with sig. 'O{*}m' on line 149.
.................................................
.................................................
. LaTeX info: "xparse/define-command"
. 
. Defining command \xapptonameformat with sig. 'O{*}m' on line 151.
.................................................
.................................................
. LaTeX info: "xparse/define-command"
. 
. Defining command \xshownameformat with sig. 'O{*}m' on line 153.
.................................................
.................................................
. LaTeX info: "xparse/define-command"
. 
. Defining command \xpatchlistformat with sig. 'O{*}m' on line 155.
.................................................
.................................................
. LaTeX info: "xparse/define-command"
. 
. Defining command \xpretolistformat with sig. 'O{*}m' on line 157.
.................................................
.................................................
. LaTeX info: "xparse/define-command"
. 
. Defining command \xapptolistformat with sig. 'O{*}m' on line 159.
.................................................
.................................................
. LaTeX info: "xparse/define-command"
. 
. Defining command \xshowlistformat with sig. 'O{*}m' on line 161.
.................................................
.................................................
. LaTeX info: "xparse/define-command"
. 
. Defining command \xpatchindexfieldformat with sig. 'O{*}m' on line 163.
.................................................
.................................................
. LaTeX info: "xparse/define-command"
. 
. Defining command \xpretoindexfieldformat with sig. 'O{*}m' on line 165.
.................................................
.................................................
. LaTeX info: "xparse/define-command"
. 
. Defining command \xapptoindexfieldformat with sig. 'O{*}m' on line 167.
.................................................
.................................................
. LaTeX info: "xparse/define-command"
. 
. Defining command \xshowindexfieldformat with sig. 'O{*}m' on line 169.
.................................................
.................................................
. LaTeX info: "xparse/define-command"
. 
. Defining command \xpatchindexnameformat with sig. 'O{*}m' on line 171.
.................................................
.................................................
. LaTeX info: "xparse/define-command"
. 
. Defining command \xpretoindexnameformat with sig. 'O{*}m' on line 173.
.................................................
.................................................
. LaTeX info: "xparse/define-command"
. 
. Defining command \xapptoindexnameformat with sig. 'O{*}m' on line 175.
.................................................
.................................................
. LaTeX info: "xparse/define-command"
. 
. Defining command \xshowindexnameformat with sig. 'O{*}m' on line 177.
.................................................
.................................................
. LaTeX info: "xparse/define-command"
. 
. Defining command \xpatchindexlistformat with sig. 'O{*}m' on line 179.
.................................................
.................................................
. LaTeX info: "xparse/define-command"
. 
. Defining command \xpretoindexlistformat with sig. 'O{*}m' on line 181.
.................................................
.................................................
. LaTeX info: "xparse/define-command"
. 
. Defining command \xappindextolistformat with sig. 'O{*}m' on line 183.
.................................................
.................................................
. LaTeX info: "xparse/define-command"
. 
. Defining command \xshowindexlistformat with sig. 'O{*}m' on line 185.
.................................................
.................................................
. LaTeX info: "xparse/define-command"
. 
. Defining command \xpatchbibdriver with sig. 'm' on line 187.
.................................................
.................................................
. LaTeX info: "xparse/define-command"
. 
. Defining command \xpretobibdriver with sig. 'm' on line 189.
.................................................
.................................................
. LaTeX info: "xparse/define-command"
. 
. Defining command \xapptobibdriver with sig. 'm' on line 191.
.................................................
.................................................
. LaTeX info: "xparse/define-command"
. 
. Defining command \xshowbibdriver with sig. 'm' on line 193.
.................................................
)
(c:/Software/texlive/2015/texmf-dist/tex/latex/lipsum/lipsum.sty
Package: lipsum 2014/07/27 v1.3 150 paragraphs of Lorem Ipsum dummy text
\c@lips@count=\count153
)
(c:/Software/texlive/2015/texmf-dist/tex/latex/hyperref/hyperref.sty
Package: hyperref 2012/11/06 v6.83m Hypertext links for LaTeX

(c:/Software/texlive/2015/texmf-dist/tex/generic/oberdiek/hobsub-hyperref.sty
Package: hobsub-hyperref 2012/05/28 v1.13 Bundle oberdiek, subset hyperref (HO)


(c:/Software/texlive/2015/texmf-dist/tex/generic/oberdiek/hobsub-generic.sty
Package: hobsub-generic 2012/05/28 v1.13 Bundle oberdiek, subset generic (HO)
Package: hobsub 2012/05/28 v1.13 Construct package bundles (HO)
Package hobsub Info: Skipping package `infwarerr' (already loaded).
Package hobsub Info: Skipping package `ltxcmds' (already loaded).
Package: ifluatex 2010/03/01 v1.3 Provides the ifluatex switch (HO)
Package ifluatex Info: LuaTeX not detected.
Package: ifvtex 2010/03/01 v1.5 Detect VTeX and its facilities (HO)
Package ifvtex Info: VTeX not detected.
Package: intcalc 2007/09/27 v1.1 Expandable calculations with integers (HO)
Package: ifpdf 2011/01/30 v2.3 Provides the ifpdf switch (HO)
Package ifpdf Info: pdfTeX in PDF mode is detected.
Package: etexcmds 2011/02/16 v1.5 Avoid name clashes with e-TeX commands (HO)
Package etexcmds Info: Could not find \expanded.
(etexcmds)             That can mean that you are not using pdfTeX 1.50 or
(etexcmds)             that some package has redefined \expanded.
(etexcmds)             In the latter case, load this package earlier.
Package: kvsetkeys 2012/04/25 v1.16 Key value parser (HO)
Package: kvdefinekeys 2011/04/07 v1.3 Define keys (HO)
Package: pdftexcmds 2011/11/29 v0.20 Utility functions of pdfTeX for LuaTeX (HO
)
Package pdftexcmds Info: LuaTeX not detected.
Package pdftexcmds Info: \pdf@primitive is available.
Package pdftexcmds Info: \pdf@ifprimitive is available.
Package pdftexcmds Info: \pdfdraftmode found.
Package: pdfescape 2011/11/25 v1.13 Implements pdfTeX's escape features (HO)
Package: bigintcalc 2012/04/08 v1.3 Expandable calculations on big integers (HO
)
Package: bitset 2011/01/30 v1.1 Handle bit-vector datatype (HO)
Package: uniquecounter 2011/01/30 v1.2 Provide unlimited unique counter (HO)
)
Package hobsub Info: Skipping package `hobsub' (already loaded).
Package: letltxmacro 2010/09/02 v1.4 Let assignment for LaTeX macros (HO)
Package: hopatch 2012/05/28 v1.2 Wrapper for package hooks (HO)
Package: xcolor-patch 2011/01/30 xcolor patch
Package: atveryend 2011/06/30 v1.8 Hooks at the very end of document (HO)
Package: atbegshi 2011/10/05 v1.16 At begin shipout hook (HO)
Package: refcount 2011/10/16 v3.4 Data extraction from label references (HO)
Package: hycolor 2011/01/30 v1.7 Color options for hyperref/bookmark (HO)
)
(c:/Software/texlive/2015/texmf-dist/tex/generic/ifxetex/ifxetex.sty
Package: ifxetex 2010/09/12 v0.6 Provides ifxetex conditional
)
(c:/Software/texlive/2015/texmf-dist/tex/latex/oberdiek/auxhook.sty
Package: auxhook 2011/03/04 v1.3 Hooks for auxiliary files (HO)
)
(c:/Software/texlive/2015/texmf-dist/tex/latex/oberdiek/kvoptions.sty
Package: kvoptions 2011/06/30 v3.11 Key value format for package options (HO)
)
\@linkdim=\dimen161
\Hy@linkcounter=\count154
\Hy@pagecounter=\count155

(c:/Software/texlive/2015/texmf-dist/tex/latex/hyperref/pd1enc.def
File: pd1enc.def 2012/11/06 v6.83m Hyperref: PDFDocEncoding definition (HO)
)
\Hy@SavedSpaceFactor=\count156

(c:/Software/texlive/2015/texmf-dist/tex/latex/latexconfig/hyperref.cfg
File: hyperref.cfg 2002/06/06 v1.2 hyperref configuration of TeXLive
)
Package hyperref Info: Option `breaklinks' set `true' on input line 4319.


Package hyperref Warning: Option `letterpaper' is no longer used.

Package hyperref Info: Option `colorlinks' set `true' on input line 4319.
Package hyperref Info: Option `bookmarks' set `false' on input line 4319.
Package hyperref Info: Hyper figures OFF on input line 4443.
Package hyperref Info: Link nesting OFF on input line 4448.
Package hyperref Info: Hyper index ON on input line 4451.
Package hyperref Info: Plain pages OFF on input line 4458.
Package hyperref Info: Backreferencing ON on input line 4461.
Package hyperref Info: Implicit mode ON; LaTeX internals redefined.
Package hyperref Info: Bookmarks OFF on input line 4694.
(c:/Software/texlive/2015/texmf-dist/tex/latex/hyperref/backref.sty
Package: backref 2012/07/25 v1.38 Bibliographical back referencing

(c:/Software/texlive/2015/texmf-dist/tex/latex/oberdiek/rerunfilecheck.sty
Package: rerunfilecheck 2011/04/15 v1.7 Rerun checks for auxiliary files (HO)
Package uniquecounter Info: New unique counter `rerunfilecheck' on input line 2
82.
))
\c@Hy@tempcnt=\count157

(c:/Software/texlive/2015/texmf-dist/tex/latex/url/url.sty
\Urlmuskip=\muskip17
Package: url 2013/09/16  ver 3.4  Verb mode for urls, etc.
)
LaTeX Info: Redefining \url on input line 5041.
\XeTeXLinkMargin=\dimen162
\Fld@menulength=\count158
\Field@Width=\dimen163
\Fld@charsize=\dimen164
Package hyperref Info: Hyper figures OFF on input line 6295.
Package hyperref Info: Link nesting OFF on input line 6300.
Package hyperref Info: Hyper index ON on input line 6303.
Package hyperref Info: backreferencing ON on input line 6308.
Package hyperref Info: Link coloring ON on input line 6313.
Package hyperref Info: Link coloring with OCG OFF on input line 6320.
Package hyperref Info: PDF/A mode OFF on input line 6325.
LaTeX Info: Redefining \ref on input line 6365.
LaTeX Info: Redefining \pageref on input line 6369.
\Hy@abspage=\count159
\c@Item=\count160
\c@Hfootnote=\count161
)

Package hyperref Message: Driver (autodetected): hpdftex.

(c:/Software/texlive/2015/texmf-dist/tex/latex/hyperref/hpdftex.def
File: hpdftex.def 2012/11/06 v6.83m Hyperref driver for pdfTeX
\Fld@listcount=\count162
\c@bookmark@seq@number=\count163
\Hy@SectionHShift=\skip67
)
(./egpaper_final.aux)
\openout1 = `egpaper_final.aux'.

LaTeX Font Info:    Checking defaults for OML/cmm/m/it on input line 65.
LaTeX Font Info:    ... okay on input line 65.
LaTeX Font Info:    Checking defaults for T1/cmr/m/n on input line 65.
LaTeX Font Info:    ... okay on input line 65.
LaTeX Font Info:    Checking defaults for OT1/cmr/m/n on input line 65.
LaTeX Font Info:    ... okay on input line 65.
LaTeX Font Info:    Checking defaults for OMS/cmsy/m/n on input line 65.
LaTeX Font Info:    ... okay on input line 65.
LaTeX Font Info:    Checking defaults for OMX/cmex/m/n on input line 65.
LaTeX Font Info:    ... okay on input line 65.
LaTeX Font Info:    Checking defaults for U/cmr/m/n on input line 65.
LaTeX Font Info:    ... okay on input line 65.
LaTeX Font Info:    Checking defaults for PD1/pdf/m/n on input line 65.
LaTeX Font Info:    ... okay on input line 65.
LaTeX Font Info:    Try loading font information for OT1+ptm on input line 65.

(c:/Software/texlive/2015/texmf-dist/tex/latex/psnfss/ot1ptm.fd
File: ot1ptm.fd 2001/06/04 font definitions for OT1/ptm.
)
ABD: EveryShipout initializing macros
(c:/Software/texlive/2015/texmf-dist/tex/context/base/supp-pdf.mkii
[Loading MPS to PDF converter (version 2006.09.02).]
\scratchcounter=\count164
\scratchdimen=\dimen165
\scratchbox=\box46
\nofMPsegments=\count165
\nofMParguments=\count166
\everyMPshowfont=\toks27
\MPscratchCnt=\count167
\MPscratchDim=\dimen166
\MPnumerator=\count168
\makeMPintoPDFobject=\count169
\everyMPtoPDFconversion=\toks28
) (c:/Software/texlive/2015/texmf-dist/tex/latex/oberdiek/epstopdf-base.sty
Package: epstopdf-base 2010/02/09 v2.5 Base part for package epstopdf

(c:/Software/texlive/2015/texmf-dist/tex/latex/oberdiek/grfext.sty
Package: grfext 2010/08/19 v1.1 Manage graphics extensions (HO)
)
Package grfext Info: Graphics extension search list:
(grfext)             [.png,.pdf,.jpg,.mps,.jpeg,.jbig2,.jb2,.PNG,.PDF,.JPG,.JPE
G,.JBIG2,.JB2,.eps]
(grfext)             \AppendGraphicsExtensions on input line 452.

(c:/Software/texlive/2015/texmf-dist/tex/latex/latexconfig/epstopdf-sys.cfg
File: epstopdf-sys.cfg 2010/07/13 v1.3 Configuration of (r)epstopdf for TeX Liv
e
))
\AtBeginShipoutBox=\box47
Package atbegshi Info: Package `everyshi' patched.
Package backref Info: ** backref set up for natbib ** on input line 65.
Package hyperref Info: Link coloring ON on input line 65.

(c:/Software/texlive/2015/texmf-dist/tex/latex/hyperref/nameref.sty
Package: nameref 2012/10/27 v2.43 Cross-referencing by name of section

(c:/Software/texlive/2015/texmf-dist/tex/generic/oberdiek/gettitlestring.sty
Package: gettitlestring 2010/12/03 v1.4 Cleanup title references (HO)
)
\c@section@level=\count170
)
LaTeX Info: Redefining \ref on input line 65.
LaTeX Info: Redefining \pageref on input line 65.
LaTeX Info: Redefining \nameref on input line 65.
LaTeX Font Info:    Font shape `OT1/ptm/bx/n' in size <14.4> not available
(Font)              Font shape `OT1/ptm/b/n' tried instead on input line 84.
LaTeX Font Info:    Try loading font information for U+msa on input line 84.

(c:/Software/texlive/2015/texmf-dist/tex/latex/amsfonts/umsa.fd
File: umsa.fd 2013/01/14 v3.01 AMS symbols A
)
LaTeX Font Info:    Try loading font information for U+msb on input line 84.

(c:/Software/texlive/2015/texmf-dist/tex/latex/amsfonts/umsb.fd
File: umsb.fd 2013/01/14 v3.01 AMS symbols B
)
LaTeX Font Info:    Try loading font information for U+lasy on input line 84.

(c:/Software/texlive/2015/texmf-dist/tex/latex/base/ulasy.fd
File: ulasy.fd 1998/08/17 v2.2e LaTeX symbol font definitions
)
LaTeX Font Info:    Try loading font information for OMS+ptm on input line 84.

(c:/Software/texlive/2015/texmf-dist/tex/latex/psnfss/omsptm.fd
File: omsptm.fd 
)
LaTeX Font Info:    Font shape `OMS/ptm/m/n' in size <8> not available
(Font)              Font shape `OMS/cmsy/m/n' tried instead on input line 84.
LaTeX Font Info:    Try loading font information for OT1+pcr on input line 84.

(c:/Software/texlive/2015/texmf-dist/tex/latex/psnfss/ot1pcr.fd
File: ot1pcr.fd 2001/06/04 font definitions for OT1/pcr.
)
LaTeX Font Info:    Try loading font information for OMS+pcr on input line 84.

(c:/Software/texlive/2015/texmf-dist/tex/latex/psnfss/omspcr.fd
File: omspcr.fd 
)
LaTeX Font Info:    Font shape `OMS/pcr/m/n' in size <9> not available
(Font)              Font shape `OMS/cmsy/m/n' tried instead on input line 84.
LaTeX Font Info:    Font shape `OMS/ptm/m/n' in size <6> not available
(Font)              Font shape `OMS/cmsy/m/n' tried instead on input line 84.
LaTeX Font Info:    Font shape `OT1/ptm/bx/n' in size <12> not available
(Font)              Font shape `OT1/ptm/b/n' tried instead on input line 87.

Underfull \vbox (badness 2735) has occurred while \output is active []

 [1{c:/Software/texlive/2015/texmf-var/fonts/map/pdftex/updmap/pdftex.map}


]
Overfull \hbox (58.67165pt too wide) in paragraph at lines 149--149
[] \OT1/ptm/b/n/12 . [] 
 []


Overfull \hbox (65.54163pt too wide) in paragraph at lines 151--151
[] \elvbf . [] 
 []

<example/br_kodim08_1.png, id=79, 401.5pt x 385.44pt>
File: example/br_kodim08_1.png Graphic file (type png)

<use example/br_kodim08_1.png>
Package pdftex.def Info: example/br_kodim08_1.png used on input line 176.
(pdftex.def)             Requested size: 124.21405pt x 119.24402pt.

<example/br_Noisy_nSig402030_kodim08_1.png, id=80, 401.5pt x 385.44pt>
File: example/br_Noisy_nSig402030_kodim08_1.png Graphic file (type png)

<use example/br_Noisy_nSig402030_kodim08_1.png>
Package pdftex.def Info: example/br_Noisy_nSig402030_kodim08_1.png used on inpu
t line 176.
(pdftex.def)             Requested size: 124.21405pt x 119.24402pt.

<example/br_kodim08_2.png, id=81, 401.5pt x 385.44pt>
File: example/br_kodim08_2.png Graphic file (type png)

<use example/br_kodim08_2.png>
Package pdftex.def Info: example/br_kodim08_2.png used on input line 176.
(pdftex.def)             Requested size: 124.21405pt x 119.24402pt.

<example/br_Noisy_nSig402030_kodim08_2.png, id=82, 401.5pt x 385.44pt>
File: example/br_Noisy_nSig402030_kodim08_2.png Graphic file (type png)

<use example/br_Noisy_nSig402030_kodim08_2.png>
Package pdftex.def Info: example/br_Noisy_nSig402030_kodim08_2.png used on inpu
t line 176.
(pdftex.def)             Requested size: 124.21405pt x 119.24402pt.

<example/br_WNNMJ_nSig402030_lambda1_kodim08_1.png, id=83, 401.5pt x 385.44pt>
File: example/br_WNNMJ_nSig402030_lambda1_kodim08_1.png Graphic file (type png)


<use example/br_WNNMJ_nSig402030_lambda1_kodim08_1.png>
Package pdftex.def Info: example/br_WNNMJ_nSig402030_lambda1_kodim08_1.png used
 on input line 198.
(pdftex.def)             Requested size: 124.21405pt x 119.24402pt.

<example/br_CWNNM_ADMM_nSig402030_kodim08_1.png, id=84, 401.5pt x 385.44pt>
File: example/br_CWNNM_ADMM_nSig402030_kodim08_1.png Graphic file (type png)

<use example/br_CWNNM_ADMM_nSig402030_kodim08_1.png>
Package pdftex.def Info: example/br_CWNNM_ADMM_nSig402030_kodim08_1.png used on
 input line 198.
(pdftex.def)             Requested size: 124.21405pt x 119.24402pt.

<example/br_WNNMJ_nSig402030_lambda1_kodim08_2.png, id=85, 401.5pt x 385.44pt>
File: example/br_WNNMJ_nSig402030_lambda1_kodim08_2.png Graphic file (type png)


<use example/br_WNNMJ_nSig402030_lambda1_kodim08_2.png>
Package pdftex.def Info: example/br_WNNMJ_nSig402030_lambda1_kodim08_2.png used
 on input line 198.
(pdftex.def)             Requested size: 124.21405pt x 119.24402pt.

<example/br_CWNNM_ADMM_nSig402030_kodim08_2.png, id=86, 401.5pt x 385.44pt>
File: example/br_CWNNM_ADMM_nSig402030_kodim08_2.png Graphic file (type png)

<use example/br_CWNNM_ADMM_nSig402030_kodim08_2.png>
Package pdftex.def Info: example/br_CWNNM_ADMM_nSig402030_kodim08_2.png used on
 input line 198.
(pdftex.def)             Requested size: 124.21405pt x 119.24402pt.

Overfull \hbox (12.49995pt too wide) in paragraph at lines 176--199
 [][] 
 []


Overfull \hbox (12.49995pt too wide) in paragraph at lines 176--199
 [][] 
 []

[2]
Underfull \hbox (badness 5260) in paragraph at lines 223--225
[]\OT1/ptm/m/n/10 Let's de-note the noisy patch ma-trix by $\OT1/cmr/bx/n/10 Y 
\OT1/cmr/m/n/10 =
 []


Underfull \hbox (badness 1158) in paragraph at lines 237--241
\OT1/ptm/m/n/10 nel with Gaus-sian dis-tri-bu-tion and stan-dard de-vi-a-tions
 []

[3 <./example/br_kodim08_1.png (PNG copy)> <./example/br_Noisy_nSig402030_kodim
08_1.png (PNG copy)> <./example/br_kodim08_2.png (PNG copy)> <./example/br_Nois
y_nSig402030_kodim08_2.png (PNG copy)> <./example/br_WNNMJ_nSig402030_lambda1_k
odim08_1.png (PNG copy)> <./example/br_CWNNM_ADMM_nSig402030_kodim08_1.png (PNG
 copy)> <./example/br_WNNMJ_nSig402030_lambda1_kodim08_2.png (PNG copy)> <./exa
mple/br_CWNNM_ADMM_nSig402030_kodim08_2.png (PNG copy)>]
LaTeX Font Info:    Font shape `OT1/ptm/bx/n' in size <10> not available
(Font)              Font shape `OT1/ptm/b/n' tried instead on input line 339.

Overfull \hbox (1.88905pt too wide) detected at line 349
[]\OT1/cmr/bx/n/10 X[] \OT1/cmr/m/n/10 = [] [] \OMS/cmsy/m/n/10 k\OT1/cmr/bx/n/
10 W\OT1/cmr/m/n/10 (\OT1/cmr/bx/n/10 Y \OMS/cmsy/m/n/10 ^^@ \OT1/cmr/bx/n/10 X
\OT1/cmr/m/n/10 )\OMS/cmsy/m/n/10 k[] \OT1/cmr/m/n/10 + []\OMS/cmsy/m/n/10 k\OT
1/cmr/bx/n/10 X \OMS/cmsy/m/n/10 ^^@ \OT1/cmr/bx/n/10 Z[] \OT1/cmr/m/n/10 + \OM
L/cmm/m/it/10 ^^Z[]\OT1/cmr/bx/n/10 A[]\OMS/cmsy/m/n/10 jj[]\OML/cmm/m/it/10 :
 []


Overfull \hbox (3.56223pt too wide) in paragraph at lines 440--497
[][]
 []

[4]
Underfull \hbox (badness 2080) in paragraph at lines 513--586
\OT1/cmr/bx/n/10 X[]\OMS/cmsy/m/n/10 k[] ^^T [][]\OT1/cmr/m/n/10 (\OMS/cmsy/m/n
/10 k\OT1/cmr/m/n/10 (\OT1/cmr/bx/n/10 W[]W \OT1/cmr/m/n/10 + []\OT1/cmr/bx/n/1
0 I\OT1/cmr/m/n/10 )[](\OT1/cmr/bx/n/10 W[]WY \OMS/cmsy/m/n/10 ^^@
 []


Underfull \hbox (badness 1412) in paragraph at lines 637--638
[]\OT1/ptm/m/n/10 In the pro-posed Al-go-rithm 1 for solv-ing the MC-
 []

[5]
LaTeX Font Info:    Font shape `OT1/ptm/bx/n' in size <8> not available
(Font)              Font shape `OT1/ptm/b/n' tried instead on input line 692.

<CC15images/resize_5dmark3_iso3200_1_real.png, id=215, 205.76875pt x 205.76875p
t>
File: CC15images/resize_5dmark3_iso3200_1_real.png Graphic file (type png)
 <use CC15images/resize_5dmark3_iso3200_1_real.png>
Package pdftex.def Info: CC15images/resize_5dmark3_iso3200_1_real.png used on i
nput line 812.
(pdftex.def)             Requested size: 42.23611pt x 42.23624pt.

<CC15images/resize_5dmark3_iso3200_2_real.png, id=216, 205.76875pt x 205.76875p
t>
File: CC15images/resize_5dmark3_iso3200_2_real.png Graphic file (type png)
 <use CC15images/resize_5dmark3_iso3200_2_real.png>
Package pdftex.def Info: CC15images/resize_5dmark3_iso3200_2_real.png used on i
nput line 812.
(pdftex.def)             Requested size: 42.23611pt x 42.23624pt.

<CC15images/resize_5dmark3_iso3200_3_real.png, id=217, 205.76875pt x 205.76875p
t>
File: CC15images/resize_5dmark3_iso3200_3_real.png Graphic file (type png)
 <use CC15images/resize_5dmark3_iso3200_3_real.png>
Package pdftex.def Info: CC15images/resize_5dmark3_iso3200_3_real.png used on i
nput line 812.
(pdftex.def)             Requested size: 42.23611pt x 42.23624pt.

<CC15images/resize_d600_iso3200_1_real.png, id=218, 205.76875pt x 205.76875pt>
File: CC15images/resize_d600_iso3200_1_real.png Graphic file (type png)

<use CC15images/resize_d600_iso3200_1_real.png>
Package pdftex.def Info: CC15images/resize_d600_iso3200_1_real.png used on inpu
t line 812.
(pdftex.def)             Requested size: 42.23611pt x 42.23624pt.

<CC15images/resize_d600_iso3200_2_real.png, id=219, 205.76875pt x 205.76875pt>
File: CC15images/resize_d600_iso3200_2_real.png Graphic file (type png)

<use CC15images/resize_d600_iso3200_2_real.png>
Package pdftex.def Info: CC15images/resize_d600_iso3200_2_real.png used on inpu
t line 812.
(pdftex.def)             Requested size: 42.23611pt x 42.23624pt.

<CC15images/resize_d600_iso3200_3_real.png, id=220, 205.76875pt x 205.76875pt>
File: CC15images/resize_d600_iso3200_3_real.png Graphic file (type png)

<use CC15images/resize_d600_iso3200_3_real.png>
Package pdftex.def Info: CC15images/resize_d600_iso3200_3_real.png used on inpu
t line 829.
(pdftex.def)             Requested size: 42.23611pt x 42.23624pt.

<CC15images/resize_d800_iso1600_1_real.png, id=221, 205.76875pt x 205.76875pt>
File: CC15images/resize_d800_iso1600_1_real.png Graphic file (type png)

<use CC15images/resize_d800_iso1600_1_real.png>
Package pdftex.def Info: CC15images/resize_d800_iso1600_1_real.png used on inpu
t line 829.
(pdftex.def)             Requested size: 42.23611pt x 42.23624pt.

<CC15images/resize_d800_iso1600_2_real.png, id=222, 205.76875pt x 205.76875pt>
File: CC15images/resize_d800_iso1600_2_real.png Graphic file (type png)

<use CC15images/resize_d800_iso1600_2_real.png>
Package pdftex.def Info: CC15images/resize_d800_iso1600_2_real.png used on inpu
t line 829.
(pdftex.def)             Requested size: 42.23611pt x 42.23624pt.

<CC15images/resize_d800_iso1600_3_real.png, id=223, 205.76875pt x 205.76875pt>
File: CC15images/resize_d800_iso1600_3_real.png Graphic file (type png)

<use CC15images/resize_d800_iso1600_3_real.png>
Package pdftex.def Info: CC15images/resize_d800_iso1600_3_real.png used on inpu
t line 829.
(pdftex.def)             Requested size: 42.23611pt x 42.23624pt.

<CC15images/resize_d800_iso3200_1_real.png, id=224, 205.76875pt x 205.76875pt>
File: CC15images/resize_d800_iso3200_1_real.png Graphic file (type png)

<use CC15images/resize_d800_iso3200_1_real.png>
Package pdftex.def Info: CC15images/resize_d800_iso3200_1_real.png used on inpu
t line 829.
(pdftex.def)             Requested size: 42.23611pt x 42.23624pt.

<CC15images/resize_d800_iso3200_2_real.png, id=225, 205.76875pt x 205.76875pt>
File: CC15images/resize_d800_iso3200_2_real.png Graphic file (type png)

<use CC15images/resize_d800_iso3200_2_real.png>
Package pdftex.def Info: CC15images/resize_d800_iso3200_2_real.png used on inpu
t line 846.
(pdftex.def)             Requested size: 42.23611pt x 42.23624pt.

<CC15images/resize_d800_iso3200_3_real.png, id=226, 205.76875pt x 205.76875pt>
File: CC15images/resize_d800_iso3200_3_real.png Graphic file (type png)

<use CC15images/resize_d800_iso3200_3_real.png>
Package pdftex.def Info: CC15images/resize_d800_iso3200_3_real.png used on inpu
t line 846.
(pdftex.def)             Requested size: 42.23611pt x 42.23624pt.

<CC15images/resize_d800_iso6400_1_real.png, id=227, 205.76875pt x 205.76875pt>
File: CC15images/resize_d800_iso6400_1_real.png Graphic file (type png)

<use CC15images/resize_d800_iso6400_1_real.png>
Package pdftex.def Info: CC15images/resize_d800_iso6400_1_real.png used on inpu
t line 846.
(pdftex.def)             Requested size: 42.23611pt x 42.23624pt.

<CC15images/resize_d800_iso6400_2_real.png, id=228, 205.76875pt x 205.76875pt>
File: CC15images/resize_d800_iso6400_2_real.png Graphic file (type png)

<use CC15images/resize_d800_iso6400_2_real.png>
Package pdftex.def Info: CC15images/resize_d800_iso6400_2_real.png used on inpu
t line 846.
(pdftex.def)             Requested size: 42.23611pt x 42.23624pt.

<CC15images/resize_d800_iso6400_3_real.png, id=229, 205.76875pt x 205.76875pt>
File: CC15images/resize_d800_iso6400_3_real.png Graphic file (type png)

<use CC15images/resize_d800_iso6400_3_real.png>
Package pdftex.def Info: CC15images/resize_d800_iso6400_3_real.png used on inpu
t line 846.
(pdftex.def)             Requested size: 42.23611pt x 42.23624pt.
 [6 <./CC15images/resize_5dmark3_iso3200_1_real.png (PNG copy)> <./CC15images/r
esize_5dmark3_iso3200_2_real.png (PNG copy)> <./CC15images/resize_5dmark3_iso32
00_3_real.png (PNG copy)> <./CC15images/resize_d600_iso3200_1_real.png (PNG cop
y)> <./CC15images/resize_d600_iso3200_2_real.png (PNG copy)> <./CC15images/resi
ze_d600_iso3200_3_real.png (PNG copy)> <./CC15images/resize_d800_iso1600_1_real
.png (PNG copy)> <./CC15images/resize_d800_iso1600_2_real.png (PNG copy)> <./CC
15images/resize_d800_iso1600_3_real.png (PNG copy)> <./CC15images/resize_d800_i
so3200_1_real.png (PNG copy)> <./CC15images/resize_d800_iso3200_2_real.png (PNG
 copy)> <./CC15images/resize_d800_iso3200_3_real.png (PNG copy)> <./CC15images/
resize_d800_iso6400_1_real.png (PNG copy)> <./CC15images/resize_d800_iso6400_2_
real.png (PNG copy)> <./CC15images/resize_d800_iso6400_3_real.png (PNG copy)>]
<compareb/resize_br_Noisy_dog.png, id=254, 200.75pt x 200.75pt>
File: compareb/resize_br_Noisy_dog.png Graphic file (type png)

<use compareb/resize_br_Noisy_dog.png>
Package pdftex.def Info: compareb/resize_br_Noisy_dog.png used on input line 89
6.
(pdftex.def)             Requested size: 99.36972pt x 99.37308pt.

<compareb/resize_br_BM3D_dog.png, id=256, 200.75pt x 200.75pt>
File: compareb/resize_br_BM3D_dog.png Graphic file (type png)

<use compareb/resize_br_BM3D_dog.png>
Package pdftex.def Info: compareb/resize_br_BM3D_dog.png used on input line 896
.
(pdftex.def)             Requested size: 99.36972pt x 99.37308pt.

<compareb/resize_br_MLP_dog.png, id=258, 200.75pt x 200.75pt>
File: compareb/resize_br_MLP_dog.png Graphic file (type png)

<use compareb/resize_br_MLP_dog.png>
Package pdftex.def Info: compareb/resize_br_MLP_dog.png used on input line 896.

(pdftex.def)             Requested size: 99.36972pt x 99.37308pt.

<compareb/resize_br_TRD_dog.png, id=260, 200.75pt x 200.75pt>
File: compareb/resize_br_TRD_dog.png Graphic file (type png)

<use compareb/resize_br_TRD_dog.png>
Package pdftex.def Info: compareb/resize_br_TRD_dog.png used on input line 896.

(pdftex.def)             Requested size: 99.36972pt x 99.37308pt.

<compareb/resize_br_NI_dog.png, id=262, 200.75pt x 200.75pt>
File: compareb/resize_br_NI_dog.png Graphic file (type png)

<use compareb/resize_br_NI_dog.png>
Package pdftex.def Info: compareb/resize_br_NI_dog.png used on input line 896.
(pdftex.def)             Requested size: 99.36972pt x 99.37308pt.

<compareb/resize_br_NC_dog.png, id=264, 200.75pt x 200.75pt>
File: compareb/resize_br_NC_dog.png Graphic file (type png)

<use compareb/resize_br_NC_dog.png>
Package pdftex.def Info: compareb/resize_br_NC_dog.png used on input line 923.
(pdftex.def)             Requested size: 99.36972pt x 99.37308pt.

<compareb/resize_br_WNNM_dog.png, id=267, 200.75pt x 200.75pt>
File: compareb/resize_br_WNNM_dog.png Graphic file (type png)

<use compareb/resize_br_WNNM_dog.png>
Package pdftex.def Info: compareb/resize_br_WNNM_dog.png used on input line 923
.
(pdftex.def)             Requested size: 99.36972pt x 99.37308pt.

<compareb/resize_br_WNNMJ_dog.png, id=269, 200.75pt x 200.75pt>
File: compareb/resize_br_WNNMJ_dog.png Graphic file (type png)

<use compareb/resize_br_WNNMJ_dog.png>
Package pdftex.def Info: compareb/resize_br_WNNMJ_dog.png used on input line 92
3.
(pdftex.def)             Requested size: 99.36972pt x 99.37308pt.

<compareb/resize_br_WNNM_ADMM_dog.png, id=271, 200.75pt x 200.75pt>
File: compareb/resize_br_WNNM_ADMM_dog.png Graphic file (type png)

<use compareb/resize_br_WNNM_ADMM_dog.png>
Package pdftex.def Info: compareb/resize_br_WNNM_ADMM_dog.png used on input lin
e 923.
(pdftex.def)             Requested size: 99.36972pt x 99.37308pt.

<compareb/resize_br_CWNNM_ADMM_NL_dog.png, id=273, 200.75pt x 200.75pt>
File: compareb/resize_br_CWNNM_ADMM_NL_dog.png Graphic file (type png)

<use compareb/resize_br_CWNNM_ADMM_NL_dog.png>
Package pdftex.def Info: compareb/resize_br_CWNNM_ADMM_NL_dog.png used on input
 line 923.
(pdftex.def)             Requested size: 99.36972pt x 99.37308pt.

Overfull \hbox (14.99236pt too wide) in paragraph at lines 896--925
 [][] 
 []


Overfull \hbox (14.99236pt too wide) in paragraph at lines 896--925
 [][] 
 []


<comparec/resize_br_Noisy_5dmark3_iso3200_1.png, id=290, 205.76875pt x 205.7687
5pt>
File: comparec/resize_br_Noisy_5dmark3_iso3200_1.png Graphic file (type png)
 <use comparec/resize_br_Noisy_5dmark3_iso3200_1.png>
Package pdftex.def Info: comparec/resize_br_Noisy_5dmark3_iso3200_1.png used on
 input line 1065.
(pdftex.def)             Requested size: 96.8906pt x 96.89027pt.

<comparec/resize_br_CBM3D_CC15_5dmark3_iso3200_1.png, id=291, 205.76875pt x 205
.76875pt>
File: comparec/resize_br_CBM3D_CC15_5dmark3_iso3200_1.png Graphic file (type pn
g)
 <use comparec/resize_br_CBM3D_CC15_5dmark3_iso3200_1.png>
Package pdftex.def Info: comparec/resize_br_CBM3D_CC15_5dmark3_iso3200_1.png us
ed on input line 1065.
(pdftex.def)             Requested size: 96.8906pt x 96.89027pt.

<comparec/resize_br_TRD_CC15_5dmark3_iso3200_1.png, id=293, 205.76875pt x 205.7
6875pt>
File: comparec/resize_br_TRD_CC15_5dmark3_iso3200_1.png Graphic file (type png)

 <use comparec/resize_br_TRD_CC15_5dmark3_iso3200_1.png>
Package pdftex.def Info: comparec/resize_br_TRD_CC15_5dmark3_iso3200_1.png used
 on input line 1065.
(pdftex.def)             Requested size: 96.8906pt x 96.89027pt.

<comparec/resize_br_NI_CC15_5dmark3_iso3200_1.png, id=295, 205.76875pt x 205.76
875pt>
File: comparec/resize_br_NI_CC15_5dmark3_iso3200_1.png Graphic file (type png)
 <use comparec/resize_br_NI_CC15_5dmark3_iso3200_1.png>
Package pdftex.def Info: comparec/resize_br_NI_CC15_5dmark3_iso3200_1.png used 
on input line 1065.
(pdftex.def)             Requested size: 96.8906pt x 96.89027pt.

<comparec/resize_br_NC_CC15_5dmark3_iso3200_1.png, id=297, 205.76875pt x 205.76
875pt>
File: comparec/resize_br_NC_CC15_5dmark3_iso3200_1.png Graphic file (type png)
 <use comparec/resize_br_NC_CC15_5dmark3_iso3200_1.png>
Package pdftex.def Info: comparec/resize_br_NC_CC15_5dmark3_iso3200_1.png used 
on input line 1065.
(pdftex.def)             Requested size: 96.8906pt x 96.89027pt.

<comparec/resize_br_CC_CC15_5dmark3_iso3200_1.png, id=300, 205.76875pt x 205.76
875pt>
File: comparec/resize_br_CC_CC15_5dmark3_iso3200_1.png Graphic file (type png)
 <use comparec/resize_br_CC_CC15_5dmark3_iso3200_1.png>
Package pdftex.def Info: comparec/resize_br_CC_CC15_5dmark3_iso3200_1.png used 
on input line 1092.
(pdftex.def)             Requested size: 96.8906pt x 96.89027pt.

<comparec/resize_br_WNNMJ_CC15_5dmark3_iso3200_1.png, id=302, 205.76875pt x 205
.76875pt>
File: comparec/resize_br_WNNMJ_CC15_5dmark3_iso3200_1.png Graphic file (type pn
g)
 <use comparec/resize_br_WNNMJ_CC15_5dmark3_iso3200_1.png>
Package pdftex.def Info: comparec/resize_br_WNNMJ_CC15_5dmark3_iso3200_1.png us
ed on input line 1092.
(pdftex.def)             Requested size: 96.8906pt x 96.89027pt.

<comparec/resize_br_WNNM_ADMM_NL_CC15_5dmark3_iso3200_1.png, id=303, 205.76875p
t x 205.76875pt>
File: comparec/resize_br_WNNM_ADMM_NL_CC15_5dmark3_iso3200_1.png Graphic file (
type png)

<use comparec/resize_br_WNNM_ADMM_NL_CC15_5dmark3_iso3200_1.png>
Package pdftex.def Info: comparec/resize_br_WNNM_ADMM_NL_CC15_5dmark3_iso3200_1
.png used on input line 1092.
(pdftex.def)             Requested size: 96.8906pt x 96.89027pt.

<comparec/resize_br_CWNNM_ADMM_NL_CC15_5dmark3_iso3200_1.png, id=304, 205.76875
pt x 205.76875pt>
File: comparec/resize_br_CWNNM_ADMM_NL_CC15_5dmark3_iso3200_1.png Graphic file 
(type png)

<use comparec/resize_br_CWNNM_ADMM_NL_CC15_5dmark3_iso3200_1.png>
Package pdftex.def Info: comparec/resize_br_CWNNM_ADMM_NL_CC15_5dmark3_iso3200_
1.png used on input line 1092.
(pdftex.def)             Requested size: 96.8906pt x 96.89027pt.

<comparec/resize_br_5dmark3_iso3200_1.png, id=305, 205.76875pt x 205.76875pt>
File: comparec/resize_br_5dmark3_iso3200_1.png Graphic file (type png)

<use comparec/resize_br_5dmark3_iso3200_1.png>
Package pdftex.def Info: comparec/resize_br_5dmark3_iso3200_1.png used on input
 line 1092.
(pdftex.def)             Requested size: 96.8906pt x 96.89027pt.

Overfull \hbox (2.59673pt too wide) in paragraph at lines 1065--1093
 [][] 
 []


Overfull \hbox (2.59673pt too wide) in paragraph at lines 1065--1093
 [][] 
 []

[7] (./egpaper_final.bbl (./egpaper_final.brf)
\tf@brf=\write3
\openout3 = `egpaper_final.brf'.


Underfull \vbox (badness 10000) has occurred while \output is active []


Underfull \hbox (badness 1320) in paragraph at lines 14--14
\OT1/ptm/m/n/9 and re-dun-dant rep-re-sen-ta-tions over learned dic-tio-nar-ies
.
 []


Underfull \vbox (badness 10000) has occurred while \output is active []

 [8 <./compareb/resize_br_Noisy_dog.png (PNG copy)> <./compareb/resize_br_BM3D_
dog.png (PNG copy)> <./compareb/resize_br_MLP_dog.png (PNG copy)> <./compareb/r
esize_br_TRD_dog.png (PNG copy)> <./compareb/resize_br_NI_dog.png (PNG copy)> <
./compareb/resize_br_NC_dog.png (PNG copy)> <./compareb/resize_br_WNNM_dog.png 
(PNG copy)> <./compareb/resize_br_WNNMJ_dog.png (PNG copy)> <./compareb/resize_
br_WNNM_ADMM_dog.png (PNG copy)> <./compareb/resize_br_CWNNM_ADMM_NL_dog.png (P
NG copy)>]
[9 <./comparec/resize_br_Noisy_5dmark3_iso3200_1.png (PNG copy)> <./comparec/re
size_br_CBM3D_CC15_5dmark3_iso3200_1.png (PNG copy)> <./comparec/resize_br_TRD_
CC15_5dmark3_iso3200_1.png (PNG copy)> <./comparec/resize_br_NI_CC15_5dmark3_is
o3200_1.png (PNG copy)> <./comparec/resize_br_NC_CC15_5dmark3_iso3200_1.png (PN
G copy)> <./comparec/resize_br_CC_CC15_5dmark3_iso3200_1.png (PNG copy)> <./com
parec/resize_br_WNNMJ_CC15_5dmark3_iso3200_1.png (PNG copy)> <./comparec/resize
_br_WNNM_ADMM_NL_CC15_5dmark3_iso3200_1.png (PNG copy)> <./comparec/resize_br_C
WNNM_ADMM_NL_CC15_5dmark3_iso3200_1.png (PNG copy)> <./comparec/resize_br_5dmar
k3_iso3200_1.png (PNG copy)>]
Underfull \hbox (badness 7238) in paragraph at lines 163--163
[]\OT1/ptm/m/n/9 Neatlab AB-Soft.  Neat Im-age.  [][]$\OT1/pcr/m/n/9 https : / 
/ ni .
 []

)
Package atveryend Info: Empty hook `BeforeClearDocument' on input line 1112.
 [10

]
Package atveryend Info: Empty hook `AfterLastShipout' on input line 1112.
 (./egpaper_final.aux)
Package atveryend Info: Executing hook `AtVeryEndDocument' on input line 1112.
Package atveryend Info: Executing hook `AtEndAfterFileList' on input line 1112.

Package rerunfilecheck Info: File `egpaper_final.brf' has not changed.
(rerunfilecheck)             Checksum: 62A8FD0BE3F19AF7D8D9E5C75F73E76C;5296.
 ) 
Here is how much of TeX's memory you used:
 15169 strings out of 493091
 262560 string characters out of 6134517
 447762 words of memory out of 5000000
 18301 multiletter control sequences out of 15000+600000
 44436 words of font info for 120 fonts, out of 8000000 for 9000
 1141 hyphenation exceptions out of 8191
 39i,17n,42p,10456b,548s stack positions out of 5000i,500n,10000p,200000b,80000s
{c:/Software/texlive/2015/texmf-dist/fonts/enc/dvips/base/8r.enc}<c:/Software
/texlive/2015/texmf-dist/fonts/type1/public/amsfonts/cm/cmbx10.pfb><c:/Software
/texlive/2015/texmf-dist/fonts/type1/public/amsfonts/cm/cmbx7.pfb><c:/Software/
texlive/2015/texmf-dist/fonts/type1/public/amsfonts/cm/cmex10.pfb><c:/Software/
texlive/2015/texmf-dist/fonts/type1/public/amsfonts/cm/cmmi10.pfb><c:/Software/
texlive/2015/texmf-dist/fonts/type1/public/amsfonts/cm/cmmi5.pfb><c:/Software/t
exlive/2015/texmf-dist/fonts/type1/public/amsfonts/cm/cmmi6.pfb><c:/Software/te
xlive/2015/texmf-dist/fonts/type1/public/amsfonts/cm/cmmi7.pfb><c:/Software/tex
live/2015/texmf-dist/fonts/type1/public/amsfonts/cm/cmmi8.pfb><c:/Software/texl
ive/2015/texmf-dist/fonts/type1/public/amsfonts/cm/cmmib10.pfb><c:/Software/tex
live/2015/texmf-dist/fonts/type1/public/amsfonts/cmextra/cmmib7.pfb><c:/Softwar
e/texlive/2015/texmf-dist/fonts/type1/public/amsfonts/cm/cmr10.pfb><c:/Software
/texlive/2015/texmf-dist/fonts/type1/public/amsfonts/cm/cmr5.pfb><c:/Software/t
exlive/2015/texmf-dist/fonts/type1/public/amsfonts/cm/cmr7.pfb><c:/Software/tex
live/2015/texmf-dist/fonts/type1/public/amsfonts/cm/cmr8.pfb><c:/Software/texli
ve/2015/texmf-dist/fonts/type1/public/amsfonts/cm/cmsy10.pfb><c:/Software/texli
ve/2015/texmf-dist/fonts/type1/public/amsfonts/cm/cmsy5.pfb><c:/Software/texliv
e/2015/texmf-dist/fonts/type1/public/amsfonts/cm/cmsy6.pfb><c:/Software/texlive
/2015/texmf-dist/fonts/type1/public/amsfonts/cm/cmsy7.pfb><c:/Software/texlive/
2015/texmf-dist/fonts/type1/public/amsfonts/cm/cmsy8.pfb><c:/Software/texlive/2
015/texmf-dist/fonts/type1/public/amsfonts/cm/cmsy9.pfb><c:/Software/texlive/20
15/texmf-dist/fonts/type1/public/amsfonts/symbols/msbm10.pfb><c:/Software/texli
ve/2015/texmf-dist/fonts/type1/urw/courier/ucrr8a.pfb><c:/Software/texlive/2015
/texmf-dist/fonts/type1/urw/times/utmb8a.pfb><c:/Software/texlive/2015/texmf-di
st/fonts/type1/urw/times/utmr8a.pfb><c:/Software/texlive/2015/texmf-dist/fonts/
type1/urw/times/utmri8a.pfb>
Output written on egpaper_final.pdf (10 pages, 4065571 bytes).
PDF statistics:
 524 PDF objects out of 1000 (max. 8388607)
 437 compressed objects within 5 object streams
 98 named destinations out of 1000 (max. 500000)
 216 words of extra memory for PDF output out of 10000 (max. 10000000)

