This is pdfTeX, Version 3.14159265-2.6-1.40.16 (TeX Live 2015/W32TeX) (preloaded format=pdflatex 2015.9.12)  11 MAR 2017 20:31
entering extended mode
 restricted \write18 enabled.
 %&-line parsing enabled.
**./egpaper_for_review.tex
(./egpaper_for_review.tex
LaTeX2e <2015/01/01> patch level 2
Babel <3.9m> and hyphenation patterns for 79 languages loaded.
(c:/Software/texlive/2015/texmf-dist/tex/latex/base/article.cls
Document Class: article 2014/09/29 v1.4h Standard LaTeX document class
(c:/Software/texlive/2015/texmf-dist/tex/latex/base/size10.clo
File: size10.clo 2014/09/29 v1.4h Standard LaTeX file (size option)
)
\c@part=\count79
\c@section=\count80
\c@subsection=\count81
\c@subsubsection=\count82
\c@paragraph=\count83
\c@subparagraph=\count84
\c@figure=\count85
\c@table=\count86
\abovecaptionskip=\skip41
\belowcaptionskip=\skip42
\bibindent=\dimen102
) (./iccv.sty
(./eso-pic.sty
Package: eso-pic 2002/11/16 v1.1b eso-pic (RN)
 (./iccv_eso.sty

LaTeX Warning: You have requested package `eso-pic',
               but the package provides `everyshi'.

Package: everyshi 2001/05/15 v3.00 EveryShipout Package (MS)
) (c:/Software/texlive/2015/texmf-dist/tex/latex/graphics/keyval.sty
Package: keyval 2014/10/28 v1.15 key=value parser (DPC)
\KV@toks@=\toks14
))
(c:/Software/texlive/2015/texmf-dist/tex/latex/tools/xspace.sty
Package: xspace 2014/10/28 v1.13 Space after command names (DPC,MH)
)
ICCV 8.5 x 11-Inch Proceedings Style `iccv.sty'.
\@ctmp=\skip43
\@figindent=\skip44
\iccvrulerbox=\box26
\iccvrulercount=\count87
\iccvruleroffset=\dimen103
\cv@lineheight=\dimen104
\cv@boxheight=\dimen105
\cv@tmpbox=\box27
\cv@refno=\count88
\cv@tot=\count89
\cv@tmpc@=\count90
\cv@tmpc=\count91
) (c:/Software/texlive/2015/texmf-dist/tex/latex/psnfss/times.sty
Package: times 2005/04/12 PSNFSS-v9.2a (SPQR) 
)
(c:/Software/texlive/2015/texmf-dist/tex/latex/graphics/epsfig.sty
Package: epsfig 1999/02/16 v1.7a (e)psfig emulation (SPQR)

(c:/Software/texlive/2015/texmf-dist/tex/latex/graphics/graphicx.sty
Package: graphicx 2014/10/28 v1.0g Enhanced LaTeX Graphics (DPC,SPQR)

(c:/Software/texlive/2015/texmf-dist/tex/latex/graphics/graphics.sty
Package: graphics 2014/10/28 v1.0p Standard LaTeX Graphics (DPC,SPQR)

(c:/Software/texlive/2015/texmf-dist/tex/latex/graphics/trig.sty
Package: trig 1999/03/16 v1.09 sin cos tan (DPC)
)
(c:/Software/texlive/2015/texmf-dist/tex/latex/latexconfig/graphics.cfg
File: graphics.cfg 2010/04/23 v1.9 graphics configuration of TeX Live
)
Package graphics Info: Driver file: pdftex.def on input line 94.

(c:/Software/texlive/2015/texmf-dist/tex/latex/pdftex-def/pdftex.def
File: pdftex.def 2011/05/27 v0.06d Graphics/color for pdfTeX

(c:/Software/texlive/2015/texmf-dist/tex/generic/oberdiek/infwarerr.sty
Package: infwarerr 2010/04/08 v1.3 Providing info/warning/error messages (HO)
)
(c:/Software/texlive/2015/texmf-dist/tex/generic/oberdiek/ltxcmds.sty
Package: ltxcmds 2011/11/09 v1.22 LaTeX kernel commands for general use (HO)
)
\Gread@gobject=\count92
))
\Gin@req@height=\dimen106
\Gin@req@width=\dimen107
)
\epsfxsize=\dimen108
\epsfysize=\dimen109
)
(c:/Software/texlive/2015/texmf-dist/tex/latex/amsmath/amsmath.sty
Package: amsmath 2013/01/14 v2.14 AMS math features
\@mathmargin=\skip45

For additional information on amsmath, use the `?' option.
(c:/Software/texlive/2015/texmf-dist/tex/latex/amsmath/amstext.sty
Package: amstext 2000/06/29 v2.01

(c:/Software/texlive/2015/texmf-dist/tex/latex/amsmath/amsgen.sty
File: amsgen.sty 1999/11/30 v2.0
\@emptytoks=\toks15
\ex@=\dimen110
))
(c:/Software/texlive/2015/texmf-dist/tex/latex/amsmath/amsbsy.sty
Package: amsbsy 1999/11/29 v1.2d
\pmbraise@=\dimen111
)
(c:/Software/texlive/2015/texmf-dist/tex/latex/amsmath/amsopn.sty
Package: amsopn 1999/12/14 v2.01 operator names
)
\inf@bad=\count93
LaTeX Info: Redefining \frac on input line 210.
\uproot@=\count94
\leftroot@=\count95
LaTeX Info: Redefining \overline on input line 306.
\classnum@=\count96
\DOTSCASE@=\count97
LaTeX Info: Redefining \ldots on input line 378.
LaTeX Info: Redefining \dots on input line 381.
LaTeX Info: Redefining \cdots on input line 466.
\Mathstrutbox@=\box28
\strutbox@=\box29
\big@size=\dimen112
LaTeX Font Info:    Redeclaring font encoding OML on input line 566.
LaTeX Font Info:    Redeclaring font encoding OMS on input line 567.
\macc@depth=\count98
\c@MaxMatrixCols=\count99
\dotsspace@=\muskip10
\c@parentequation=\count100
\dspbrk@lvl=\count101
\tag@help=\toks16
\row@=\count102
\column@=\count103
\maxfields@=\count104
\andhelp@=\toks17
\eqnshift@=\dimen113
\alignsep@=\dimen114
\tagshift@=\dimen115
\tagwidth@=\dimen116
\totwidth@=\dimen117
\lineht@=\dimen118
\@envbody=\toks18
\multlinegap=\skip46
\multlinetaggap=\skip47
\mathdisplay@stack=\toks19
LaTeX Info: Redefining \[ on input line 2665.
LaTeX Info: Redefining \] on input line 2666.
)
(c:/Software/texlive/2015/texmf-dist/tex/latex/amsfonts/amssymb.sty
Package: amssymb 2013/01/14 v3.01 AMS font symbols

(c:/Software/texlive/2015/texmf-dist/tex/latex/amsfonts/amsfonts.sty
Package: amsfonts 2013/01/14 v3.01 Basic AMSFonts support
\symAMSa=\mathgroup4
\symAMSb=\mathgroup5
LaTeX Font Info:    Overwriting math alphabet `\mathfrak' in version `bold'
(Font)                  U/euf/m/n --> U/euf/b/n on input line 106.
))
(c:/Software/texlive/2015/texmf-dist/tex/latex/natbib/natbib.sty
Package: natbib 2010/09/13 8.31b (PWD, AO)
\bibhang=\skip48
\bibsep=\skip49
LaTeX Info: Redefining \cite on input line 694.
\c@NAT@ctr=\count105
)
(c:/Software/texlive/2015/texmf-dist/tex/latex/subfigure/subfigure.sty
Package: subfigure 2002/03/15 v2.1.5 subfigure package
\subfigtopskip=\skip50
\subfigcapskip=\skip51
\subfigcaptopadj=\dimen119
\subfigbottomskip=\skip52
\subfigcapmargin=\dimen120
\subfiglabelskip=\skip53
\c@subfigure=\count106
\c@lofdepth=\count107
\c@subtable=\count108
\c@lotdepth=\count109

****************************************
* Local config file subfigure.cfg used *
****************************************
(c:/Software/texlive/2015/texmf-dist/tex/latex/subfigure/subfigure.cfg)
\subfig@top=\skip54
\subfig@bottom=\skip55
)
(c:/Software/texlive/2015/texmf-dist/tex/latex/was/upgreek.sty
Package: upgreek 2003/02/12 v2.0 (WaS)
Package upgreek Info: Using Euler Roman for upright Greek on input line 31.
\symugrf@m=\mathgroup6
LaTeX Font Info:    Overwriting symbol font `ugrf@m' in version `bold'
(Font)                  U/eur/m/n --> U/eur/b/n on input line 38.
)
(c:/Software/texlive/2015/texmf-dist/tex/latex/multirow/multirow.sty
\bigstrutjot=\dimen121
)
(c:/Software/texlive/2015/texmf-dist/tex/latex/graphics/color.sty
Package: color 2014/10/28 v1.1a Standard LaTeX Color (DPC)

(c:/Software/texlive/2015/texmf-dist/tex/latex/latexconfig/color.cfg
File: color.cfg 2007/01/18 v1.5 color configuration of teTeX/TeXLive
)
Package color Info: Driver file: pdftex.def on input line 142.
)
(c:/Software/texlive/2015/texmf-dist/tex/latex/tools/bm.sty
Package: bm 2014/10/28 v1.1c Bold Symbol Support (DPC/FMi)
\symboldoperators=\mathgroup7
\symboldletters=\mathgroup8
\symboldsymbols=\mathgroup9
\symboldugrf@m=\mathgroup10
LaTeX Font Info:    Redeclaring math alphabet \mathbf on input line 141.
LaTeX Info: Redefining \bm on input line 207.
)
(c:/Software/texlive/2015/texmf-dist/tex/latex/arydshln/arydshln.sty
Package: arydshln 2004/08/31 v1.71 
\dashlinedash=\dimen122
\dashlinegap=\dimen123
\adl@box=\box30
\adl@height=\dimen124
\adl@heightsave=\dimen125
\adl@depth=\dimen126
\adl@depthsave=\dimen127
\adl@finaldepth=\dimen128
\adl@columns=\count110
\adl@ncol=\count111
\adl@currentcolumn=\count112
\adl@currentcolumnsave=\count113
\adl@totalheight=\count114
\adl@totalheightsave=\count115
\adl@dash=\count116
\adl@gap=\count117
\adl@cla=\count118
\adl@clb=\count119
\adl@everyvbox=\toks20
\adl@LTpagetotal=\dimen129
)
(c:/Software/texlive/2015/texmf-dist/tex/latex/base/latexsym.sty
Package: latexsym 1998/08/17 v2.2e Standard LaTeX package (lasy symbols)
\symlasy=\mathgroup11
LaTeX Font Info:    Overwriting symbol font `lasy' in version `bold'
(Font)                  U/lasy/m/n --> U/lasy/b/n on input line 52.
)
(c:/Software/texlive/2015/texmf-dist/tex/latex/amscls/amsthm.sty
Package: amsthm 2015/03/04 v2.20.2
\thm@style=\toks21
\thm@bodyfont=\toks22
\thm@headfont=\toks23
\thm@notefont=\toks24
\thm@headpunct=\toks25
\thm@preskip=\skip56
\thm@postskip=\skip57
\thm@headsep=\skip58
\dth@everypar=\toks26
)
\c@theorem=\count120

(c:/Software/texlive/2015/texmf-dist/tex/latex/hyperref/hyperref.sty
Package: hyperref 2012/11/06 v6.83m Hypertext links for LaTeX

(c:/Software/texlive/2015/texmf-dist/tex/generic/oberdiek/hobsub-hyperref.sty
Package: hobsub-hyperref 2012/05/28 v1.13 Bundle oberdiek, subset hyperref (HO)


(c:/Software/texlive/2015/texmf-dist/tex/generic/oberdiek/hobsub-generic.sty
Package: hobsub-generic 2012/05/28 v1.13 Bundle oberdiek, subset generic (HO)
Package: hobsub 2012/05/28 v1.13 Construct package bundles (HO)
Package hobsub Info: Skipping package `infwarerr' (already loaded).
Package hobsub Info: Skipping package `ltxcmds' (already loaded).
Package: ifluatex 2010/03/01 v1.3 Provides the ifluatex switch (HO)
Package ifluatex Info: LuaTeX not detected.
Package: ifvtex 2010/03/01 v1.5 Detect VTeX and its facilities (HO)
Package ifvtex Info: VTeX not detected.
Package: intcalc 2007/09/27 v1.1 Expandable calculations with integers (HO)
Package: ifpdf 2011/01/30 v2.3 Provides the ifpdf switch (HO)
Package ifpdf Info: pdfTeX in PDF mode is detected.
Package: etexcmds 2011/02/16 v1.5 Avoid name clashes with e-TeX commands (HO)
Package etexcmds Info: Could not find \expanded.
(etexcmds)             That can mean that you are not using pdfTeX 1.50 or
(etexcmds)             that some package has redefined \expanded.
(etexcmds)             In the latter case, load this package earlier.
Package: kvsetkeys 2012/04/25 v1.16 Key value parser (HO)
Package: kvdefinekeys 2011/04/07 v1.3 Define keys (HO)
Package: pdftexcmds 2011/11/29 v0.20 Utility functions of pdfTeX for LuaTeX (HO
)
Package pdftexcmds Info: LuaTeX not detected.
Package pdftexcmds Info: \pdf@primitive is available.
Package pdftexcmds Info: \pdf@ifprimitive is available.
Package pdftexcmds Info: \pdfdraftmode found.
Package: pdfescape 2011/11/25 v1.13 Implements pdfTeX's escape features (HO)
Package: bigintcalc 2012/04/08 v1.3 Expandable calculations on big integers (HO
)
Package: bitset 2011/01/30 v1.1 Handle bit-vector datatype (HO)
Package: uniquecounter 2011/01/30 v1.2 Provide unlimited unique counter (HO)
)
Package hobsub Info: Skipping package `hobsub' (already loaded).
Package: letltxmacro 2010/09/02 v1.4 Let assignment for LaTeX macros (HO)
Package: hopatch 2012/05/28 v1.2 Wrapper for package hooks (HO)
Package: xcolor-patch 2011/01/30 xcolor patch
Package: atveryend 2011/06/30 v1.8 Hooks at the very end of document (HO)
Package atveryend Info: \enddocument detected (standard20110627).
Package: atbegshi 2011/10/05 v1.16 At begin shipout hook (HO)
Package: refcount 2011/10/16 v3.4 Data extraction from label references (HO)
Package: hycolor 2011/01/30 v1.7 Color options for hyperref/bookmark (HO)
)
(c:/Software/texlive/2015/texmf-dist/tex/generic/ifxetex/ifxetex.sty
Package: ifxetex 2010/09/12 v0.6 Provides ifxetex conditional
)
(c:/Software/texlive/2015/texmf-dist/tex/latex/oberdiek/auxhook.sty
Package: auxhook 2011/03/04 v1.3 Hooks for auxiliary files (HO)
)
(c:/Software/texlive/2015/texmf-dist/tex/latex/oberdiek/kvoptions.sty
Package: kvoptions 2011/06/30 v3.11 Key value format for package options (HO)
)
\@linkdim=\dimen130
\Hy@linkcounter=\count121
\Hy@pagecounter=\count122

(c:/Software/texlive/2015/texmf-dist/tex/latex/hyperref/pd1enc.def
File: pd1enc.def 2012/11/06 v6.83m Hyperref: PDFDocEncoding definition (HO)
)
\Hy@SavedSpaceFactor=\count123

(c:/Software/texlive/2015/texmf-dist/tex/latex/latexconfig/hyperref.cfg
File: hyperref.cfg 2002/06/06 v1.2 hyperref configuration of TeXLive
)
Package hyperref Info: Option `breaklinks' set `true' on input line 4319.


Package hyperref Warning: Option `letterpaper' is no longer used.

Package hyperref Info: Option `colorlinks' set `true' on input line 4319.
Package hyperref Info: Option `bookmarks' set `false' on input line 4319.
Package hyperref Info: Hyper figures OFF on input line 4443.
Package hyperref Info: Link nesting OFF on input line 4448.
Package hyperref Info: Hyper index ON on input line 4451.
Package hyperref Info: Plain pages OFF on input line 4458.
Package hyperref Info: Backreferencing ON on input line 4461.
Package hyperref Info: Implicit mode ON; LaTeX internals redefined.
Package hyperref Info: Bookmarks OFF on input line 4694.
(c:/Software/texlive/2015/texmf-dist/tex/latex/hyperref/backref.sty
Package: backref 2012/07/25 v1.38 Bibliographical back referencing

(c:/Software/texlive/2015/texmf-dist/tex/latex/oberdiek/rerunfilecheck.sty
Package: rerunfilecheck 2011/04/15 v1.7 Rerun checks for auxiliary files (HO)
Package uniquecounter Info: New unique counter `rerunfilecheck' on input line 2
82.
))
\c@Hy@tempcnt=\count124

(c:/Software/texlive/2015/texmf-dist/tex/latex/url/url.sty
\Urlmuskip=\muskip11
Package: url 2013/09/16  ver 3.4  Verb mode for urls, etc.
)
LaTeX Info: Redefining \url on input line 5041.
\XeTeXLinkMargin=\dimen131
\Fld@menulength=\count125
\Field@Width=\dimen132
\Fld@charsize=\dimen133
Package hyperref Info: Hyper figures OFF on input line 6295.
Package hyperref Info: Link nesting OFF on input line 6300.
Package hyperref Info: Hyper index ON on input line 6303.
Package hyperref Info: backreferencing ON on input line 6308.
Package hyperref Info: Link coloring ON on input line 6313.
Package hyperref Info: Link coloring with OCG OFF on input line 6320.
Package hyperref Info: PDF/A mode OFF on input line 6325.
LaTeX Info: Redefining \ref on input line 6365.
LaTeX Info: Redefining \pageref on input line 6369.
\Hy@abspage=\count126
\c@Item=\count127
\c@Hfootnote=\count128
)

Package hyperref Message: Driver (autodetected): hpdftex.

(c:/Software/texlive/2015/texmf-dist/tex/latex/hyperref/hpdftex.def
File: hpdftex.def 2012/11/06 v6.83m Hyperref driver for pdfTeX
\Fld@listcount=\count129
\c@bookmark@seq@number=\count130
\Hy@SectionHShift=\skip59
)
(./egpaper_for_review.aux

LaTeX Warning: Label `alg1' multiply defined.


LaTeX Warning: Label `fig3' multiply defined.


LaTeX Warning: Label `fig7' multiply defined.

)
\openout1 = `egpaper_for_review.aux'.

LaTeX Font Info:    Checking defaults for OML/cmm/m/it on input line 42.
LaTeX Font Info:    ... okay on input line 42.
LaTeX Font Info:    Checking defaults for T1/cmr/m/n on input line 42.
LaTeX Font Info:    ... okay on input line 42.
LaTeX Font Info:    Checking defaults for OT1/cmr/m/n on input line 42.
LaTeX Font Info:    ... okay on input line 42.
LaTeX Font Info:    Checking defaults for OMS/cmsy/m/n on input line 42.
LaTeX Font Info:    ... okay on input line 42.
LaTeX Font Info:    Checking defaults for OMX/cmex/m/n on input line 42.
LaTeX Font Info:    ... okay on input line 42.
LaTeX Font Info:    Checking defaults for U/cmr/m/n on input line 42.
LaTeX Font Info:    ... okay on input line 42.
LaTeX Font Info:    Checking defaults for PD1/pdf/m/n on input line 42.
LaTeX Font Info:    ... okay on input line 42.
LaTeX Font Info:    Try loading font information for OT1+ptm on input line 42.
 (c:/Software/texlive/2015/texmf-dist/tex/latex/psnfss/ot1ptm.fd
File: ot1ptm.fd 2001/06/04 font definitions for OT1/ptm.
)
ABD: EveryShipout initializing macros
(c:/Software/texlive/2015/texmf-dist/tex/context/base/supp-pdf.mkii
[Loading MPS to PDF converter (version 2006.09.02).]
\scratchcounter=\count131
\scratchdimen=\dimen134
\scratchbox=\box31
\nofMPsegments=\count132
\nofMParguments=\count133
\everyMPshowfont=\toks27
\MPscratchCnt=\count134
\MPscratchDim=\dimen135
\MPnumerator=\count135
\makeMPintoPDFobject=\count136
\everyMPtoPDFconversion=\toks28
) (c:/Software/texlive/2015/texmf-dist/tex/latex/oberdiek/epstopdf-base.sty
Package: epstopdf-base 2010/02/09 v2.5 Base part for package epstopdf

(c:/Software/texlive/2015/texmf-dist/tex/latex/oberdiek/grfext.sty
Package: grfext 2010/08/19 v1.1 Manage graphics extensions (HO)
)
Package grfext Info: Graphics extension search list:
(grfext)             [.png,.pdf,.jpg,.mps,.jpeg,.jbig2,.jb2,.PNG,.PDF,.JPG,.JPE
G,.JBIG2,.JB2,.eps]
(grfext)             \AppendGraphicsExtensions on input line 452.

(c:/Software/texlive/2015/texmf-dist/tex/latex/latexconfig/epstopdf-sys.cfg
File: epstopdf-sys.cfg 2010/07/13 v1.3 Configuration of (r)epstopdf for TeX Liv
e
))
\AtBeginShipoutBox=\box32
Package atbegshi Info: Package `everyshi' patched.
Package backref Info: ** backref set up for natbib ** on input line 42.
Package hyperref Info: Link coloring ON on input line 42.

(c:/Software/texlive/2015/texmf-dist/tex/latex/hyperref/nameref.sty
Package: nameref 2012/10/27 v2.43 Cross-referencing by name of section

(c:/Software/texlive/2015/texmf-dist/tex/generic/oberdiek/gettitlestring.sty
Package: gettitlestring 2010/12/03 v1.4 Cleanup title references (HO)
)
\c@section@level=\count137
)
LaTeX Info: Redefining \ref on input line 42.
LaTeX Info: Redefining \pageref on input line 42.
LaTeX Info: Redefining \nameref on input line 42.
LaTeX Font Info:    Font shape `OT1/ptm/bx/n' in size <14.4> not available
(Font)              Font shape `OT1/ptm/b/n' tried instead on input line 65.
LaTeX Font Info:    Try loading font information for U+msa on input line 65.

(c:/Software/texlive/2015/texmf-dist/tex/latex/amsfonts/umsa.fd
File: umsa.fd 2013/01/14 v3.01 AMS symbols A
)
LaTeX Font Info:    Try loading font information for U+msb on input line 65.

(c:/Software/texlive/2015/texmf-dist/tex/latex/amsfonts/umsb.fd
File: umsb.fd 2013/01/14 v3.01 AMS symbols B
)
LaTeX Font Info:    Try loading font information for U+lasy on input line 65.

(c:/Software/texlive/2015/texmf-dist/tex/latex/base/ulasy.fd
File: ulasy.fd 1998/08/17 v2.2e LaTeX symbol font definitions
)
LaTeX Font Info:    Font shape `OT1/ptm/bx/n' in size <12> not available
(Font)              Font shape `OT1/ptm/b/n' tried instead on input line 67.

Underfull \vbox (badness 6625) has occurred while \output is active []

LaTeX Font Info:    Font shape `OT1/ptm/bx/n' in size <10> not available
(Font)              Font shape `OT1/ptm/b/n' tried instead on input line 78.
LaTeX Font Info:    Try loading font information for OT1+phv on input line 78.

(c:/Software/texlive/2015/texmf-dist/tex/latex/psnfss/ot1phv.fd
File: ot1phv.fd 2001/06/04 scalable font definitions for OT1/phv.
) [1{c:/Software/texlive/2015/texmf-var/fonts/map/pdftex/updmap/pdftex.map}


]
Underfull \hbox (badness 1048) in paragraph at lines 96--98
\OT1/ptm/m/n/10 This NNM prob-lem has closed-form so-lu-tion by soft-
 []


Underfull \hbox (badness 2837) in paragraph at lines 122--123
[]\OT1/ptm/m/n/10 Though hav-ing achieved ex-cel-lent per-for-mance on
 []


Underfull \hbox (badness 1087) in paragraph at lines 125--127
\OT1/ptm/m/n/10 the CBM3D [[]] first trans-form the RGB im-age into
 []

[2]
Underfull \hbox (badness 3826) in paragraph at lines 128--128
[] \OT1/ptm/b/n/12 . Multi-channel Weighted Nu-clear Norm
 []


Underfull \hbox (badness 3078) in paragraph at lines 140--141
[]\OT1/ptm/m/n/10 Unfortunately, the pro-posed multi-channel WNNM
 []


Overfull \hbox (3.06256pt too wide) detected at line 204
[]\OT1/cmr/bx/n/10 X[] \OT1/cmr/m/n/10 = [] [] \OMS/cmsy/m/n/10 k\OT1/cmr/bx/n/
10 WY \OMS/cmsy/m/n/10 ^^@ \OT1/cmr/bx/n/10 WX\OMS/cmsy/m/n/10 k[] \OT1/cmr/m/n
/10 + []\OMS/cmsy/m/n/10 k\OT1/cmr/bx/n/10 X \OMS/cmsy/m/n/10 ^^@ \OT1/cmr/bx/n
/10 Z[] \OT1/cmr/m/n/10 + \OML/cmm/m/it/10 ^^Z[]\OT1/cmr/bx/n/10 A[]\OMS/cmsy/m
/n/10 jj[]
 []

Missing character: There is no â in font cmr10!
Missing character: There is no ˆ in font cmr10!
Missing character: There is no š in font cmr10!
[3]
Overfull \hbox (3.56223pt too wide) in paragraph at lines 279--334
[][] 
 []

[4]
LaTeX Font Info:    Try loading font information for OT1+pcr on input line 503.

 (c:/Software/texlive/2015/texmf-dist/tex/latex/psnfss/ot1pcr.fd
File: ot1pcr.fd 2001/06/04 font definitions for OT1/pcr.
)
Underfull \hbox (badness 1902) in paragraph at lines 502--504
[]\OT1/ptm/m/n/10 In this sec-tion, we com-pare the pro-posed method
 []


Underfull \hbox (badness 1178) in paragraph at lines 502--504
\OT1/ptm/m/n/10 with other com-pet-ing method [[], [], [], [], [], [],
 []


Underfull \hbox (badness 2600) in paragraph at lines 502--504
[]\OT1/ptm/m/n/10 ] on 24 high qual-ity color im-ages from the Ko-
 []

[5] <24images/resize_kodim01.png, id=223, 231.86626pt x 154.5775pt>
File: 24images/resize_kodim01.png Graphic file (type png)

<use 24images/resize_kodim01.png>
Package pdftex.def Info: 24images/resize_kodim01.png used on input line 528.
(pdftex.def)             Requested size: 37.2627pt x 24.8414pt.

<24images/resize_kodim02.png, id=224, 231.86626pt x 154.5775pt>
File: 24images/resize_kodim02.png Graphic file (type png)

<use 24images/resize_kodim02.png>
Package pdftex.def Info: 24images/resize_kodim02.png used on input line 528.
(pdftex.def)             Requested size: 37.2627pt x 24.8414pt.

<24images/resize_kodim03.png, id=225, 231.86626pt x 154.5775pt>
File: 24images/resize_kodim03.png Graphic file (type png)

<use 24images/resize_kodim03.png>
Package pdftex.def Info: 24images/resize_kodim03.png used on input line 528.
(pdftex.def)             Requested size: 37.2627pt x 24.8414pt.

<24images/resize_kodim04.png, id=226, 231.86626pt x 154.5775pt>
File: 24images/resize_kodim04.png Graphic file (type png)

<use 24images/resize_kodim04.png>
Package pdftex.def Info: 24images/resize_kodim04.png used on input line 528.
(pdftex.def)             Requested size: 37.2627pt x 24.8414pt.

<24images/resize_kodim05.png, id=227, 231.86626pt x 154.5775pt>
File: 24images/resize_kodim05.png Graphic file (type png)

<use 24images/resize_kodim05.png>
Package pdftex.def Info: 24images/resize_kodim05.png used on input line 528.
(pdftex.def)             Requested size: 37.2627pt x 24.8414pt.

<24images/resize_kodim06.png, id=228, 231.86626pt x 154.5775pt>
File: 24images/resize_kodim06.png Graphic file (type png)

<use 24images/resize_kodim06.png>
Package pdftex.def Info: 24images/resize_kodim06.png used on input line 528.
(pdftex.def)             Requested size: 37.2627pt x 24.8414pt.

<24images/resize_kodim07.png, id=229, 231.86626pt x 154.5775pt>
File: 24images/resize_kodim07.png Graphic file (type png)

<use 24images/resize_kodim07.png>
Package pdftex.def Info: 24images/resize_kodim07.png used on input line 548.
(pdftex.def)             Requested size: 37.2627pt x 24.8414pt.

<24images/resize_kodim08.png, id=230, 231.86626pt x 154.5775pt>
File: 24images/resize_kodim08.png Graphic file (type png)

<use 24images/resize_kodim08.png>
Package pdftex.def Info: 24images/resize_kodim08.png used on input line 548.
(pdftex.def)             Requested size: 37.2627pt x 24.8414pt.

<24images/resize_kodim09.png, id=231, 231.86626pt x 154.5775pt>
File: 24images/resize_kodim09.png Graphic file (type png)

<use 24images/resize_kodim09.png>
Package pdftex.def Info: 24images/resize_kodim09.png used on input line 548.
(pdftex.def)             Requested size: 37.2627pt x 24.8414pt.

<24images/resize_kodim10.png, id=232, 231.86626pt x 154.5775pt>
File: 24images/resize_kodim10.png Graphic file (type png)

<use 24images/resize_kodim10.png>
Package pdftex.def Info: 24images/resize_kodim10.png used on input line 548.
(pdftex.def)             Requested size: 37.2627pt x 24.8414pt.

<24images/resize_kodim11.png, id=233, 231.86626pt x 154.5775pt>
File: 24images/resize_kodim11.png Graphic file (type png)

<use 24images/resize_kodim11.png>
Package pdftex.def Info: 24images/resize_kodim11.png used on input line 548.
(pdftex.def)             Requested size: 37.2627pt x 24.8414pt.

<24images/resize_kodim12.png, id=234, 231.86626pt x 154.5775pt>
File: 24images/resize_kodim12.png Graphic file (type png)

<use 24images/resize_kodim12.png>
Package pdftex.def Info: 24images/resize_kodim12.png used on input line 548.
(pdftex.def)             Requested size: 37.2627pt x 24.8414pt.

<24images/resize_kodim13.png, id=235, 231.86626pt x 154.5775pt>
File: 24images/resize_kodim13.png Graphic file (type png)

<use 24images/resize_kodim13.png>
Package pdftex.def Info: 24images/resize_kodim13.png used on input line 568.
(pdftex.def)             Requested size: 37.2627pt x 24.8414pt.

<24images/resize_kodim14.png, id=236, 231.86626pt x 154.5775pt>
File: 24images/resize_kodim14.png Graphic file (type png)

<use 24images/resize_kodim14.png>
Package pdftex.def Info: 24images/resize_kodim14.png used on input line 568.
(pdftex.def)             Requested size: 37.2627pt x 24.8414pt.

<24images/resize_kodim15.png, id=237, 231.86626pt x 154.5775pt>
File: 24images/resize_kodim15.png Graphic file (type png)

<use 24images/resize_kodim15.png>
Package pdftex.def Info: 24images/resize_kodim15.png used on input line 568.
(pdftex.def)             Requested size: 37.2627pt x 24.8414pt.

<24images/resize_kodim16.png, id=238, 231.86626pt x 154.5775pt>
File: 24images/resize_kodim16.png Graphic file (type png)

<use 24images/resize_kodim16.png>
Package pdftex.def Info: 24images/resize_kodim16.png used on input line 568.
(pdftex.def)             Requested size: 37.2627pt x 24.8414pt.

<24images/resize_kodim17.png, id=239, 231.86626pt x 154.5775pt>
File: 24images/resize_kodim17.png Graphic file (type png)

<use 24images/resize_kodim17.png>
Package pdftex.def Info: 24images/resize_kodim17.png used on input line 568.
(pdftex.def)             Requested size: 37.2627pt x 24.8414pt.

<24images/resize_kodim18.png, id=240, 231.86626pt x 154.5775pt>
File: 24images/resize_kodim18.png Graphic file (type png)

<use 24images/resize_kodim18.png>
Package pdftex.def Info: 24images/resize_kodim18.png used on input line 568.
(pdftex.def)             Requested size: 37.2627pt x 24.8414pt.

<24images/resize_kodim19.png, id=241, 231.86626pt x 154.5775pt>
File: 24images/resize_kodim19.png Graphic file (type png)

<use 24images/resize_kodim19.png>
Package pdftex.def Info: 24images/resize_kodim19.png used on input line 588.
(pdftex.def)             Requested size: 37.2627pt x 24.8414pt.

<24images/resize_kodim20.png, id=242, 231.86626pt x 154.5775pt>
File: 24images/resize_kodim20.png Graphic file (type png)

<use 24images/resize_kodim20.png>
Package pdftex.def Info: 24images/resize_kodim20.png used on input line 588.
(pdftex.def)             Requested size: 37.2627pt x 24.8414pt.

<24images/resize_kodim21.png, id=243, 231.86626pt x 154.5775pt>
File: 24images/resize_kodim21.png Graphic file (type png)

<use 24images/resize_kodim21.png>
Package pdftex.def Info: 24images/resize_kodim21.png used on input line 588.
(pdftex.def)             Requested size: 37.2627pt x 24.8414pt.

<24images/resize_kodim22.png, id=244, 231.86626pt x 154.5775pt>
File: 24images/resize_kodim22.png Graphic file (type png)

<use 24images/resize_kodim22.png>
Package pdftex.def Info: 24images/resize_kodim22.png used on input line 588.
(pdftex.def)             Requested size: 37.2627pt x 24.8414pt.

<24images/resize_kodim23.png, id=245, 231.86626pt x 154.5775pt>
File: 24images/resize_kodim23.png Graphic file (type png)

<use 24images/resize_kodim23.png>
Package pdftex.def Info: 24images/resize_kodim23.png used on input line 588.
(pdftex.def)             Requested size: 37.2627pt x 24.8414pt.

<24images/resize_kodim24.png, id=246, 231.86626pt x 154.5775pt>
File: 24images/resize_kodim24.png Graphic file (type png)

<use 24images/resize_kodim24.png>
Package pdftex.def Info: 24images/resize_kodim24.png used on input line 588.
(pdftex.def)             Requested size: 37.2627pt x 24.8414pt.

Overfull \hbox (3.94023pt too wide) in paragraph at lines 528--589
 [][] 
 []


Overfull \hbox (3.94023pt too wide) in paragraph at lines 528--589
 [][] 
 []


Overfull \hbox (3.94023pt too wide) in paragraph at lines 528--589
 [][] 
 []


Overfull \hbox (3.94023pt too wide) in paragraph at lines 528--589
 [][] 
 []

LaTeX Font Info:    Font shape `OT1/ptm/bx/n' in size <7> not available
(Font)              Font shape `OT1/ptm/b/n' tried instead on input line 609.

<images/resize_br_Noisy_5dmark3_iso3200_1_real.png, id=247, 256.96pt x 256.96pt
>
File: images/resize_br_Noisy_5dmark3_iso3200_1_real.png Graphic file (type png)

 <use images/resize_br_Noisy_5dmark3_iso3200_1_real.png>
Package pdftex.def Info: images/resize_br_Noisy_5dmark3_iso3200_1_real.png used
 on input line 735.
(pdftex.def)             Requested size: 96.8906pt x 96.88907pt.

<images/resize_br_CBM3D_5dmark3_iso3200_1_real.png, id=249, 256.96pt x 256.96pt
>
File: images/resize_br_CBM3D_5dmark3_iso3200_1_real.png Graphic file (type png)

 <use images/resize_br_CBM3D_5dmark3_iso3200_1_real.png>
Package pdftex.def Info: images/resize_br_CBM3D_5dmark3_iso3200_1_real.png used
 on input line 735.
(pdftex.def)             Requested size: 96.8906pt x 96.88907pt.

<images/resize_br_WNNM_5dmark3_iso3200_1_real.png, id=252, 256.96pt x 256.96pt>
File: images/resize_br_WNNM_5dmark3_iso3200_1_real.png Graphic file (type png)
<use images/resize_br_WNNM_5dmark3_iso3200_1_real.png>
Package pdftex.def Info: images/resize_br_WNNM_5dmark3_iso3200_1_real.png used 
on input line 735.
(pdftex.def)             Requested size: 96.8906pt x 96.88907pt.

<images/resize_br_MLP_5dmark3_iso3200_1_real.png, id=254, 256.96pt x 256.96pt>
File: images/resize_br_MLP_5dmark3_iso3200_1_real.png Graphic file (type png)

<use images/resize_br_MLP_5dmark3_iso3200_1_real.png>
Package pdftex.def Info: images/resize_br_MLP_5dmark3_iso3200_1_real.png used o
n input line 735.
(pdftex.def)             Requested size: 96.8906pt x 96.88907pt.

<images/resize_br_TRD_5dmark3_iso3200_1_real.png, id=256, 256.96pt x 256.96pt>
File: images/resize_br_TRD_5dmark3_iso3200_1_real.png Graphic file (type png)

<use images/resize_br_TRD_5dmark3_iso3200_1_real.png>
Package pdftex.def Info: images/resize_br_TRD_5dmark3_iso3200_1_real.png used o
n input line 735.
(pdftex.def)             Requested size: 96.8906pt x 96.88907pt.

<images/resize_br_NI_5dmark3_iso3200_1_real.png, id=258, 256.96pt x 256.96pt>
File: images/resize_br_NI_5dmark3_iso3200_1_real.png Graphic file (type png)

<use images/resize_br_NI_5dmark3_iso3200_1_real.png>
Package pdftex.def Info: images/resize_br_NI_5dmark3_iso3200_1_real.png used on
 input line 762.
(pdftex.def)             Requested size: 96.8906pt x 96.88907pt.

<images/resize_br_NC_5dmark3_iso3200_1_real.png, id=260, 256.96pt x 256.96pt>
File: images/resize_br_NC_5dmark3_iso3200_1_real.png Graphic file (type png)

<use images/resize_br_NC_5dmark3_iso3200_1_real.png>
Package pdftex.def Info: images/resize_br_NC_5dmark3_iso3200_1_real.png used on
 input line 762.
(pdftex.def)             Requested size: 96.8906pt x 96.88907pt.

<images/resize_br_CCNoise_5dmark3_iso3200_1.png, id=263, 256.96pt x 256.96pt>
File: images/resize_br_CCNoise_5dmark3_iso3200_1.png Graphic file (type png)

<use images/resize_br_CCNoise_5dmark3_iso3200_1.png>
Package pdftex.def Info: images/resize_br_CCNoise_5dmark3_iso3200_1.png used on
 input line 762.
(pdftex.def)             Requested size: 96.8906pt x 96.88907pt.

<images/resize_br_Guided_5dmark3_iso3200_1_real.png, id=265, 256.96pt x 256.96p
t>
File: images/resize_br_Guided_5dmark3_iso3200_1_real.png Graphic file (type png
)
 <use images/resize_br_Guided_5dmark3_iso3200_1_real.png>
Package pdftex.def Info: images/resize_br_Guided_5dmark3_iso3200_1_real.png use
d on input line 762.
(pdftex.def)             Requested size: 96.8906pt x 96.88907pt.
LaTeX Font Info:    Font shape `OT1/ptm/bx/n' in size <8> not available
(Font)              Font shape `OT1/ptm/b/n' tried instead on input line 762.

<images/resize_br_Mean_5dmark3_iso3200_1_real.png, id=266, 256.96pt x 256.96pt>
File: images/resize_br_Mean_5dmark3_iso3200_1_real.png Graphic file (type png)
<use images/resize_br_Mean_5dmark3_iso3200_1_real.png>
Package pdftex.def Info: images/resize_br_Mean_5dmark3_iso3200_1_real.png used 
on input line 762.
(pdftex.def)             Requested size: 96.8906pt x 96.88907pt.

Overfull \hbox (2.59673pt too wide) in paragraph at lines 735--763
 [][] 
 []


Overfull \hbox (2.59673pt too wide) in paragraph at lines 735--763
 [][] 
 []


<CC15images/resize_5dmark3_iso3200_1_real.png, id=285, 205.76875pt x 205.76875p
t>
File: CC15images/resize_5dmark3_iso3200_1_real.png Graphic file (type png)
 <use CC15images/resize_5dmark3_iso3200_1_real.png>
Package pdftex.def Info: CC15images/resize_5dmark3_iso3200_1_real.png used on i
nput line 792.
(pdftex.def)             Requested size: 42.23611pt x 42.23624pt.

<CC15images/resize_5dmark3_iso3200_2_real.png, id=286, 205.76875pt x 205.76875p
t>
File: CC15images/resize_5dmark3_iso3200_2_real.png Graphic file (type png)
 <use CC15images/resize_5dmark3_iso3200_2_real.png>
Package pdftex.def Info: CC15images/resize_5dmark3_iso3200_2_real.png used on i
nput line 792.
(pdftex.def)             Requested size: 42.23611pt x 42.23624pt.

<CC15images/resize_5dmark3_iso3200_3_real.png, id=287, 205.76875pt x 205.76875p
t>
File: CC15images/resize_5dmark3_iso3200_3_real.png Graphic file (type png)
 <use CC15images/resize_5dmark3_iso3200_3_real.png>
Package pdftex.def Info: CC15images/resize_5dmark3_iso3200_3_real.png used on i
nput line 792.
(pdftex.def)             Requested size: 42.23611pt x 42.23624pt.

<CC15images/resize_d600_iso3200_1_real.png, id=288, 205.76875pt x 205.76875pt>
File: CC15images/resize_d600_iso3200_1_real.png Graphic file (type png)

<use CC15images/resize_d600_iso3200_1_real.png>
Package pdftex.def Info: CC15images/resize_d600_iso3200_1_real.png used on inpu
t line 792.
(pdftex.def)             Requested size: 42.23611pt x 42.23624pt.

<CC15images/resize_d600_iso3200_2_real.png, id=289, 205.76875pt x 205.76875pt>
File: CC15images/resize_d600_iso3200_2_real.png Graphic file (type png)

<use CC15images/resize_d600_iso3200_2_real.png>
Package pdftex.def Info: CC15images/resize_d600_iso3200_2_real.png used on inpu
t line 792.
(pdftex.def)             Requested size: 42.23611pt x 42.23624pt.

<CC15images/resize_d600_iso3200_3_real.png, id=290, 205.76875pt x 205.76875pt>
File: CC15images/resize_d600_iso3200_3_real.png Graphic file (type png)

<use CC15images/resize_d600_iso3200_3_real.png>
Package pdftex.def Info: CC15images/resize_d600_iso3200_3_real.png used on inpu
t line 809.
(pdftex.def)             Requested size: 42.23611pt x 42.23624pt.

<CC15images/resize_d800_iso1600_1_real.png, id=291, 205.76875pt x 205.76875pt>
File: CC15images/resize_d800_iso1600_1_real.png Graphic file (type png)

<use CC15images/resize_d800_iso1600_1_real.png>
Package pdftex.def Info: CC15images/resize_d800_iso1600_1_real.png used on inpu
t line 809.
(pdftex.def)             Requested size: 42.23611pt x 42.23624pt.

<CC15images/resize_d800_iso1600_2_real.png, id=292, 205.76875pt x 205.76875pt>
File: CC15images/resize_d800_iso1600_2_real.png Graphic file (type png)

<use CC15images/resize_d800_iso1600_2_real.png>
Package pdftex.def Info: CC15images/resize_d800_iso1600_2_real.png used on inpu
t line 809.
(pdftex.def)             Requested size: 42.23611pt x 42.23624pt.

<CC15images/resize_d800_iso1600_3_real.png, id=293, 205.76875pt x 205.76875pt>
File: CC15images/resize_d800_iso1600_3_real.png Graphic file (type png)

<use CC15images/resize_d800_iso1600_3_real.png>
Package pdftex.def Info: CC15images/resize_d800_iso1600_3_real.png used on inpu
t line 809.
(pdftex.def)             Requested size: 42.23611pt x 42.23624pt.

<CC15images/resize_d800_iso3200_1_real.png, id=294, 205.76875pt x 205.76875pt>
File: CC15images/resize_d800_iso3200_1_real.png Graphic file (type png)

<use CC15images/resize_d800_iso3200_1_real.png>
Package pdftex.def Info: CC15images/resize_d800_iso3200_1_real.png used on inpu
t line 809.
(pdftex.def)             Requested size: 42.23611pt x 42.23624pt.

<CC15images/resize_d800_iso3200_2_real.png, id=295, 205.76875pt x 205.76875pt>
File: CC15images/resize_d800_iso3200_2_real.png Graphic file (type png)

<use CC15images/resize_d800_iso3200_2_real.png>
Package pdftex.def Info: CC15images/resize_d800_iso3200_2_real.png used on inpu
t line 826.
(pdftex.def)             Requested size: 42.23611pt x 42.23624pt.

<CC15images/resize_d800_iso3200_3_real.png, id=296, 205.76875pt x 205.76875pt>
File: CC15images/resize_d800_iso3200_3_real.png Graphic file (type png)

<use CC15images/resize_d800_iso3200_3_real.png>
Package pdftex.def Info: CC15images/resize_d800_iso3200_3_real.png used on inpu
t line 826.
(pdftex.def)             Requested size: 42.23611pt x 42.23624pt.

<CC15images/resize_d800_iso6400_1_real.png, id=297, 205.76875pt x 205.76875pt>
File: CC15images/resize_d800_iso6400_1_real.png Graphic file (type png)

<use CC15images/resize_d800_iso6400_1_real.png>
Package pdftex.def Info: CC15images/resize_d800_iso6400_1_real.png used on inpu
t line 826.
(pdftex.def)             Requested size: 42.23611pt x 42.23624pt.

<CC15images/resize_d800_iso6400_2_real.png, id=298, 205.76875pt x 205.76875pt>
File: CC15images/resize_d800_iso6400_2_real.png Graphic file (type png)

<use CC15images/resize_d800_iso6400_2_real.png>
Package pdftex.def Info: CC15images/resize_d800_iso6400_2_real.png used on inpu
t line 826.
(pdftex.def)             Requested size: 42.23611pt x 42.23624pt.

<CC15images/resize_d800_iso6400_3_real.png, id=299, 205.76875pt x 205.76875pt>
File: CC15images/resize_d800_iso6400_3_real.png Graphic file (type png)

<use CC15images/resize_d800_iso6400_3_real.png>
Package pdftex.def Info: CC15images/resize_d800_iso6400_3_real.png used on inpu
t line 826.
(pdftex.def)             Requested size: 42.23611pt x 42.23624pt.
File: images/resize_br_Noisy_5dmark3_iso3200_1_real.png Graphic file (type png)


<use images/resize_br_Noisy_5dmark3_iso3200_1_real.png>
Package pdftex.def Info: images/resize_br_Noisy_5dmark3_iso3200_1_real.png used
 on input line 953.
(pdftex.def)             Requested size: 96.8906pt x 96.88907pt.
File: images/resize_br_CBM3D_5dmark3_iso3200_1_real.png Graphic file (type png)


<use images/resize_br_CBM3D_5dmark3_iso3200_1_real.png>
Package pdftex.def Info: images/resize_br_CBM3D_5dmark3_iso3200_1_real.png used
 on input line 953.
(pdftex.def)             Requested size: 96.8906pt x 96.88907pt.
File: images/resize_br_WNNM_5dmark3_iso3200_1_real.png Graphic file (type png)

<use images/resize_br_WNNM_5dmark3_iso3200_1_real.png>
Package pdftex.def Info: images/resize_br_WNNM_5dmark3_iso3200_1_real.png used 
on input line 953.
(pdftex.def)             Requested size: 96.8906pt x 96.88907pt.
File: images/resize_br_MLP_5dmark3_iso3200_1_real.png Graphic file (type png)

<use images/resize_br_MLP_5dmark3_iso3200_1_real.png>
Package pdftex.def Info: images/resize_br_MLP_5dmark3_iso3200_1_real.png used o
n input line 953.
(pdftex.def)             Requested size: 96.8906pt x 96.88907pt.
File: images/resize_br_TRD_5dmark3_iso3200_1_real.png Graphic file (type png)

<use images/resize_br_TRD_5dmark3_iso3200_1_real.png>
Package pdftex.def Info: images/resize_br_TRD_5dmark3_iso3200_1_real.png used o
n input line 953.
(pdftex.def)             Requested size: 96.8906pt x 96.88907pt.
File: images/resize_br_NI_5dmark3_iso3200_1_real.png Graphic file (type png)

<use images/resize_br_NI_5dmark3_iso3200_1_real.png>
Package pdftex.def Info: images/resize_br_NI_5dmark3_iso3200_1_real.png used on
 input line 980.
(pdftex.def)             Requested size: 96.8906pt x 96.88907pt.
File: images/resize_br_NC_5dmark3_iso3200_1_real.png Graphic file (type png)

<use images/resize_br_NC_5dmark3_iso3200_1_real.png>
Package pdftex.def Info: images/resize_br_NC_5dmark3_iso3200_1_real.png used on
 input line 980.
(pdftex.def)             Requested size: 96.8906pt x 96.88907pt.
File: images/resize_br_CCNoise_5dmark3_iso3200_1.png Graphic file (type png)

<use images/resize_br_CCNoise_5dmark3_iso3200_1.png>
Package pdftex.def Info: images/resize_br_CCNoise_5dmark3_iso3200_1.png used on
 input line 980.
(pdftex.def)             Requested size: 96.8906pt x 96.88907pt.
File: images/resize_br_Guided_5dmark3_iso3200_1_real.png Graphic file (type png
)

<use images/resize_br_Guided_5dmark3_iso3200_1_real.png>
Package pdftex.def Info: images/resize_br_Guided_5dmark3_iso3200_1_real.png use
d on input line 980.
(pdftex.def)             Requested size: 96.8906pt x 96.88907pt.
File: images/resize_br_Mean_5dmark3_iso3200_1_real.png Graphic file (type png)

<use images/resize_br_Mean_5dmark3_iso3200_1_real.png>
Package pdftex.def Info: images/resize_br_Mean_5dmark3_iso3200_1_real.png used 
on input line 980.
(pdftex.def)             Requested size: 96.8906pt x 96.88907pt.

Overfull \hbox (2.59673pt too wide) in paragraph at lines 953--981
 [][] 
 []


Overfull \hbox (2.59673pt too wide) in paragraph at lines 953--981
 [][] 
 []

[6 <./24images/resize_kodim01.png (PNG copy)> <./24images/resize_kodim02.png (P
NG copy)> <./24images/resize_kodim03.png (PNG copy)> <./24images/resize_kodim04
.png (PNG copy)> <./24images/resize_kodim05.png (PNG copy)> <./24images/resize_
kodim06.png (PNG copy)> <./24images/resize_kodim07.png (PNG copy)> <./24images/
resize_kodim08.png (PNG copy)> <./24images/resize_kodim09.png (PNG copy)> <./24
images/resize_kodim10.png (PNG copy)> <./24images/resize_kodim11.png (PNG copy)
> <./24images/resize_kodim12.png (PNG copy)> <./24images/resize_kodim13.png (PN
G copy)> <./24images/resize_kodim14.png (PNG copy)> <./24images/resize_kodim15.
png (PNG copy)> <./24images/resize_kodim16.png (PNG copy)> <./24images/resize_k
odim17.png (PNG copy)> <./24images/resize_kodim18.png (PNG copy)> <./24images/r
esize_kodim19.png (PNG copy)> <./24images/resize_kodim20.png (PNG copy)> <./24i
mages/resize_kodim21.png (PNG copy)> <./24images/resize_kodim22.png (PNG copy)>
 <./24images/resize_kodim23.png (PNG copy)> <./24images/resize_kodim24.png (PNG
 copy)>]
Underfull \vbox (badness 10000) has occurred while \output is active []

 [7 <./images/resize_br_Noisy_5dmark3_iso3200_1_real.png (PNG copy)> <./images/
resize_br_CBM3D_5dmark3_iso3200_1_real.png (PNG copy)> <./images/resize_br_WNNM
_5dmark3_iso3200_1_real.png (PNG copy)> <./images/resize_br_MLP_5dmark3_iso3200
_1_real.png (PNG copy)> <./images/resize_br_TRD_5dmark3_iso3200_1_real.png (PNG
 copy)> <./images/resize_br_NI_5dmark3_iso3200_1_real.png (PNG copy)> <./images
/resize_br_NC_5dmark3_iso3200_1_real.png (PNG copy)> <./images/resize_br_CCNois
e_5dmark3_iso3200_1.png (PNG copy)> <./images/resize_br_Guided_5dmark3_iso3200_
1_real.png (PNG copy)> <./images/resize_br_Mean_5dmark3_iso3200_1_real.png (PNG
 copy)>]
Underfull \hbox (badness 3168) in paragraph at lines 1052--1127
[]\OT1/ptm/m/n/10 2. Sec-ondly, we proof that the se-quence of La-
 []


Underfull \hbox (badness 10000) in paragraph at lines 1052--1127
\OT1/ptm/m/n/10 grangian func-tion $\OMS/cmsy/m/n/10 fL\OT1/cmr/m/n/10 (\OT1/cm
r/bx/n/10 X[]\OML/cmm/m/it/10 ; \OT1/cmr/bx/n/10 Z[]\OML/cmm/m/it/10 ; \OT1/cmr
/bx/n/10 A[]\OML/cmm/m/it/10 ; ^^Z[]\OT1/cmr/m/n/10 )\OMS/cmsy/m/n/10 g$ \OT1/p
tm/m/n/10 is
 []


Underfull \hbox (badness 10000) in paragraph at lines 1052--1127
\OT1/ptm/m/n/10 also up-per bounded. Since the global op-ti-mal
 []


Underfull \hbox (badness 10000) in paragraph at lines 1052--1127
\OT1/ptm/m/n/10 so-lu-tion of $\OT1/cmr/bx/n/10 X$ \OT1/ptm/m/n/10 and $\OT1/cm
r/bx/n/10 Z$ \OT1/ptm/m/n/10 in cor-re-spond-ing sub-prob-
 []


Underfull \hbox (badness 10000) in paragraph at lines 1052--1127
\OT1/ptm/m/n/10 lems, we al-ways have $\OMS/cmsy/m/n/10 L\OT1/cmr/m/n/10 (\OT1/
cmr/bx/n/10 X[]\OML/cmm/m/it/10 ; \OT1/cmr/bx/n/10 Z[]\OML/cmm/m/it/10 ; \OT1/c
mr/bx/n/10 A[]\OML/cmm/m/it/10 ; ^^Z[]\OT1/cmr/m/n/10 ) \OMS/cmsy/m/n/10 ^^T
 []


Underfull \hbox (badness 10000) in paragraph at lines 1052--1127
\OMS/cmsy/m/n/10 L\OT1/cmr/m/n/10 (\OT1/cmr/bx/n/10 X[]\OML/cmm/m/it/10 ; \OT1/
cmr/bx/n/10 Z[]\OML/cmm/m/it/10 ; \OT1/cmr/bx/n/10 A[]\OML/cmm/m/it/10 ; ^^Z[]\
OT1/cmr/m/n/10 )\OML/cmm/m/it/10 :$ \OT1/ptm/m/n/10 Based on the up-dat-ing rul
e
 []


Underfull \hbox (badness 2435) in paragraph at lines 1052--1127
\OT1/ptm/m/n/10 that $\OT1/cmr/bx/n/10 A[] \OT1/cmr/m/n/10 = \OT1/cmr/bx/n/10 A
[] \OT1/cmr/m/n/10 + \OML/cmm/m/it/10 ^^Z[]\OT1/cmr/m/n/10 (\OT1/cmr/bx/n/10 X[
] \OMS/cmsy/m/n/10 ^^@ \OT1/cmr/bx/n/10 Z[]\OT1/cmr/m/n/10 )$\OT1/ptm/m/n/10 , 
we have
 []


Underfull \hbox (badness 1509) in paragraph at lines 1052--1127
\OT1/ptm/m/n/10 the se-quence $\OMS/cmsy/m/n/10 fk\OT1/cmr/bx/n/10 A[]\OMS/cmsy
/m/n/10 g$ \OT1/ptm/m/n/10 is up-per bounded, the se-quence
 []


Underfull \hbox (badness 2343) in paragraph at lines 1052--1127
\OMS/cmsy/m/n/10 fk\OT1/cmr/bx/n/10 A[] \OMS/cmsy/m/n/10 ^^@ \OT1/cmr/bx/n/10 A
[]\OMS/cmsy/m/n/10 k[]g$ \OT1/ptm/m/n/10 is also up-per bounded. De-note
 []


Underfull \hbox (badness 2894) in paragraph at lines 1052--1127
\OMS/cmsy/m/n/10 L\OT1/cmr/m/n/10 (\OT1/cmr/bx/n/10 X[]\OML/cmm/m/it/10 ; \OT1/
cmr/bx/n/10 Z[]\OML/cmm/m/it/10 ; \OT1/cmr/bx/n/10 A[]\OML/cmm/m/it/10 ; ^^Z[]\
OT1/cmr/m/n/10 ) \OMS/cmsy/m/n/10 ^^T L\OT1/cmr/m/n/10 (\OT1/cmr/bx/n/10 X[]\OM
L/cmm/m/it/10 ; \OT1/cmr/bx/n/10 Z[]\OML/cmm/m/it/10 ; \OT1/cmr/bx/n/10 A[]\OML
/cmm/m/it/10 ; ^^Z[]\OT1/cmr/m/n/10 ) +
 []


Underfull \hbox (badness 10000) in paragraph at lines 1052--1127
\OMS/cmsy/m/n/10 L\OT1/cmr/m/n/10 (\OT1/cmr/bx/n/10 X[]\OML/cmm/m/it/10 ; \OT1/
cmr/bx/n/10 Z[]\OML/cmm/m/it/10 ; \OT1/cmr/bx/n/10 A[]\OML/cmm/m/it/10 ; ^^Z[]\
OT1/cmr/m/n/10 ) + [] [][] []\OML/cmm/m/it/10 :$ \OT1/ptm/m/n/10 The last
 []


Underfull \hbox (badness 7888) in paragraph at lines 1052--1127
\OT1/ptm/m/n/10 in-equal-ity holds since $\OML/cmm/m/it/10 ^^V \OT1/cmr/m/n/10 
+ 1 \OML/cmm/m/it/10 < \OT1/cmr/m/n/10 2\OML/cmm/m/it/10 ^^V$\OT1/ptm/m/n/10 . 
Since
 []


Underfull \hbox (badness 5908) in paragraph at lines 1128--1176
\OT1/ptm/m/n/10 and $\OMS/cmsy/m/n/10 f\OT1/cmr/bx/n/10 Z[]\OMS/cmsy/m/n/10 g$ 
\OT1/ptm/m/n/10 are up-per bounded. Since $\OMS/cmsy/m/n/10 k\OT1/cmr/bx/n/10 W
\OT1/cmr/m/n/10 (\OT1/cmr/bx/n/10 Y \OMS/cmsy/m/n/10 ^^@
 []

[8 <./CC15images/resize_5dmark3_iso3200_1_real.png (PNG copy)> <./CC15images/re
size_5dmark3_iso3200_2_real.png (PNG copy)> <./CC15images/resize_5dmark3_iso320
0_3_real.png (PNG copy)> <./CC15images/resize_d600_iso3200_1_real.png (PNG copy
)> <./CC15images/resize_d600_iso3200_2_real.png (PNG copy)> <./CC15images/resiz
e_d600_iso3200_3_real.png (PNG copy)> <./CC15images/resize_d800_iso1600_1_real.
png (PNG copy)> <./CC15images/resize_d800_iso1600_2_real.png (PNG copy)> <./CC1
5images/resize_d800_iso1600_3_real.png (PNG copy)> <./CC15images/resize_d800_is
o3200_1_real.png (PNG copy)> <./CC15images/resize_d800_iso3200_2_real.png (PNG 
copy)> <./CC15images/resize_d800_iso3200_3_real.png (PNG copy)> <./CC15images/r
esize_d800_iso6400_1_real.png (PNG copy)> <./CC15images/resize_d800_iso6400_2_r
eal.png (PNG copy)> <./CC15images/resize_d800_iso6400_3_real.png (PNG copy)>]
Underfull \hbox (badness 3547) in paragraph at lines 1225--1271
[]\OT1/ptm/m/n/10 5. Then (3) can be proofed by check-ing that
 []

(./egpaper_for_review.bbl (./egpaper_for_review.brf)
\tf@brf=\write3
\openout3 = `egpaper_for_review.brf'.


Underfull \hbox (badness 1320) in paragraph at lines 25--25
\OT1/ptm/m/n/9 and re-dun-dant rep-re-sen-ta-tions over learned dic-tio-nar-ies
.
 []

LaTeX Font Info:    Font shape `OT1/ptm/bx/n' in size <9> not available
(Font)              Font shape `OT1/ptm/b/n' tried instead on input line 88.
[9]
Underfull \hbox (badness 7238) in paragraph at lines 202--202
[]\OT1/ptm/m/n/9 Neatlab AB-Soft.  Neat Im-age.  [][]$\OT1/pcr/m/n/9 https : / 
/ ni .
 []

Missing character: There is no â in font ptmr7t!
Missing character: There is no € in font ptmr7t!
Missing character: There is no ” in font ptmr7t!
)
Package atveryend Info: Empty hook `BeforeClearDocument' on input line 1280.
 [10]
Package atveryend Info: Empty hook `AfterLastShipout' on input line 1280.
 (./egpaper_for_review.aux)
Package atveryend Info: Executing hook `AtVeryEndDocument' on input line 1280.
Package atveryend Info: Executing hook `AtEndAfterFileList' on input line 1280.

Package rerunfilecheck Info: File `egpaper_for_review.brf' has not changed.
(rerunfilecheck)             Checksum: 0430DF98FEE23CE7C706DB1E7F7672D0;6635.


LaTeX Warning: There were multiply-defined labels.

Package atveryend Info: Empty hook `AtVeryVeryEnd' on input line 1280.
 ) 
Here is how much of TeX's memory you used:
 8030 strings out of 493091
 120187 string characters out of 6134517
 252701 words of memory out of 5000000
 11182 multiletter control sequences out of 15000+600000
 51553 words of font info for 127 fonts, out of 8000000 for 9000
 1141 hyphenation exceptions out of 8191
 42i,17n,33p,1794b,510s stack positions out of 5000i,500n,10000p,200000b,80000s
{c:/Software/texlive/2015/texmf-dist/fonts/enc/dvips/base/8r.enc}<c:/Software
/texlive/2015/texmf-dist/fonts/type1/public/amsfonts/cm/cmbx10.pfb><c:/Software
/texlive/2015/texmf-dist/fonts/type1/public/amsfonts/cm/cmbx7.pfb><c:/Software/
texlive/2015/texmf-dist/fonts/type1/public/amsfonts/cm/cmex10.pfb><c:/Software/
texlive/2015/texmf-dist/fonts/type1/public/amsfonts/cm/cmmi10.pfb><c:/Software/
texlive/2015/texmf-dist/fonts/type1/public/amsfonts/cm/cmmi5.pfb><c:/Software/t
exlive/2015/texmf-dist/fonts/type1/public/amsfonts/cm/cmmi7.pfb><c:/Software/te
xlive/2015/texmf-dist/fonts/type1/public/amsfonts/cm/cmmib10.pfb><c:/Software/t
exlive/2015/texmf-dist/fonts/type1/public/amsfonts/cmextra/cmmib5.pfb><c:/Softw
are/texlive/2015/texmf-dist/fonts/type1/public/amsfonts/cmextra/cmmib7.pfb><c:/
Software/texlive/2015/texmf-dist/fonts/type1/public/amsfonts/cm/cmr10.pfb><c:/S
oftware/texlive/2015/texmf-dist/fonts/type1/public/amsfonts/cm/cmr5.pfb><c:/Sof
tware/texlive/2015/texmf-dist/fonts/type1/public/amsfonts/cm/cmr7.pfb><c:/Softw
are/texlive/2015/texmf-dist/fonts/type1/public/amsfonts/cm/cmsy10.pfb><c:/Softw
are/texlive/2015/texmf-dist/fonts/type1/public/amsfonts/cm/cmsy5.pfb><c:/Softwa
re/texlive/2015/texmf-dist/fonts/type1/public/amsfonts/cm/cmsy7.pfb><c:/Softwar
e/texlive/2015/texmf-dist/fonts/type1/public/amsfonts/symbols/msbm10.pfb><c:/So
ftware/texlive/2015/texmf-dist/fonts/type1/urw/courier/ucrr8a.pfb><c:/Software/
texlive/2015/texmf-dist/fonts/type1/urw/helvetic/uhvb8a.pfb><c:/Software/texliv
e/2015/texmf-dist/fonts/type1/urw/helvetic/uhvr8a.pfb><c:/Software/texlive/2015
/texmf-dist/fonts/type1/urw/times/utmb8a.pfb><c:/Software/texlive/2015/texmf-di
st/fonts/type1/urw/times/utmr8a.pfb><c:/Software/texlive/2015/texmf-dist/fonts/
type1/urw/times/utmri8a.pfb>
Output written on egpaper_for_review.pdf (10 pages, 3716681 bytes).
PDF statistics:
 560 PDF objects out of 1000 (max. 8388607)
 470 compressed objects within 5 object streams
 103 named destinations out of 1000 (max. 500000)
 246 words of extra memory for PDF output out of 10000 (max. 10000000)

