This is pdfTeX, Version 3.14159265-2.6-1.40.18 (TeX Live 2017) (preloaded format=pdflatex 2017.7.10)  23 JAN 2019 11:08
entering extended mode
 restricted \write18 enabled.
 %&-line parsing enabled.
**MCWNNM.tex
(./MCWNNM.tex
LaTeX2e <2017-04-15>
Babel <3.10> and hyphenation patterns for 84 language(s) loaded.
(/usr/local/texlive/2017/texmf-dist/tex/latex/base/article.cls
Document Class: article 2014/09/29 v1.4h Standard LaTeX document class
(/usr/local/texlive/2017/texmf-dist/tex/latex/base/size10.clo
File: size10.clo 2014/09/29 v1.4h Standard LaTeX file (size option)
)
\c@part=\count79
\c@section=\count80
\c@subsection=\count81
\c@subsubsection=\count82
\c@paragraph=\count83
\c@subparagraph=\count84
\c@figure=\count85
\c@table=\count86
\abovecaptionskip=\skip41
\belowcaptionskip=\skip42
\bibindent=\dimen102
) (./iccv.sty
(./eso-pic.sty
Package: eso-pic 2002/11/16 v1.1b eso-pic (RN)
 (./iccv_eso.sty

LaTeX Warning: You have requested package `eso-pic',
               but the package provides `everyshi'.

Package: everyshi 2001/05/15 v3.00 EveryShipout Package (MS)
) (/usr/local/texlive/2017/texmf-dist/tex/latex/graphics/keyval.sty
Package: keyval 2014/10/28 v1.15 key=value parser (DPC)
\KV@toks@=\toks14
))
(/usr/local/texlive/2017/texmf-dist/tex/latex/tools/xspace.sty
Package: xspace 2014/10/28 v1.13 Space after command names (DPC,MH)
)
ICCV 8.5 x 11-Inch Proceedings Style `iccv.sty'.
\@ctmp=\skip43
\@figindent=\skip44
\iccvrulerbox=\box26
\iccvrulercount=\count87
\iccvruleroffset=\dimen103
\cv@lineheight=\dimen104
\cv@boxheight=\dimen105
\cv@tmpbox=\box27
\cv@refno=\count88
\cv@tot=\count89
\cv@tmpc@=\count90
\cv@tmpc=\count91
) (/usr/local/texlive/2017/texmf-dist/tex/latex/psnfss/times.sty
Package: times 2005/04/12 PSNFSS-v9.2a (SPQR) 
)
(/usr/local/texlive/2017/texmf-dist/tex/latex/graphics/epsfig.sty
Package: epsfig 1999/02/16 v1.7a (e)psfig emulation (SPQR)

(/usr/local/texlive/2017/texmf-dist/tex/latex/graphics/graphicx.sty
Package: graphicx 2014/10/28 v1.0g Enhanced LaTeX Graphics (DPC,SPQR)

(/usr/local/texlive/2017/texmf-dist/tex/latex/graphics/graphics.sty
Package: graphics 2017/04/14 v1.1b Standard LaTeX Graphics (DPC,SPQR)

(/usr/local/texlive/2017/texmf-dist/tex/latex/graphics/trig.sty
Package: trig 2016/01/03 v1.10 sin cos tan (DPC)
)
(/usr/local/texlive/2017/texmf-dist/tex/latex/graphics-cfg/graphics.cfg
File: graphics.cfg 2016/06/04 v1.11 sample graphics configuration
)
Package graphics Info: Driver file: pdftex.def on input line 99.

(/usr/local/texlive/2017/texmf-dist/tex/latex/graphics-def/pdftex.def
File: pdftex.def 2017/01/12 v0.06k Graphics/color for pdfTeX

(/usr/local/texlive/2017/texmf-dist/tex/generic/oberdiek/infwarerr.sty
Package: infwarerr 2016/05/16 v1.4 Providing info/warning/error messages (HO)
)
(/usr/local/texlive/2017/texmf-dist/tex/generic/oberdiek/ltxcmds.sty
Package: ltxcmds 2016/05/16 v1.23 LaTeX kernel commands for general use (HO)
)
\Gread@gobject=\count92
))
\Gin@req@height=\dimen106
\Gin@req@width=\dimen107
)
\epsfxsize=\dimen108
\epsfysize=\dimen109
)
(/usr/local/texlive/2017/texmf-dist/tex/latex/amsmath/amsmath.sty
Package: amsmath 2016/11/05 v2.16a AMS math features
\@mathmargin=\skip45

For additional information on amsmath, use the `?' option.
(/usr/local/texlive/2017/texmf-dist/tex/latex/amsmath/amstext.sty
Package: amstext 2000/06/29 v2.01 AMS text

(/usr/local/texlive/2017/texmf-dist/tex/latex/amsmath/amsgen.sty
File: amsgen.sty 1999/11/30 v2.0 generic functions
\@emptytoks=\toks15
\ex@=\dimen110
))
(/usr/local/texlive/2017/texmf-dist/tex/latex/amsmath/amsbsy.sty
Package: amsbsy 1999/11/29 v1.2d Bold Symbols
\pmbraise@=\dimen111
)
(/usr/local/texlive/2017/texmf-dist/tex/latex/amsmath/amsopn.sty
Package: amsopn 2016/03/08 v2.02 operator names
)
\inf@bad=\count93
LaTeX Info: Redefining \frac on input line 213.
\uproot@=\count94
\leftroot@=\count95
LaTeX Info: Redefining \overline on input line 375.
\classnum@=\count96
\DOTSCASE@=\count97
LaTeX Info: Redefining \ldots on input line 472.
LaTeX Info: Redefining \dots on input line 475.
LaTeX Info: Redefining \cdots on input line 596.
\Mathstrutbox@=\box28
\strutbox@=\box29
\big@size=\dimen112
LaTeX Font Info:    Redeclaring font encoding OML on input line 712.
LaTeX Font Info:    Redeclaring font encoding OMS on input line 713.
\macc@depth=\count98
\c@MaxMatrixCols=\count99
\dotsspace@=\muskip10
\c@parentequation=\count100
\dspbrk@lvl=\count101
\tag@help=\toks16
\row@=\count102
\column@=\count103
\maxfields@=\count104
\andhelp@=\toks17
\eqnshift@=\dimen113
\alignsep@=\dimen114
\tagshift@=\dimen115
\tagwidth@=\dimen116
\totwidth@=\dimen117
\lineht@=\dimen118
\@envbody=\toks18
\multlinegap=\skip46
\multlinetaggap=\skip47
\mathdisplay@stack=\toks19
LaTeX Info: Redefining \[ on input line 2817.
LaTeX Info: Redefining \] on input line 2818.
)
(/usr/local/texlive/2017/texmf-dist/tex/latex/amsfonts/amssymb.sty
Package: amssymb 2013/01/14 v3.01 AMS font symbols

(/usr/local/texlive/2017/texmf-dist/tex/latex/amsfonts/amsfonts.sty
Package: amsfonts 2013/01/14 v3.01 Basic AMSFonts support
\symAMSa=\mathgroup4
\symAMSb=\mathgroup5
LaTeX Font Info:    Overwriting math alphabet `\mathfrak' in version `bold'
(Font)                  U/euf/m/n --> U/euf/b/n on input line 106.
))
(/usr/local/texlive/2017/texmf-dist/tex/latex/natbib/natbib.sty
Package: natbib 2010/09/13 8.31b (PWD, AO)
\bibhang=\skip48
\bibsep=\skip49
LaTeX Info: Redefining \cite on input line 694.
\c@NAT@ctr=\count105
)
(/usr/local/texlive/2017/texmf-dist/tex/latex/subfigure/subfigure.sty
Package: subfigure 2002/03/15 v2.1.5 subfigure package
\subfigtopskip=\skip50
\subfigcapskip=\skip51
\subfigcaptopadj=\dimen119
\subfigbottomskip=\skip52
\subfigcapmargin=\dimen120
\subfiglabelskip=\skip53
\c@subfigure=\count106
\c@lofdepth=\count107
\c@subtable=\count108
\c@lotdepth=\count109

****************************************
* Local config file subfigure.cfg used *
****************************************
(/usr/local/texlive/2017/texmf-dist/tex/latex/subfigure/subfigure.cfg)
\subfig@top=\skip54
\subfig@bottom=\skip55
)
(/usr/local/texlive/2017/texmf-dist/tex/latex/was/upgreek.sty
Package: upgreek 2003/02/12 v2.0 (WaS)
Package upgreek Info: Using Euler Roman for upright Greek on input line 31.
\symugrf@m=\mathgroup6
LaTeX Font Info:    Overwriting symbol font `ugrf@m' in version `bold'
(Font)                  U/eur/m/n --> U/eur/b/n on input line 38.
)
(/usr/local/texlive/2017/texmf-dist/tex/latex/multirow/multirow.sty
Package: multirow 2016/11/25 v2.2 Span multiple rows of a table
\multirow@colwidth=\skip56
\multirow@cntb=\count110
\multirow@dima=\skip57
\bigstrutjot=\dimen121
)
(/usr/local/texlive/2017/texmf-dist/tex/latex/graphics/color.sty
Package: color 2016/07/10 v1.1e Standard LaTeX Color (DPC)

(/usr/local/texlive/2017/texmf-dist/tex/latex/graphics-cfg/color.cfg
File: color.cfg 2016/01/02 v1.6 sample color configuration
)
Package color Info: Driver file: pdftex.def on input line 147.
)
(/usr/local/texlive/2017/texmf-dist/tex/latex/tools/bm.sty
Package: bm 2017/01/16 v1.2c Bold Symbol Support (DPC/FMi)
\symboldoperators=\mathgroup7
\symboldletters=\mathgroup8
\symboldsymbols=\mathgroup9
\symboldugrf@m=\mathgroup10
LaTeX Font Info:    Redeclaring math alphabet \mathbf on input line 141.
LaTeX Info: Redefining \bm on input line 207.
)
(/usr/local/texlive/2017/texmf-dist/tex/latex/arydshln/arydshln.sty
Package: arydshln 2016/04/28 v1.73 
\dashlinedash=\dimen122
\dashlinegap=\dimen123
\adl@box=\box30
\adl@height=\dimen124
\adl@heightsave=\dimen125
\adl@depth=\dimen126
\adl@depthsave=\dimen127
\adl@finaldepth=\dimen128
\adl@columns=\count111
\adl@ncol=\count112
\adl@currentcolumn=\count113
\adl@currentcolumnsave=\count114
\adl@totalheight=\count115
\adl@totalheightsave=\count116
\adl@dash=\count117
\adl@gap=\count118
\adl@cla=\count119
\adl@clb=\count120
\adl@everyvbox=\toks20
\adl@LTpagetotal=\dimen129
)
(/usr/local/texlive/2017/texmf-dist/tex/latex/base/latexsym.sty
Package: latexsym 1998/08/17 v2.2e Standard LaTeX package (lasy symbols)
\symlasy=\mathgroup11
LaTeX Font Info:    Overwriting symbol font `lasy' in version `bold'
(Font)                  U/lasy/m/n --> U/lasy/b/n on input line 52.
)
(/usr/local/texlive/2017/texmf-dist/tex/latex/amscls/amsthm.sty
Package: amsthm 2015/03/04 v2.20.2
\thm@style=\toks21
\thm@bodyfont=\toks22
\thm@headfont=\toks23
\thm@notefont=\toks24
\thm@headpunct=\toks25
\thm@preskip=\skip58
\thm@postskip=\skip59
\thm@headsep=\skip60
\dth@everypar=\toks26
)
\c@theorem=\count121

(/usr/local/texlive/2017/texmf-dist/tex/latex/preprint/authblk.sty
Package: authblk 2001/02/27 1.3 (PWD)
\affilsep=\skip61
\@affilsep=\skip62
\c@Maxaffil=\count122
\c@authors=\count123
\c@affil=\count124
)
(/usr/local/texlive/2017/texmf-dist/tex/latex/xpatch/xpatch.sty
(/usr/local/texlive/2017/texmf-dist/tex/latex/l3kernel/expl3.sty
Package: expl3 2017/05/13 L3 programming layer (loader) 

(/usr/local/texlive/2017/texmf-dist/tex/latex/l3kernel/expl3-code.tex
Package: expl3 2017/05/13 L3 programming layer (code)
\c_max_int=\count125
\l_tmpa_int=\count126
\l_tmpb_int=\count127
\g_tmpa_int=\count128
\g_tmpb_int=\count129
\g__prg_map_int=\count130
\c_log_iow=\count131
\l_iow_line_count_int=\count132
\l__iow_line_target_int=\count133
\l__iow_one_indent_int=\count134
\l__iow_indent_int=\count135
\c_zero_dim=\dimen130
\c_max_dim=\dimen131
\l_tmpa_dim=\dimen132
\l_tmpb_dim=\dimen133
\g_tmpa_dim=\dimen134
\g_tmpb_dim=\dimen135
\c_zero_skip=\skip63
\c_max_skip=\skip64
\l_tmpa_skip=\skip65
\l_tmpb_skip=\skip66
\g_tmpa_skip=\skip67
\g_tmpb_skip=\skip68
\c_zero_muskip=\muskip11
\c_max_muskip=\muskip12
\l_tmpa_muskip=\muskip13
\l_tmpb_muskip=\muskip14
\g_tmpa_muskip=\muskip15
\g_tmpb_muskip=\muskip16
\l_keys_choice_int=\count136
\c__fp_leading_shift_int=\count137
\c__fp_middle_shift_int=\count138
\c__fp_trailing_shift_int=\count139
\c__fp_big_leading_shift_int=\count140
\c__fp_big_middle_shift_int=\count141
\c__fp_big_trailing_shift_int=\count142
\c__fp_Bigg_leading_shift_int=\count143
\c__fp_Bigg_middle_shift_int=\count144
\c__fp_Bigg_trailing_shift_int=\count145
\c__fp_rand_size_int=\count146
\c__fp_rand_four_int=\count147
\c__fp_rand_eight_int=\count148
\l__sort_length_int=\count149
\l__sort_min_int=\count150
\l__sort_top_int=\count151
\l__sort_max_int=\count152
\l__sort_true_max_int=\count153
\l__sort_block_int=\count154
\l__sort_begin_int=\count155
\l__sort_end_int=\count156
\l__sort_A_int=\count157
\l__sort_B_int=\count158
\l__sort_C_int=\count159
\c_empty_box=\box31
\l_tmpa_box=\box32
\l_tmpb_box=\box33
\g_tmpa_box=\box34
\g_tmpb_box=\box35
\l__box_top_dim=\dimen136
\l__box_bottom_dim=\dimen137
\l__box_left_dim=\dimen138
\l__box_right_dim=\dimen139
\l__box_top_new_dim=\dimen140
\l__box_bottom_new_dim=\dimen141
\l__box_left_new_dim=\dimen142
\l__box_right_new_dim=\dimen143
\l__box_internal_box=\box36
\l__coffin_internal_box=\box37
\l__coffin_internal_dim=\dimen144
\l__coffin_offset_x_dim=\dimen145
\l__coffin_offset_y_dim=\dimen146
\l__coffin_x_dim=\dimen147
\l__coffin_y_dim=\dimen148
\l__coffin_x_prime_dim=\dimen149
\l__coffin_y_prime_dim=\dimen150
\c_empty_coffin=\box38
\l__coffin_aligned_coffin=\box39
\l__coffin_aligned_internal_coffin=\box40
\l_tmpa_coffin=\box41
\l_tmpb_coffin=\box42
\l__coffin_display_coffin=\box43
\l__coffin_display_coord_coffin=\box44
\l__coffin_display_pole_coffin=\box45
\l__coffin_display_offset_dim=\dimen151
\l__coffin_display_x_dim=\dimen152
\l__coffin_display_y_dim=\dimen153
\l__coffin_bounding_shift_dim=\dimen154
\l__coffin_left_corner_dim=\dimen155
\l__coffin_right_corner_dim=\dimen156
\l__coffin_bottom_corner_dim=\dimen157
\l__coffin_top_corner_dim=\dimen158
\l__coffin_scaled_total_height_dim=\dimen159
\l__coffin_scaled_width_dim=\dimen160
)
(/usr/local/texlive/2017/texmf-dist/tex/latex/l3kernel/l3pdfmode.def
File: l3pdfmode.def 2017/03/18 v L3 Experimental driver: PDF mode
\l__driver_color_stack_int=\count160
\l__driver_tmp_box=\box46
))
Package: xpatch 2012/10/02 v0.3 Extending etoolbox patching commands

(/usr/local/texlive/2017/texmf-dist/tex/latex/l3packages/xparse/xparse.sty
Package: xparse 2017/05/13 L3 Experimental document command parser
\l__xparse_current_arg_int=\count161
\g__xparse_grabber_int=\count162
\l__xparse_m_args_int=\count163
\l__xparse_mandatory_args_int=\count164
\l__xparse_v_nesting_int=\count165
)
(/usr/local/texlive/2017/texmf-dist/tex/latex/etoolbox/etoolbox.sty
Package: etoolbox 2017/01/02 v2.4 e-TeX tools for LaTeX (JAW)
\etb@tempcnta=\count166
)
.................................................
. LaTeX info: "xparse/define-command"
. 
. Defining command \xpatchcmd with sig. '' on line 125.
.................................................
.................................................
. LaTeX info: "xparse/define-command"
. 
. Defining command \xpretocmd with sig. '' on line 126.
.................................................
.................................................
. LaTeX info: "xparse/define-command"
. 
. Defining command \xapptocmd with sig. '' on line 127.
.................................................
.................................................
. LaTeX info: "xparse/define-command"
. 
. Defining command \xshowcmd with sig. '' on line 128.
.................................................
.................................................
. LaTeX info: "xparse/define-command"
. 
. Defining command \xpatchbibmacro with sig. 'm' on line 131.
.................................................
.................................................
. LaTeX info: "xparse/define-command"
. 
. Defining command \xpretobibmacro with sig. 'm' on line 133.
.................................................
.................................................
. LaTeX info: "xparse/define-command"
. 
. Defining command \xapptobibmacro with sig. 'm' on line 135.
.................................................
.................................................
. LaTeX info: "xparse/define-command"
. 
. Defining command \xshowbibmacro with sig. 'm' on line 137.
.................................................
.................................................
. LaTeX info: "xparse/define-command"
. 
. Defining command \xpatchfieldformat with sig. 'O{*}m' on line 139.
.................................................
.................................................
. LaTeX info: "xparse/define-command"
. 
. Defining command \xpretofieldformat with sig. 'O{*}m' on line 141.
.................................................
.................................................
. LaTeX info: "xparse/define-command"
. 
. Defining command \xapptofieldformat with sig. 'O{*}m' on line 143.
.................................................
.................................................
. LaTeX info: "xparse/define-command"
. 
. Defining command \xshowfieldformat with sig. 'O{*}m' on line 145.
.................................................
.................................................
. LaTeX info: "xparse/define-command"
. 
. Defining command \xpatchnameformat with sig. 'O{*}m' on line 147.
.................................................
.................................................
. LaTeX info: "xparse/define-command"
. 
. Defining command \xpretonameformat with sig. 'O{*}m' on line 149.
.................................................
.................................................
. LaTeX info: "xparse/define-command"
. 
. Defining command \xapptonameformat with sig. 'O{*}m' on line 151.
.................................................
.................................................
. LaTeX info: "xparse/define-command"
. 
. Defining command \xshownameformat with sig. 'O{*}m' on line 153.
.................................................
.................................................
. LaTeX info: "xparse/define-command"
. 
. Defining command \xpatchlistformat with sig. 'O{*}m' on line 155.
.................................................
.................................................
. LaTeX info: "xparse/define-command"
. 
. Defining command \xpretolistformat with sig. 'O{*}m' on line 157.
.................................................
.................................................
. LaTeX info: "xparse/define-command"
. 
. Defining command \xapptolistformat with sig. 'O{*}m' on line 159.
.................................................
.................................................
. LaTeX info: "xparse/define-command"
. 
. Defining command \xshowlistformat with sig. 'O{*}m' on line 161.
.................................................
.................................................
. LaTeX info: "xparse/define-command"
. 
. Defining command \xpatchindexfieldformat with sig. 'O{*}m' on line 163.
.................................................
.................................................
. LaTeX info: "xparse/define-command"
. 
. Defining command \xpretoindexfieldformat with sig. 'O{*}m' on line 165.
.................................................
.................................................
. LaTeX info: "xparse/define-command"
. 
. Defining command \xapptoindexfieldformat with sig. 'O{*}m' on line 167.
.................................................
.................................................
. LaTeX info: "xparse/define-command"
. 
. Defining command \xshowindexfieldformat with sig. 'O{*}m' on line 169.
.................................................
.................................................
. LaTeX info: "xparse/define-command"
. 
. Defining command \xpatchindexnameformat with sig. 'O{*}m' on line 171.
.................................................
.................................................
. LaTeX info: "xparse/define-command"
. 
. Defining command \xpretoindexnameformat with sig. 'O{*}m' on line 173.
.................................................
.................................................
. LaTeX info: "xparse/define-command"
. 
. Defining command \xapptoindexnameformat with sig. 'O{*}m' on line 175.
.................................................
.................................................
. LaTeX info: "xparse/define-command"
. 
. Defining command \xshowindexnameformat with sig. 'O{*}m' on line 177.
.................................................
.................................................
. LaTeX info: "xparse/define-command"
. 
. Defining command \xpatchindexlistformat with sig. 'O{*}m' on line 179.
.................................................
.................................................
. LaTeX info: "xparse/define-command"
. 
. Defining command \xpretoindexlistformat with sig. 'O{*}m' on line 181.
.................................................
.................................................
. LaTeX info: "xparse/define-command"
. 
. Defining command \xappindextolistformat with sig. 'O{*}m' on line 183.
.................................................
.................................................
. LaTeX info: "xparse/define-command"
. 
. Defining command \xshowindexlistformat with sig. 'O{*}m' on line 185.
.................................................
.................................................
. LaTeX info: "xparse/define-command"
. 
. Defining command \xpatchbibdriver with sig. 'm' on line 187.
.................................................
.................................................
. LaTeX info: "xparse/define-command"
. 
. Defining command \xpretobibdriver with sig. 'm' on line 189.
.................................................
.................................................
. LaTeX info: "xparse/define-command"
. 
. Defining command \xapptobibdriver with sig. 'm' on line 191.
.................................................
.................................................
. LaTeX info: "xparse/define-command"
. 
. Defining command \xshowbibdriver with sig. 'm' on line 193.
.................................................
)
(/usr/local/texlive/2017/texmf-dist/tex/latex/lipsum/lipsum.sty
Package: lipsum 2014/07/27 v1.3 150 paragraphs of Lorem Ipsum dummy text
\c@lips@count=\count167
)
(/usr/local/texlive/2017/texmf-dist/tex/latex/hyperref/hyperref.sty
Package: hyperref 2017/03/14 v6.85a Hypertext links for LaTeX

(/usr/local/texlive/2017/texmf-dist/tex/generic/oberdiek/hobsub-hyperref.sty
Package: hobsub-hyperref 2016/05/16 v1.14 Bundle oberdiek, subset hyperref (HO)


(/usr/local/texlive/2017/texmf-dist/tex/generic/oberdiek/hobsub-generic.sty
Package: hobsub-generic 2016/05/16 v1.14 Bundle oberdiek, subset generic (HO)
Package: hobsub 2016/05/16 v1.14 Construct package bundles (HO)
Package hobsub Info: Skipping package `infwarerr' (already loaded).
Package hobsub Info: Skipping package `ltxcmds' (already loaded).
Package: ifluatex 2016/05/16 v1.4 Provides the ifluatex switch (HO)
Package ifluatex Info: LuaTeX not detected.
Package: ifvtex 2016/05/16 v1.6 Detect VTeX and its facilities (HO)
Package ifvtex Info: VTeX not detected.
Package: intcalc 2016/05/16 v1.2 Expandable calculations with integers (HO)
Package: ifpdf 2017/03/15 v3.2 Provides the ifpdf switch
Package: etexcmds 2016/05/16 v1.6 Avoid name clashes with e-TeX commands (HO)
Package etexcmds Info: Could not find \expanded.
(etexcmds)             That can mean that you are not using pdfTeX 1.50 or
(etexcmds)             that some package has redefined \expanded.
(etexcmds)             In the latter case, load this package earlier.
Package: kvsetkeys 2016/05/16 v1.17 Key value parser (HO)
Package: kvdefinekeys 2016/05/16 v1.4 Define keys (HO)
Package: pdftexcmds 2017/03/19 v0.25 Utility functions of pdfTeX for LuaTeX (HO
)
Package pdftexcmds Info: LuaTeX not detected.
Package pdftexcmds Info: \pdf@primitive is available.
Package pdftexcmds Info: \pdf@ifprimitive is available.
Package pdftexcmds Info: \pdfdraftmode found.
Package: pdfescape 2016/05/16 v1.14 Implements pdfTeX's escape features (HO)
Package: bigintcalc 2016/05/16 v1.4 Expandable calculations on big integers (HO
)
Package: bitset 2016/05/16 v1.2 Handle bit-vector datatype (HO)
Package: uniquecounter 2016/05/16 v1.3 Provide unlimited unique counter (HO)
)
Package hobsub Info: Skipping package `hobsub' (already loaded).
Package: letltxmacro 2016/05/16 v1.5 Let assignment for LaTeX macros (HO)
Package: hopatch 2016/05/16 v1.3 Wrapper for package hooks (HO)
Package: xcolor-patch 2016/05/16 xcolor patch
Package: atveryend 2016/05/16 v1.9 Hooks at the very end of document (HO)
Package: atbegshi 2016/06/09 v1.18 At begin shipout hook (HO)
Package: refcount 2016/05/16 v3.5 Data extraction from label references (HO)
Package: hycolor 2016/05/16 v1.8 Color options for hyperref/bookmark (HO)
)
(/usr/local/texlive/2017/texmf-dist/tex/generic/ifxetex/ifxetex.sty
Package: ifxetex 2010/09/12 v0.6 Provides ifxetex conditional
)
(/usr/local/texlive/2017/texmf-dist/tex/latex/oberdiek/auxhook.sty
Package: auxhook 2016/05/16 v1.4 Hooks for auxiliary files (HO)
)
(/usr/local/texlive/2017/texmf-dist/tex/latex/oberdiek/kvoptions.sty
Package: kvoptions 2016/05/16 v3.12 Key value format for package options (HO)
)
\@linkdim=\dimen161
\Hy@linkcounter=\count168
\Hy@pagecounter=\count169

(/usr/local/texlive/2017/texmf-dist/tex/latex/hyperref/pd1enc.def
File: pd1enc.def 2017/03/14 v6.85a Hyperref: PDFDocEncoding definition (HO)
)
\Hy@SavedSpaceFactor=\count170

(/usr/local/texlive/2017/texmf-dist/tex/latex/latexconfig/hyperref.cfg
File: hyperref.cfg 2002/06/06 v1.2 hyperref configuration of TeXLive
)
Package hyperref Info: Option `breaklinks' set `true' on input line 4374.


Package hyperref Warning: Option `letterpaper' is no longer used.

Package hyperref Info: Option `colorlinks' set `true' on input line 4374.
Package hyperref Info: Option `bookmarks' set `false' on input line 4374.
Package hyperref Info: Hyper figures OFF on input line 4498.
Package hyperref Info: Link nesting OFF on input line 4503.
Package hyperref Info: Hyper index ON on input line 4506.
Package hyperref Info: Plain pages OFF on input line 4513.
Package hyperref Info: Backreferencing ON on input line 4516.
Package hyperref Info: Implicit mode ON; LaTeX internals redefined.
Package hyperref Info: Bookmarks OFF on input line 4757.
(/usr/local/texlive/2017/texmf-dist/tex/latex/hyperref/backref.sty
Package: backref 2016/05/21 v1.39 Bibliographical back referencing

(/usr/local/texlive/2017/texmf-dist/tex/latex/oberdiek/rerunfilecheck.sty
Package: rerunfilecheck 2016/05/16 v1.8 Rerun checks for auxiliary files (HO)
Package uniquecounter Info: New unique counter `rerunfilecheck' on input line 2
82.
))
\c@Hy@tempcnt=\count171

(/usr/local/texlive/2017/texmf-dist/tex/latex/url/url.sty
\Urlmuskip=\muskip17
Package: url 2013/09/16  ver 3.4  Verb mode for urls, etc.
)
LaTeX Info: Redefining \url on input line 5104.
\XeTeXLinkMargin=\dimen162
\Fld@menulength=\count172
\Field@Width=\dimen163
\Fld@charsize=\dimen164
Package hyperref Info: Hyper figures OFF on input line 6358.
Package hyperref Info: Link nesting OFF on input line 6363.
Package hyperref Info: Hyper index ON on input line 6366.
Package hyperref Info: backreferencing ON on input line 6371.
Package hyperref Info: Link coloring ON on input line 6376.
Package hyperref Info: Link coloring with OCG OFF on input line 6383.
Package hyperref Info: PDF/A mode OFF on input line 6388.
LaTeX Info: Redefining \ref on input line 6428.
LaTeX Info: Redefining \pageref on input line 6432.
\Hy@abspage=\count173
\c@Item=\count174
\c@Hfootnote=\count175
)

Package hyperref Message: Driver (autodetected): hpdftex.

(/usr/local/texlive/2017/texmf-dist/tex/latex/hyperref/hpdftex.def
File: hpdftex.def 2017/03/14 v6.85a Hyperref driver for pdfTeX
\Fld@listcount=\count176
\c@bookmark@seq@number=\count177
\Hy@SectionHShift=\skip69
)
(./MCWNNM.aux)
\openout1 = `MCWNNM.aux'.

LaTeX Font Info:    Checking defaults for OML/cmm/m/it on input line 65.
LaTeX Font Info:    ... okay on input line 65.
LaTeX Font Info:    Checking defaults for T1/cmr/m/n on input line 65.
LaTeX Font Info:    ... okay on input line 65.
LaTeX Font Info:    Checking defaults for OT1/cmr/m/n on input line 65.
LaTeX Font Info:    ... okay on input line 65.
LaTeX Font Info:    Checking defaults for OMS/cmsy/m/n on input line 65.
LaTeX Font Info:    ... okay on input line 65.
LaTeX Font Info:    Checking defaults for OMX/cmex/m/n on input line 65.
LaTeX Font Info:    ... okay on input line 65.
LaTeX Font Info:    Checking defaults for U/cmr/m/n on input line 65.
LaTeX Font Info:    ... okay on input line 65.
LaTeX Font Info:    Checking defaults for PD1/pdf/m/n on input line 65.
LaTeX Font Info:    ... okay on input line 65.
LaTeX Font Info:    Try loading font information for OT1+ptm on input line 65.
 (/usr/local/texlive/2017/texmf-dist/tex/latex/psnfss/ot1ptm.fd
File: ot1ptm.fd 2001/06/04 font definitions for OT1/ptm.
)
ABD: EveryShipout initializing macros
(/usr/local/texlive/2017/texmf-dist/tex/context/base/mkii/supp-pdf.mkii
[Loading MPS to PDF converter (version 2006.09.02).]
\scratchcounter=\count178
\scratchdimen=\dimen165
\scratchbox=\box47
\nofMPsegments=\count179
\nofMParguments=\count180
\everyMPshowfont=\toks27
\MPscratchCnt=\count181
\MPscratchDim=\dimen166
\MPnumerator=\count182
\makeMPintoPDFobject=\count183
\everyMPtoPDFconversion=\toks28
) (/usr/local/texlive/2017/texmf-dist/tex/latex/oberdiek/epstopdf-base.sty
Package: epstopdf-base 2016/05/15 v2.6 Base part for package epstopdf

(/usr/local/texlive/2017/texmf-dist/tex/latex/oberdiek/grfext.sty
Package: grfext 2016/05/16 v1.2 Manage graphics extensions (HO)
)
Package epstopdf-base Info: Redefining graphics rule for `.eps' on input line 4
38.
Package grfext Info: Graphics extension search list:
(grfext)             [.png,.pdf,.jpg,.mps,.jpeg,.jbig2,.jb2,.PNG,.PDF,.JPG,.JPE
G,.JBIG2,.JB2,.eps]
(grfext)             \AppendGraphicsExtensions on input line 456.

(/usr/local/texlive/2017/texmf-dist/tex/latex/latexconfig/epstopdf-sys.cfg
File: epstopdf-sys.cfg 2010/07/13 v1.3 Configuration of (r)epstopdf for TeX Liv
e
))
\AtBeginShipoutBox=\box48
Package atbegshi Info: Package `everyshi' patched.
Package backref Info: ** backref set up for natbib ** on input line 65.
Package hyperref Info: Link coloring ON on input line 65.

(/usr/local/texlive/2017/texmf-dist/tex/latex/hyperref/nameref.sty
Package: nameref 2016/05/21 v2.44 Cross-referencing by name of section

(/usr/local/texlive/2017/texmf-dist/tex/generic/oberdiek/gettitlestring.sty
Package: gettitlestring 2016/05/16 v1.5 Cleanup title references (HO)
)
\c@section@level=\count184
)
LaTeX Info: Redefining \ref on input line 65.
LaTeX Info: Redefining \pageref on input line 65.
LaTeX Info: Redefining \nameref on input line 65.
LaTeX Font Info:    Font shape `OT1/ptm/bx/n' in size <14.4> not available
(Font)              Font shape `OT1/ptm/b/n' tried instead on input line 84.
LaTeX Font Info:    Try loading font information for U+msa on input line 84.

(/usr/local/texlive/2017/texmf-dist/tex/latex/amsfonts/umsa.fd
File: umsa.fd 2013/01/14 v3.01 AMS symbols A
)
LaTeX Font Info:    Try loading font information for U+msb on input line 84.

(/usr/local/texlive/2017/texmf-dist/tex/latex/amsfonts/umsb.fd
File: umsb.fd 2013/01/14 v3.01 AMS symbols B
)
LaTeX Font Info:    Try loading font information for U+lasy on input line 84.

(/usr/local/texlive/2017/texmf-dist/tex/latex/base/ulasy.fd
File: ulasy.fd 1998/08/17 v2.2e LaTeX symbol font definitions
)
LaTeX Font Info:    Try loading font information for OMS+ptm on input line 84.

(/usr/local/texlive/2017/texmf-dist/tex/latex/psnfss/omsptm.fd
File: omsptm.fd 
)
LaTeX Font Info:    Font shape `OMS/ptm/m/n' in size <8> not available
(Font)              Font shape `OMS/cmsy/m/n' tried instead on input line 84.
LaTeX Font Info:    Try loading font information for OT1+pcr on input line 84.

(/usr/local/texlive/2017/texmf-dist/tex/latex/psnfss/ot1pcr.fd
File: ot1pcr.fd 2001/06/04 font definitions for OT1/pcr.
)
LaTeX Font Info:    Try loading font information for OMS+pcr on input line 84.

(/usr/local/texlive/2017/texmf-dist/tex/latex/psnfss/omspcr.fd
File: omspcr.fd 
)
LaTeX Font Info:    Font shape `OMS/pcr/m/n' in size <9> not available
(Font)              Font shape `OMS/cmsy/m/n' tried instead on input line 84.
LaTeX Font Info:    Font shape `OMS/ptm/m/n' in size <6> not available
(Font)              Font shape `OMS/cmsy/m/n' tried instead on input line 84.
LaTeX Font Info:    Font shape `OT1/ptm/bx/n' in size <12> not available
(Font)              Font shape `OT1/ptm/b/n' tried instead on input line 89.

Underfull \vbox (badness 2735) has occurred while \output is active []

 [1{/usr/local/texlive/2017/texmf-var/fonts/map/pdftex/updmap/pdftex.map}


]
Overfull \hbox (58.67165pt too wide) in paragraph at lines 157--157
[] \OT1/ptm/b/n/12 . [] 
 []


Overfull \hbox (65.54163pt too wide) in paragraph at lines 159--159
[] \elvbf . [] 
 []

<example/br_kodim08_1.png, id=79, 401.5pt x 385.44pt>
File: example/br_kodim08_1.png Graphic file (type png)

<use example/br_kodim08_1.png>
Package pdftex.def Info: example/br_kodim08_1.png used on input line 186.
(pdftex.def)             Requested size: 124.21405pt x 119.24402pt.

<example/br_Noisy_nSig402030_kodim08_1.png, id=80, 401.5pt x 385.44pt>
File: example/br_Noisy_nSig402030_kodim08_1.png Graphic file (type png)

<use example/br_Noisy_nSig402030_kodim08_1.png>
Package pdftex.def Info: example/br_Noisy_nSig402030_kodim08_1.png used on inpu
t line 186.
(pdftex.def)             Requested size: 124.21405pt x 119.24402pt.

<example/br_kodim08_2.png, id=81, 401.5pt x 385.44pt>
File: example/br_kodim08_2.png Graphic file (type png)

<use example/br_kodim08_2.png>
Package pdftex.def Info: example/br_kodim08_2.png used on input line 186.
(pdftex.def)             Requested size: 124.21405pt x 119.24402pt.

<example/br_Noisy_nSig402030_kodim08_2.png, id=82, 401.5pt x 385.44pt>
File: example/br_Noisy_nSig402030_kodim08_2.png Graphic file (type png)

<use example/br_Noisy_nSig402030_kodim08_2.png>
Package pdftex.def Info: example/br_Noisy_nSig402030_kodim08_2.png used on inpu
t line 186.
(pdftex.def)             Requested size: 124.21405pt x 119.24402pt.

<example/br_WNNMJ_nSig402030_lambda1_kodim08_1.png, id=83, 401.5pt x 385.44pt>
File: example/br_WNNMJ_nSig402030_lambda1_kodim08_1.png Graphic file (type png)


<use example/br_WNNMJ_nSig402030_lambda1_kodim08_1.png>
Package pdftex.def Info: example/br_WNNMJ_nSig402030_lambda1_kodim08_1.png used
 on input line 208.
(pdftex.def)             Requested size: 124.21405pt x 119.24402pt.

<example/br_CWNNM_ADMM_nSig402030_kodim08_1.png, id=84, 401.5pt x 385.44pt>
File: example/br_CWNNM_ADMM_nSig402030_kodim08_1.png Graphic file (type png)

<use example/br_CWNNM_ADMM_nSig402030_kodim08_1.png>
Package pdftex.def Info: example/br_CWNNM_ADMM_nSig402030_kodim08_1.png used on
 input line 208.
(pdftex.def)             Requested size: 124.21405pt x 119.24402pt.

<example/br_WNNMJ_nSig402030_lambda1_kodim08_2.png, id=85, 401.5pt x 385.44pt>
File: example/br_WNNMJ_nSig402030_lambda1_kodim08_2.png Graphic file (type png)


<use example/br_WNNMJ_nSig402030_lambda1_kodim08_2.png>
Package pdftex.def Info: example/br_WNNMJ_nSig402030_lambda1_kodim08_2.png used
 on input line 208.
(pdftex.def)             Requested size: 124.21405pt x 119.24402pt.

<example/br_CWNNM_ADMM_nSig402030_kodim08_2.png, id=86, 401.5pt x 385.44pt>
File: example/br_CWNNM_ADMM_nSig402030_kodim08_2.png Graphic file (type png)

<use example/br_CWNNM_ADMM_nSig402030_kodim08_2.png>
Package pdftex.def Info: example/br_CWNNM_ADMM_nSig402030_kodim08_2.png used on
 input line 208.
(pdftex.def)             Requested size: 124.21405pt x 119.24402pt.

Overfull \hbox (12.49995pt too wide) in paragraph at lines 186--209
 [][] 
 []


Overfull \hbox (12.49995pt too wide) in paragraph at lines 186--209
 [][] 
 []

[2]
Underfull \hbox (badness 5260) in paragraph at lines 233--235
[]\OT1/ptm/m/n/10 Let's de-note the noisy patch ma-trix by $\OT1/cmr/bx/n/10 Y 
\OT1/cmr/m/n/10 =
 []


Underfull \hbox (badness 1158) in paragraph at lines 247--251
\OT1/ptm/m/n/10 nel with Gaus-sian dis-tri-bu-tion and stan-dard de-vi-a-tions
 []

[3 <./example/br_kodim08_1.png (PNG copy)> <./example/br_Noisy_nSig402030_kodim
08_1.png (PNG copy)> <./example/br_kodim08_2.png (PNG copy)> <./example/br_Nois
y_nSig402030_kodim08_2.png (PNG copy)> <./example/br_WNNMJ_nSig402030_lambda1_k
odim08_1.png (PNG copy)> <./example/br_CWNNM_ADMM_nSig402030_kodim08_1.png (PNG
 copy)> <./example/br_WNNMJ_nSig402030_lambda1_kodim08_2.png (PNG copy)> <./exa
mple/br_CWNNM_ADMM_nSig402030_kodim08_2.png (PNG copy)>]
LaTeX Font Info:    Font shape `OT1/ptm/bx/n' in size <10> not available
(Font)              Font shape `OT1/ptm/b/n' tried instead on input line 353.

Overfull \hbox (1.88905pt too wide) detected at line 363
[]\OT1/cmr/bx/n/10 X[] \OT1/cmr/m/n/10 = [] [] \OMS/cmsy/m/n/10 k\OT1/cmr/bx/n/
10 W\OT1/cmr/m/n/10 (\OT1/cmr/bx/n/10 Y \OMS/cmsy/m/n/10 ^^@ \OT1/cmr/bx/n/10 X
\OT1/cmr/m/n/10 )\OMS/cmsy/m/n/10 k[] \OT1/cmr/m/n/10 + []\OMS/cmsy/m/n/10 k\OT
1/cmr/bx/n/10 X \OMS/cmsy/m/n/10 ^^@ \OT1/cmr/bx/n/10 Z[] \OT1/cmr/m/n/10 + \OM
L/cmm/m/it/10 ^^Z[]\OT1/cmr/bx/n/10 A[]\OMS/cmsy/m/n/10 jj[]\OML/cmm/m/it/10 :
 []


Underfull \hbox (badness 2080) in paragraph at lines 532--606
\OT1/cmr/bx/n/10 X[]\OMS/cmsy/m/n/10 k[] ^^T [][]\OT1/cmr/m/n/10 (\OMS/cmsy/m/n
/10 k\OT1/cmr/m/n/10 (\OT1/cmr/bx/n/10 W[]W \OT1/cmr/m/n/10 + []\OT1/cmr/bx/n/1
0 I\OT1/cmr/m/n/10 )[](\OT1/cmr/bx/n/10 W[]WY \OMS/cmsy/m/n/10 ^^@
 []

[4] [5]
Underfull \hbox (badness 1527) in paragraph at lines 691--692
[]\OT1/ptm/m/n/10 For a fair com-par-i-son, we tune the pa-ram-e-ters of
 []


Underfull \hbox (badness 2012) in paragraph at lines 691--692
\OT1/ptm/m/n/10 WNNM-1, WNNM-2, WNNM-3 and MC-WNNM to
 []


<CC15images/resize_5dmark3_iso3200_1_real.png, id=213, 205.76875pt x 205.76875p
t>
File: CC15images/resize_5dmark3_iso3200_1_real.png Graphic file (type png)
 <use CC15images/resize_5dmark3_iso3200_1_real.png>
Package pdftex.def Info: CC15images/resize_5dmark3_iso3200_1_real.png used on i
nput line 713.
(pdftex.def)             Requested size: 39.7494pt x 39.74953pt.

<CC15images/resize_5dmark3_iso3200_2_real.png, id=214, 205.76875pt x 205.76875p
t>
File: CC15images/resize_5dmark3_iso3200_2_real.png Graphic file (type png)
 <use CC15images/resize_5dmark3_iso3200_2_real.png>
Package pdftex.def Info: CC15images/resize_5dmark3_iso3200_2_real.png used on i
nput line 713.
(pdftex.def)             Requested size: 39.7494pt x 39.74953pt.

<CC15images/resize_5dmark3_iso3200_3_real.png, id=215, 205.76875pt x 205.76875p
t>
File: CC15images/resize_5dmark3_iso3200_3_real.png Graphic file (type png)
 <use CC15images/resize_5dmark3_iso3200_3_real.png>
Package pdftex.def Info: CC15images/resize_5dmark3_iso3200_3_real.png used on i
nput line 713.
(pdftex.def)             Requested size: 39.7494pt x 39.74953pt.

<CC15images/resize_d600_iso3200_1_real.png, id=216, 205.76875pt x 205.76875pt>
File: CC15images/resize_d600_iso3200_1_real.png Graphic file (type png)

<use CC15images/resize_d600_iso3200_1_real.png>
Package pdftex.def Info: CC15images/resize_d600_iso3200_1_real.png used on inpu
t line 713.
(pdftex.def)             Requested size: 39.7494pt x 39.74953pt.

<CC15images/resize_d600_iso3200_2_real.png, id=217, 205.76875pt x 205.76875pt>
File: CC15images/resize_d600_iso3200_2_real.png Graphic file (type png)

<use CC15images/resize_d600_iso3200_2_real.png>
Package pdftex.def Info: CC15images/resize_d600_iso3200_2_real.png used on inpu
t line 713.
(pdftex.def)             Requested size: 39.7494pt x 39.74953pt.

<CC15images/resize_d600_iso3200_3_real.png, id=218, 205.76875pt x 205.76875pt>
File: CC15images/resize_d600_iso3200_3_real.png Graphic file (type png)

<use CC15images/resize_d600_iso3200_3_real.png>
Package pdftex.def Info: CC15images/resize_d600_iso3200_3_real.png used on inpu
t line 730.
(pdftex.def)             Requested size: 39.7494pt x 39.74953pt.

<CC15images/resize_d800_iso1600_1_real.png, id=219, 205.76875pt x 205.76875pt>
File: CC15images/resize_d800_iso1600_1_real.png Graphic file (type png)

<use CC15images/resize_d800_iso1600_1_real.png>
Package pdftex.def Info: CC15images/resize_d800_iso1600_1_real.png used on inpu
t line 730.
(pdftex.def)             Requested size: 39.7494pt x 39.74953pt.

<CC15images/resize_d800_iso1600_2_real.png, id=220, 205.76875pt x 205.76875pt>
File: CC15images/resize_d800_iso1600_2_real.png Graphic file (type png)

<use CC15images/resize_d800_iso1600_2_real.png>
Package pdftex.def Info: CC15images/resize_d800_iso1600_2_real.png used on inpu
t line 730.
(pdftex.def)             Requested size: 39.7494pt x 39.74953pt.

<CC15images/resize_d800_iso1600_3_real.png, id=221, 205.76875pt x 205.76875pt>
File: CC15images/resize_d800_iso1600_3_real.png Graphic file (type png)

<use CC15images/resize_d800_iso1600_3_real.png>
Package pdftex.def Info: CC15images/resize_d800_iso1600_3_real.png used on inpu
t line 730.
(pdftex.def)             Requested size: 39.7494pt x 39.74953pt.

<CC15images/resize_d800_iso3200_1_real.png, id=222, 205.76875pt x 205.76875pt>
File: CC15images/resize_d800_iso3200_1_real.png Graphic file (type png)

<use CC15images/resize_d800_iso3200_1_real.png>
Package pdftex.def Info: CC15images/resize_d800_iso3200_1_real.png used on inpu
t line 730.
(pdftex.def)             Requested size: 39.7494pt x 39.74953pt.

<CC15images/resize_d800_iso3200_2_real.png, id=223, 205.76875pt x 205.76875pt>
File: CC15images/resize_d800_iso3200_2_real.png Graphic file (type png)

<use CC15images/resize_d800_iso3200_2_real.png>
Package pdftex.def Info: CC15images/resize_d800_iso3200_2_real.png used on inpu
t line 747.
(pdftex.def)             Requested size: 39.7494pt x 39.74953pt.

<CC15images/resize_d800_iso3200_3_real.png, id=224, 205.76875pt x 205.76875pt>
File: CC15images/resize_d800_iso3200_3_real.png Graphic file (type png)

<use CC15images/resize_d800_iso3200_3_real.png>
Package pdftex.def Info: CC15images/resize_d800_iso3200_3_real.png used on inpu
t line 747.
(pdftex.def)             Requested size: 39.7494pt x 39.74953pt.

<CC15images/resize_d800_iso6400_1_real.png, id=225, 205.76875pt x 205.76875pt>
File: CC15images/resize_d800_iso6400_1_real.png Graphic file (type png)

<use CC15images/resize_d800_iso6400_1_real.png>
Package pdftex.def Info: CC15images/resize_d800_iso6400_1_real.png used on inpu
t line 747.
(pdftex.def)             Requested size: 39.7494pt x 39.74953pt.

<CC15images/resize_d800_iso6400_2_real.png, id=226, 205.76875pt x 205.76875pt>
File: CC15images/resize_d800_iso6400_2_real.png Graphic file (type png)

<use CC15images/resize_d800_iso6400_2_real.png>
Package pdftex.def Info: CC15images/resize_d800_iso6400_2_real.png used on inpu
t line 747.
(pdftex.def)             Requested size: 39.7494pt x 39.74953pt.

<CC15images/resize_d800_iso6400_3_real.png, id=227, 205.76875pt x 205.76875pt>
File: CC15images/resize_d800_iso6400_3_real.png Graphic file (type png)

<use CC15images/resize_d800_iso6400_3_real.png>
Package pdftex.def Info: CC15images/resize_d800_iso6400_3_real.png used on inpu
t line 747.
(pdftex.def)             Requested size: 39.7494pt x 39.74953pt.
LaTeX Font Info:    Font shape `OT1/ptm/bx/n' in size <7> not available
(Font)              Font shape `OT1/ptm/b/n' tried instead on input line 779.

<compareb/resize_br_Noisy_dog.png, id=245, 200.75pt x 200.75pt>
File: compareb/resize_br_Noisy_dog.png Graphic file (type png)

<use compareb/resize_br_Noisy_dog.png>
Package pdftex.def Info: compareb/resize_br_Noisy_dog.png used on input line 92
9.
(pdftex.def)             Requested size: 94.40388pt x 94.40457pt.

<compareb/resize_br_BM3D_dog.png, id=247, 200.75pt x 200.75pt>
File: compareb/resize_br_BM3D_dog.png Graphic file (type png)

<use compareb/resize_br_BM3D_dog.png>
Package pdftex.def Info: compareb/resize_br_BM3D_dog.png used on input line 929
.
(pdftex.def)             Requested size: 94.40388pt x 94.40457pt.

<compareb/resize_br_MLP_dog.png, id=249, 200.75pt x 200.75pt>
File: compareb/resize_br_MLP_dog.png Graphic file (type png)

<use compareb/resize_br_MLP_dog.png>
Package pdftex.def Info: compareb/resize_br_MLP_dog.png used on input line 929.

(pdftex.def)             Requested size: 94.40388pt x 94.40457pt.

<compareb/resize_br_TRD_dog.png, id=251, 200.75pt x 200.75pt>
File: compareb/resize_br_TRD_dog.png Graphic file (type png)

<use compareb/resize_br_TRD_dog.png>
Package pdftex.def Info: compareb/resize_br_TRD_dog.png used on input line 929.

(pdftex.def)             Requested size: 94.40388pt x 94.40457pt.

<compareb/resize_br_NI_dog.png, id=253, 200.75pt x 200.75pt>
File: compareb/resize_br_NI_dog.png Graphic file (type png)

<use compareb/resize_br_NI_dog.png>
Package pdftex.def Info: compareb/resize_br_NI_dog.png used on input line 929.
(pdftex.def)             Requested size: 94.40388pt x 94.40457pt.

<compareb/resize_br_NC_dog.png, id=255, 200.75pt x 200.75pt>
File: compareb/resize_br_NC_dog.png Graphic file (type png)

<use compareb/resize_br_NC_dog.png>
Package pdftex.def Info: compareb/resize_br_NC_dog.png used on input line 956.
(pdftex.def)             Requested size: 94.40388pt x 94.40457pt.

<compareb/resize_br_WNNM_dog.png, id=258, 200.75pt x 200.75pt>
File: compareb/resize_br_WNNM_dog.png Graphic file (type png)

<use compareb/resize_br_WNNM_dog.png>
Package pdftex.def Info: compareb/resize_br_WNNM_dog.png used on input line 956
.
(pdftex.def)             Requested size: 94.40388pt x 94.40457pt.

<compareb/resize_br_WNNMJ_dog.png, id=260, 200.75pt x 200.75pt>
File: compareb/resize_br_WNNMJ_dog.png Graphic file (type png)

<use compareb/resize_br_WNNMJ_dog.png>
Package pdftex.def Info: compareb/resize_br_WNNMJ_dog.png used on input line 95
6.
(pdftex.def)             Requested size: 94.40388pt x 94.40457pt.

<compareb/resize_br_WNNM_ADMM_dog.png, id=262, 200.75pt x 200.75pt>
File: compareb/resize_br_WNNM_ADMM_dog.png Graphic file (type png)

<use compareb/resize_br_WNNM_ADMM_dog.png>
Package pdftex.def Info: compareb/resize_br_WNNM_ADMM_dog.png used on input lin
e 956.
(pdftex.def)             Requested size: 94.40388pt x 94.40457pt.

<compareb/resize_br_CWNNM_ADMM_NL_dog.png, id=264, 200.75pt x 200.75pt>
File: compareb/resize_br_CWNNM_ADMM_NL_dog.png Graphic file (type png)

<use compareb/resize_br_CWNNM_ADMM_NL_dog.png>
Package pdftex.def Info: compareb/resize_br_CWNNM_ADMM_NL_dog.png used on input
 line 956.
(pdftex.def)             Requested size: 94.40388pt x 94.40457pt.

<imagessupp/resize_br_Noisy_d800_iso1600_2.png, id=269, 205.76875pt x 205.76875
pt>
File: imagessupp/resize_br_Noisy_d800_iso1600_2.png Graphic file (type png)
 <use imagessupp/resize_br_Noisy_d800_iso1600_2.png>
Package pdftex.def Info: imagessupp/resize_br_Noisy_d800_iso1600_2.png used on 
input line 1097.
(pdftex.def)             Requested size: 94.40388pt x 94.40358pt.

<imagessupp/resize_br_CBM3D_CC15_d800_iso1600_2.png, id=271, 205.76875pt x 205.
76875pt>
File: imagessupp/resize_br_CBM3D_CC15_d800_iso1600_2.png Graphic file (type png
)
 <use imagessupp/resize_br_CBM3D_CC15_d800_iso1600_2.png>
Package pdftex.def Info: imagessupp/resize_br_CBM3D_CC15_d800_iso1600_2.png use
d on input line 1097.
(pdftex.def)             Requested size: 94.40388pt x 94.40358pt.

<imagessupp/resize_br_TRD_CC15_d800_iso1600_2.png, id=274, 205.76875pt x 205.76
875pt>
File: imagessupp/resize_br_TRD_CC15_d800_iso1600_2.png Graphic file (type png)
 <use imagessupp/resize_br_TRD_CC15_d800_iso1600_2.png>
Package pdftex.def Info: imagessupp/resize_br_TRD_CC15_d800_iso1600_2.png used 
on input line 1097.
(pdftex.def)             Requested size: 94.40388pt x 94.40358pt.

<imagessupp/resize_br_NI_CC15_d800_iso1600_2.png, id=276, 205.76875pt x 205.768
75pt>
File: imagessupp/resize_br_NI_CC15_d800_iso1600_2.png Graphic file (type png)
 <use imagessupp/resize_br_NI_CC15_d800_iso1600_2.png>
Package pdftex.def Info: imagessupp/resize_br_NI_CC15_d800_iso1600_2.png used o
n input line 1097.
(pdftex.def)             Requested size: 94.40388pt x 94.40358pt.

<imagessupp/resize_br_NC_CC15_d800_iso1600_2.png, id=278, 205.76875pt x 205.768
75pt>
File: imagessupp/resize_br_NC_CC15_d800_iso1600_2.png Graphic file (type png)
 <use imagessupp/resize_br_NC_CC15_d800_iso1600_2.png>
Package pdftex.def Info: imagessupp/resize_br_NC_CC15_d800_iso1600_2.png used o
n input line 1097.
(pdftex.def)             Requested size: 94.40388pt x 94.40358pt.

<imagessupp/resize_br_CC_d800_iso1600_2.png, id=281, 205.76875pt x 205.76875pt>
File: imagessupp/resize_br_CC_d800_iso1600_2.png Graphic file (type png)
<use imagessupp/resize_br_CC_d800_iso1600_2.png>
Package pdftex.def Info: imagessupp/resize_br_CC_d800_iso1600_2.png used on inp
ut line 1124.
(pdftex.def)             Requested size: 94.40388pt x 94.40358pt.

<imagessupp/resize_br_WNNMJ_CC15_d800_iso1600_2.png, id=283, 205.76875pt x 205.
76875pt>
File: imagessupp/resize_br_WNNMJ_CC15_d800_iso1600_2.png Graphic file (type png
)
 <use imagessupp/resize_br_WNNMJ_CC15_d800_iso1600_2.png>
Package pdftex.def Info: imagessupp/resize_br_WNNMJ_CC15_d800_iso1600_2.png use
d on input line 1124.
(pdftex.def)             Requested size: 94.40388pt x 94.40358pt.

<imagessupp/resize_br_WNNM_ADMM_NL_CC15_d800_iso1600_2.png, id=284, 205.76875pt
 x 205.76875pt>
File: imagessupp/resize_br_WNNM_ADMM_NL_CC15_d800_iso1600_2.png Graphic file (t
ype png)

<use imagessupp/resize_br_WNNM_ADMM_NL_CC15_d800_iso1600_2.png>
Package pdftex.def Info: imagessupp/resize_br_WNNM_ADMM_NL_CC15_d800_iso1600_2.
png used on input line 1124.
(pdftex.def)             Requested size: 94.40388pt x 94.40358pt.

<imagessupp/resize_br_CWNNM_ADMM_NL_CC15_d800_iso1600_2.png, id=285, 205.76875p
t x 205.76875pt>
File: imagessupp/resize_br_CWNNM_ADMM_NL_CC15_d800_iso1600_2.png Graphic file (
type png)

<use imagessupp/resize_br_CWNNM_ADMM_NL_CC15_d800_iso1600_2.png>
Package pdftex.def Info: imagessupp/resize_br_CWNNM_ADMM_NL_CC15_d800_iso1600_2
.png used on input line 1124.
(pdftex.def)             Requested size: 94.40388pt x 94.40358pt.
LaTeX Font Info:    Font shape `OT1/ptm/bx/n' in size <8> not available
(Font)              Font shape `OT1/ptm/b/n' tried instead on input line 1124.

<imagessupp/resize_br_d800_iso1600_2.png, id=286, 205.76875pt x 205.76875pt>
File: imagessupp/resize_br_d800_iso1600_2.png Graphic file (type png)

<use imagessupp/resize_br_d800_iso1600_2.png>
Package pdftex.def Info: imagessupp/resize_br_d800_iso1600_2.png used on input 
line 1124.
(pdftex.def)             Requested size: 94.40388pt x 94.40358pt.
 [6 <./CC15images/resize_5dmark3_iso3200_1_real.png (PNG copy)> <./CC15images/r
esize_5dmark3_iso3200_2_real.png (PNG copy)> <./CC15images/resize_5dmark3_iso32
00_3_real.png (PNG copy)> <./CC15images/resize_d600_iso3200_1_real.png (PNG cop
y)> <./CC15images/resize_d600_iso3200_2_real.png (PNG copy)> <./CC15images/resi
ze_d600_iso3200_3_real.png (PNG copy)> <./CC15images/resize_d800_iso1600_1_real
.png (PNG copy)> <./CC15images/resize_d800_iso1600_2_real.png (PNG copy)> <./CC
15images/resize_d800_iso1600_3_real.png (PNG copy)> <./CC15images/resize_d800_i
so3200_1_real.png (PNG copy)> <./CC15images/resize_d800_iso3200_2_real.png (PNG
 copy)> <./CC15images/resize_d800_iso3200_3_real.png (PNG copy)> <./CC15images/
resize_d800_iso6400_1_real.png (PNG copy)> <./CC15images/resize_d800_iso6400_2_
real.png (PNG copy)> <./CC15images/resize_d800_iso6400_3_real.png (PNG copy)>]
Underfull \vbox (badness 7099) has occurred while \output is active []


Underfull \vbox (badness 7099) has occurred while \output is active []

 [7 <./compareb/resize_br_Noisy_dog.png (PNG copy)> <./compareb/resize_br_BM3D_
dog.png (PNG copy)> <./compareb/resize_br_MLP_dog.png (PNG copy)> <./compareb/r
esize_br_TRD_dog.png (PNG copy)> <./compareb/resize_br_NI_dog.png (PNG copy)> <
./compareb/resize_br_NC_dog.png (PNG copy)> <./compareb/resize_br_WNNM_dog.png 
(PNG copy)> <./compareb/resize_br_WNNMJ_dog.png (PNG copy)> <./compareb/resize_
br_WNNM_ADMM_dog.png (PNG copy)> <./compareb/resize_br_CWNNM_ADMM_NL_dog.png (P
NG copy)>]
(./MCWNNM.bbl (./MCWNNM.brf)
\tf@brf=\write3
\openout3 = `MCWNNM.brf'.

 [8 <./imagessupp/resize_br_Noisy_d800_iso1600_2.png (PNG copy)> <./imagessupp/
resize_br_CBM3D_CC15_d800_iso1600_2.png (PNG copy)> <./imagessupp/resize_br_TRD
_CC15_d800_iso1600_2.png (PNG copy)> <./imagessupp/resize_br_NI_CC15_d800_iso16
00_2.png (PNG copy)> <./imagessupp/resize_br_NC_CC15_d800_iso1600_2.png (PNG co
py)> <./imagessupp/resize_br_CC_d800_iso1600_2.png (PNG copy)> <./imagessupp/re
size_br_WNNMJ_CC15_d800_iso1600_2.png (PNG copy)> <./imagessupp/resize_br_WNNM_
ADMM_NL_CC15_d800_iso1600_2.png (PNG copy)> <./imagessupp/resize_br_CWNNM_ADMM_
NL_CC15_d800_iso1600_2.png (PNG copy)> <./imagessupp/resize_br_d800_iso1600_2.p
ng (PNG copy)>]
LaTeX Font Info:    Calculating math sizes for size <8.31> on input line 157.


LaTeX Font Warning: Font shape `OT1/cmr/m/n' in size <4.155> not available
(Font)              size <5> substituted on input line 157.


LaTeX Font Warning: Font shape `OML/cmm/m/it' in size <4.155> not available
(Font)              size <5> substituted on input line 157.


LaTeX Font Warning: Font shape `OMS/cmsy/m/n' in size <4.155> not available
(Font)              size <5> substituted on input line 157.


LaTeX Font Warning: Font shape `OT1/cmr/bx/n' in size <4.155> not available
(Font)              size <5> substituted on input line 157.


LaTeX Font Warning: Font shape `OML/cmm/b/it' in size <4.155> not available
(Font)              size <5> substituted on input line 157.


LaTeX Font Warning: Font shape `OMS/cmsy/b/n' in size <4.155> not available
(Font)              size <5> substituted on input line 157.


LaTeX Font Warning: Font shape `U/lasy/m/n' in size <4.155> not available
(Font)              size <5> substituted on input line 157.

)
Package atveryend Info: Empty hook `BeforeClearDocument' on input line 1158.
 [9]
Package atveryend Info: Empty hook `AfterLastShipout' on input line 1158.
 (./MCWNNM.aux)
Package atveryend Info: Executing hook `AtVeryEndDocument' on input line 1158.
Package atveryend Info: Executing hook `AtEndAfterFileList' on input line 1158.

Package rerunfilecheck Info: File `MCWNNM.brf' has not changed.
(rerunfilecheck)             Checksum: FFB92D39DB189ABCBE5137208277ABC8;5519.


LaTeX Font Warning: Size substitutions with differences
(Font)              up to 0.845pt have occurred.

 ) 
Here is how much of TeX's memory you used:
 16080 strings out of 492995
 280229 string characters out of 6132704
 486889 words of memory out of 5000000
 19273 multiletter control sequences out of 15000+600000
 52844 words of font info for 142 fonts, out of 8000000 for 9000
 1141 hyphenation exceptions out of 8191
 34i,17n,29p,10447b,489s stack positions out of 5000i,500n,10000p,200000b,80000s
{/usr/local/texlive/2017/texmf-dist/fonts/enc/dvips/base/8r.enc}</usr/local/t
exlive/2017/texmf-dist/fonts/type1/public/amsfonts/cm/cmbx10.pfb></usr/local/te
xlive/2017/texmf-dist/fonts/type1/public/amsfonts/cm/cmbx7.pfb></usr/local/texl
ive/2017/texmf-dist/fonts/type1/public/amsfonts/cm/cmex10.pfb></usr/local/texli
ve/2017/texmf-dist/fonts/type1/public/amsfonts/cm/cmmi10.pfb></usr/local/texliv
e/2017/texmf-dist/fonts/type1/public/amsfonts/cm/cmmi5.pfb></usr/local/texlive/
2017/texmf-dist/fonts/type1/public/amsfonts/cm/cmmi7.pfb></usr/local/texlive/20
17/texmf-dist/fonts/type1/public/amsfonts/cm/cmmib10.pfb></usr/local/texlive/20
17/texmf-dist/fonts/type1/public/amsfonts/cmextra/cmmib7.pfb></usr/local/texliv
e/2017/texmf-dist/fonts/type1/public/amsfonts/cm/cmr10.pfb></usr/local/texlive/
2017/texmf-dist/fonts/type1/public/amsfonts/cm/cmr5.pfb></usr/local/texlive/201
7/texmf-dist/fonts/type1/public/amsfonts/cm/cmr7.pfb></usr/local/texlive/2017/t
exmf-dist/fonts/type1/public/amsfonts/cm/cmsy10.pfb></usr/local/texlive/2017/te
xmf-dist/fonts/type1/public/amsfonts/cm/cmsy5.pfb></usr/local/texlive/2017/texm
f-dist/fonts/type1/public/amsfonts/cm/cmsy6.pfb></usr/local/texlive/2017/texmf-
dist/fonts/type1/public/amsfonts/cm/cmsy7.pfb></usr/local/texlive/2017/texmf-di
st/fonts/type1/public/amsfonts/cm/cmsy8.pfb></usr/local/texlive/2017/texmf-dist
/fonts/type1/public/amsfonts/cm/cmsy9.pfb></usr/local/texlive/2017/texmf-dist/f
onts/type1/public/amsfonts/symbols/msbm10.pfb></usr/local/texlive/2017/texmf-di
st/fonts/type1/urw/courier/ucrr8a.pfb></usr/local/texlive/2017/texmf-dist/fonts
/type1/urw/times/utmb8a.pfb></usr/local/texlive/2017/texmf-dist/fonts/type1/urw
/times/utmr8a.pfb></usr/local/texlive/2017/texmf-dist/fonts/type1/urw/times/utm
ri8a.pfb>
Output written on MCWNNM.pdf (9 pages, 3992983 bytes).
PDF statistics:
 518 PDF objects out of 1000 (max. 8388607)
 434 compressed objects within 5 object streams
 98 named destinations out of 1000 (max. 500000)
 216 words of extra memory for PDF output out of 10000 (max. 10000000)

